My SLURM_ARRAY_TASK_ID:  222
Running model gpt2-medium
Running dataset coca_spok_filter_punct_10K_sample_5
Running average_mode True
2021-03-22 09:11:22.754235: I tensorflow/stream_executor/platform/default/dso_loader.cc:48] Successfully opened dynamic library libcudart.so.10.1
/usr/local/lib/python3.7/site-packages/xarray/core/merge.py:16: FutureWarning: The Panel class is removed from pandas. Accessing it from the top-level namespace will also be removed in the next version
  PANDAS_TYPES = (pd.Series, pd.DataFrame, pd.Panel)
/usr/local/lib/python3.7/site-packages/brainio_base/assemblies.py:224: FutureWarning: The inplace argument has been deprecated and will be removed in a future version of xarray.
  xr_data.set_index(append=True, inplace=True, **coords_d)
0it [00:00, ?it/s]1111it [00:00, 265187.33it/s]
0it [00:00, ?it/s]1111it [00:00, 253377.83it/s]
0it [00:00, ?it/s]1111it [00:00, 249137.71it/s]
0it [00:00, ?it/s]1111it [00:00, 246241.37it/s]
0it [00:00, ?it/s]1111it [00:00, 242752.23it/s]
0it [00:00, ?it/s]1111it [00:00, 245812.72it/s]
0it [00:00, ?it/s]1111it [00:00, 246020.37it/s]
0it [00:00, ?it/s]1111it [00:00, 235978.72it/s]
0it [00:00, ?it/s]1112it [00:00, 237671.53it/s]
layers:   0%|          | 0/25 [00:00<?, ?it/s]layers: 100%|██████████| 25/25 [00:00<00:00, 305.48it/s]
Loading lookup from /usr/local/lib/python3.7/site-packages/brainio_collection/lookup.csv
gpt2-medium

coca_spok_filter_punct_10K_sample_5

True

loading /om/user/ehoseini/MyData/COCA_corpus/parsed/coca_spok_data_filter_ngram_punct_10K_sample_5.pkl
coca_spok_filter_punct_10K_sample_5_gpt2-medium_layer_0_activation is missing groups!
coca_spok_filter_punct_10K_sample_5_gpt2-medium_layer_0_activation is missing groups!
coca_spok_filter_punct_10K_sample_5_gpt2-medium_layer_0_activation is missing groups!
coca_spok_filter_punct_10K_sample_5_gpt2-medium_layer_0_activation is missing groups!
coca_spok_filter_punct_10K_sample_5_gpt2-medium_layer_0_activation is missing groups!
coca_spok_filter_punct_10K_sample_5_gpt2-medium_layer_0_activation is missing groups!
coca_spok_filter_punct_10K_sample_5_gpt2-medium_layer_0_activation is missing groups!
coca_spok_filter_punct_10K_sample_5_gpt2-medium_layer_0_activation is missing groups!
coca_spok_filter_punct_10K_sample_5_gpt2-medium_layer_0_activation is missing groups!
coca_spok_filter_punct_10K_sample_5_gpt2-medium_layer_0_activation is missing groups!
coca_spok_filter_punct_10K_sample_5_gpt2-medium_layer_0_activation is missing groups!
coca_spok_filter_punct_10K_sample_5_gpt2-medium_layer_0_activation is missing groups!
coca_spok_filter_punct_10K_sample_5_gpt2-medium_layer_0_activation is missing groups!
coca_spok_filter_punct_10K_sample_5_gpt2-medium_layer_0_activation is missing groups!
coca_spok_filter_punct_10K_sample_5_gpt2-medium_layer_0_activation is missing groups!
coca_spok_filter_punct_10K_sample_5_gpt2-medium_layer_0_activation is missing groups!
coca_spok_filter_punct_10K_sample_5_gpt2-medium_layer_0_activation is missing groups!
coca_spok_filter_punct_10K_sample_5_gpt2-medium_layer_0_activation is missing groups!
coca_spok_filter_punct_10K_sample_5_gpt2-medium_layer_0_activation is missing groups!
coca_spok_filter_punct_10K_sample_5_gpt2-medium_layer_0_activation is missing groups!
coca_spok_filter_punct_10K_sample_5_gpt2-medium_layer_0_activation is missing groups!
coca_spok_filter_punct_10K_sample_5_gpt2-medium_layer_0_activation is missing groups!
coca_spok_filter_punct_10K_sample_5_gpt2-medium_layer_0_activation is missing groups!
coca_spok_filter_punct_10K_sample_5_gpt2-medium_layer_0_activation is missing groups!
coca_spok_filter_punct_10K_sample_5_gpt2-medium_layer_0_activation is missing groups!
