My SLURM_ARRAY_TASK_ID:  3
Running extraction: group=best_performing_pereira_4-dataset=ud_sentencez_token_filter_v3-activation-bench=None-ave=False
Running optimiation: coordinate_ascent-obj=D_s-n_iter=10000-n_samples=300-n_init=1
2021-02-05 15:54:29.103187: I tensorflow/stream_executor/platform/default/dso_loader.cc:48] Successfully opened dynamic library libcudart.so.10.1
/usr/local/lib/python3.7/site-packages/xarray/core/merge.py:16: FutureWarning: The Panel class is removed from pandas. Accessing it from the top-level namespace will also be removed in the next version
  PANDAS_TYPES = (pd.Series, pd.DataFrame, pd.Panel)
/usr/local/lib/python3.7/site-packages/brainio_base/assemblies.py:224: FutureWarning: The inplace argument has been deprecated and will be removed in a future version of xarray.
  xr_data.set_index(append=True, inplace=True, **coords_d)
0it [00:00, ?it/s]934it [00:00, 219061.68it/s]
0it [00:00, ?it/s]934it [00:00, 207625.61it/s]
0it [00:00, ?it/s]935it [00:00, 189251.72it/s]
0it [00:00, ?it/s]934it [00:00, 190270.53it/s]
0it [00:00, ?it/s]934it [00:00, 188885.24it/s]
0it [00:00, ?it/s]935it [00:00, 187954.67it/s]
0it [00:00, ?it/s]934it [00:00, 190743.01it/s]
0it [00:00, ?it/s]934it [00:00, 187161.62it/s]
0it [00:00, ?it/s]935it [00:00, 190492.75it/s]
2021-02-05 15:55:01,588 [INFO] [OPT-EXP-DSGN - coordinate_ascent] ===> Starting init 0, initial f(S) = 0.92783
2021-02-05 15:55:02,296 [INFO] [OPT-EXP-DSGN - coordinate_ascent] [1/1] [t = 1] swapped,  f(S) = 0.92803
2021-02-05 15:55:02,592 [INFO] [OPT-EXP-DSGN - coordinate_ascent] [1/1] [t = 2] swapped,  f(S) = 0.92833
2021-02-05 15:55:02,887 [INFO] [OPT-EXP-DSGN - coordinate_ascent] [1/1] [t = 3] swapped,  f(S) = 0.92849
2021-02-05 15:55:03,477 [INFO] [OPT-EXP-DSGN - coordinate_ascent] [1/1] [t = 4] swapped,  f(S) = 0.92889
2021-02-05 15:55:04,067 [INFO] [OPT-EXP-DSGN - coordinate_ascent] [1/1] [t = 5] swapped,  f(S) = 0.92900
2021-02-05 15:55:04,363 [INFO] [OPT-EXP-DSGN - coordinate_ascent] [1/1] [t = 6] swapped,  f(S) = 0.92910
2021-02-05 15:55:04,953 [INFO] [OPT-EXP-DSGN - coordinate_ascent] [1/1] [t = 7] swapped,  f(S) = 0.93010
2021-02-05 15:55:17,056 [INFO] [OPT-EXP-DSGN - coordinate_ascent] [1/1] [t = 8] swapped,  f(S) = 0.93010
2021-02-05 15:55:17,649 [INFO] [OPT-EXP-DSGN - coordinate_ascent] [1/1] [t = 9] swapped,  f(S) = 0.93046
2021-02-05 15:55:17,947 [INFO] [OPT-EXP-DSGN - coordinate_ascent] [1/1] [t = 10] swapped,  f(S) = 0.93175
2021-02-05 15:55:55,156 [INFO] [OPT-EXP-DSGN - coordinate_ascent] [1/1] [t = 11] swapped,  f(S) = 0.93293
2021-02-05 15:55:55,452 [INFO] [OPT-EXP-DSGN - coordinate_ascent] [1/1] [t = 12] swapped,  f(S) = 0.93301
2021-02-05 15:55:55,747 [INFO] [OPT-EXP-DSGN - coordinate_ascent] [1/1] [t = 13] swapped,  f(S) = 0.93357
2021-02-05 15:55:56,042 [INFO] [OPT-EXP-DSGN - coordinate_ascent] [1/1] [t = 14] swapped,  f(S) = 0.93359
2021-02-05 15:55:56,631 [INFO] [OPT-EXP-DSGN - coordinate_ascent] [1/1] [t = 15] swapped,  f(S) = 0.93366
2021-02-05 15:55:56,926 [INFO] [OPT-EXP-DSGN - coordinate_ascent] [1/1] [t = 16] swapped,  f(S) = 0.93417
2021-02-05 15:56:00,469 [INFO] [OPT-EXP-DSGN - coordinate_ascent] [1/1] [t = 17] swapped,  f(S) = 0.93428
2021-02-05 15:56:00,766 [INFO] [OPT-EXP-DSGN - coordinate_ascent] [1/1] [t = 18] swapped,  f(S) = 0.93430
2021-02-05 15:56:01,358 [INFO] [OPT-EXP-DSGN - coordinate_ascent] [1/1] [t = 19] swapped,  f(S) = 0.93435
2021-02-05 15:56:02,839 [INFO] [OPT-EXP-DSGN - coordinate_ascent] [1/1] [t = 20] swapped,  f(S) = 0.93483
2021-02-05 15:56:03,136 [INFO] [OPT-EXP-DSGN - coordinate_ascent] [1/1] [t = 21] swapped,  f(S) = 0.93510
2021-02-05 15:56:04,320 [INFO] [OPT-EXP-DSGN - coordinate_ascent] [1/1] [t = 22] swapped,  f(S) = 0.93569
2021-02-05 15:56:05,210 [INFO] [OPT-EXP-DSGN - coordinate_ascent] [1/1] [t = 23] swapped,  f(S) = 0.93589
2021-02-05 15:56:05,507 [INFO] [OPT-EXP-DSGN - coordinate_ascent] [1/1] [t = 24] swapped,  f(S) = 0.93627
2021-02-05 15:56:05,803 [INFO] [OPT-EXP-DSGN - coordinate_ascent] [1/1] [t = 25] swapped,  f(S) = 0.93650
2021-02-05 15:56:07,873 [INFO] [OPT-EXP-DSGN - coordinate_ascent] [1/1] [t = 26] swapped,  f(S) = 0.93694
2021-02-05 15:56:08,170 [INFO] [OPT-EXP-DSGN - coordinate_ascent] [1/1] [t = 27] swapped,  f(S) = 0.93751
2021-02-05 15:56:09,354 [INFO] [OPT-EXP-DSGN - coordinate_ascent] [1/1] [t = 28] swapped,  f(S) = 0.93755
2021-02-05 15:56:10,243 [INFO] [OPT-EXP-DSGN - coordinate_ascent] [1/1] [t = 29] swapped,  f(S) = 0.93777
2021-02-05 15:56:10,541 [INFO] [OPT-EXP-DSGN - coordinate_ascent] [1/1] [t = 30] swapped,  f(S) = 0.93806
2021-02-05 15:57:06,669 [INFO] [OPT-EXP-DSGN - coordinate_ascent] [1/1] [t = 31] swapped,  f(S) = 0.93838
2021-02-05 15:57:06,967 [INFO] [OPT-EXP-DSGN - coordinate_ascent] [1/1] [t = 32] swapped,  f(S) = 0.93903
2021-02-05 15:57:07,856 [INFO] [OPT-EXP-DSGN - coordinate_ascent] [1/1] [t = 33] swapped,  f(S) = 0.93916
2021-02-05 15:57:08,153 [INFO] [OPT-EXP-DSGN - coordinate_ascent] [1/1] [t = 34] swapped,  f(S) = 0.93959
2021-02-05 15:57:08,746 [INFO] [OPT-EXP-DSGN - coordinate_ascent] [1/1] [t = 35] swapped,  f(S) = 0.94012
2021-02-05 15:57:09,043 [INFO] [OPT-EXP-DSGN - coordinate_ascent] [1/1] [t = 36] swapped,  f(S) = 0.94091
2021-02-05 15:57:09,637 [INFO] [OPT-EXP-DSGN - coordinate_ascent] [1/1] [t = 37] swapped,  f(S) = 0.94104
2021-02-05 15:57:10,230 [INFO] [OPT-EXP-DSGN - coordinate_ascent] [1/1] [t = 38] swapped,  f(S) = 0.94141
2021-02-05 15:57:18,221 [INFO] [OPT-EXP-DSGN - coordinate_ascent] [1/1] [t = 39] swapped,  f(S) = 0.94146
2021-02-05 15:57:18,517 [INFO] [OPT-EXP-DSGN - coordinate_ascent] [1/1] [t = 40] swapped,  f(S) = 0.94159
2021-02-05 15:57:19,405 [INFO] [OPT-EXP-DSGN - coordinate_ascent] [1/1] [t = 41] swapped,  f(S) = 0.94231
2021-02-05 15:57:19,702 [INFO] [OPT-EXP-DSGN - coordinate_ascent] [1/1] [t = 42] swapped,  f(S) = 0.94237
2021-02-05 15:57:20,591 [INFO] [OPT-EXP-DSGN - coordinate_ascent] [1/1] [t = 43] swapped,  f(S) = 0.94256
2021-02-05 15:57:25,887 [INFO] [OPT-EXP-DSGN - coordinate_ascent] [1/1] [t = 44] swapped,  f(S) = 0.94263
2021-02-05 15:57:26,480 [INFO] [OPT-EXP-DSGN - coordinate_ascent] [1/1] [t = 45] swapped,  f(S) = 0.94269
2021-02-05 15:57:26,776 [INFO] [OPT-EXP-DSGN - coordinate_ascent] [1/1] [t = 46] swapped,  f(S) = 0.94277
2021-02-05 15:57:27,368 [INFO] [OPT-EXP-DSGN - coordinate_ascent] [1/1] [t = 47] swapped,  f(S) = 0.94320
2021-02-05 15:57:27,664 [INFO] [OPT-EXP-DSGN - coordinate_ascent] [1/1] [t = 48] swapped,  f(S) = 0.94488
2021-02-05 15:57:30,324 [INFO] [OPT-EXP-DSGN - coordinate_ascent] [1/1] [t = 49] swapped,  f(S) = 0.94497
2021-02-05 15:57:35,641 [INFO] [OPT-EXP-DSGN - coordinate_ascent] [1/1] [t = 50] swapped,  f(S) = 0.94507
2021-02-05 15:57:35,937 [INFO] [OPT-EXP-DSGN - coordinate_ascent] [1/1] [t = 51] swapped,  f(S) = 0.94541
2021-02-05 15:57:36,531 [INFO] [OPT-EXP-DSGN - coordinate_ascent] [1/1] [t = 52] swapped,  f(S) = 0.94594
2021-02-05 15:57:37,714 [INFO] [OPT-EXP-DSGN - coordinate_ascent] [1/1] [t = 53] swapped,  f(S) = 0.94596
2021-02-05 15:57:39,200 [INFO] [OPT-EXP-DSGN - coordinate_ascent] [1/1] [t = 54] swapped,  f(S) = 0.94620
2021-02-05 15:57:39,497 [INFO] [OPT-EXP-DSGN - coordinate_ascent] [1/1] [t = 55] swapped,  f(S) = 0.94705
2021-02-05 15:57:39,794 [INFO] [OPT-EXP-DSGN - coordinate_ascent] [1/1] [t = 56] swapped,  f(S) = 0.94709
2021-02-05 15:57:40,683 [INFO] [OPT-EXP-DSGN - coordinate_ascent] [1/1] [t = 57] swapped,  f(S) = 0.94711
2021-02-05 15:57:40,980 [INFO] [OPT-EXP-DSGN - coordinate_ascent] [1/1] [t = 58] swapped,  f(S) = 0.94734
2021-02-05 15:57:41,277 [INFO] [OPT-EXP-DSGN - coordinate_ascent] [1/1] [t = 59] swapped,  f(S) = 0.94738
2021-02-05 15:57:41,574 [INFO] [OPT-EXP-DSGN - coordinate_ascent] [1/1] [t = 60] swapped,  f(S) = 0.94760
2021-02-05 15:57:41,871 [INFO] [OPT-EXP-DSGN - coordinate_ascent] [1/1] [t = 61] swapped,  f(S) = 0.94815
2021-02-05 15:57:42,169 [INFO] [OPT-EXP-DSGN - coordinate_ascent] [1/1] [t = 62] swapped,  f(S) = 0.94832
2021-02-05 15:57:42,466 [INFO] [OPT-EXP-DSGN - coordinate_ascent] [1/1] [t = 63] swapped,  f(S) = 0.94841
2021-02-05 15:57:42,765 [INFO] [OPT-EXP-DSGN - coordinate_ascent] [1/1] [t = 64] swapped,  f(S) = 0.94880
2021-02-05 15:57:57,539 [INFO] [OPT-EXP-DSGN - coordinate_ascent] [1/1] [t = 65] swapped,  f(S) = 0.94903
2021-02-05 15:57:58,422 [INFO] [OPT-EXP-DSGN - coordinate_ascent] [1/1] [t = 66] swapped,  f(S) = 0.94907
2021-02-05 15:57:58,717 [INFO] [OPT-EXP-DSGN - coordinate_ascent] [1/1] [t = 67] swapped,  f(S) = 0.94945
2021-02-05 15:57:59,012 [INFO] [OPT-EXP-DSGN - coordinate_ascent] [1/1] [t = 68] swapped,  f(S) = 0.94960
2021-02-05 15:57:59,307 [INFO] [OPT-EXP-DSGN - coordinate_ascent] [1/1] [t = 69] swapped,  f(S) = 0.95013
2021-02-05 15:58:02,252 [INFO] [OPT-EXP-DSGN - coordinate_ascent] [1/1] [t = 70] swapped,  f(S) = 0.95026
2021-02-05 15:58:20,572 [INFO] [OPT-EXP-DSGN - coordinate_ascent] [1/1] [t = 71] swapped,  f(S) = 0.95047
2021-02-05 15:58:21,752 [INFO] [OPT-EXP-DSGN - coordinate_ascent] [1/1] [t = 72] swapped,  f(S) = 0.95083
2021-02-05 15:58:22,341 [INFO] [OPT-EXP-DSGN - coordinate_ascent] [1/1] [t = 73] swapped,  f(S) = 0.95120
2021-02-05 15:58:22,931 [INFO] [OPT-EXP-DSGN - coordinate_ascent] [1/1] [t = 74] swapped,  f(S) = 0.95222
2021-02-05 15:58:23,226 [INFO] [OPT-EXP-DSGN - coordinate_ascent] [1/1] [t = 75] swapped,  f(S) = 0.95271
2021-02-05 15:58:23,816 [INFO] [OPT-EXP-DSGN - coordinate_ascent] [1/1] [t = 76] swapped,  f(S) = 0.95278
2021-02-05 15:58:24,699 [INFO] [OPT-EXP-DSGN - coordinate_ascent] [1/1] [t = 77] swapped,  f(S) = 0.95285
2021-02-05 15:58:25,583 [INFO] [OPT-EXP-DSGN - coordinate_ascent] [1/1] [t = 78] swapped,  f(S) = 0.95327
2021-02-05 15:58:25,878 [INFO] [OPT-EXP-DSGN - coordinate_ascent] [1/1] [t = 79] swapped,  f(S) = 0.95391
2021-02-05 15:58:28,532 [INFO] [OPT-EXP-DSGN - coordinate_ascent] [1/1] [t = 80] swapped,  f(S) = 0.95403
2021-02-05 15:58:28,827 [INFO] [OPT-EXP-DSGN - coordinate_ascent] [1/1] [t = 81] swapped,  f(S) = 0.95468
2021-02-05 15:58:29,122 [INFO] [OPT-EXP-DSGN - coordinate_ascent] [1/1] [t = 82] swapped,  f(S) = 0.95493
2021-02-05 15:58:29,711 [INFO] [OPT-EXP-DSGN - coordinate_ascent] [1/1] [t = 83] swapped,  f(S) = 0.95532
2021-02-05 15:58:30,301 [INFO] [OPT-EXP-DSGN - coordinate_ascent] [1/1] [t = 84] swapped,  f(S) = 0.95582
2021-02-05 15:58:32,661 [INFO] [OPT-EXP-DSGN - coordinate_ascent] [1/1] [t = 85] swapped,  f(S) = 0.95859
2021-02-05 15:58:33,253 [INFO] [OPT-EXP-DSGN - coordinate_ascent] [1/1] [t = 86] swapped,  f(S) = 0.95878
2021-02-05 15:58:48,935 [INFO] [OPT-EXP-DSGN - coordinate_ascent] [1/1] [t = 87] swapped,  f(S) = 0.95882
2021-02-05 15:59:55,022 [INFO] [OPT-EXP-DSGN - coordinate_ascent] [1/1] [t = 88] swapped,  f(S) = 0.95922
2021-02-05 15:59:55,615 [INFO] [OPT-EXP-DSGN - coordinate_ascent] [1/1] [t = 89] swapped,  f(S) = 0.95960
2021-02-05 15:59:55,912 [INFO] [OPT-EXP-DSGN - coordinate_ascent] [1/1] [t = 90] swapped,  f(S) = 0.95967
2021-02-05 15:59:56,210 [INFO] [OPT-EXP-DSGN - coordinate_ascent] [1/1] [t = 91] swapped,  f(S) = 0.96012
2021-02-05 16:00:00,650 [INFO] [OPT-EXP-DSGN - coordinate_ascent] [1/1] [t = 92] swapped,  f(S) = 0.96027
2021-02-05 16:00:07,764 [INFO] [OPT-EXP-DSGN - coordinate_ascent] [1/1] [t = 93] swapped,  f(S) = 0.96036
2021-02-05 16:00:08,061 [INFO] [OPT-EXP-DSGN - coordinate_ascent] [1/1] [t = 94] swapped,  f(S) = 0.96083
2021-02-05 16:00:08,358 [INFO] [OPT-EXP-DSGN - coordinate_ascent] [1/1] [t = 95] swapped,  f(S) = 0.96114
2021-02-05 16:00:08,656 [INFO] [OPT-EXP-DSGN - coordinate_ascent] [1/1] [t = 96] swapped,  f(S) = 0.96128
2021-02-05 16:00:08,952 [INFO] [OPT-EXP-DSGN - coordinate_ascent] [1/1] [t = 97] swapped,  f(S) = 0.96166
2021-02-05 16:00:12,210 [INFO] [OPT-EXP-DSGN - coordinate_ascent] [1/1] [t = 98] swapped,  f(S) = 0.96205
2021-02-05 16:00:12,804 [INFO] [OPT-EXP-DSGN - coordinate_ascent] [1/1] [t = 99] swapped,  f(S) = 0.96214
2021-02-05 16:00:13,103 [INFO] [OPT-EXP-DSGN - coordinate_ascent] [1/1] [t = 100] swapped,  f(S) = 0.96243
2021-02-05 16:00:14,884 [INFO] [OPT-EXP-DSGN - coordinate_ascent] [1/1] [t = 101] swapped,  f(S) = 0.96324
2021-02-05 16:00:15,477 [INFO] [OPT-EXP-DSGN - coordinate_ascent] [1/1] [t = 102] swapped,  f(S) = 0.96469
2021-02-05 16:00:15,775 [INFO] [OPT-EXP-DSGN - coordinate_ascent] [1/1] [t = 103] swapped,  f(S) = 0.96477
2021-02-05 16:00:16,072 [INFO] [OPT-EXP-DSGN - coordinate_ascent] [1/1] [t = 104] swapped,  f(S) = 0.96488
2021-02-05 16:00:16,962 [INFO] [OPT-EXP-DSGN - coordinate_ascent] [1/1] [t = 105] swapped,  f(S) = 0.96501
2021-02-05 16:00:23,466 [INFO] [OPT-EXP-DSGN - coordinate_ascent] [1/1] [t = 106] swapped,  f(S) = 0.96508
2021-02-05 16:00:26,113 [INFO] [OPT-EXP-DSGN - coordinate_ascent] [1/1] [t = 107] swapped,  f(S) = 0.96522
2021-02-05 16:00:31,112 [INFO] [OPT-EXP-DSGN - coordinate_ascent] [1/1] [t = 108] swapped,  f(S) = 0.96526
2021-02-05 16:00:35,834 [INFO] [OPT-EXP-DSGN - coordinate_ascent] [1/1] [t = 109] swapped,  f(S) = 0.96547
2021-02-05 16:00:36,426 [INFO] [OPT-EXP-DSGN - coordinate_ascent] [1/1] [t = 110] swapped,  f(S) = 0.96598
2021-02-05 16:00:55,364 [INFO] [OPT-EXP-DSGN - coordinate_ascent] [1/1] [t = 111] swapped,  f(S) = 0.96614
2021-02-05 16:00:58,011 [INFO] [OPT-EXP-DSGN - coordinate_ascent] [1/1] [t = 112] swapped,  f(S) = 0.96625
2021-02-05 16:00:58,306 [INFO] [OPT-EXP-DSGN - coordinate_ascent] [1/1] [t = 113] swapped,  f(S) = 0.96674
2021-02-05 16:00:59,781 [INFO] [OPT-EXP-DSGN - coordinate_ascent] [1/1] [t = 114] swapped,  f(S) = 0.96693
2021-02-05 16:01:00,078 [INFO] [OPT-EXP-DSGN - coordinate_ascent] [1/1] [t = 115] swapped,  f(S) = 0.96730
2021-02-05 16:01:00,375 [INFO] [OPT-EXP-DSGN - coordinate_ascent] [1/1] [t = 116] swapped,  f(S) = 0.96741
2021-02-05 16:01:01,563 [INFO] [OPT-EXP-DSGN - coordinate_ascent] [1/1] [t = 117] swapped,  f(S) = 0.96743
2021-02-05 16:01:01,860 [INFO] [OPT-EXP-DSGN - coordinate_ascent] [1/1] [t = 118] swapped,  f(S) = 0.96761
2021-02-05 16:01:02,456 [INFO] [OPT-EXP-DSGN - coordinate_ascent] [1/1] [t = 119] swapped,  f(S) = 0.96781
2021-02-05 16:01:04,228 [INFO] [OPT-EXP-DSGN - coordinate_ascent] [1/1] [t = 120] swapped,  f(S) = 0.96793
2021-02-05 16:01:04,526 [INFO] [OPT-EXP-DSGN - coordinate_ascent] [1/1] [t = 121] swapped,  f(S) = 0.96794
2021-02-05 16:01:11,056 [INFO] [OPT-EXP-DSGN - coordinate_ascent] [1/1] [t = 122] swapped,  f(S) = 0.96806
2021-02-05 16:01:11,650 [INFO] [OPT-EXP-DSGN - coordinate_ascent] [1/1] [t = 123] swapped,  f(S) = 0.96843
2021-02-05 16:17:43,807 [INFO] [OPT-EXP-DSGN - coordinate_ascent] [1/1] [t = 124] swapped,  f(S) = 0.96889
2021-02-05 16:17:44,154 [INFO] [OPT-EXP-DSGN - coordinate_ascent] [1/1] [t = 125] swapped,  f(S) = 0.96981
2021-02-05 16:17:45,189 [INFO] [OPT-EXP-DSGN - coordinate_ascent] [1/1] [t = 126] swapped,  f(S) = 0.96994
2021-02-05 16:17:58,893 [INFO] [OPT-EXP-DSGN - coordinate_ascent] [1/1] [t = 127] swapped,  f(S) = 0.97001
2021-02-05 16:17:59,238 [INFO] [OPT-EXP-DSGN - coordinate_ascent] [1/1] [t = 128] swapped,  f(S) = 0.97026
2021-02-05 16:18:00,270 [INFO] [OPT-EXP-DSGN - coordinate_ascent] [1/1] [t = 129] swapped,  f(S) = 0.97034
2021-02-05 16:18:00,614 [INFO] [OPT-EXP-DSGN - coordinate_ascent] [1/1] [t = 130] swapped,  f(S) = 0.97038
2021-02-05 16:18:01,647 [INFO] [OPT-EXP-DSGN - coordinate_ascent] [1/1] [t = 131] swapped,  f(S) = 0.97063
2021-02-05 16:18:02,338 [INFO] [OPT-EXP-DSGN - coordinate_ascent] [1/1] [t = 132] swapped,  f(S) = 0.97071
2021-02-05 16:18:02,683 [INFO] [OPT-EXP-DSGN - coordinate_ascent] [1/1] [t = 133] swapped,  f(S) = 0.97078
2021-02-05 16:18:03,373 [INFO] [OPT-EXP-DSGN - coordinate_ascent] [1/1] [t = 134] swapped,  f(S) = 0.97098
2021-02-05 16:18:03,717 [INFO] [OPT-EXP-DSGN - coordinate_ascent] [1/1] [t = 135] swapped,  f(S) = 0.97108
2021-02-05 16:18:04,406 [INFO] [OPT-EXP-DSGN - coordinate_ascent] [1/1] [t = 136] swapped,  f(S) = 0.97116
2021-02-05 16:18:05,784 [INFO] [OPT-EXP-DSGN - coordinate_ascent] [1/1] [t = 137] swapped,  f(S) = 0.97139
2021-02-05 16:18:06,128 [INFO] [OPT-EXP-DSGN - coordinate_ascent] [1/1] [t = 138] swapped,  f(S) = 0.97162
2021-02-05 16:18:06,474 [INFO] [OPT-EXP-DSGN - coordinate_ascent] [1/1] [t = 139] swapped,  f(S) = 0.97169
2021-02-05 16:18:06,820 [INFO] [OPT-EXP-DSGN - coordinate_ascent] [1/1] [t = 140] swapped,  f(S) = 0.97228
2021-02-05 16:18:07,856 [INFO] [OPT-EXP-DSGN - coordinate_ascent] [1/1] [t = 141] swapped,  f(S) = 0.97233
2021-02-05 16:19:05,200 [INFO] [OPT-EXP-DSGN - coordinate_ascent] [1/1] [t = 142] swapped,  f(S) = 0.97237
2021-02-05 16:19:05,546 [INFO] [OPT-EXP-DSGN - coordinate_ascent] [1/1] [t = 143] swapped,  f(S) = 0.97332
2021-02-05 16:19:11,053 [INFO] [OPT-EXP-DSGN - coordinate_ascent] [1/1] [t = 144] swapped,  f(S) = 0.97341
2021-02-05 16:19:11,398 [INFO] [OPT-EXP-DSGN - coordinate_ascent] [1/1] [t = 145] swapped,  f(S) = 0.97361
2021-02-05 16:19:11,744 [INFO] [OPT-EXP-DSGN - coordinate_ascent] [1/1] [t = 146] swapped,  f(S) = 0.97406
2021-02-05 16:19:12,090 [INFO] [OPT-EXP-DSGN - coordinate_ascent] [1/1] [t = 147] swapped,  f(S) = 0.97442
2021-02-05 16:19:12,780 [INFO] [OPT-EXP-DSGN - coordinate_ascent] [1/1] [t = 148] swapped,  f(S) = 0.97446
2021-02-05 16:19:13,126 [INFO] [OPT-EXP-DSGN - coordinate_ascent] [1/1] [t = 149] swapped,  f(S) = 0.97467
2021-02-05 16:19:19,329 [INFO] [OPT-EXP-DSGN - coordinate_ascent] [1/1] [t = 150] swapped,  f(S) = 0.97498
2021-02-05 16:19:19,674 [INFO] [OPT-EXP-DSGN - coordinate_ascent] [1/1] [t = 151] swapped,  f(S) = 0.97550
2021-02-05 16:19:20,020 [INFO] [OPT-EXP-DSGN - coordinate_ascent] [1/1] [t = 152] swapped,  f(S) = 0.97594
2021-02-05 16:19:20,366 [INFO] [OPT-EXP-DSGN - coordinate_ascent] [1/1] [t = 153] swapped,  f(S) = 0.97656
2021-02-05 16:19:21,054 [INFO] [OPT-EXP-DSGN - coordinate_ascent] [1/1] [t = 154] swapped,  f(S) = 0.97684
2021-02-05 16:20:46,524 [INFO] [OPT-EXP-DSGN - coordinate_ascent] [1/1] [t = 155] swapped,  f(S) = 0.97723
2021-02-05 16:20:48,928 [INFO] [OPT-EXP-DSGN - coordinate_ascent] [1/1] [t = 156] swapped,  f(S) = 0.97739
2021-02-05 16:20:49,273 [INFO] [OPT-EXP-DSGN - coordinate_ascent] [1/1] [t = 157] swapped,  f(S) = 0.97746
2021-02-05 16:20:49,964 [INFO] [OPT-EXP-DSGN - coordinate_ascent] [1/1] [t = 158] swapped,  f(S) = 0.97759
2021-02-05 16:20:50,654 [INFO] [OPT-EXP-DSGN - coordinate_ascent] [1/1] [t = 159] swapped,  f(S) = 0.97831
2021-02-05 16:20:51,343 [INFO] [OPT-EXP-DSGN - coordinate_ascent] [1/1] [t = 160] swapped,  f(S) = 0.97837
2021-02-05 16:20:51,688 [INFO] [OPT-EXP-DSGN - coordinate_ascent] [1/1] [t = 161] swapped,  f(S) = 0.97839
2021-02-05 16:20:52,035 [INFO] [OPT-EXP-DSGN - coordinate_ascent] [1/1] [t = 162] swapped,  f(S) = 0.97965
2021-02-05 16:21:17,439 [INFO] [OPT-EXP-DSGN - coordinate_ascent] [1/1] [t = 163] swapped,  f(S) = 0.98034
2021-02-05 16:21:23,602 [INFO] [OPT-EXP-DSGN - coordinate_ascent] [1/1] [t = 164] swapped,  f(S) = 0.98035
2021-02-05 16:21:23,946 [INFO] [OPT-EXP-DSGN - coordinate_ascent] [1/1] [t = 165] swapped,  f(S) = 0.98053
2021-02-05 16:21:24,636 [INFO] [OPT-EXP-DSGN - coordinate_ascent] [1/1] [t = 166] swapped,  f(S) = 0.98074
2021-02-05 16:21:26,010 [INFO] [OPT-EXP-DSGN - coordinate_ascent] [1/1] [t = 167] swapped,  f(S) = 0.98092
2021-02-05 16:21:26,355 [INFO] [OPT-EXP-DSGN - coordinate_ascent] [1/1] [t = 168] swapped,  f(S) = 0.98228
2021-02-05 16:21:27,386 [INFO] [OPT-EXP-DSGN - coordinate_ascent] [1/1] [t = 169] swapped,  f(S) = 0.98228
2021-02-05 16:21:50,720 [INFO] [OPT-EXP-DSGN - coordinate_ascent] [1/1] [t = 170] swapped,  f(S) = 0.98235
2021-02-05 16:22:43,967 [INFO] [OPT-EXP-DSGN - coordinate_ascent] [1/1] [t = 171] swapped,  f(S) = 0.98254
2021-02-05 16:22:44,309 [INFO] [OPT-EXP-DSGN - coordinate_ascent] [1/1] [t = 172] swapped,  f(S) = 0.98283
2021-02-05 16:22:44,649 [INFO] [OPT-EXP-DSGN - coordinate_ascent] [1/1] [t = 173] swapped,  f(S) = 0.98368
2021-02-05 16:22:45,675 [INFO] [OPT-EXP-DSGN - coordinate_ascent] [1/1] [t = 174] swapped,  f(S) = 0.98384
2021-02-05 16:23:07,627 [INFO] [OPT-EXP-DSGN - coordinate_ascent] [1/1] [t = 175] swapped,  f(S) = 0.98387
2021-02-05 16:23:13,455 [INFO] [OPT-EXP-DSGN - coordinate_ascent] [1/1] [t = 176] swapped,  f(S) = 0.98388
2021-02-05 16:23:14,485 [INFO] [OPT-EXP-DSGN - coordinate_ascent] [1/1] [t = 177] swapped,  f(S) = 0.98420
2021-02-05 16:23:14,830 [INFO] [OPT-EXP-DSGN - coordinate_ascent] [1/1] [t = 178] swapped,  f(S) = 0.98479
2021-02-05 16:23:19,301 [INFO] [OPT-EXP-DSGN - coordinate_ascent] [1/1] [t = 179] swapped,  f(S) = 0.98521
2021-02-05 16:23:20,679 [INFO] [OPT-EXP-DSGN - coordinate_ascent] [1/1] [t = 180] swapped,  f(S) = 0.98524
2021-02-05 16:23:27,908 [INFO] [OPT-EXP-DSGN - coordinate_ascent] [1/1] [t = 181] swapped,  f(S) = 0.98601
2021-02-05 16:23:28,253 [INFO] [OPT-EXP-DSGN - coordinate_ascent] [1/1] [t = 182] swapped,  f(S) = 0.98640
2021-02-05 16:23:28,598 [INFO] [OPT-EXP-DSGN - coordinate_ascent] [1/1] [t = 183] swapped,  f(S) = 0.98657
2021-02-05 16:23:31,354 [INFO] [OPT-EXP-DSGN - coordinate_ascent] [1/1] [t = 184] swapped,  f(S) = 0.98672
2021-02-05 16:23:33,077 [INFO] [OPT-EXP-DSGN - coordinate_ascent] [1/1] [t = 185] swapped,  f(S) = 0.98677
2021-02-05 16:23:34,455 [INFO] [OPT-EXP-DSGN - coordinate_ascent] [1/1] [t = 186] swapped,  f(S) = 0.98694
2021-02-05 16:23:34,796 [INFO] [OPT-EXP-DSGN - coordinate_ascent] [1/1] [t = 187] swapped,  f(S) = 0.98876
2021-02-05 16:26:04,378 [INFO] [OPT-EXP-DSGN - coordinate_ascent] [1/1] [t = 188] swapped,  f(S) = 0.98904
2021-02-05 16:26:05,405 [INFO] [OPT-EXP-DSGN - coordinate_ascent] [1/1] [t = 189] swapped,  f(S) = 0.98910
2021-02-05 16:26:05,749 [INFO] [OPT-EXP-DSGN - coordinate_ascent] [1/1] [t = 190] swapped,  f(S) = 0.98971
2021-02-05 16:26:09,178 [INFO] [OPT-EXP-DSGN - coordinate_ascent] [1/1] [t = 191] swapped,  f(S) = 0.98998
2021-02-05 16:26:17,087 [INFO] [OPT-EXP-DSGN - coordinate_ascent] [1/1] [t = 192] swapped,  f(S) = 0.99028
2021-02-05 16:26:18,120 [INFO] [OPT-EXP-DSGN - coordinate_ascent] [1/1] [t = 193] swapped,  f(S) = 0.99042
2021-02-05 16:26:21,545 [INFO] [OPT-EXP-DSGN - coordinate_ascent] [1/1] [t = 194] swapped,  f(S) = 0.99052
2021-02-05 16:26:21,889 [INFO] [OPT-EXP-DSGN - coordinate_ascent] [1/1] [t = 195] swapped,  f(S) = 0.99059
2021-02-05 16:26:22,234 [INFO] [OPT-EXP-DSGN - coordinate_ascent] [1/1] [t = 196] swapped,  f(S) = 0.99088
2021-02-05 16:26:22,577 [INFO] [OPT-EXP-DSGN - coordinate_ascent] [1/1] [t = 197] swapped,  f(S) = 0.99089
2021-02-05 16:26:23,263 [INFO] [OPT-EXP-DSGN - coordinate_ascent] [1/1] [t = 198] swapped,  f(S) = 0.99095
2021-02-05 16:26:29,065 [INFO] [OPT-EXP-DSGN - coordinate_ascent] [1/1] [t = 199] swapped,  f(S) = 0.99148
2021-02-05 16:26:29,407 [INFO] [OPT-EXP-DSGN - coordinate_ascent] [1/1] [t = 200] swapped,  f(S) = 0.99167
2021-02-05 16:26:53,732 [INFO] [OPT-EXP-DSGN - coordinate_ascent] [1/1] [t = 201] swapped,  f(S) = 0.99191
2021-02-05 16:26:54,077 [INFO] [OPT-EXP-DSGN - coordinate_ascent] [1/1] [t = 202] swapped,  f(S) = 0.99221
2021-02-05 16:26:55,109 [INFO] [OPT-EXP-DSGN - coordinate_ascent] [1/1] [t = 203] swapped,  f(S) = 0.99234
2021-02-05 16:26:55,455 [INFO] [OPT-EXP-DSGN - coordinate_ascent] [1/1] [t = 204] swapped,  f(S) = 0.99252
2021-02-05 16:26:55,801 [INFO] [OPT-EXP-DSGN - coordinate_ascent] [1/1] [t = 205] swapped,  f(S) = 0.99303
2021-02-05 16:26:56,146 [INFO] [OPT-EXP-DSGN - coordinate_ascent] [1/1] [t = 206] swapped,  f(S) = 0.99327
2021-02-05 16:26:56,490 [INFO] [OPT-EXP-DSGN - coordinate_ascent] [1/1] [t = 207] swapped,  f(S) = 0.99338
2021-02-05 16:26:58,210 [INFO] [OPT-EXP-DSGN - coordinate_ascent] [1/1] [t = 208] swapped,  f(S) = 0.99355
2021-02-05 16:27:16,038 [INFO] [OPT-EXP-DSGN - coordinate_ascent] [1/1] [t = 209] swapped,  f(S) = 0.99388
2021-02-05 16:27:18,772 [INFO] [OPT-EXP-DSGN - coordinate_ascent] [1/1] [t = 210] swapped,  f(S) = 0.99389
2021-02-05 16:27:19,118 [INFO] [OPT-EXP-DSGN - coordinate_ascent] [1/1] [t = 211] swapped,  f(S) = 0.99390
2021-02-05 16:27:19,805 [INFO] [OPT-EXP-DSGN - coordinate_ascent] [1/1] [t = 212] swapped,  f(S) = 0.99418
2021-02-05 16:27:20,494 [INFO] [OPT-EXP-DSGN - coordinate_ascent] [1/1] [t = 213] swapped,  f(S) = 0.99441
2021-02-05 16:27:21,871 [INFO] [OPT-EXP-DSGN - coordinate_ascent] [1/1] [t = 214] swapped,  f(S) = 0.99456
2021-02-05 16:27:22,214 [INFO] [OPT-EXP-DSGN - coordinate_ascent] [1/1] [t = 215] swapped,  f(S) = 0.99476
2021-02-05 16:27:22,558 [INFO] [OPT-EXP-DSGN - coordinate_ascent] [1/1] [t = 216] swapped,  f(S) = 0.99485
2021-02-05 16:27:23,588 [INFO] [OPT-EXP-DSGN - coordinate_ascent] [1/1] [t = 217] swapped,  f(S) = 0.99492
2021-02-05 16:27:24,962 [INFO] [OPT-EXP-DSGN - coordinate_ascent] [1/1] [t = 218] swapped,  f(S) = 0.99502
2021-02-05 16:27:25,651 [INFO] [OPT-EXP-DSGN - coordinate_ascent] [1/1] [t = 219] swapped,  f(S) = 0.99528
2021-02-05 16:27:25,996 [INFO] [OPT-EXP-DSGN - coordinate_ascent] [1/1] [t = 220] swapped,  f(S) = 0.99542
2021-02-05 16:27:28,407 [INFO] [OPT-EXP-DSGN - coordinate_ascent] [1/1] [t = 221] swapped,  f(S) = 0.99564
2021-02-05 16:27:28,752 [INFO] [OPT-EXP-DSGN - coordinate_ascent] [1/1] [t = 222] swapped,  f(S) = 0.99571
2021-02-05 16:27:33,897 [INFO] [OPT-EXP-DSGN - coordinate_ascent] [1/1] [t = 223] swapped,  f(S) = 0.99579
2021-02-05 16:27:44,163 [INFO] [OPT-EXP-DSGN - coordinate_ascent] [1/1] [t = 224] swapped,  f(S) = 0.99591
2021-02-05 16:27:54,794 [INFO] [OPT-EXP-DSGN - coordinate_ascent] [1/1] [t = 225] swapped,  f(S) = 0.99593
2021-02-05 16:27:55,139 [INFO] [OPT-EXP-DSGN - coordinate_ascent] [1/1] [t = 226] swapped,  f(S) = 0.99632
2021-02-05 16:27:55,485 [INFO] [OPT-EXP-DSGN - coordinate_ascent] [1/1] [t = 227] swapped,  f(S) = 0.99632
2021-02-05 16:27:55,830 [INFO] [OPT-EXP-DSGN - coordinate_ascent] [1/1] [t = 228] swapped,  f(S) = 0.99662
2021-02-05 16:27:56,174 [INFO] [OPT-EXP-DSGN - coordinate_ascent] [1/1] [t = 229] swapped,  f(S) = 0.99678
2021-02-05 16:27:56,519 [INFO] [OPT-EXP-DSGN - coordinate_ascent] [1/1] [t = 230] swapped,  f(S) = 0.99705
2021-02-05 16:27:57,205 [INFO] [OPT-EXP-DSGN - coordinate_ascent] [1/1] [t = 231] swapped,  f(S) = 0.99725
2021-02-05 16:27:58,236 [INFO] [OPT-EXP-DSGN - coordinate_ascent] [1/1] [t = 232] swapped,  f(S) = 0.99743
2021-02-05 16:28:04,084 [INFO] [OPT-EXP-DSGN - coordinate_ascent] [1/1] [t = 233] swapped,  f(S) = 0.99799
2021-02-05 16:28:04,428 [INFO] [OPT-EXP-DSGN - coordinate_ascent] [1/1] [t = 234] swapped,  f(S) = 0.99801
2021-02-05 16:28:49,985 [INFO] [OPT-EXP-DSGN - coordinate_ascent] [1/1] [t = 235] swapped,  f(S) = 0.99817
2021-02-05 16:29:12,630 [INFO] [OPT-EXP-DSGN - coordinate_ascent] [1/1] [t = 236] swapped,  f(S) = 0.99819
2021-02-05 16:29:13,661 [INFO] [OPT-EXP-DSGN - coordinate_ascent] [1/1] [t = 237] swapped,  f(S) = 0.99820
2021-02-05 16:29:14,343 [INFO] [OPT-EXP-DSGN - coordinate_ascent] [1/1] [t = 238] swapped,  f(S) = 0.99829
2021-02-05 16:29:14,685 [INFO] [OPT-EXP-DSGN - coordinate_ascent] [1/1] [t = 239] swapped,  f(S) = 0.99832
2021-02-05 16:29:15,028 [INFO] [OPT-EXP-DSGN - coordinate_ascent] [1/1] [t = 240] swapped,  f(S) = 0.99919
2021-02-05 16:29:15,370 [INFO] [OPT-EXP-DSGN - coordinate_ascent] [1/1] [t = 241] swapped,  f(S) = 0.99956
2021-02-05 16:29:19,128 [INFO] [OPT-EXP-DSGN - coordinate_ascent] [1/1] [t = 242] swapped,  f(S) = 0.99961
2021-02-05 16:29:20,846 [INFO] [OPT-EXP-DSGN - coordinate_ascent] [1/1] [t = 243] swapped,  f(S) = 0.99966
2021-02-05 16:29:29,092 [INFO] [OPT-EXP-DSGN - coordinate_ascent] [1/1] [t = 244] swapped,  f(S) = 0.99974
2021-02-05 16:29:29,437 [INFO] [OPT-EXP-DSGN - coordinate_ascent] [1/1] [t = 245] swapped,  f(S) = 0.99995
2021-02-05 16:29:30,126 [INFO] [OPT-EXP-DSGN - coordinate_ascent] [1/1] [t = 246] swapped,  f(S) = 0.99999
2021-02-05 16:29:45,591 [INFO] [OPT-EXP-DSGN - coordinate_ascent] [1/1] [t = 247] swapped,  f(S) = 1.00024
2021-02-05 16:29:45,937 [INFO] [OPT-EXP-DSGN - coordinate_ascent] [1/1] [t = 248] swapped,  f(S) = 1.00036
2021-02-05 16:29:46,282 [INFO] [OPT-EXP-DSGN - coordinate_ascent] [1/1] [t = 249] swapped,  f(S) = 1.00056
2021-02-05 16:29:46,626 [INFO] [OPT-EXP-DSGN - coordinate_ascent] [1/1] [t = 250] swapped,  f(S) = 1.00058
2021-02-05 16:29:48,348 [INFO] [OPT-EXP-DSGN - coordinate_ascent] [1/1] [t = 251] swapped,  f(S) = 1.00065
2021-02-05 16:29:50,760 [INFO] [OPT-EXP-DSGN - coordinate_ascent] [1/1] [t = 252] swapped,  f(S) = 1.00072
2021-02-05 16:29:53,515 [INFO] [OPT-EXP-DSGN - coordinate_ascent] [1/1] [t = 253] swapped,  f(S) = 1.00076
2021-02-05 16:30:36,755 [INFO] [OPT-EXP-DSGN - coordinate_ascent] [1/1] [t = 254] swapped,  f(S) = 1.00103
2021-02-05 16:30:37,782 [INFO] [OPT-EXP-DSGN - coordinate_ascent] [1/1] [t = 255] swapped,  f(S) = 1.00130
2021-02-05 16:30:49,427 [INFO] [OPT-EXP-DSGN - coordinate_ascent] [1/1] [t = 256] swapped,  f(S) = 1.00177
2021-02-05 16:30:49,773 [INFO] [OPT-EXP-DSGN - coordinate_ascent] [1/1] [t = 257] swapped,  f(S) = 1.00257
2021-02-05 16:30:50,464 [INFO] [OPT-EXP-DSGN - coordinate_ascent] [1/1] [t = 258] swapped,  f(S) = 1.00335
2021-02-05 16:30:54,594 [INFO] [OPT-EXP-DSGN - coordinate_ascent] [1/1] [t = 259] swapped,  f(S) = 1.00393
2021-02-05 16:30:54,940 [INFO] [OPT-EXP-DSGN - coordinate_ascent] [1/1] [t = 260] swapped,  f(S) = 1.00403
2021-02-05 16:31:00,093 [INFO] [OPT-EXP-DSGN - coordinate_ascent] [1/1] [t = 261] swapped,  f(S) = 1.00413
2021-02-05 16:31:01,123 [INFO] [OPT-EXP-DSGN - coordinate_ascent] [1/1] [t = 262] swapped,  f(S) = 1.00415
2021-02-05 16:32:11,060 [INFO] [OPT-EXP-DSGN - coordinate_ascent] [1/1] [t = 263] swapped,  f(S) = 1.00429
2021-02-05 16:32:11,405 [INFO] [OPT-EXP-DSGN - coordinate_ascent] [1/1] [t = 264] swapped,  f(S) = 1.00445
2021-02-05 16:32:13,124 [INFO] [OPT-EXP-DSGN - coordinate_ascent] [1/1] [t = 265] swapped,  f(S) = 1.00453
2021-02-05 16:32:23,428 [INFO] [OPT-EXP-DSGN - coordinate_ascent] [1/1] [t = 266] swapped,  f(S) = 1.00454
2021-02-05 16:32:25,485 [INFO] [OPT-EXP-DSGN - coordinate_ascent] [1/1] [t = 267] swapped,  f(S) = 1.00482
2021-02-05 16:32:36,469 [INFO] [OPT-EXP-DSGN - coordinate_ascent] [1/1] [t = 268] swapped,  f(S) = 1.00484
2021-02-05 16:32:38,532 [INFO] [OPT-EXP-DSGN - coordinate_ascent] [1/1] [t = 269] swapped,  f(S) = 1.00489
2021-02-05 16:32:38,876 [INFO] [OPT-EXP-DSGN - coordinate_ascent] [1/1] [t = 270] swapped,  f(S) = 1.00511
2021-02-05 16:32:39,221 [INFO] [OPT-EXP-DSGN - coordinate_ascent] [1/1] [t = 271] swapped,  f(S) = 1.00535
2021-02-05 16:32:39,566 [INFO] [OPT-EXP-DSGN - coordinate_ascent] [1/1] [t = 272] swapped,  f(S) = 1.00541
2021-02-05 16:32:41,976 [INFO] [OPT-EXP-DSGN - coordinate_ascent] [1/1] [t = 273] swapped,  f(S) = 1.00543
2021-02-05 16:32:43,354 [INFO] [OPT-EXP-DSGN - coordinate_ascent] [1/1] [t = 274] swapped,  f(S) = 1.00548
2021-02-05 16:33:07,077 [INFO] [OPT-EXP-DSGN - coordinate_ascent] [1/1] [t = 275] swapped,  f(S) = 1.00561
2021-02-05 16:33:07,422 [INFO] [OPT-EXP-DSGN - coordinate_ascent] [1/1] [t = 276] swapped,  f(S) = 1.00563
2021-02-05 16:33:07,769 [INFO] [OPT-EXP-DSGN - coordinate_ascent] [1/1] [t = 277] swapped,  f(S) = 1.00602
2021-02-05 16:33:08,114 [INFO] [OPT-EXP-DSGN - coordinate_ascent] [1/1] [t = 278] swapped,  f(S) = 1.00616
2021-02-05 16:33:08,459 [INFO] [OPT-EXP-DSGN - coordinate_ascent] [1/1] [t = 279] swapped,  f(S) = 1.00622
2021-02-05 16:33:09,148 [INFO] [OPT-EXP-DSGN - coordinate_ascent] [1/1] [t = 280] swapped,  f(S) = 1.00669
2021-02-05 16:33:12,221 [INFO] [OPT-EXP-DSGN - coordinate_ascent] [1/1] [t = 281] swapped,  f(S) = 1.00682
2021-02-05 16:33:12,563 [INFO] [OPT-EXP-DSGN - coordinate_ascent] [1/1] [t = 282] swapped,  f(S) = 1.00688
2021-02-05 16:33:13,930 [INFO] [OPT-EXP-DSGN - coordinate_ascent] [1/1] [t = 283] swapped,  f(S) = 1.00697
2021-02-05 16:33:15,983 [INFO] [OPT-EXP-DSGN - coordinate_ascent] [1/1] [t = 284] swapped,  f(S) = 1.00724
2021-02-05 16:33:19,742 [INFO] [OPT-EXP-DSGN - coordinate_ascent] [1/1] [t = 285] swapped,  f(S) = 1.00724
2021-02-05 16:33:21,117 [INFO] [OPT-EXP-DSGN - coordinate_ascent] [1/1] [t = 286] swapped,  f(S) = 1.00735
2021-02-05 16:33:21,808 [INFO] [OPT-EXP-DSGN - coordinate_ascent] [1/1] [t = 287] swapped,  f(S) = 1.00744
2021-02-05 16:33:23,526 [INFO] [OPT-EXP-DSGN - coordinate_ascent] [1/1] [t = 288] swapped,  f(S) = 1.00752
2021-02-05 16:33:24,214 [INFO] [OPT-EXP-DSGN - coordinate_ascent] [1/1] [t = 289] swapped,  f(S) = 1.00821
2021-02-05 16:33:24,558 [INFO] [OPT-EXP-DSGN - coordinate_ascent] [1/1] [t = 290] swapped,  f(S) = 1.00952
2021-02-05 16:33:25,246 [INFO] [OPT-EXP-DSGN - coordinate_ascent] [1/1] [t = 291] swapped,  f(S) = 1.00959
2021-02-05 16:35:38,947 [INFO] [OPT-EXP-DSGN - coordinate_ascent] [1/1] [t = 292] swapped,  f(S) = 1.00981
2021-02-05 16:35:42,717 [INFO] [OPT-EXP-DSGN - coordinate_ascent] [1/1] [t = 293] swapped,  f(S) = 1.00988
2021-02-05 16:35:43,402 [INFO] [OPT-EXP-DSGN - coordinate_ascent] [1/1] [t = 294] swapped,  f(S) = 1.01019
2021-02-05 16:35:43,745 [INFO] [OPT-EXP-DSGN - coordinate_ascent] [1/1] [t = 295] swapped,  f(S) = 1.01044
2021-02-05 16:35:44,087 [INFO] [OPT-EXP-DSGN - coordinate_ascent] [1/1] [t = 296] swapped,  f(S) = 1.01086
2021-02-05 16:35:46,813 [INFO] [OPT-EXP-DSGN - coordinate_ascent] [1/1] [t = 297] swapped,  f(S) = 1.01104
2021-02-05 16:35:47,158 [INFO] [OPT-EXP-DSGN - coordinate_ascent] [1/1] [t = 298] swapped,  f(S) = 1.01114
2021-02-05 16:35:47,503 [INFO] [OPT-EXP-DSGN - coordinate_ascent] [1/1] [t = 299] swapped,  f(S) = 1.01120
2021-02-05 16:35:51,608 [INFO] [OPT-EXP-DSGN - coordinate_ascent] [1/1] [t = 300] swapped,  f(S) = 1.01131
2021-02-05 16:35:51,952 [INFO] [OPT-EXP-DSGN - coordinate_ascent] [1/1] [t = 301] swapped,  f(S) = 1.01148
2021-02-05 16:35:52,638 [INFO] [OPT-EXP-DSGN - coordinate_ascent] [1/1] [t = 302] swapped,  f(S) = 1.01154
2021-02-05 16:35:52,982 [INFO] [OPT-EXP-DSGN - coordinate_ascent] [1/1] [t = 303] swapped,  f(S) = 1.01155
2021-02-05 16:35:54,698 [INFO] [OPT-EXP-DSGN - coordinate_ascent] [1/1] [t = 304] swapped,  f(S) = 1.01159
2021-02-05 16:36:00,525 [INFO] [OPT-EXP-DSGN - coordinate_ascent] [1/1] [t = 305] swapped,  f(S) = 1.01170
2021-02-05 16:36:01,211 [INFO] [OPT-EXP-DSGN - coordinate_ascent] [1/1] [t = 306] swapped,  f(S) = 1.01188
2021-02-05 16:36:04,649 [INFO] [OPT-EXP-DSGN - coordinate_ascent] [1/1] [t = 307] swapped,  f(S) = 1.01196
2021-02-05 16:36:09,463 [INFO] [OPT-EXP-DSGN - coordinate_ascent] [1/1] [t = 308] swapped,  f(S) = 1.01197
2021-02-05 16:36:13,215 [INFO] [OPT-EXP-DSGN - coordinate_ascent] [1/1] [t = 309] swapped,  f(S) = 1.01199
2021-02-05 16:36:14,243 [INFO] [OPT-EXP-DSGN - coordinate_ascent] [1/1] [t = 310] swapped,  f(S) = 1.01277
2021-02-05 16:36:14,586 [INFO] [OPT-EXP-DSGN - coordinate_ascent] [1/1] [t = 311] swapped,  f(S) = 1.01292
2021-02-05 16:36:17,321 [INFO] [OPT-EXP-DSGN - coordinate_ascent] [1/1] [t = 312] swapped,  f(S) = 1.01298
2021-02-05 17:22:36,123 [INFO] [OPT-EXP-DSGN - coordinate_ascent] [1/1] [t = 313] swapped,  f(S) = 1.01320
2021-02-05 17:22:36,891 [INFO] [OPT-EXP-DSGN - coordinate_ascent] [1/1] [t = 314] swapped,  f(S) = 1.01369
2021-02-05 17:27:12,533 [INFO] [OPT-EXP-DSGN - coordinate_ascent] [1/1] [t = 315] swapped,  f(S) = 1.01397
2021-02-05 17:27:13,562 [INFO] [OPT-EXP-DSGN - coordinate_ascent] [1/1] [t = 316] swapped,  f(S) = 1.01401
2021-02-05 17:27:14,248 [INFO] [OPT-EXP-DSGN - coordinate_ascent] [1/1] [t = 317] swapped,  f(S) = 1.01438
2021-02-05 17:27:16,312 [INFO] [OPT-EXP-DSGN - coordinate_ascent] [1/1] [t = 318] swapped,  f(S) = 1.01452
2021-02-05 17:27:17,001 [INFO] [OPT-EXP-DSGN - coordinate_ascent] [1/1] [t = 319] swapped,  f(S) = 1.01471
2021-02-05 17:27:17,689 [INFO] [OPT-EXP-DSGN - coordinate_ascent] [1/1] [t = 320] swapped,  f(S) = 1.01510
2021-02-05 17:27:23,533 [INFO] [OPT-EXP-DSGN - coordinate_ascent] [1/1] [t = 321] swapped,  f(S) = 1.01522
2021-02-05 17:27:24,910 [INFO] [OPT-EXP-DSGN - coordinate_ascent] [1/1] [t = 322] swapped,  f(S) = 1.01534
2021-02-05 17:27:26,289 [INFO] [OPT-EXP-DSGN - coordinate_ascent] [1/1] [t = 323] swapped,  f(S) = 1.01538
2021-02-05 17:27:27,322 [INFO] [OPT-EXP-DSGN - coordinate_ascent] [1/1] [t = 324] swapped,  f(S) = 1.01538
2021-02-05 17:27:42,404 [INFO] [OPT-EXP-DSGN - coordinate_ascent] [1/1] [t = 325] swapped,  f(S) = 1.01551
2021-02-05 17:27:43,436 [INFO] [OPT-EXP-DSGN - coordinate_ascent] [1/1] [t = 326] swapped,  f(S) = 1.01599
2021-02-05 17:27:44,468 [INFO] [OPT-EXP-DSGN - coordinate_ascent] [1/1] [t = 327] swapped,  f(S) = 1.01617
2021-02-05 17:27:45,842 [INFO] [OPT-EXP-DSGN - coordinate_ascent] [1/1] [t = 328] swapped,  f(S) = 1.01619
2021-02-05 17:27:46,187 [INFO] [OPT-EXP-DSGN - coordinate_ascent] [1/1] [t = 329] swapped,  f(S) = 1.01624
2021-02-05 17:28:03,392 [INFO] [OPT-EXP-DSGN - coordinate_ascent] [1/1] [t = 330] swapped,  f(S) = 1.01632
2021-02-05 17:28:04,419 [INFO] [OPT-EXP-DSGN - coordinate_ascent] [1/1] [t = 331] swapped,  f(S) = 1.01649
2021-02-05 17:28:05,105 [INFO] [OPT-EXP-DSGN - coordinate_ascent] [1/1] [t = 332] swapped,  f(S) = 1.01658
2021-02-05 17:28:11,275 [INFO] [OPT-EXP-DSGN - coordinate_ascent] [1/1] [t = 333] swapped,  f(S) = 1.01687
2021-02-05 17:28:21,196 [INFO] [OPT-EXP-DSGN - coordinate_ascent] [1/1] [t = 334] swapped,  f(S) = 1.01702
2021-02-05 17:28:21,883 [INFO] [OPT-EXP-DSGN - coordinate_ascent] [1/1] [t = 335] swapped,  f(S) = 1.01709
2021-02-05 17:28:22,228 [INFO] [OPT-EXP-DSGN - coordinate_ascent] [1/1] [t = 336] swapped,  f(S) = 1.01722
2021-02-05 17:28:26,351 [INFO] [OPT-EXP-DSGN - coordinate_ascent] [1/1] [t = 337] swapped,  f(S) = 1.01730
2021-02-05 17:28:39,040 [INFO] [OPT-EXP-DSGN - coordinate_ascent] [1/1] [t = 338] swapped,  f(S) = 1.01741
2021-02-05 17:34:37,719 [INFO] [OPT-EXP-DSGN - coordinate_ascent] [1/1] [t = 339] swapped,  f(S) = 1.01759
2021-02-05 17:34:41,812 [INFO] [OPT-EXP-DSGN - coordinate_ascent] [1/1] [t = 340] swapped,  f(S) = 1.01766
2021-02-05 17:34:57,577 [INFO] [OPT-EXP-DSGN - coordinate_ascent] [1/1] [t = 341] swapped,  f(S) = 1.01771
2021-02-05 17:34:58,610 [INFO] [OPT-EXP-DSGN - coordinate_ascent] [1/1] [t = 342] swapped,  f(S) = 1.01795
2021-02-05 17:35:16,110 [INFO] [OPT-EXP-DSGN - coordinate_ascent] [1/1] [t = 343] swapped,  f(S) = 1.01808
2021-02-05 17:35:16,456 [INFO] [OPT-EXP-DSGN - coordinate_ascent] [1/1] [t = 344] swapped,  f(S) = 1.01832
2021-02-05 17:35:20,925 [INFO] [OPT-EXP-DSGN - coordinate_ascent] [1/1] [t = 345] swapped,  f(S) = 1.01866
2021-02-05 17:35:38,481 [INFO] [OPT-EXP-DSGN - coordinate_ascent] [1/1] [t = 346] swapped,  f(S) = 1.01866
2021-02-05 17:35:39,165 [INFO] [OPT-EXP-DSGN - coordinate_ascent] [1/1] [t = 347] swapped,  f(S) = 1.01870
2021-02-05 17:35:40,878 [INFO] [OPT-EXP-DSGN - coordinate_ascent] [1/1] [t = 348] swapped,  f(S) = 1.01888
2021-02-05 17:35:41,566 [INFO] [OPT-EXP-DSGN - coordinate_ascent] [1/1] [t = 349] swapped,  f(S) = 1.01906
2021-02-05 17:35:53,181 [INFO] [OPT-EXP-DSGN - coordinate_ascent] [1/1] [t = 350] swapped,  f(S) = 1.01915
2021-02-05 17:35:54,888 [INFO] [OPT-EXP-DSGN - coordinate_ascent] [1/1] [t = 351] swapped,  f(S) = 1.01918
2021-02-05 17:35:55,229 [INFO] [OPT-EXP-DSGN - coordinate_ascent] [1/1] [t = 352] swapped,  f(S) = 1.01936
2021-02-05 17:35:57,626 [INFO] [OPT-EXP-DSGN - coordinate_ascent] [1/1] [t = 353] swapped,  f(S) = 1.01939
2021-02-05 17:35:58,305 [INFO] [OPT-EXP-DSGN - coordinate_ascent] [1/1] [t = 354] swapped,  f(S) = 1.01960
2021-02-05 17:36:00,699 [INFO] [OPT-EXP-DSGN - coordinate_ascent] [1/1] [t = 355] swapped,  f(S) = 1.01971
2021-02-05 17:36:02,063 [INFO] [OPT-EXP-DSGN - coordinate_ascent] [1/1] [t = 356] swapped,  f(S) = 1.02001
2021-02-05 17:36:02,407 [INFO] [OPT-EXP-DSGN - coordinate_ascent] [1/1] [t = 357] swapped,  f(S) = 1.02005
2021-02-05 17:36:05,125 [INFO] [OPT-EXP-DSGN - coordinate_ascent] [1/1] [t = 358] swapped,  f(S) = 1.02009
2021-02-05 17:36:11,875 [INFO] [OPT-EXP-DSGN - coordinate_ascent] [1/1] [t = 359] swapped,  f(S) = 1.02059
2021-02-05 17:41:43,050 [INFO] [OPT-EXP-DSGN - coordinate_ascent] [1/1] [t = 360] swapped,  f(S) = 1.02082
2021-02-05 17:41:57,455 [INFO] [OPT-EXP-DSGN - coordinate_ascent] [1/1] [t = 361] swapped,  f(S) = 1.02086
2021-02-05 17:41:58,147 [INFO] [OPT-EXP-DSGN - coordinate_ascent] [1/1] [t = 362] swapped,  f(S) = 1.02112
2021-02-05 17:41:58,494 [INFO] [OPT-EXP-DSGN - coordinate_ascent] [1/1] [t = 363] swapped,  f(S) = 1.02155
2021-02-05 17:41:58,839 [INFO] [OPT-EXP-DSGN - coordinate_ascent] [1/1] [t = 364] swapped,  f(S) = 1.02161
2021-02-05 17:41:59,187 [INFO] [OPT-EXP-DSGN - coordinate_ascent] [1/1] [t = 365] swapped,  f(S) = 1.02167
2021-02-05 17:42:00,218 [INFO] [OPT-EXP-DSGN - coordinate_ascent] [1/1] [t = 366] swapped,  f(S) = 1.02208
2021-02-05 17:43:02,172 [INFO] [OPT-EXP-DSGN - coordinate_ascent] [1/1] [t = 367] swapped,  f(S) = 1.02209
2021-02-05 17:43:02,530 [INFO] [OPT-EXP-DSGN - coordinate_ascent] [1/1] [t = 368] swapped,  f(S) = 1.02218
2021-02-05 17:43:02,879 [INFO] [OPT-EXP-DSGN - coordinate_ascent] [1/1] [t = 369] swapped,  f(S) = 1.02223
2021-02-05 17:43:03,225 [INFO] [OPT-EXP-DSGN - coordinate_ascent] [1/1] [t = 370] swapped,  f(S) = 1.02270
2021-02-05 17:43:03,570 [INFO] [OPT-EXP-DSGN - coordinate_ascent] [1/1] [t = 371] swapped,  f(S) = 1.02278
2021-02-05 17:43:04,260 [INFO] [OPT-EXP-DSGN - coordinate_ascent] [1/1] [t = 372] swapped,  f(S) = 1.02297
2021-02-05 17:43:04,605 [INFO] [OPT-EXP-DSGN - coordinate_ascent] [1/1] [t = 373] swapped,  f(S) = 1.02332
2021-02-05 17:43:06,325 [INFO] [OPT-EXP-DSGN - coordinate_ascent] [1/1] [t = 374] swapped,  f(S) = 1.02356
2021-02-05 17:43:08,731 [INFO] [OPT-EXP-DSGN - coordinate_ascent] [1/1] [t = 375] swapped,  f(S) = 1.02359
2021-02-05 17:43:21,043 [INFO] [OPT-EXP-DSGN - coordinate_ascent] [1/1] [t = 376] swapped,  f(S) = 1.02367
