My SLURM_ARRAY_TASK_ID:  157
Running model transfo-xl-wt103
Running dataset coca_spok_filter_punct_10K_sample_3
Running average_mode False
2021-03-22 08:37:54.086419: I tensorflow/stream_executor/platform/default/dso_loader.cc:48] Successfully opened dynamic library libcudart.so.10.1
/usr/local/lib/python3.7/site-packages/xarray/core/merge.py:16: FutureWarning: The Panel class is removed from pandas. Accessing it from the top-level namespace will also be removed in the next version
  PANDAS_TYPES = (pd.Series, pd.DataFrame, pd.Panel)
/usr/local/lib/python3.7/site-packages/brainio_base/assemblies.py:224: FutureWarning: The inplace argument has been deprecated and will be removed in a future version of xarray.
  xr_data.set_index(append=True, inplace=True, **coords_d)
0it [00:00, ?it/s]1111it [00:00, 207169.86it/s]
0it [00:00, ?it/s]1111it [00:00, 204730.54it/s]
0it [00:00, ?it/s]1111it [00:00, 200674.90it/s]
0it [00:00, ?it/s]1111it [00:00, 200917.16it/s]
0it [00:00, ?it/s]1111it [00:00, 195300.58it/s]
0it [00:00, ?it/s]1111it [00:00, 192199.29it/s]
0it [00:00, ?it/s]1111it [00:00, 192723.92it/s]
0it [00:00, ?it/s]1111it [00:00, 189734.19it/s]
0it [00:00, ?it/s]1112it [00:00, 186951.50it/s]
layers:   0%|          | 0/19 [00:00<?, ?it/s]layers: 100%|██████████| 19/19 [00:00<00:00, 471.80it/s]
Loading lookup from /usr/local/lib/python3.7/site-packages/brainio_collection/lookup.csv
transfo-xl-wt103

coca_spok_filter_punct_10K_sample_3

False

loading /om/user/ehoseini/MyData/COCA_corpus/parsed/coca_spok_data_filter_ngram_punct_10K_sample_3.pkl
coca_spok_filter_punct_10K_sample_3_transfo-xl-wt103_layer_0_activation is missing groups!
coca_spok_filter_punct_10K_sample_3_transfo-xl-wt103_layer_0_activation is missing groups!
coca_spok_filter_punct_10K_sample_3_transfo-xl-wt103_layer_0_activation is missing groups!
coca_spok_filter_punct_10K_sample_3_transfo-xl-wt103_layer_0_activation is missing groups!
coca_spok_filter_punct_10K_sample_3_transfo-xl-wt103_layer_0_activation is missing groups!
coca_spok_filter_punct_10K_sample_3_transfo-xl-wt103_layer_0_activation is missing groups!
coca_spok_filter_punct_10K_sample_3_transfo-xl-wt103_layer_0_activation is missing groups!
coca_spok_filter_punct_10K_sample_3_transfo-xl-wt103_layer_0_activation is missing groups!
coca_spok_filter_punct_10K_sample_3_transfo-xl-wt103_layer_0_activation is missing groups!
coca_spok_filter_punct_10K_sample_3_transfo-xl-wt103_layer_0_activation is missing groups!
coca_spok_filter_punct_10K_sample_3_transfo-xl-wt103_layer_0_activation is missing groups!
coca_spok_filter_punct_10K_sample_3_transfo-xl-wt103_layer_0_activation is missing groups!
coca_spok_filter_punct_10K_sample_3_transfo-xl-wt103_layer_0_activation is missing groups!
coca_spok_filter_punct_10K_sample_3_transfo-xl-wt103_layer_0_activation is missing groups!
coca_spok_filter_punct_10K_sample_3_transfo-xl-wt103_layer_0_activation is missing groups!
coca_spok_filter_punct_10K_sample_3_transfo-xl-wt103_layer_0_activation is missing groups!
coca_spok_filter_punct_10K_sample_3_transfo-xl-wt103_layer_0_activation is missing groups!
coca_spok_filter_punct_10K_sample_3_transfo-xl-wt103_layer_0_activation is missing groups!
coca_spok_filter_punct_10K_sample_3_transfo-xl-wt103_layer_0_activation is missing groups!
