My SLURM_ARRAY_TASK_ID:  255
Running model bert-large-uncased-whole-word-masking
Running dataset coca_spok_filter_punct_10K_sample_5
Running average_mode True
2021-03-22 09:13:58.695550: I tensorflow/stream_executor/platform/default/dso_loader.cc:48] Successfully opened dynamic library libcudart.so.10.1
/usr/local/lib/python3.7/site-packages/xarray/core/merge.py:16: FutureWarning: The Panel class is removed from pandas. Accessing it from the top-level namespace will also be removed in the next version
  PANDAS_TYPES = (pd.Series, pd.DataFrame, pd.Panel)
/usr/local/lib/python3.7/site-packages/brainio_base/assemblies.py:224: FutureWarning: The inplace argument has been deprecated and will be removed in a future version of xarray.
  xr_data.set_index(append=True, inplace=True, **coords_d)
0it [00:00, ?it/s]1111it [00:00, 268363.96it/s]
0it [00:00, ?it/s]1111it [00:00, 250140.73it/s]
0it [00:00, ?it/s]1111it [00:00, 240695.85it/s]
0it [00:00, ?it/s]1111it [00:00, 249111.07it/s]
0it [00:00, ?it/s]1111it [00:00, 247090.08it/s]
0it [00:00, ?it/s]1111it [00:00, 245037.16it/s]
0it [00:00, ?it/s]1111it [00:00, 243475.19it/s]
0it [00:00, ?it/s]1111it [00:00, 236074.36it/s]
0it [00:00, ?it/s]1112it [00:00, 232505.79it/s]
layers:   0%|          | 0/25 [00:00<?, ?it/s]layers: 100%|██████████| 25/25 [00:00<00:00, 339.93it/s]
Loading lookup from /usr/local/lib/python3.7/site-packages/brainio_collection/lookup.csv
bert-large-uncased-whole-word-masking

coca_spok_filter_punct_10K_sample_5

True

loading /om/user/ehoseini/MyData/COCA_corpus/parsed/coca_spok_data_filter_ngram_punct_10K_sample_5.pkl
coca_spok_filter_punct_10K_sample_5_bert-large-uncased-whole-word-masking_layer_0_activation is missing groups!
coca_spok_filter_punct_10K_sample_5_bert-large-uncased-whole-word-masking_layer_0_activation is missing groups!
coca_spok_filter_punct_10K_sample_5_bert-large-uncased-whole-word-masking_layer_0_activation is missing groups!
coca_spok_filter_punct_10K_sample_5_bert-large-uncased-whole-word-masking_layer_0_activation is missing groups!
coca_spok_filter_punct_10K_sample_5_bert-large-uncased-whole-word-masking_layer_0_activation is missing groups!
coca_spok_filter_punct_10K_sample_5_bert-large-uncased-whole-word-masking_layer_0_activation is missing groups!
coca_spok_filter_punct_10K_sample_5_bert-large-uncased-whole-word-masking_layer_0_activation is missing groups!
coca_spok_filter_punct_10K_sample_5_bert-large-uncased-whole-word-masking_layer_0_activation is missing groups!
coca_spok_filter_punct_10K_sample_5_bert-large-uncased-whole-word-masking_layer_0_activation is missing groups!
coca_spok_filter_punct_10K_sample_5_bert-large-uncased-whole-word-masking_layer_0_activation is missing groups!
coca_spok_filter_punct_10K_sample_5_bert-large-uncased-whole-word-masking_layer_0_activation is missing groups!
coca_spok_filter_punct_10K_sample_5_bert-large-uncased-whole-word-masking_layer_0_activation is missing groups!
coca_spok_filter_punct_10K_sample_5_bert-large-uncased-whole-word-masking_layer_0_activation is missing groups!
coca_spok_filter_punct_10K_sample_5_bert-large-uncased-whole-word-masking_layer_0_activation is missing groups!
coca_spok_filter_punct_10K_sample_5_bert-large-uncased-whole-word-masking_layer_0_activation is missing groups!
coca_spok_filter_punct_10K_sample_5_bert-large-uncased-whole-word-masking_layer_0_activation is missing groups!
coca_spok_filter_punct_10K_sample_5_bert-large-uncased-whole-word-masking_layer_0_activation is missing groups!
coca_spok_filter_punct_10K_sample_5_bert-large-uncased-whole-word-masking_layer_0_activation is missing groups!
coca_spok_filter_punct_10K_sample_5_bert-large-uncased-whole-word-masking_layer_0_activation is missing groups!
coca_spok_filter_punct_10K_sample_5_bert-large-uncased-whole-word-masking_layer_0_activation is missing groups!
coca_spok_filter_punct_10K_sample_5_bert-large-uncased-whole-word-masking_layer_0_activation is missing groups!
coca_spok_filter_punct_10K_sample_5_bert-large-uncased-whole-word-masking_layer_0_activation is missing groups!
coca_spok_filter_punct_10K_sample_5_bert-large-uncased-whole-word-masking_layer_0_activation is missing groups!
coca_spok_filter_punct_10K_sample_5_bert-large-uncased-whole-word-masking_layer_0_activation is missing groups!
coca_spok_filter_punct_10K_sample_5_bert-large-uncased-whole-word-masking_layer_0_activation is missing groups!
