My SLURM_ARRAY_TASK_ID:  74
Running model albert-xxlarge-v2
Running dataset coca_spok_filter_punct_10K_sample_2
Running average_mode None
2021-03-22 08:18:50.274500: I tensorflow/stream_executor/platform/default/dso_loader.cc:48] Successfully opened dynamic library libcudart.so.10.1
/usr/local/lib/python3.7/site-packages/xarray/core/merge.py:16: FutureWarning: The Panel class is removed from pandas. Accessing it from the top-level namespace will also be removed in the next version
  PANDAS_TYPES = (pd.Series, pd.DataFrame, pd.Panel)
/usr/local/lib/python3.7/site-packages/brainio_base/assemblies.py:224: FutureWarning: The inplace argument has been deprecated and will be removed in a future version of xarray.
  xr_data.set_index(append=True, inplace=True, **coords_d)
0it [00:00, ?it/s]1111it [00:00, 258322.07it/s]
0it [00:00, ?it/s]1111it [00:00, 270137.49it/s]
0it [00:00, ?it/s]1111it [00:00, 271744.33it/s]
0it [00:00, ?it/s]1111it [00:00, 264585.04it/s]
0it [00:00, ?it/s]1111it [00:00, 276681.61it/s]
0it [00:00, ?it/s]1111it [00:00, 252021.19it/s]
0it [00:00, ?it/s]1111it [00:00, 276714.47it/s]
0it [00:00, ?it/s]1111it [00:00, 266613.56it/s]
0it [00:00, ?it/s]1112it [00:00, 264223.09it/s]
layers:   0%|          | 0/13 [00:00<?, ?it/s]layers: 100%|██████████| 13/13 [00:00<00:00, 930.79it/s]
Loading lookup from /usr/local/lib/python3.7/site-packages/brainio_collection/lookup.csv
albert-xxlarge-v2

coca_spok_filter_punct_10K_sample_2

None

loading /om/user/ehoseini/MyData/COCA_corpus/parsed/coca_spok_data_filter_ngram_punct_10K_sample_2.pkl
coca_spok_filter_punct_10K_sample_2_albert-xxlarge-v2_layer_0_activation is missing groups!
coca_spok_filter_punct_10K_sample_2_albert-xxlarge-v2_layer_0_activation is missing groups!
coca_spok_filter_punct_10K_sample_2_albert-xxlarge-v2_layer_0_activation is missing groups!
coca_spok_filter_punct_10K_sample_2_albert-xxlarge-v2_layer_0_activation is missing groups!
coca_spok_filter_punct_10K_sample_2_albert-xxlarge-v2_layer_0_activation is missing groups!
coca_spok_filter_punct_10K_sample_2_albert-xxlarge-v2_layer_0_activation is missing groups!
coca_spok_filter_punct_10K_sample_2_albert-xxlarge-v2_layer_0_activation is missing groups!
coca_spok_filter_punct_10K_sample_2_albert-xxlarge-v2_layer_0_activation is missing groups!
coca_spok_filter_punct_10K_sample_2_albert-xxlarge-v2_layer_0_activation is missing groups!
coca_spok_filter_punct_10K_sample_2_albert-xxlarge-v2_layer_0_activation is missing groups!
coca_spok_filter_punct_10K_sample_2_albert-xxlarge-v2_layer_0_activation is missing groups!
coca_spok_filter_punct_10K_sample_2_albert-xxlarge-v2_layer_0_activation is missing groups!
coca_spok_filter_punct_10K_sample_2_albert-xxlarge-v2_layer_0_activation is missing groups!
