My SLURM_ARRAY_TASK_ID:  2
Running extraction: group=best_performing_pereira_3-dataset=ud_sentencez_token_filter_v3-activation-bench=None-ave=False
Running optimiation: coordinate_ascent-obj=D_s-n_iter=10000-n_samples=300-n_init=1
2021-01-22 12:54:39.286609: I tensorflow/stream_executor/platform/default/dso_loader.cc:48] Successfully opened dynamic library libcudart.so.10.1
/usr/local/lib/python3.7/site-packages/xarray/core/merge.py:16: FutureWarning: The Panel class is removed from pandas. Accessing it from the top-level namespace will also be removed in the next version
  PANDAS_TYPES = (pd.Series, pd.DataFrame, pd.Panel)
/usr/local/lib/python3.7/site-packages/brainio_base/assemblies.py:224: FutureWarning: The inplace argument has been deprecated and will be removed in a future version of xarray.
  xr_data.set_index(append=True, inplace=True, **coords_d)
0it [00:00, ?it/s]934it [00:00, 229172.81it/s]
0it [00:00, ?it/s]934it [00:00, 240233.02it/s]
0it [00:00, ?it/s]935it [00:00, 239975.17it/s]
0it [00:00, ?it/s]934it [00:00, 241864.54it/s]
0it [00:00, ?it/s]934it [00:00, 237711.16it/s]
0it [00:00, ?it/s]935it [00:00, 239696.49it/s]
0it [00:00, ?it/s]934it [00:00, 240100.51it/s]
0it [00:00, ?it/s]934it [00:00, 241685.48it/s]
0it [00:00, ?it/s]935it [00:00, 238777.05it/s]
2021-01-22 12:55:23,852 [INFO] [OPT-EXP-DSGN - coordinate_ascent] ===> Starting init 0, initial f(S) = 0.91584
2021-01-22 12:55:24,182 [INFO] [OPT-EXP-DSGN - coordinate_ascent] [1/1] [t = 1] swapped,  f(S) = 0.91595
2021-01-22 12:55:24,505 [INFO] [OPT-EXP-DSGN - coordinate_ascent] [1/1] [t = 2] swapped,  f(S) = 0.91760
2021-01-22 12:55:24,824 [INFO] [OPT-EXP-DSGN - coordinate_ascent] [1/1] [t = 3] swapped,  f(S) = 0.91955
2021-01-22 12:55:25,788 [INFO] [OPT-EXP-DSGN - coordinate_ascent] [1/1] [t = 4] swapped,  f(S) = 0.91992
2021-01-22 12:55:37,611 [INFO] [OPT-EXP-DSGN - coordinate_ascent] [1/1] [t = 5] swapped,  f(S) = 0.92039
2021-01-22 12:55:38,252 [INFO] [OPT-EXP-DSGN - coordinate_ascent] [1/1] [t = 6] swapped,  f(S) = 0.92095
2021-01-22 12:55:38,894 [INFO] [OPT-EXP-DSGN - coordinate_ascent] [1/1] [t = 7] swapped,  f(S) = 0.92107
2021-01-22 12:55:39,851 [INFO] [OPT-EXP-DSGN - coordinate_ascent] [1/1] [t = 8] swapped,  f(S) = 0.92148
2021-01-22 12:55:58,044 [INFO] [OPT-EXP-DSGN - coordinate_ascent] [1/1] [t = 9] swapped,  f(S) = 0.92187
2021-01-22 12:55:58,365 [INFO] [OPT-EXP-DSGN - coordinate_ascent] [1/1] [t = 10] swapped,  f(S) = 0.92258
2021-01-22 12:56:01,572 [INFO] [OPT-EXP-DSGN - coordinate_ascent] [1/1] [t = 11] swapped,  f(S) = 0.92285
2021-01-22 12:56:02,223 [INFO] [OPT-EXP-DSGN - coordinate_ascent] [1/1] [t = 12] swapped,  f(S) = 0.92288
2021-01-22 12:56:02,864 [INFO] [OPT-EXP-DSGN - coordinate_ascent] [1/1] [t = 13] swapped,  f(S) = 0.92350
2021-01-22 12:56:04,465 [INFO] [OPT-EXP-DSGN - coordinate_ascent] [1/1] [t = 14] swapped,  f(S) = 0.92360
2021-01-22 12:56:17,609 [INFO] [OPT-EXP-DSGN - coordinate_ascent] [1/1] [t = 15] swapped,  f(S) = 0.92369
2021-01-22 12:56:17,928 [INFO] [OPT-EXP-DSGN - coordinate_ascent] [1/1] [t = 16] swapped,  f(S) = 0.92379
2021-01-22 12:56:18,887 [INFO] [OPT-EXP-DSGN - coordinate_ascent] [1/1] [t = 17] swapped,  f(S) = 0.92381
2021-01-22 12:56:19,211 [INFO] [OPT-EXP-DSGN - coordinate_ascent] [1/1] [t = 18] swapped,  f(S) = 0.92389
2021-01-22 12:56:21,782 [INFO] [OPT-EXP-DSGN - coordinate_ascent] [1/1] [t = 19] swapped,  f(S) = 0.92485
2021-01-22 12:56:22,430 [INFO] [OPT-EXP-DSGN - coordinate_ascent] [1/1] [t = 20] swapped,  f(S) = 0.92525
2021-01-22 12:56:26,592 [INFO] [OPT-EXP-DSGN - coordinate_ascent] [1/1] [t = 21] swapped,  f(S) = 0.92579
2021-01-22 12:59:05,917 [INFO] [OPT-EXP-DSGN - coordinate_ascent] [1/1] [t = 22] swapped,  f(S) = 0.92594
2021-01-22 12:59:06,238 [INFO] [OPT-EXP-DSGN - coordinate_ascent] [1/1] [t = 23] swapped,  f(S) = 0.92622
2021-01-22 12:59:07,198 [INFO] [OPT-EXP-DSGN - coordinate_ascent] [1/1] [t = 24] swapped,  f(S) = 0.92655
2021-01-22 12:59:07,516 [INFO] [OPT-EXP-DSGN - coordinate_ascent] [1/1] [t = 25] swapped,  f(S) = 0.92674
2021-01-22 12:59:08,474 [INFO] [OPT-EXP-DSGN - coordinate_ascent] [1/1] [t = 26] swapped,  f(S) = 0.92689
2021-01-22 12:59:08,797 [INFO] [OPT-EXP-DSGN - coordinate_ascent] [1/1] [t = 27] swapped,  f(S) = 0.92696
2021-01-22 12:59:09,120 [INFO] [OPT-EXP-DSGN - coordinate_ascent] [1/1] [t = 28] swapped,  f(S) = 0.92809
2021-01-22 12:59:21,589 [INFO] [OPT-EXP-DSGN - coordinate_ascent] [1/1] [t = 29] swapped,  f(S) = 0.92835
2021-01-22 12:59:22,229 [INFO] [OPT-EXP-DSGN - coordinate_ascent] [1/1] [t = 30] swapped,  f(S) = 0.92870
2021-01-22 12:59:27,350 [INFO] [OPT-EXP-DSGN - coordinate_ascent] [1/1] [t = 31] swapped,  f(S) = 0.92884
2021-01-22 12:59:28,312 [INFO] [OPT-EXP-DSGN - coordinate_ascent] [1/1] [t = 32] swapped,  f(S) = 0.92889
2021-01-22 12:59:28,630 [INFO] [OPT-EXP-DSGN - coordinate_ascent] [1/1] [t = 33] swapped,  f(S) = 0.93060
2021-01-22 12:59:28,949 [INFO] [OPT-EXP-DSGN - coordinate_ascent] [1/1] [t = 34] swapped,  f(S) = 0.93068
2021-01-22 13:25:37,592 [INFO] [OPT-EXP-DSGN - coordinate_ascent] [1/1] [t = 35] swapped,  f(S) = 0.93099
2021-01-22 13:25:37,919 [INFO] [OPT-EXP-DSGN - coordinate_ascent] [1/1] [t = 36] swapped,  f(S) = 0.93122
2021-01-22 13:25:38,245 [INFO] [OPT-EXP-DSGN - coordinate_ascent] [1/1] [t = 37] swapped,  f(S) = 0.93126
2021-01-22 13:25:38,571 [INFO] [OPT-EXP-DSGN - coordinate_ascent] [1/1] [t = 38] swapped,  f(S) = 0.93158
2021-01-22 13:25:38,897 [INFO] [OPT-EXP-DSGN - coordinate_ascent] [1/1] [t = 39] swapped,  f(S) = 0.93202
2021-01-22 13:25:42,472 [INFO] [OPT-EXP-DSGN - coordinate_ascent] [1/1] [t = 40] swapped,  f(S) = 0.93222
2021-01-22 13:25:55,797 [INFO] [OPT-EXP-DSGN - coordinate_ascent] [1/1] [t = 41] swapped,  f(S) = 0.93265
2021-01-22 13:25:56,123 [INFO] [OPT-EXP-DSGN - coordinate_ascent] [1/1] [t = 42] swapped,  f(S) = 0.93276
2021-01-22 13:26:00,673 [INFO] [OPT-EXP-DSGN - coordinate_ascent] [1/1] [t = 43] swapped,  f(S) = 0.93302
2021-01-22 13:26:01,000 [INFO] [OPT-EXP-DSGN - coordinate_ascent] [1/1] [t = 44] swapped,  f(S) = 0.93402
2021-01-22 13:26:01,326 [INFO] [OPT-EXP-DSGN - coordinate_ascent] [1/1] [t = 45] swapped,  f(S) = 0.93535
2021-01-22 13:26:01,651 [INFO] [OPT-EXP-DSGN - coordinate_ascent] [1/1] [t = 46] swapped,  f(S) = 0.93538
2021-01-22 13:26:01,978 [INFO] [OPT-EXP-DSGN - coordinate_ascent] [1/1] [t = 47] swapped,  f(S) = 0.93572
2021-01-22 13:26:02,953 [INFO] [OPT-EXP-DSGN - coordinate_ascent] [1/1] [t = 48] swapped,  f(S) = 0.93597
2021-01-22 13:26:04,578 [INFO] [OPT-EXP-DSGN - coordinate_ascent] [1/1] [t = 49] swapped,  f(S) = 0.93607
2021-01-22 13:26:04,904 [INFO] [OPT-EXP-DSGN - coordinate_ascent] [1/1] [t = 50] swapped,  f(S) = 0.93636
2021-01-22 13:26:05,229 [INFO] [OPT-EXP-DSGN - coordinate_ascent] [1/1] [t = 51] swapped,  f(S) = 0.93657
2021-01-22 13:26:05,880 [INFO] [OPT-EXP-DSGN - coordinate_ascent] [1/1] [t = 52] swapped,  f(S) = 0.93698
2021-01-22 13:26:06,206 [INFO] [OPT-EXP-DSGN - coordinate_ascent] [1/1] [t = 53] swapped,  f(S) = 0.93711
2021-01-22 13:26:06,531 [INFO] [OPT-EXP-DSGN - coordinate_ascent] [1/1] [t = 54] swapped,  f(S) = 0.93774
2021-01-22 13:26:08,155 [INFO] [OPT-EXP-DSGN - coordinate_ascent] [1/1] [t = 55] swapped,  f(S) = 0.93778
2021-01-22 13:26:08,806 [INFO] [OPT-EXP-DSGN - coordinate_ascent] [1/1] [t = 56] swapped,  f(S) = 0.93848
2021-01-22 13:26:14,988 [INFO] [OPT-EXP-DSGN - coordinate_ascent] [1/1] [t = 57] swapped,  f(S) = 0.93874
2021-01-22 13:26:37,403 [INFO] [OPT-EXP-DSGN - coordinate_ascent] [1/1] [t = 58] swapped,  f(S) = 0.93908
2021-01-22 13:26:40,312 [INFO] [OPT-EXP-DSGN - coordinate_ascent] [1/1] [t = 59] swapped,  f(S) = 0.93910
2021-01-22 13:26:40,637 [INFO] [OPT-EXP-DSGN - coordinate_ascent] [1/1] [t = 60] swapped,  f(S) = 0.93929
2021-01-22 13:26:40,961 [INFO] [OPT-EXP-DSGN - coordinate_ascent] [1/1] [t = 61] swapped,  f(S) = 0.93993
2021-01-22 13:26:48,718 [INFO] [OPT-EXP-DSGN - coordinate_ascent] [1/1] [t = 62] swapped,  f(S) = 0.94014
2021-01-22 13:26:52,945 [INFO] [OPT-EXP-DSGN - coordinate_ascent] [1/1] [t = 63] swapped,  f(S) = 0.94015
2021-01-22 13:27:05,291 [INFO] [OPT-EXP-DSGN - coordinate_ascent] [1/1] [t = 64] swapped,  f(S) = 0.94089
2021-01-22 13:27:05,617 [INFO] [OPT-EXP-DSGN - coordinate_ascent] [1/1] [t = 65] swapped,  f(S) = 0.94110
2021-01-22 13:27:06,269 [INFO] [OPT-EXP-DSGN - coordinate_ascent] [1/1] [t = 66] swapped,  f(S) = 0.94168
2021-01-22 13:27:06,920 [INFO] [OPT-EXP-DSGN - coordinate_ascent] [1/1] [t = 67] swapped,  f(S) = 0.94183
2021-01-22 13:27:07,245 [INFO] [OPT-EXP-DSGN - coordinate_ascent] [1/1] [t = 68] swapped,  f(S) = 0.94249
2021-01-22 13:27:13,095 [INFO] [OPT-EXP-DSGN - coordinate_ascent] [1/1] [t = 69] swapped,  f(S) = 0.94265
2021-01-22 13:27:14,071 [INFO] [OPT-EXP-DSGN - coordinate_ascent] [1/1] [t = 70] swapped,  f(S) = 0.94288
2021-01-22 13:27:14,395 [INFO] [OPT-EXP-DSGN - coordinate_ascent] [1/1] [t = 71] swapped,  f(S) = 0.94330
2021-01-22 13:27:14,721 [INFO] [OPT-EXP-DSGN - coordinate_ascent] [1/1] [t = 72] swapped,  f(S) = 0.94352
2021-01-22 13:27:15,047 [INFO] [OPT-EXP-DSGN - coordinate_ascent] [1/1] [t = 73] swapped,  f(S) = 0.94448
2021-01-22 13:27:15,374 [INFO] [OPT-EXP-DSGN - coordinate_ascent] [1/1] [t = 74] swapped,  f(S) = 0.94462
2021-01-22 13:27:16,349 [INFO] [OPT-EXP-DSGN - coordinate_ascent] [1/1] [t = 75] swapped,  f(S) = 0.94496
2021-01-22 13:27:16,676 [INFO] [OPT-EXP-DSGN - coordinate_ascent] [1/1] [t = 76] swapped,  f(S) = 0.94504
2021-01-22 13:27:17,326 [INFO] [OPT-EXP-DSGN - coordinate_ascent] [1/1] [t = 77] swapped,  f(S) = 0.94524
2021-01-22 13:28:05,697 [INFO] [OPT-EXP-DSGN - coordinate_ascent] [1/1] [t = 78] swapped,  f(S) = 0.94529
2021-01-22 13:28:06,023 [INFO] [OPT-EXP-DSGN - coordinate_ascent] [1/1] [t = 79] swapped,  f(S) = 0.94589
2021-01-22 13:28:07,644 [INFO] [OPT-EXP-DSGN - coordinate_ascent] [1/1] [t = 80] swapped,  f(S) = 0.94603
2021-01-22 13:28:08,296 [INFO] [OPT-EXP-DSGN - coordinate_ascent] [1/1] [t = 81] swapped,  f(S) = 0.94627
2021-01-22 13:28:09,592 [INFO] [OPT-EXP-DSGN - coordinate_ascent] [1/1] [t = 82] swapped,  f(S) = 0.94631
2021-01-22 13:28:10,243 [INFO] [OPT-EXP-DSGN - coordinate_ascent] [1/1] [t = 83] swapped,  f(S) = 0.94653
2021-01-22 13:28:12,842 [INFO] [OPT-EXP-DSGN - coordinate_ascent] [1/1] [t = 84] swapped,  f(S) = 0.94723
2021-01-22 13:28:13,167 [INFO] [OPT-EXP-DSGN - coordinate_ascent] [1/1] [t = 85] swapped,  f(S) = 0.94835
2021-01-22 13:28:13,491 [INFO] [OPT-EXP-DSGN - coordinate_ascent] [1/1] [t = 86] swapped,  f(S) = 0.94963
2021-01-22 13:28:13,817 [INFO] [OPT-EXP-DSGN - coordinate_ascent] [1/1] [t = 87] swapped,  f(S) = 0.95035
2021-01-22 13:28:14,468 [INFO] [OPT-EXP-DSGN - coordinate_ascent] [1/1] [t = 88] swapped,  f(S) = 0.95052
2021-01-22 13:28:14,795 [INFO] [OPT-EXP-DSGN - coordinate_ascent] [1/1] [t = 89] swapped,  f(S) = 0.95070
2021-01-22 13:28:16,744 [INFO] [OPT-EXP-DSGN - coordinate_ascent] [1/1] [t = 90] swapped,  f(S) = 0.95071
2021-01-22 13:28:19,021 [INFO] [OPT-EXP-DSGN - coordinate_ascent] [1/1] [t = 91] swapped,  f(S) = 0.95082
2021-01-22 13:28:19,347 [INFO] [OPT-EXP-DSGN - coordinate_ascent] [1/1] [t = 92] swapped,  f(S) = 0.95145
2021-01-22 13:28:19,674 [INFO] [OPT-EXP-DSGN - coordinate_ascent] [1/1] [t = 93] swapped,  f(S) = 0.95162
2021-01-22 13:28:32,659 [INFO] [OPT-EXP-DSGN - coordinate_ascent] [1/1] [t = 94] swapped,  f(S) = 0.95173
2021-01-22 13:28:32,983 [INFO] [OPT-EXP-DSGN - coordinate_ascent] [1/1] [t = 95] swapped,  f(S) = 0.95300
2021-01-22 13:28:33,307 [INFO] [OPT-EXP-DSGN - coordinate_ascent] [1/1] [t = 96] swapped,  f(S) = 0.95356
2021-01-22 13:29:23,960 [INFO] [OPT-EXP-DSGN - coordinate_ascent] [1/1] [t = 97] swapped,  f(S) = 0.95421
2021-01-22 13:29:24,286 [INFO] [OPT-EXP-DSGN - coordinate_ascent] [1/1] [t = 98] swapped,  f(S) = 0.95437
2021-01-22 13:29:24,937 [INFO] [OPT-EXP-DSGN - coordinate_ascent] [1/1] [t = 99] swapped,  f(S) = 0.95456
2021-01-22 13:29:25,913 [INFO] [OPT-EXP-DSGN - coordinate_ascent] [1/1] [t = 100] swapped,  f(S) = 0.95593
2021-01-22 13:29:26,889 [INFO] [OPT-EXP-DSGN - coordinate_ascent] [1/1] [t = 101] swapped,  f(S) = 0.95603
2021-01-22 13:29:29,815 [INFO] [OPT-EXP-DSGN - coordinate_ascent] [1/1] [t = 102] swapped,  f(S) = 0.95603
2021-01-22 13:31:18,625 [INFO] [OPT-EXP-DSGN - coordinate_ascent] [1/1] [t = 103] swapped,  f(S) = 0.95607
2021-01-22 13:31:19,277 [INFO] [OPT-EXP-DSGN - coordinate_ascent] [1/1] [t = 104] swapped,  f(S) = 0.95685
2021-01-22 13:31:19,603 [INFO] [OPT-EXP-DSGN - coordinate_ascent] [1/1] [t = 105] swapped,  f(S) = 0.95753
2021-01-22 13:31:20,254 [INFO] [OPT-EXP-DSGN - coordinate_ascent] [1/1] [t = 106] swapped,  f(S) = 0.95786
2021-01-22 13:31:20,582 [INFO] [OPT-EXP-DSGN - coordinate_ascent] [1/1] [t = 107] swapped,  f(S) = 0.95793
2021-01-22 13:31:21,234 [INFO] [OPT-EXP-DSGN - coordinate_ascent] [1/1] [t = 108] swapped,  f(S) = 0.95832
2021-01-22 13:31:22,865 [INFO] [OPT-EXP-DSGN - coordinate_ascent] [1/1] [t = 109] swapped,  f(S) = 0.95871
2021-01-22 13:31:27,098 [INFO] [OPT-EXP-DSGN - coordinate_ascent] [1/1] [t = 110] swapped,  f(S) = 0.95893
2021-01-22 13:31:27,425 [INFO] [OPT-EXP-DSGN - coordinate_ascent] [1/1] [t = 111] swapped,  f(S) = 0.95950
2021-01-22 13:31:29,054 [INFO] [OPT-EXP-DSGN - coordinate_ascent] [1/1] [t = 112] swapped,  f(S) = 0.95954
2021-01-22 13:36:48,059 [INFO] [OPT-EXP-DSGN - coordinate_ascent] [1/1] [t = 113] swapped,  f(S) = 0.95969
2021-01-22 13:36:48,386 [INFO] [OPT-EXP-DSGN - coordinate_ascent] [1/1] [t = 114] swapped,  f(S) = 0.95980
2021-01-22 13:36:51,963 [INFO] [OPT-EXP-DSGN - coordinate_ascent] [1/1] [t = 115] swapped,  f(S) = 0.96001
2021-01-22 13:36:52,611 [INFO] [OPT-EXP-DSGN - coordinate_ascent] [1/1] [t = 116] swapped,  f(S) = 0.96014
2021-01-22 13:36:52,938 [INFO] [OPT-EXP-DSGN - coordinate_ascent] [1/1] [t = 117] swapped,  f(S) = 0.96021
2021-01-22 13:36:53,264 [INFO] [OPT-EXP-DSGN - coordinate_ascent] [1/1] [t = 118] swapped,  f(S) = 0.96044
2021-01-22 13:39:50,809 [INFO] [OPT-EXP-DSGN - coordinate_ascent] [1/1] [t = 119] swapped,  f(S) = 0.96049
2021-01-22 13:39:51,134 [INFO] [OPT-EXP-DSGN - coordinate_ascent] [1/1] [t = 120] swapped,  f(S) = 0.96056
2021-01-22 13:39:51,781 [INFO] [OPT-EXP-DSGN - coordinate_ascent] [1/1] [t = 121] swapped,  f(S) = 0.96079
2021-01-22 13:39:56,301 [INFO] [OPT-EXP-DSGN - coordinate_ascent] [1/1] [t = 122] swapped,  f(S) = 0.96083
2021-01-22 13:39:58,570 [INFO] [OPT-EXP-DSGN - coordinate_ascent] [1/1] [t = 123] swapped,  f(S) = 0.96126
2021-01-22 13:39:58,897 [INFO] [OPT-EXP-DSGN - coordinate_ascent] [1/1] [t = 124] swapped,  f(S) = 0.96154
2021-01-22 13:40:17,098 [INFO] [OPT-EXP-DSGN - coordinate_ascent] [1/1] [t = 125] swapped,  f(S) = 0.96165
2021-01-22 13:40:23,597 [INFO] [OPT-EXP-DSGN - coordinate_ascent] [1/1] [t = 126] swapped,  f(S) = 0.96165
2021-01-22 13:40:28,483 [INFO] [OPT-EXP-DSGN - coordinate_ascent] [1/1] [t = 127] swapped,  f(S) = 0.96178
2021-01-22 13:40:28,810 [INFO] [OPT-EXP-DSGN - coordinate_ascent] [1/1] [t = 128] swapped,  f(S) = 0.96201
2021-01-22 13:40:29,134 [INFO] [OPT-EXP-DSGN - coordinate_ascent] [1/1] [t = 129] swapped,  f(S) = 0.96328
2021-01-22 13:40:29,459 [INFO] [OPT-EXP-DSGN - coordinate_ascent] [1/1] [t = 130] swapped,  f(S) = 0.96387
2021-01-22 13:40:29,782 [INFO] [OPT-EXP-DSGN - coordinate_ascent] [1/1] [t = 131] swapped,  f(S) = 0.96451
2021-01-22 13:40:38,558 [INFO] [OPT-EXP-DSGN - coordinate_ascent] [1/1] [t = 132] swapped,  f(S) = 0.96467
2021-01-22 13:40:41,814 [INFO] [OPT-EXP-DSGN - coordinate_ascent] [1/1] [t = 133] swapped,  f(S) = 0.96550
2021-01-22 13:40:42,141 [INFO] [OPT-EXP-DSGN - coordinate_ascent] [1/1] [t = 134] swapped,  f(S) = 0.96567
2021-01-22 13:40:42,473 [INFO] [OPT-EXP-DSGN - coordinate_ascent] [1/1] [t = 135] swapped,  f(S) = 0.96724
2021-01-22 13:40:42,799 [INFO] [OPT-EXP-DSGN - coordinate_ascent] [1/1] [t = 136] swapped,  f(S) = 0.96739
2021-01-22 13:40:43,450 [INFO] [OPT-EXP-DSGN - coordinate_ascent] [1/1] [t = 137] swapped,  f(S) = 0.96786
2021-01-22 13:40:43,778 [INFO] [OPT-EXP-DSGN - coordinate_ascent] [1/1] [t = 138] swapped,  f(S) = 0.96793
2021-01-22 13:40:48,659 [INFO] [OPT-EXP-DSGN - coordinate_ascent] [1/1] [t = 139] swapped,  f(S) = 0.96798
2021-01-22 13:40:52,883 [INFO] [OPT-EXP-DSGN - coordinate_ascent] [1/1] [t = 140] swapped,  f(S) = 0.96865
2021-01-22 13:40:53,209 [INFO] [OPT-EXP-DSGN - coordinate_ascent] [1/1] [t = 141] swapped,  f(S) = 0.96885
2021-01-22 13:40:57,116 [INFO] [OPT-EXP-DSGN - coordinate_ascent] [1/1] [t = 142] swapped,  f(S) = 0.96885
2021-01-22 13:40:57,768 [INFO] [OPT-EXP-DSGN - coordinate_ascent] [1/1] [t = 143] swapped,  f(S) = 0.96894
2021-01-22 13:40:58,095 [INFO] [OPT-EXP-DSGN - coordinate_ascent] [1/1] [t = 144] swapped,  f(S) = 0.96896
2021-01-22 13:41:00,374 [INFO] [OPT-EXP-DSGN - coordinate_ascent] [1/1] [t = 145] swapped,  f(S) = 0.96907
2021-01-22 13:41:00,699 [INFO] [OPT-EXP-DSGN - coordinate_ascent] [1/1] [t = 146] swapped,  f(S) = 0.96961
2021-01-22 13:41:01,677 [INFO] [OPT-EXP-DSGN - coordinate_ascent] [1/1] [t = 147] swapped,  f(S) = 0.96966
2021-01-22 13:43:15,589 [INFO] [OPT-EXP-DSGN - coordinate_ascent] [1/1] [t = 148] swapped,  f(S) = 0.96971
2021-01-22 13:43:33,148 [INFO] [OPT-EXP-DSGN - coordinate_ascent] [1/1] [t = 149] swapped,  f(S) = 0.96991
2021-01-22 13:43:34,125 [INFO] [OPT-EXP-DSGN - coordinate_ascent] [1/1] [t = 150] swapped,  f(S) = 0.97033
2021-01-22 13:43:34,452 [INFO] [OPT-EXP-DSGN - coordinate_ascent] [1/1] [t = 151] swapped,  f(S) = 0.97077
2021-01-22 13:43:35,104 [INFO] [OPT-EXP-DSGN - coordinate_ascent] [1/1] [t = 152] swapped,  f(S) = 0.97085
2021-01-22 13:43:35,430 [INFO] [OPT-EXP-DSGN - coordinate_ascent] [1/1] [t = 153] swapped,  f(S) = 0.97118
2021-01-22 13:43:36,408 [INFO] [OPT-EXP-DSGN - coordinate_ascent] [1/1] [t = 154] swapped,  f(S) = 0.97140
2021-01-22 13:43:36,735 [INFO] [OPT-EXP-DSGN - coordinate_ascent] [1/1] [t = 155] swapped,  f(S) = 0.97159
2021-01-22 13:43:37,387 [INFO] [OPT-EXP-DSGN - coordinate_ascent] [1/1] [t = 156] swapped,  f(S) = 0.97177
2021-01-22 13:43:37,713 [INFO] [OPT-EXP-DSGN - coordinate_ascent] [1/1] [t = 157] swapped,  f(S) = 0.97398
2021-01-22 13:43:38,363 [INFO] [OPT-EXP-DSGN - coordinate_ascent] [1/1] [t = 158] swapped,  f(S) = 0.97404
2021-01-22 13:43:39,659 [INFO] [OPT-EXP-DSGN - coordinate_ascent] [1/1] [t = 159] swapped,  f(S) = 0.97417
2021-01-22 13:43:40,955 [INFO] [OPT-EXP-DSGN - coordinate_ascent] [1/1] [t = 160] swapped,  f(S) = 0.97467
2021-01-22 13:43:41,604 [INFO] [OPT-EXP-DSGN - coordinate_ascent] [1/1] [t = 161] swapped,  f(S) = 0.97572
2021-01-22 13:47:00,720 [INFO] [OPT-EXP-DSGN - coordinate_ascent] [1/1] [t = 162] swapped,  f(S) = 0.97628
2021-01-22 13:47:01,697 [INFO] [OPT-EXP-DSGN - coordinate_ascent] [1/1] [t = 163] swapped,  f(S) = 0.97659
2021-01-22 13:47:02,024 [INFO] [OPT-EXP-DSGN - coordinate_ascent] [1/1] [t = 164] swapped,  f(S) = 0.97706
2021-01-22 13:47:02,350 [INFO] [OPT-EXP-DSGN - coordinate_ascent] [1/1] [t = 165] swapped,  f(S) = 0.97791
2021-01-22 13:47:02,678 [INFO] [OPT-EXP-DSGN - coordinate_ascent] [1/1] [t = 166] swapped,  f(S) = 0.97850
2021-01-22 13:47:03,654 [INFO] [OPT-EXP-DSGN - coordinate_ascent] [1/1] [t = 167] swapped,  f(S) = 0.97923
2021-01-22 13:47:03,981 [INFO] [OPT-EXP-DSGN - coordinate_ascent] [1/1] [t = 168] swapped,  f(S) = 0.97926
2021-01-22 13:47:11,138 [INFO] [OPT-EXP-DSGN - coordinate_ascent] [1/1] [t = 169] swapped,  f(S) = 0.97936
2021-01-22 13:47:11,467 [INFO] [OPT-EXP-DSGN - coordinate_ascent] [1/1] [t = 170] swapped,  f(S) = 0.98011
2021-01-22 13:47:11,793 [INFO] [OPT-EXP-DSGN - coordinate_ascent] [1/1] [t = 171] swapped,  f(S) = 0.98077
2021-01-22 13:47:12,120 [INFO] [OPT-EXP-DSGN - coordinate_ascent] [1/1] [t = 172] swapped,  f(S) = 0.98160
2021-01-22 13:47:12,445 [INFO] [OPT-EXP-DSGN - coordinate_ascent] [1/1] [t = 173] swapped,  f(S) = 0.98184
2021-01-22 13:47:12,770 [INFO] [OPT-EXP-DSGN - coordinate_ascent] [1/1] [t = 174] swapped,  f(S) = 0.98186
2021-01-22 13:47:16,673 [INFO] [OPT-EXP-DSGN - coordinate_ascent] [1/1] [t = 175] swapped,  f(S) = 0.98198
2021-01-22 13:47:20,579 [INFO] [OPT-EXP-DSGN - coordinate_ascent] [1/1] [t = 176] swapped,  f(S) = 0.98220
2021-01-22 13:47:21,230 [INFO] [OPT-EXP-DSGN - coordinate_ascent] [1/1] [t = 177] swapped,  f(S) = 0.98244
2021-01-22 13:47:21,557 [INFO] [OPT-EXP-DSGN - coordinate_ascent] [1/1] [t = 178] swapped,  f(S) = 0.98271
2021-01-22 13:47:22,209 [INFO] [OPT-EXP-DSGN - coordinate_ascent] [1/1] [t = 179] swapped,  f(S) = 0.98280
2021-01-22 13:47:22,535 [INFO] [OPT-EXP-DSGN - coordinate_ascent] [1/1] [t = 180] swapped,  f(S) = 0.98293
2021-01-22 13:47:22,863 [INFO] [OPT-EXP-DSGN - coordinate_ascent] [1/1] [t = 181] swapped,  f(S) = 0.98316
2021-01-22 13:47:23,842 [INFO] [OPT-EXP-DSGN - coordinate_ascent] [1/1] [t = 182] swapped,  f(S) = 0.98336
2021-01-22 13:47:24,168 [INFO] [OPT-EXP-DSGN - coordinate_ascent] [1/1] [t = 183] swapped,  f(S) = 0.98522
2021-01-22 13:47:33,537 [INFO] [OPT-EXP-DSGN - coordinate_ascent] [1/1] [t = 184] swapped,  f(S) = 0.98538
2021-01-22 13:47:33,861 [INFO] [OPT-EXP-DSGN - coordinate_ascent] [1/1] [t = 185] swapped,  f(S) = 0.98607
2021-01-22 13:47:34,179 [INFO] [OPT-EXP-DSGN - coordinate_ascent] [1/1] [t = 186] swapped,  f(S) = 0.98627
2021-01-22 13:48:19,696 [INFO] [OPT-EXP-DSGN - coordinate_ascent] [1/1] [t = 187] swapped,  f(S) = 0.98628
2021-01-22 13:48:21,649 [INFO] [OPT-EXP-DSGN - coordinate_ascent] [1/1] [t = 188] swapped,  f(S) = 0.98643
2021-01-22 13:48:22,617 [INFO] [OPT-EXP-DSGN - coordinate_ascent] [1/1] [t = 189] swapped,  f(S) = 0.98766
2021-01-22 13:48:27,168 [INFO] [OPT-EXP-DSGN - coordinate_ascent] [1/1] [t = 190] swapped,  f(S) = 0.98776
2021-01-22 13:48:29,445 [INFO] [OPT-EXP-DSGN - coordinate_ascent] [1/1] [t = 191] swapped,  f(S) = 0.98783
2021-01-22 13:48:30,094 [INFO] [OPT-EXP-DSGN - coordinate_ascent] [1/1] [t = 192] swapped,  f(S) = 0.98812
2021-01-22 13:48:30,747 [INFO] [OPT-EXP-DSGN - coordinate_ascent] [1/1] [t = 193] swapped,  f(S) = 0.98855
2021-01-22 13:48:31,400 [INFO] [OPT-EXP-DSGN - coordinate_ascent] [1/1] [t = 194] swapped,  f(S) = 0.98860
2021-01-22 13:48:31,727 [INFO] [OPT-EXP-DSGN - coordinate_ascent] [1/1] [t = 195] swapped,  f(S) = 0.98880
2021-01-22 13:48:33,357 [INFO] [OPT-EXP-DSGN - coordinate_ascent] [1/1] [t = 196] swapped,  f(S) = 0.98890
2021-01-22 13:48:34,335 [INFO] [OPT-EXP-DSGN - coordinate_ascent] [1/1] [t = 197] swapped,  f(S) = 0.98896
2021-01-22 13:48:34,662 [INFO] [OPT-EXP-DSGN - coordinate_ascent] [1/1] [t = 198] swapped,  f(S) = 0.98897
2021-01-22 13:48:36,623 [INFO] [OPT-EXP-DSGN - coordinate_ascent] [1/1] [t = 199] swapped,  f(S) = 0.98961
2021-01-22 13:48:36,950 [INFO] [OPT-EXP-DSGN - coordinate_ascent] [1/1] [t = 200] swapped,  f(S) = 0.98969
2021-01-22 13:48:37,278 [INFO] [OPT-EXP-DSGN - coordinate_ascent] [1/1] [t = 201] swapped,  f(S) = 0.98974
2021-01-22 13:48:37,604 [INFO] [OPT-EXP-DSGN - coordinate_ascent] [1/1] [t = 202] swapped,  f(S) = 0.99009
2021-01-22 13:49:13,039 [INFO] [OPT-EXP-DSGN - coordinate_ascent] [1/1] [t = 203] swapped,  f(S) = 0.99032
2021-01-22 13:49:14,017 [INFO] [OPT-EXP-DSGN - coordinate_ascent] [1/1] [t = 204] swapped,  f(S) = 0.99041
2021-01-22 13:49:14,344 [INFO] [OPT-EXP-DSGN - coordinate_ascent] [1/1] [t = 205] swapped,  f(S) = 0.99058
2021-01-22 13:49:15,973 [INFO] [OPT-EXP-DSGN - coordinate_ascent] [1/1] [t = 206] swapped,  f(S) = 0.99062
2021-01-22 13:49:16,299 [INFO] [OPT-EXP-DSGN - coordinate_ascent] [1/1] [t = 207] swapped,  f(S) = 0.99096
2021-01-22 13:49:17,601 [INFO] [OPT-EXP-DSGN - coordinate_ascent] [1/1] [t = 208] swapped,  f(S) = 0.99098
2021-01-22 13:49:17,927 [INFO] [OPT-EXP-DSGN - coordinate_ascent] [1/1] [t = 209] swapped,  f(S) = 0.99115
2021-01-22 13:49:18,253 [INFO] [OPT-EXP-DSGN - coordinate_ascent] [1/1] [t = 210] swapped,  f(S) = 0.99162
2021-01-22 13:49:22,149 [INFO] [OPT-EXP-DSGN - coordinate_ascent] [1/1] [t = 211] swapped,  f(S) = 0.99168
2021-01-22 13:49:27,667 [INFO] [OPT-EXP-DSGN - coordinate_ascent] [1/1] [t = 212] swapped,  f(S) = 0.99184
2021-01-22 13:49:38,079 [INFO] [OPT-EXP-DSGN - coordinate_ascent] [1/1] [t = 213] swapped,  f(S) = 0.99189
2021-01-22 13:49:38,404 [INFO] [OPT-EXP-DSGN - coordinate_ascent] [1/1] [t = 214] swapped,  f(S) = 0.99191
2021-01-22 13:49:38,731 [INFO] [OPT-EXP-DSGN - coordinate_ascent] [1/1] [t = 215] swapped,  f(S) = 0.99232
2021-01-22 13:49:41,660 [INFO] [OPT-EXP-DSGN - coordinate_ascent] [1/1] [t = 216] swapped,  f(S) = 0.99302
2021-01-22 13:49:41,987 [INFO] [OPT-EXP-DSGN - coordinate_ascent] [1/1] [t = 217] swapped,  f(S) = 0.99316
2021-01-22 13:49:42,314 [INFO] [OPT-EXP-DSGN - coordinate_ascent] [1/1] [t = 218] swapped,  f(S) = 0.99366
2021-01-22 13:49:46,870 [INFO] [OPT-EXP-DSGN - coordinate_ascent] [1/1] [t = 219] swapped,  f(S) = 0.99381
2021-01-22 13:49:47,848 [INFO] [OPT-EXP-DSGN - coordinate_ascent] [1/1] [t = 220] swapped,  f(S) = 0.99390
2021-01-22 13:49:48,174 [INFO] [OPT-EXP-DSGN - coordinate_ascent] [1/1] [t = 221] swapped,  f(S) = 0.99393
2021-01-22 13:49:49,153 [INFO] [OPT-EXP-DSGN - coordinate_ascent] [1/1] [t = 222] swapped,  f(S) = 0.99396
2021-01-22 13:49:50,130 [INFO] [OPT-EXP-DSGN - coordinate_ascent] [1/1] [t = 223] swapped,  f(S) = 0.99423
2021-01-22 13:49:57,613 [INFO] [OPT-EXP-DSGN - coordinate_ascent] [1/1] [t = 224] swapped,  f(S) = 0.99425
2021-01-22 13:49:59,892 [INFO] [OPT-EXP-DSGN - coordinate_ascent] [1/1] [t = 225] swapped,  f(S) = 0.99437
2021-01-22 13:50:00,868 [INFO] [OPT-EXP-DSGN - coordinate_ascent] [1/1] [t = 226] swapped,  f(S) = 0.99442
2021-01-22 13:50:03,156 [INFO] [OPT-EXP-DSGN - coordinate_ascent] [1/1] [t = 227] swapped,  f(S) = 0.99450
2021-01-22 13:50:04,787 [INFO] [OPT-EXP-DSGN - coordinate_ascent] [1/1] [t = 228] swapped,  f(S) = 0.99464
2021-01-22 13:50:10,645 [INFO] [OPT-EXP-DSGN - coordinate_ascent] [1/1] [t = 229] swapped,  f(S) = 0.99468
2021-01-22 13:50:12,273 [INFO] [OPT-EXP-DSGN - coordinate_ascent] [1/1] [t = 230] swapped,  f(S) = 0.99491
2021-01-22 13:50:21,386 [INFO] [OPT-EXP-DSGN - coordinate_ascent] [1/1] [t = 231] swapped,  f(S) = 0.99513
2021-01-22 13:50:21,712 [INFO] [OPT-EXP-DSGN - coordinate_ascent] [1/1] [t = 232] swapped,  f(S) = 0.99529
2021-01-22 13:50:29,200 [INFO] [OPT-EXP-DSGN - coordinate_ascent] [1/1] [t = 233] swapped,  f(S) = 0.99534
2021-01-22 13:50:53,931 [INFO] [OPT-EXP-DSGN - coordinate_ascent] [1/1] [t = 234] swapped,  f(S) = 0.99564
2021-01-22 13:50:54,257 [INFO] [OPT-EXP-DSGN - coordinate_ascent] [1/1] [t = 235] swapped,  f(S) = 0.99574
2021-01-22 13:52:38,401 [INFO] [OPT-EXP-DSGN - coordinate_ascent] [1/1] [t = 236] swapped,  f(S) = 0.99576
2021-01-22 13:52:41,004 [INFO] [OPT-EXP-DSGN - coordinate_ascent] [1/1] [t = 237] swapped,  f(S) = 0.99585
2021-01-22 13:52:42,628 [INFO] [OPT-EXP-DSGN - coordinate_ascent] [1/1] [t = 238] swapped,  f(S) = 0.99602
2021-01-22 13:52:44,581 [INFO] [OPT-EXP-DSGN - coordinate_ascent] [1/1] [t = 239] swapped,  f(S) = 0.99602
2021-01-22 13:55:40,443 [INFO] [OPT-EXP-DSGN - coordinate_ascent] [1/1] [t = 240] swapped,  f(S) = 0.99621
2021-01-22 13:55:44,333 [INFO] [OPT-EXP-DSGN - coordinate_ascent] [1/1] [t = 241] swapped,  f(S) = 0.99632
2021-01-22 13:55:44,659 [INFO] [OPT-EXP-DSGN - coordinate_ascent] [1/1] [t = 242] swapped,  f(S) = 0.99708
2021-01-22 13:55:45,949 [INFO] [OPT-EXP-DSGN - coordinate_ascent] [1/1] [t = 243] swapped,  f(S) = 0.99712
2021-01-22 13:55:46,274 [INFO] [OPT-EXP-DSGN - coordinate_ascent] [1/1] [t = 244] swapped,  f(S) = 0.99728
2021-01-22 13:55:50,797 [INFO] [OPT-EXP-DSGN - coordinate_ascent] [1/1] [t = 245] swapped,  f(S) = 0.99732
2021-01-22 13:55:53,713 [INFO] [OPT-EXP-DSGN - coordinate_ascent] [1/1] [t = 246] swapped,  f(S) = 0.99739
2021-01-22 13:55:54,035 [INFO] [OPT-EXP-DSGN - coordinate_ascent] [1/1] [t = 247] swapped,  f(S) = 0.99750
2021-01-22 13:55:56,297 [INFO] [OPT-EXP-DSGN - coordinate_ascent] [1/1] [t = 248] swapped,  f(S) = 0.99762
2021-01-22 13:55:56,623 [INFO] [OPT-EXP-DSGN - coordinate_ascent] [1/1] [t = 249] swapped,  f(S) = 0.99845
2021-01-22 13:55:57,590 [INFO] [OPT-EXP-DSGN - coordinate_ascent] [1/1] [t = 250] swapped,  f(S) = 0.99856
2021-01-22 13:55:59,860 [INFO] [OPT-EXP-DSGN - coordinate_ascent] [1/1] [t = 251] swapped,  f(S) = 0.99859
2021-01-22 13:56:02,784 [INFO] [OPT-EXP-DSGN - coordinate_ascent] [1/1] [t = 252] swapped,  f(S) = 0.99861
2021-01-22 13:56:06,346 [INFO] [OPT-EXP-DSGN - coordinate_ascent] [1/1] [t = 253] swapped,  f(S) = 0.99875
2021-01-22 13:56:06,673 [INFO] [OPT-EXP-DSGN - coordinate_ascent] [1/1] [t = 254] swapped,  f(S) = 0.99879
2021-01-22 13:56:08,299 [INFO] [OPT-EXP-DSGN - coordinate_ascent] [1/1] [t = 255] swapped,  f(S) = 0.99880
2021-01-22 13:56:08,950 [INFO] [OPT-EXP-DSGN - coordinate_ascent] [1/1] [t = 256] swapped,  f(S) = 0.99917
2021-01-22 13:56:09,923 [INFO] [OPT-EXP-DSGN - coordinate_ascent] [1/1] [t = 257] swapped,  f(S) = 0.99942
2021-01-22 13:56:10,246 [INFO] [OPT-EXP-DSGN - coordinate_ascent] [1/1] [t = 258] swapped,  f(S) = 0.99944
2021-01-22 13:56:10,570 [INFO] [OPT-EXP-DSGN - coordinate_ascent] [1/1] [t = 259] swapped,  f(S) = 0.99960
2021-01-22 13:56:10,895 [INFO] [OPT-EXP-DSGN - coordinate_ascent] [1/1] [t = 260] swapped,  f(S) = 0.99974
2021-01-22 13:56:18,990 [INFO] [OPT-EXP-DSGN - coordinate_ascent] [1/1] [t = 261] swapped,  f(S) = 0.99975
2021-01-22 13:56:20,605 [INFO] [OPT-EXP-DSGN - coordinate_ascent] [1/1] [t = 262] swapped,  f(S) = 1.00000
2021-01-22 13:56:20,928 [INFO] [OPT-EXP-DSGN - coordinate_ascent] [1/1] [t = 263] swapped,  f(S) = 1.00008
2021-01-22 13:56:21,254 [INFO] [OPT-EXP-DSGN - coordinate_ascent] [1/1] [t = 264] swapped,  f(S) = 1.00033
2021-01-22 13:56:22,545 [INFO] [OPT-EXP-DSGN - coordinate_ascent] [1/1] [t = 265] swapped,  f(S) = 1.00065
2021-01-22 13:57:26,287 [INFO] [OPT-EXP-DSGN - coordinate_ascent] [1/1] [t = 266] swapped,  f(S) = 1.00077
2021-01-22 13:57:28,559 [INFO] [OPT-EXP-DSGN - coordinate_ascent] [1/1] [t = 267] swapped,  f(S) = 1.00154
2021-01-22 13:57:29,209 [INFO] [OPT-EXP-DSGN - coordinate_ascent] [1/1] [t = 268] swapped,  f(S) = 1.00178
2021-01-22 13:57:31,485 [INFO] [OPT-EXP-DSGN - coordinate_ascent] [1/1] [t = 269] swapped,  f(S) = 1.00191
2021-01-22 13:57:36,023 [INFO] [OPT-EXP-DSGN - coordinate_ascent] [1/1] [t = 270] swapped,  f(S) = 1.00202
2021-01-22 13:57:36,997 [INFO] [OPT-EXP-DSGN - coordinate_ascent] [1/1] [t = 271] swapped,  f(S) = 1.00217
2021-01-22 13:57:38,292 [INFO] [OPT-EXP-DSGN - coordinate_ascent] [1/1] [t = 272] swapped,  f(S) = 1.00226
2021-01-22 13:57:39,266 [INFO] [OPT-EXP-DSGN - coordinate_ascent] [1/1] [t = 273] swapped,  f(S) = 1.00228
2021-01-22 13:57:39,914 [INFO] [OPT-EXP-DSGN - coordinate_ascent] [1/1] [t = 274] swapped,  f(S) = 1.00263
2021-01-22 13:57:40,240 [INFO] [OPT-EXP-DSGN - coordinate_ascent] [1/1] [t = 275] swapped,  f(S) = 1.00272
2021-01-22 13:57:41,537 [INFO] [OPT-EXP-DSGN - coordinate_ascent] [1/1] [t = 276] swapped,  f(S) = 1.00277
2021-01-22 13:57:44,781 [INFO] [OPT-EXP-DSGN - coordinate_ascent] [1/1] [t = 277] swapped,  f(S) = 1.00287
2021-01-22 13:57:45,107 [INFO] [OPT-EXP-DSGN - coordinate_ascent] [1/1] [t = 278] swapped,  f(S) = 1.00293
2021-01-22 13:57:45,759 [INFO] [OPT-EXP-DSGN - coordinate_ascent] [1/1] [t = 279] swapped,  f(S) = 1.00295
2021-01-22 13:58:02,632 [INFO] [OPT-EXP-DSGN - coordinate_ascent] [1/1] [t = 280] swapped,  f(S) = 1.00310
2021-01-22 13:58:02,956 [INFO] [OPT-EXP-DSGN - coordinate_ascent] [1/1] [t = 281] swapped,  f(S) = 1.00314
2021-01-22 13:58:05,233 [INFO] [OPT-EXP-DSGN - coordinate_ascent] [1/1] [t = 282] swapped,  f(S) = 1.00321
2021-01-22 13:59:44,043 [INFO] [OPT-EXP-DSGN - coordinate_ascent] [1/1] [t = 283] swapped,  f(S) = 1.00347
2021-01-22 14:00:00,109 [INFO] [OPT-EXP-DSGN - coordinate_ascent] [1/1] [t = 284] swapped,  f(S) = 1.00367
2021-01-22 14:00:03,679 [INFO] [OPT-EXP-DSGN - coordinate_ascent] [1/1] [t = 285] swapped,  f(S) = 1.00400
2021-01-22 14:00:04,006 [INFO] [OPT-EXP-DSGN - coordinate_ascent] [1/1] [t = 286] swapped,  f(S) = 1.00419
2021-01-22 14:00:04,657 [INFO] [OPT-EXP-DSGN - coordinate_ascent] [1/1] [t = 287] swapped,  f(S) = 1.00457
2021-01-22 14:00:06,283 [INFO] [OPT-EXP-DSGN - coordinate_ascent] [1/1] [t = 288] swapped,  f(S) = 1.00466
2021-01-22 14:00:07,258 [INFO] [OPT-EXP-DSGN - coordinate_ascent] [1/1] [t = 289] swapped,  f(S) = 1.00476
2021-01-22 14:00:07,583 [INFO] [OPT-EXP-DSGN - coordinate_ascent] [1/1] [t = 290] swapped,  f(S) = 1.00491
2021-01-22 14:00:09,534 [INFO] [OPT-EXP-DSGN - coordinate_ascent] [1/1] [t = 291] swapped,  f(S) = 1.00514
2021-01-22 14:00:25,779 [INFO] [OPT-EXP-DSGN - coordinate_ascent] [1/1] [t = 292] swapped,  f(S) = 1.00518
2021-01-22 14:00:27,730 [INFO] [OPT-EXP-DSGN - coordinate_ascent] [1/1] [t = 293] swapped,  f(S) = 1.00523
2021-01-22 14:00:28,056 [INFO] [OPT-EXP-DSGN - coordinate_ascent] [1/1] [t = 294] swapped,  f(S) = 1.00543
2021-01-22 14:00:30,080 [INFO] [OPT-EXP-DSGN - coordinate_ascent] [1/1] [t = 295] swapped,  f(S) = 1.00553
2021-01-22 14:00:34,408 [INFO] [OPT-EXP-DSGN - coordinate_ascent] [1/1] [t = 296] swapped,  f(S) = 1.00561
2021-01-22 14:00:34,734 [INFO] [OPT-EXP-DSGN - coordinate_ascent] [1/1] [t = 297] swapped,  f(S) = 1.00581
2021-01-22 14:00:35,060 [INFO] [OPT-EXP-DSGN - coordinate_ascent] [1/1] [t = 298] swapped,  f(S) = 1.00584
2021-01-22 14:00:35,710 [INFO] [OPT-EXP-DSGN - coordinate_ascent] [1/1] [t = 299] swapped,  f(S) = 1.00598
2021-01-22 14:00:47,073 [INFO] [OPT-EXP-DSGN - coordinate_ascent] [1/1] [t = 300] swapped,  f(S) = 1.00612
2021-01-22 14:00:47,719 [INFO] [OPT-EXP-DSGN - coordinate_ascent] [1/1] [t = 301] swapped,  f(S) = 1.00614
2021-01-22 14:00:48,689 [INFO] [OPT-EXP-DSGN - coordinate_ascent] [1/1] [t = 302] swapped,  f(S) = 1.00626
2021-01-22 14:00:49,011 [INFO] [OPT-EXP-DSGN - coordinate_ascent] [1/1] [t = 303] swapped,  f(S) = 1.00674
2021-01-22 14:00:49,334 [INFO] [OPT-EXP-DSGN - coordinate_ascent] [1/1] [t = 304] swapped,  f(S) = 1.00699
2021-01-22 14:00:54,194 [INFO] [OPT-EXP-DSGN - coordinate_ascent] [1/1] [t = 305] swapped,  f(S) = 1.00730
2021-01-22 14:01:36,752 [INFO] [OPT-EXP-DSGN - coordinate_ascent] [1/1] [t = 306] swapped,  f(S) = 1.00744
2021-01-22 14:01:37,404 [INFO] [OPT-EXP-DSGN - coordinate_ascent] [1/1] [t = 307] swapped,  f(S) = 1.00753
2021-01-22 14:01:39,030 [INFO] [OPT-EXP-DSGN - coordinate_ascent] [1/1] [t = 308] swapped,  f(S) = 1.00758
2021-01-22 14:01:40,657 [INFO] [OPT-EXP-DSGN - coordinate_ascent] [1/1] [t = 309] swapped,  f(S) = 1.00764
2021-01-22 14:01:40,982 [INFO] [OPT-EXP-DSGN - coordinate_ascent] [1/1] [t = 310] swapped,  f(S) = 1.00833
2021-01-22 14:01:42,935 [INFO] [OPT-EXP-DSGN - coordinate_ascent] [1/1] [t = 311] swapped,  f(S) = 1.00846
2021-01-22 14:01:48,462 [INFO] [OPT-EXP-DSGN - coordinate_ascent] [1/1] [t = 312] swapped,  f(S) = 1.00850
2021-01-22 14:01:54,949 [INFO] [OPT-EXP-DSGN - coordinate_ascent] [1/1] [t = 313] swapped,  f(S) = 1.00860
2021-01-22 14:01:55,926 [INFO] [OPT-EXP-DSGN - coordinate_ascent] [1/1] [t = 314] swapped,  f(S) = 1.00892
2021-01-22 14:01:57,224 [INFO] [OPT-EXP-DSGN - coordinate_ascent] [1/1] [t = 315] swapped,  f(S) = 1.00894
2021-01-22 14:01:57,550 [INFO] [OPT-EXP-DSGN - coordinate_ascent] [1/1] [t = 316] swapped,  f(S) = 1.00900
2021-01-22 14:02:39,751 [INFO] [OPT-EXP-DSGN - coordinate_ascent] [1/1] [t = 317] swapped,  f(S) = 1.00911
2021-01-22 14:02:42,987 [INFO] [OPT-EXP-DSGN - coordinate_ascent] [1/1] [t = 318] swapped,  f(S) = 1.00922
2021-01-22 14:07:21,658 [INFO] [OPT-EXP-DSGN - coordinate_ascent] [1/1] [t = 319] swapped,  f(S) = 1.00926
2021-01-22 14:07:22,309 [INFO] [OPT-EXP-DSGN - coordinate_ascent] [1/1] [t = 320] swapped,  f(S) = 1.00934
2021-01-22 14:07:22,961 [INFO] [OPT-EXP-DSGN - coordinate_ascent] [1/1] [t = 321] swapped,  f(S) = 1.00938
2021-01-22 14:07:23,288 [INFO] [OPT-EXP-DSGN - coordinate_ascent] [1/1] [t = 322] swapped,  f(S) = 1.00960
2021-01-22 14:07:24,586 [INFO] [OPT-EXP-DSGN - coordinate_ascent] [1/1] [t = 323] swapped,  f(S) = 1.00974
2021-01-22 14:07:25,884 [INFO] [OPT-EXP-DSGN - coordinate_ascent] [1/1] [t = 324] swapped,  f(S) = 1.00975
2021-01-22 14:09:39,220 [INFO] [OPT-EXP-DSGN - coordinate_ascent] [1/1] [t = 325] swapped,  f(S) = 1.00978
2021-01-22 14:09:40,522 [INFO] [OPT-EXP-DSGN - coordinate_ascent] [1/1] [t = 326] swapped,  f(S) = 1.00981
2021-01-22 14:09:40,849 [INFO] [OPT-EXP-DSGN - coordinate_ascent] [1/1] [t = 327] swapped,  f(S) = 1.00987
2021-01-22 14:09:51,249 [INFO] [OPT-EXP-DSGN - coordinate_ascent] [1/1] [t = 328] swapped,  f(S) = 1.01005
2021-01-22 14:09:51,576 [INFO] [OPT-EXP-DSGN - coordinate_ascent] [1/1] [t = 329] swapped,  f(S) = 1.01021
2021-01-22 14:10:08,476 [INFO] [OPT-EXP-DSGN - coordinate_ascent] [1/1] [t = 330] swapped,  f(S) = 1.01034
2021-01-22 14:10:08,802 [INFO] [OPT-EXP-DSGN - coordinate_ascent] [1/1] [t = 331] swapped,  f(S) = 1.01040
2021-01-22 14:54:05,475 [INFO] [OPT-EXP-DSGN - coordinate_ascent] [1/1] [t = 332] swapped,  f(S) = 1.01045
2021-01-22 14:54:06,448 [INFO] [OPT-EXP-DSGN - coordinate_ascent] [1/1] [t = 333] swapped,  f(S) = 1.01050
2021-01-22 14:54:06,773 [INFO] [OPT-EXP-DSGN - coordinate_ascent] [1/1] [t = 334] swapped,  f(S) = 1.01054
2021-01-22 14:54:14,229 [INFO] [OPT-EXP-DSGN - coordinate_ascent] [1/1] [t = 335] swapped,  f(S) = 1.01061
2021-01-22 14:54:14,557 [INFO] [OPT-EXP-DSGN - coordinate_ascent] [1/1] [t = 336] swapped,  f(S) = 1.01145
2021-01-22 14:54:14,882 [INFO] [OPT-EXP-DSGN - coordinate_ascent] [1/1] [t = 337] swapped,  f(S) = 1.01205
2021-01-22 14:54:22,331 [INFO] [OPT-EXP-DSGN - coordinate_ascent] [1/1] [t = 338] swapped,  f(S) = 1.01219
2021-01-22 14:54:22,654 [INFO] [OPT-EXP-DSGN - coordinate_ascent] [1/1] [t = 339] swapped,  f(S) = 1.01231
2021-01-22 14:54:25,561 [INFO] [OPT-EXP-DSGN - coordinate_ascent] [1/1] [t = 340] swapped,  f(S) = 1.01232
2021-01-22 14:54:26,213 [INFO] [OPT-EXP-DSGN - coordinate_ascent] [1/1] [t = 341] swapped,  f(S) = 1.01243
2021-01-22 14:54:26,539 [INFO] [OPT-EXP-DSGN - coordinate_ascent] [1/1] [t = 342] swapped,  f(S) = 1.01250
2021-01-22 14:54:26,864 [INFO] [OPT-EXP-DSGN - coordinate_ascent] [1/1] [t = 343] swapped,  f(S) = 1.01260
2021-01-22 14:54:27,189 [INFO] [OPT-EXP-DSGN - coordinate_ascent] [1/1] [t = 344] swapped,  f(S) = 1.01267
2021-01-22 14:54:40,492 [INFO] [OPT-EXP-DSGN - coordinate_ascent] [1/1] [t = 345] swapped,  f(S) = 1.01273
2021-01-22 14:54:41,141 [INFO] [OPT-EXP-DSGN - coordinate_ascent] [1/1] [t = 346] swapped,  f(S) = 1.01286
2021-01-22 14:55:13,261 [INFO] [OPT-EXP-DSGN - coordinate_ascent] [1/1] [t = 347] swapped,  f(S) = 1.01314
2021-01-22 14:55:16,177 [INFO] [OPT-EXP-DSGN - coordinate_ascent] [1/1] [t = 348] swapped,  f(S) = 1.01321
2021-01-22 14:56:46,159 [INFO] [OPT-EXP-DSGN - coordinate_ascent] [1/1] [t = 349] swapped,  f(S) = 1.01339
2021-01-22 14:56:46,812 [INFO] [OPT-EXP-DSGN - coordinate_ascent] [1/1] [t = 350] swapped,  f(S) = 1.01372
2021-01-22 14:57:05,673 [INFO] [OPT-EXP-DSGN - coordinate_ascent] [1/1] [t = 351] swapped,  f(S) = 1.01397
2021-01-22 14:57:13,476 [INFO] [OPT-EXP-DSGN - coordinate_ascent] [1/1] [t = 352] swapped,  f(S) = 1.01399
2021-01-22 14:57:15,429 [INFO] [OPT-EXP-DSGN - coordinate_ascent] [1/1] [t = 353] swapped,  f(S) = 1.01407
2021-01-22 14:57:18,355 [INFO] [OPT-EXP-DSGN - coordinate_ascent] [1/1] [t = 354] swapped,  f(S) = 1.01412
2021-01-22 14:57:19,982 [INFO] [OPT-EXP-DSGN - coordinate_ascent] [1/1] [t = 355] swapped,  f(S) = 1.01418
2021-01-22 15:03:01,603 [INFO] [OPT-EXP-DSGN - coordinate_ascent] [1/1] [t = 356] swapped,  f(S) = 1.01424
2021-01-22 15:03:01,929 [INFO] [OPT-EXP-DSGN - coordinate_ascent] [1/1] [t = 357] swapped,  f(S) = 1.01458
2021-01-22 15:03:06,478 [INFO] [OPT-EXP-DSGN - coordinate_ascent] [1/1] [t = 358] swapped,  f(S) = 1.01464
2021-01-22 15:03:07,452 [INFO] [OPT-EXP-DSGN - coordinate_ascent] [1/1] [t = 359] swapped,  f(S) = 1.01480
2021-01-22 15:03:08,102 [INFO] [OPT-EXP-DSGN - coordinate_ascent] [1/1] [t = 360] swapped,  f(S) = 1.01483
2021-01-22 15:03:10,374 [INFO] [OPT-EXP-DSGN - coordinate_ascent] [1/1] [t = 361] swapped,  f(S) = 1.01484
2021-01-22 15:03:11,024 [INFO] [OPT-EXP-DSGN - coordinate_ascent] [1/1] [t = 362] swapped,  f(S) = 1.01484
2021-01-22 15:03:30,509 [INFO] [OPT-EXP-DSGN - coordinate_ascent] [1/1] [t = 363] swapped,  f(S) = 1.01494
2021-01-22 15:03:31,158 [INFO] [OPT-EXP-DSGN - coordinate_ascent] [1/1] [t = 364] swapped,  f(S) = 1.01509
2021-01-22 15:03:32,131 [INFO] [OPT-EXP-DSGN - coordinate_ascent] [1/1] [t = 365] swapped,  f(S) = 1.01510
2021-01-22 15:03:35,052 [INFO] [OPT-EXP-DSGN - coordinate_ascent] [1/1] [t = 366] swapped,  f(S) = 1.01518
2021-01-22 15:03:35,377 [INFO] [OPT-EXP-DSGN - coordinate_ascent] [1/1] [t = 367] swapped,  f(S) = 1.01574
2021-01-22 15:04:36,086 [INFO] [OPT-EXP-DSGN - coordinate_ascent] [1/1] [t = 368] swapped,  f(S) = 1.01574
2021-01-22 15:04:38,366 [INFO] [OPT-EXP-DSGN - coordinate_ascent] [1/1] [t = 369] swapped,  f(S) = 1.01588
2021-01-22 15:04:39,015 [INFO] [OPT-EXP-DSGN - coordinate_ascent] [1/1] [t = 370] swapped,  f(S) = 1.01600
2021-01-22 15:08:33,767 [INFO] [OPT-EXP-DSGN - coordinate_ascent] [1/1] [t = 371] swapped,  f(S) = 1.01618
2021-01-22 15:08:34,364 [INFO] [OPT-EXP-DSGN - coordinate_ascent] [1/1] [t = 372] swapped,  f(S) = 1.01623
2021-01-22 15:08:34,689 [INFO] [OPT-EXP-DSGN - coordinate_ascent] [1/1] [t = 373] swapped,  f(S) = 1.01628
2021-01-22 15:15:30,533 [INFO] [OPT-EXP-DSGN - coordinate_ascent] [1/1] [t = 374] swapped,  f(S) = 1.01635
2021-01-22 15:15:42,869 [INFO] [OPT-EXP-DSGN - coordinate_ascent] [1/1] [t = 375] swapped,  f(S) = 1.01637
2021-01-22 15:15:43,518 [INFO] [OPT-EXP-DSGN - coordinate_ascent] [1/1] [t = 376] swapped,  f(S) = 1.01686
2021-01-22 15:15:44,816 [INFO] [OPT-EXP-DSGN - coordinate_ascent] [1/1] [t = 377] swapped,  f(S) = 1.01695
2021-01-22 15:15:58,459 [INFO] [OPT-EXP-DSGN - coordinate_ascent] [1/1] [t = 378] swapped,  f(S) = 1.01705
2021-01-22 15:15:58,785 [INFO] [OPT-EXP-DSGN - coordinate_ascent] [1/1] [t = 379] swapped,  f(S) = 1.01730
2021-01-22 15:16:00,089 [INFO] [OPT-EXP-DSGN - coordinate_ascent] [1/1] [t = 380] swapped,  f(S) = 1.01740
2021-01-22 15:16:01,386 [INFO] [OPT-EXP-DSGN - coordinate_ascent] [1/1] [t = 381] swapped,  f(S) = 1.01762
2021-01-22 15:16:01,712 [INFO] [OPT-EXP-DSGN - coordinate_ascent] [1/1] [t = 382] swapped,  f(S) = 1.01796
2021-01-22 15:16:02,036 [INFO] [OPT-EXP-DSGN - coordinate_ascent] [1/1] [t = 383] swapped,  f(S) = 1.01878
2021-01-22 15:16:02,364 [INFO] [OPT-EXP-DSGN - coordinate_ascent] [1/1] [t = 384] swapped,  f(S) = 1.01893
2021-01-22 15:16:03,988 [INFO] [OPT-EXP-DSGN - coordinate_ascent] [1/1] [t = 385] swapped,  f(S) = 1.01911
2021-01-22 15:16:05,289 [INFO] [OPT-EXP-DSGN - coordinate_ascent] [1/1] [t = 386] swapped,  f(S) = 1.01915
2021-01-22 15:16:06,911 [INFO] [OPT-EXP-DSGN - coordinate_ascent] [1/1] [t = 387] swapped,  f(S) = 1.01956
2021-01-22 15:16:07,885 [INFO] [OPT-EXP-DSGN - coordinate_ascent] [1/1] [t = 388] swapped,  f(S) = 1.01981
2021-01-22 15:16:08,210 [INFO] [OPT-EXP-DSGN - coordinate_ascent] [1/1] [t = 389] swapped,  f(S) = 1.02004
2021-01-22 15:16:08,534 [INFO] [OPT-EXP-DSGN - coordinate_ascent] [1/1] [t = 390] swapped,  f(S) = 1.02011
2021-01-22 15:16:08,860 [INFO] [OPT-EXP-DSGN - coordinate_ascent] [1/1] [t = 391] swapped,  f(S) = 1.02022
2021-01-22 15:16:15,028 [INFO] [OPT-EXP-DSGN - coordinate_ascent] [1/1] [t = 392] swapped,  f(S) = 1.02067
2021-01-22 15:19:21,840 [INFO] [OPT-EXP-DSGN - coordinate_ascent] [1/1] [t = 393] swapped,  f(S) = 1.02068
2021-01-22 15:19:23,787 [INFO] [OPT-EXP-DSGN - coordinate_ascent] [1/1] [t = 394] swapped,  f(S) = 1.02078
2021-01-22 15:19:27,369 [INFO] [OPT-EXP-DSGN - coordinate_ascent] [1/1] [t = 395] swapped,  f(S) = 1.02081
2021-01-22 15:19:31,274 [INFO] [OPT-EXP-DSGN - coordinate_ascent] [1/1] [t = 396] swapped,  f(S) = 1.02092
2021-01-22 15:19:45,888 [INFO] [OPT-EXP-DSGN - coordinate_ascent] [1/1] [t = 397] swapped,  f(S) = 1.02104
2021-01-22 15:20:10,298 [INFO] [OPT-EXP-DSGN - coordinate_ascent] [1/1] [t = 398] swapped,  f(S) = 1.02108
2021-01-22 15:20:14,857 [INFO] [OPT-EXP-DSGN - coordinate_ascent] [1/1] [t = 399] swapped,  f(S) = 1.02113
2021-01-22 15:20:18,771 [INFO] [OPT-EXP-DSGN - coordinate_ascent] [1/1] [t = 400] swapped,  f(S) = 1.02114
2021-01-22 15:21:05,960 [INFO] [OPT-EXP-DSGN - coordinate_ascent] [1/1] [t = 401] swapped,  f(S) = 1.02128
2021-01-22 15:21:10,527 [INFO] [OPT-EXP-DSGN - coordinate_ascent] [1/1] [t = 402] swapped,  f(S) = 1.02143
2021-01-22 15:21:10,854 [INFO] [OPT-EXP-DSGN - coordinate_ascent] [1/1] [t = 403] swapped,  f(S) = 1.02150
2021-01-22 15:21:11,833 [INFO] [OPT-EXP-DSGN - coordinate_ascent] [1/1] [t = 404] swapped,  f(S) = 1.02181
2021-01-22 15:21:12,486 [INFO] [OPT-EXP-DSGN - coordinate_ascent] [1/1] [t = 405] swapped,  f(S) = 1.02184
2021-01-22 15:21:12,813 [INFO] [OPT-EXP-DSGN - coordinate_ascent] [1/1] [t = 406] swapped,  f(S) = 1.02234
2021-01-22 15:21:55,331 [INFO] [OPT-EXP-DSGN - coordinate_ascent] [1/1] [t = 407] swapped,  f(S) = 1.02244
2021-01-22 15:21:56,307 [INFO] [OPT-EXP-DSGN - coordinate_ascent] [1/1] [t = 408] swapped,  f(S) = 1.02281
2021-01-22 15:21:57,281 [INFO] [OPT-EXP-DSGN - coordinate_ascent] [1/1] [t = 409] swapped,  f(S) = 1.02291
2021-01-22 15:21:58,254 [INFO] [OPT-EXP-DSGN - coordinate_ascent] [1/1] [t = 410] swapped,  f(S) = 1.02297
2021-01-22 15:22:03,124 [INFO] [OPT-EXP-DSGN - coordinate_ascent] [1/1] [t = 411] swapped,  f(S) = 1.02298
2021-01-22 15:22:04,746 [INFO] [OPT-EXP-DSGN - coordinate_ascent] [1/1] [t = 412] swapped,  f(S) = 1.02311
2021-01-22 15:22:31,367 [INFO] [OPT-EXP-DSGN - coordinate_ascent] [1/1] [t = 413] swapped,  f(S) = 1.02339
2021-01-22 15:22:36,571 [INFO] [OPT-EXP-DSGN - coordinate_ascent] [1/1] [t = 414] swapped,  f(S) = 1.02343
2021-01-22 15:22:37,219 [INFO] [OPT-EXP-DSGN - coordinate_ascent] [1/1] [t = 415] swapped,  f(S) = 1.02349
2021-01-22 15:22:42,724 [INFO] [OPT-EXP-DSGN - coordinate_ascent] [1/1] [t = 416] swapped,  f(S) = 1.02362
2021-01-22 15:22:44,023 [INFO] [OPT-EXP-DSGN - coordinate_ascent] [1/1] [t = 417] swapped,  f(S) = 1.02364
2021-01-22 15:24:14,030 [INFO] [OPT-EXP-DSGN - coordinate_ascent] [1/1] [t = 418] swapped,  f(S) = 1.02366
2021-01-22 16:08:09,564 [INFO] [OPT-EXP-DSGN - coordinate_ascent] [1/1] [t = 419] swapped,  f(S) = 1.02383
2021-01-22 16:08:17,808 [INFO] [OPT-EXP-DSGN - coordinate_ascent] [1/1] [t = 420] swapped,  f(S) = 1.02398
2021-01-22 16:08:21,048 [INFO] [OPT-EXP-DSGN - coordinate_ascent] [1/1] [t = 421] swapped,  f(S) = 1.02399
2021-01-22 16:08:23,959 [INFO] [OPT-EXP-DSGN - coordinate_ascent] [1/1] [t = 422] swapped,  f(S) = 1.02408
2021-01-22 16:08:24,285 [INFO] [OPT-EXP-DSGN - coordinate_ascent] [1/1] [t = 423] swapped,  f(S) = 1.02448
2021-01-22 16:08:27,204 [INFO] [OPT-EXP-DSGN - coordinate_ascent] [1/1] [t = 424] swapped,  f(S) = 1.02449
2021-01-22 16:08:27,529 [INFO] [OPT-EXP-DSGN - coordinate_ascent] [1/1] [t = 425] swapped,  f(S) = 1.02493
2021-01-22 16:17:31,206 [INFO] [OPT-EXP-DSGN - coordinate_ascent] [1/1] [t = 426] swapped,  f(S) = 1.02505
2021-01-22 16:24:12,281 [INFO] [OPT-EXP-DSGN - coordinate_ascent] [1/1] [t = 427] swapped,  f(S) = 1.02508
2021-01-22 16:24:18,753 [INFO] [OPT-EXP-DSGN - coordinate_ascent] [1/1] [t = 428] swapped,  f(S) = 1.02510
2021-01-22 16:24:20,379 [INFO] [OPT-EXP-DSGN - coordinate_ascent] [1/1] [t = 429] swapped,  f(S) = 1.02526
2021-01-22 16:24:29,793 [INFO] [OPT-EXP-DSGN - coordinate_ascent] [1/1] [t = 430] swapped,  f(S) = 1.02536
2021-01-22 16:24:38,201 [INFO] [OPT-EXP-DSGN - coordinate_ascent] [1/1] [t = 431] swapped,  f(S) = 1.02563
2021-01-22 16:24:47,276 [INFO] [OPT-EXP-DSGN - coordinate_ascent] [1/1] [t = 432] swapped,  f(S) = 1.02578
2021-01-22 16:24:52,464 [INFO] [OPT-EXP-DSGN - coordinate_ascent] [1/1] [t = 433] swapped,  f(S) = 1.02586
2021-01-22 16:24:53,434 [INFO] [OPT-EXP-DSGN - coordinate_ascent] [1/1] [t = 434] swapped,  f(S) = 1.02593
2021-01-22 16:25:01,548 [INFO] [OPT-EXP-DSGN - coordinate_ascent] [1/1] [t = 435] swapped,  f(S) = 1.02608
2021-01-22 16:25:02,844 [INFO] [OPT-EXP-DSGN - coordinate_ascent] [1/1] [t = 436] swapped,  f(S) = 1.02612
2021-01-22 16:25:03,811 [INFO] [OPT-EXP-DSGN - coordinate_ascent] [1/1] [t = 437] swapped,  f(S) = 1.02667
2021-01-22 17:09:56,099 [INFO] [OPT-EXP-DSGN - coordinate_ascent] [1/1] [t = 438] swapped,  f(S) = 1.02668
2021-01-22 17:09:56,749 [INFO] [OPT-EXP-DSGN - coordinate_ascent] [1/1] [t = 439] swapped,  f(S) = 1.02672
2021-01-22 17:09:57,074 [INFO] [OPT-EXP-DSGN - coordinate_ascent] [1/1] [t = 440] swapped,  f(S) = 1.02717
2021-01-22 17:09:58,050 [INFO] [OPT-EXP-DSGN - coordinate_ascent] [1/1] [t = 441] swapped,  f(S) = 1.02733
2021-01-22 17:09:58,698 [INFO] [OPT-EXP-DSGN - coordinate_ascent] [1/1] [t = 442] swapped,  f(S) = 1.02738
2021-01-22 17:10:00,647 [INFO] [OPT-EXP-DSGN - coordinate_ascent] [1/1] [t = 443] swapped,  f(S) = 1.02755
2021-01-22 17:10:01,627 [INFO] [OPT-EXP-DSGN - coordinate_ascent] [1/1] [t = 444] swapped,  f(S) = 1.02762
2021-01-22 17:10:03,901 [INFO] [OPT-EXP-DSGN - coordinate_ascent] [1/1] [t = 445] swapped,  f(S) = 1.02806
2021-01-22 17:10:06,171 [INFO] [OPT-EXP-DSGN - coordinate_ascent] [1/1] [t = 446] swapped,  f(S) = 1.02817
2021-01-22 17:10:06,496 [INFO] [OPT-EXP-DSGN - coordinate_ascent] [1/1] [t = 447] swapped,  f(S) = 1.02867
2021-01-22 17:10:06,823 [INFO] [OPT-EXP-DSGN - coordinate_ascent] [1/1] [t = 448] swapped,  f(S) = 1.02891
2021-01-22 17:10:32,770 [INFO] [OPT-EXP-DSGN - coordinate_ascent] [1/1] [t = 449] swapped,  f(S) = 1.02910
2021-01-22 17:10:33,096 [INFO] [OPT-EXP-DSGN - coordinate_ascent] [1/1] [t = 450] swapped,  f(S) = 1.02928
2021-01-22 17:10:33,747 [INFO] [OPT-EXP-DSGN - coordinate_ascent] [1/1] [t = 451] swapped,  f(S) = 1.02946
2021-01-22 17:10:39,893 [INFO] [OPT-EXP-DSGN - coordinate_ascent] [1/1] [t = 452] swapped,  f(S) = 1.02948
2021-01-22 17:10:40,544 [INFO] [OPT-EXP-DSGN - coordinate_ascent] [1/1] [t = 453] swapped,  f(S) = 1.02953
2021-01-22 17:10:42,164 [INFO] [OPT-EXP-DSGN - coordinate_ascent] [1/1] [t = 454] swapped,  f(S) = 1.02987
2021-01-22 17:30:27,078 [INFO] [OPT-EXP-DSGN - coordinate_ascent] [1/1] [t = 455] swapped,  f(S) = 1.02987
2021-01-22 17:30:32,930 [INFO] [OPT-EXP-DSGN - coordinate_ascent] [1/1] [t = 456] swapped,  f(S) = 1.02998
2021-01-22 17:30:33,904 [INFO] [OPT-EXP-DSGN - coordinate_ascent] [1/1] [t = 457] swapped,  f(S) = 1.03013
2021-01-22 17:34:19,349 [INFO] [OPT-EXP-DSGN - coordinate_ascent] [1/1] [t = 458] swapped,  f(S) = 1.03016
2021-01-22 17:35:07,307 [INFO] [OPT-EXP-DSGN - coordinate_ascent] [1/1] [t = 459] swapped,  f(S) = 1.03041
2021-01-22 17:35:54,355 [INFO] [OPT-EXP-DSGN - coordinate_ascent] [1/1] [t = 460] swapped,  f(S) = 1.03049
2021-01-22 17:35:54,683 [INFO] [OPT-EXP-DSGN - coordinate_ascent] [1/1] [t = 461] swapped,  f(S) = 1.03051
2021-01-22 17:35:55,008 [INFO] [OPT-EXP-DSGN - coordinate_ascent] [1/1] [t = 462] swapped,  f(S) = 1.03057
2021-01-22 18:19:30,582 [INFO] [OPT-EXP-DSGN - coordinate_ascent] [1/1] [t = 463] swapped,  f(S) = 1.03074
2021-01-22 18:19:35,960 [INFO] [OPT-EXP-DSGN - coordinate_ascent] [1/1] [t = 464] swapped,  f(S) = 1.03087
2021-01-22 18:19:58,859 [INFO] [OPT-EXP-DSGN - coordinate_ascent] [1/1] [t = 465] swapped,  f(S) = 1.03098
2021-01-22 18:20:00,790 [INFO] [OPT-EXP-DSGN - coordinate_ascent] [1/1] [t = 466] swapped,  f(S) = 1.03099
2021-01-22 18:20:07,122 [INFO] [OPT-EXP-DSGN - coordinate_ascent] [1/1] [t = 467] swapped,  f(S) = 1.03114
2021-01-22 18:20:07,754 [INFO] [OPT-EXP-DSGN - coordinate_ascent] [1/1] [t = 468] swapped,  f(S) = 1.03155
2021-01-22 18:20:08,388 [INFO] [OPT-EXP-DSGN - coordinate_ascent] [1/1] [t = 469] swapped,  f(S) = 1.03159
2021-01-22 18:20:35,593 [INFO] [OPT-EXP-DSGN - coordinate_ascent] [1/1] [t = 470] swapped,  f(S) = 1.03162
2021-01-22 18:20:40,653 [INFO] [OPT-EXP-DSGN - coordinate_ascent] [1/1] [t = 471] swapped,  f(S) = 1.03178
2021-01-22 18:21:32,249 [INFO] [OPT-EXP-DSGN - coordinate_ascent] [1/1] [t = 472] swapped,  f(S) = 1.03180
2021-01-22 18:21:35,735 [INFO] [OPT-EXP-DSGN - coordinate_ascent] [1/1] [t = 473] swapped,  f(S) = 1.03188
2021-01-22 18:21:36,687 [INFO] [OPT-EXP-DSGN - coordinate_ascent] [1/1] [t = 474] swapped,  f(S) = 1.03188
2021-01-22 18:21:37,322 [INFO] [OPT-EXP-DSGN - coordinate_ascent] [1/1] [t = 475] swapped,  f(S) = 1.03193
2021-01-22 18:21:37,640 [INFO] [OPT-EXP-DSGN - coordinate_ascent] [1/1] [t = 476] swapped,  f(S) = 1.03195
2021-01-22 18:21:37,958 [INFO] [OPT-EXP-DSGN - coordinate_ascent] [1/1] [t = 477] swapped,  f(S) = 1.03201
2021-01-22 18:21:39,574 [INFO] [OPT-EXP-DSGN - coordinate_ascent] [1/1] [t = 478] swapped,  f(S) = 1.03204
2021-01-22 18:21:45,908 [INFO] [OPT-EXP-DSGN - coordinate_ascent] [1/1] [t = 479] swapped,  f(S) = 1.03207
2021-01-22 18:21:47,174 [INFO] [OPT-EXP-DSGN - coordinate_ascent] [1/1] [t = 480] swapped,  f(S) = 1.03214
2021-01-22 18:21:49,387 [INFO] [OPT-EXP-DSGN - coordinate_ascent] [1/1] [t = 481] swapped,  f(S) = 1.03229
2021-01-22 18:21:49,705 [INFO] [OPT-EXP-DSGN - coordinate_ascent] [1/1] [t = 482] swapped,  f(S) = 1.03230
2021-01-22 18:21:50,022 [INFO] [OPT-EXP-DSGN - coordinate_ascent] [1/1] [t = 483] swapped,  f(S) = 1.03254
2021-01-22 18:26:07,773 [INFO] [OPT-EXP-DSGN - coordinate_ascent] [1/1] [t = 484] swapped,  f(S) = 1.03254
2021-01-22 18:27:43,770 [INFO] [OPT-EXP-DSGN - coordinate_ascent] [1/1] [t = 485] swapped,  f(S) = 1.03258
2021-01-22 18:27:49,807 [INFO] [OPT-EXP-DSGN - coordinate_ascent] [1/1] [t = 486] swapped,  f(S) = 1.03268
2021-01-22 18:27:50,126 [INFO] [OPT-EXP-DSGN - coordinate_ascent] [1/1] [t = 487] swapped,  f(S) = 1.03288
2021-01-22 18:28:36,237 [INFO] [OPT-EXP-DSGN - coordinate_ascent] [1/1] [t = 488] swapped,  f(S) = 1.03291
2021-01-22 18:28:37,831 [INFO] [OPT-EXP-DSGN - coordinate_ascent] [1/1] [t = 489] swapped,  f(S) = 1.03300
2021-01-22 18:28:39,104 [INFO] [OPT-EXP-DSGN - coordinate_ascent] [1/1] [t = 490] swapped,  f(S) = 1.03301
2021-01-22 18:28:43,875 [INFO] [OPT-EXP-DSGN - coordinate_ascent] [1/1] [t = 491] swapped,  f(S) = 1.03321
2021-01-22 18:29:05,913 [INFO] [OPT-EXP-DSGN - coordinate_ascent] [1/1] [t = 492] swapped,  f(S) = 1.03322
2021-01-22 18:29:45,727 [INFO] [OPT-EXP-DSGN - coordinate_ascent] [1/1] [t = 493] swapped,  f(S) = 1.03324
2021-01-22 18:29:56,951 [INFO] [OPT-EXP-DSGN - coordinate_ascent] [1/1] [t = 494] swapped,  f(S) = 1.03345
2021-01-22 18:29:57,912 [INFO] [OPT-EXP-DSGN - coordinate_ascent] [1/1] [t = 495] swapped,  f(S) = 1.03348
2021-01-22 18:29:58,549 [INFO] [OPT-EXP-DSGN - coordinate_ascent] [1/1] [t = 496] swapped,  f(S) = 1.03356
2021-01-22 18:29:59,507 [INFO] [OPT-EXP-DSGN - coordinate_ascent] [1/1] [t = 497] swapped,  f(S) = 1.03369
2021-01-22 18:30:00,778 [INFO] [OPT-EXP-DSGN - coordinate_ascent] [1/1] [t = 498] swapped,  f(S) = 1.03383
2021-01-22 18:30:15,776 [INFO] [OPT-EXP-DSGN - coordinate_ascent] [1/1] [t = 499] swapped,  f(S) = 1.03395
2021-01-22 18:30:17,378 [INFO] [OPT-EXP-DSGN - coordinate_ascent] [1/1] [t = 500] swapped,  f(S) = 1.03402
2021-01-22 18:30:17,697 [INFO] [OPT-EXP-DSGN - coordinate_ascent] [1/1] [t = 501] swapped,  f(S) = 1.03431
2021-01-22 18:30:18,660 [INFO] [OPT-EXP-DSGN - coordinate_ascent] [1/1] [t = 502] swapped,  f(S) = 1.03446
2021-01-22 18:30:28,243 [INFO] [OPT-EXP-DSGN - coordinate_ascent] [1/1] [t = 503] swapped,  f(S) = 1.03448
2021-01-22 18:39:02,931 [INFO] [OPT-EXP-DSGN - coordinate_ascent] [1/1] [t = 504] swapped,  f(S) = 1.03455
2021-01-22 18:39:05,303 [INFO] [OPT-EXP-DSGN - coordinate_ascent] [1/1] [t = 505] swapped,  f(S) = 1.03457
2021-01-22 18:39:07,214 [INFO] [OPT-EXP-DSGN - coordinate_ascent] [1/1] [t = 506] swapped,  f(S) = 1.03477
2021-01-22 18:39:08,172 [INFO] [OPT-EXP-DSGN - coordinate_ascent] [1/1] [t = 507] swapped,  f(S) = 1.03487
2021-01-22 18:39:09,135 [INFO] [OPT-EXP-DSGN - coordinate_ascent] [1/1] [t = 508] swapped,  f(S) = 1.03490
2021-01-22 18:39:10,087 [INFO] [OPT-EXP-DSGN - coordinate_ascent] [1/1] [t = 509] swapped,  f(S) = 1.03504
2021-01-22 18:39:10,721 [INFO] [OPT-EXP-DSGN - coordinate_ascent] [1/1] [t = 510] swapped,  f(S) = 1.03530
2021-01-22 18:39:18,046 [INFO] [OPT-EXP-DSGN - coordinate_ascent] [1/1] [t = 511] swapped,  f(S) = 1.03530
2021-01-22 18:39:18,368 [INFO] [OPT-EXP-DSGN - coordinate_ascent] [1/1] [t = 512] swapped,  f(S) = 1.03538
2021-01-22 18:39:18,690 [INFO] [OPT-EXP-DSGN - coordinate_ascent] [1/1] [t = 513] swapped,  f(S) = 1.03547
2021-01-22 18:39:19,328 [INFO] [OPT-EXP-DSGN - coordinate_ascent] [1/1] [t = 514] swapped,  f(S) = 1.03571
2021-01-22 18:46:34,481 [INFO] [OPT-EXP-DSGN - coordinate_ascent] [1/1] [t = 515] swapped,  f(S) = 1.03575
2021-01-22 18:46:34,802 [INFO] [OPT-EXP-DSGN - coordinate_ascent] [1/1] [t = 516] swapped,  f(S) = 1.03586
2021-01-22 19:30:23,972 [INFO] [OPT-EXP-DSGN - coordinate_ascent] [1/1] [t = 517] swapped,  f(S) = 1.03626
2021-01-22 19:30:27,069 [INFO] [OPT-EXP-DSGN - coordinate_ascent] [1/1] [t = 518] swapped,  f(S) = 1.03626
2021-01-22 19:30:27,720 [INFO] [OPT-EXP-DSGN - coordinate_ascent] [1/1] [t = 519] swapped,  f(S) = 1.03639
2021-01-22 19:30:28,045 [INFO] [OPT-EXP-DSGN - coordinate_ascent] [1/1] [t = 520] swapped,  f(S) = 1.03663
2021-01-22 20:14:22,274 [INFO] [OPT-EXP-DSGN - coordinate_ascent] [1/1] [t = 521] swapped,  f(S) = 1.03702
2021-01-22 20:14:28,475 [INFO] [OPT-EXP-DSGN - coordinate_ascent] [1/1] [t = 522] swapped,  f(S) = 1.03706
2021-01-22 20:14:45,980 [INFO] [OPT-EXP-DSGN - coordinate_ascent] [1/1] [t = 523] swapped,  f(S) = 1.03722
2021-01-22 20:14:46,957 [INFO] [OPT-EXP-DSGN - coordinate_ascent] [1/1] [t = 524] swapped,  f(S) = 1.03722
2021-01-22 20:14:47,283 [INFO] [OPT-EXP-DSGN - coordinate_ascent] [1/1] [t = 525] swapped,  f(S) = 1.03735
2021-01-22 20:14:47,611 [INFO] [OPT-EXP-DSGN - coordinate_ascent] [1/1] [t = 526] swapped,  f(S) = 1.03750
2021-01-22 20:15:14,653 [INFO] [OPT-EXP-DSGN - coordinate_ascent] [1/1] [t = 527] swapped,  f(S) = 1.03756
2021-01-22 20:15:15,631 [INFO] [OPT-EXP-DSGN - coordinate_ascent] [1/1] [t = 528] swapped,  f(S) = 1.03761
2021-01-22 20:15:44,309 [INFO] [OPT-EXP-DSGN - coordinate_ascent] [1/1] [t = 529] swapped,  f(S) = 1.03762
2021-01-22 20:15:54,078 [INFO] [OPT-EXP-DSGN - coordinate_ascent] [1/1] [t = 530] swapped,  f(S) = 1.03762
2021-01-22 20:23:29,036 [INFO] [OPT-EXP-DSGN - coordinate_ascent] [1/1] [t = 531] swapped,  f(S) = 1.03767
2021-01-22 20:23:30,661 [INFO] [OPT-EXP-DSGN - coordinate_ascent] [1/1] [t = 532] swapped,  f(S) = 1.03775
2021-01-22 20:23:30,988 [INFO] [OPT-EXP-DSGN - coordinate_ascent] [1/1] [t = 533] swapped,  f(S) = 1.03898
2021-01-22 21:07:28,307 [INFO] [OPT-EXP-DSGN - coordinate_ascent] [1/1] [t = 534] swapped,  f(S) = 1.03901
2021-01-22 21:08:20,911 [INFO] [OPT-EXP-DSGN - coordinate_ascent] [1/1] [t = 535] swapped,  f(S) = 1.03914
2021-01-22 21:08:34,563 [INFO] [OPT-EXP-DSGN - coordinate_ascent] [1/1] [t = 536] swapped,  f(S) = 1.03930
2021-01-22 21:08:34,889 [INFO] [OPT-EXP-DSGN - coordinate_ascent] [1/1] [t = 537] swapped,  f(S) = 1.03949
2021-01-22 21:08:46,926 [INFO] [OPT-EXP-DSGN - coordinate_ascent] [1/1] [t = 538] swapped,  f(S) = 1.03950
2021-01-22 21:08:51,481 [INFO] [OPT-EXP-DSGN - coordinate_ascent] [1/1] [t = 539] swapped,  f(S) = 1.03951
2021-01-22 21:09:11,322 [INFO] [OPT-EXP-DSGN - coordinate_ascent] [1/1] [t = 540] swapped,  f(S) = 1.03955
2021-01-22 21:09:24,655 [INFO] [OPT-EXP-DSGN - coordinate_ascent] [1/1] [t = 541] swapped,  f(S) = 1.03965
2021-01-22 21:09:25,632 [INFO] [OPT-EXP-DSGN - coordinate_ascent] [1/1] [t = 542] swapped,  f(S) = 1.03968
2021-01-22 21:09:26,284 [INFO] [OPT-EXP-DSGN - coordinate_ascent] [1/1] [t = 543] swapped,  f(S) = 1.03975
2021-01-22 21:09:32,789 [INFO] [OPT-EXP-DSGN - coordinate_ascent] [1/1] [t = 544] swapped,  f(S) = 1.03977
2021-01-22 21:09:33,115 [INFO] [OPT-EXP-DSGN - coordinate_ascent] [1/1] [t = 545] swapped,  f(S) = 1.03977
2021-01-22 21:09:33,441 [INFO] [OPT-EXP-DSGN - coordinate_ascent] [1/1] [t = 546] swapped,  f(S) = 1.04026
2021-01-22 21:09:49,665 [INFO] [OPT-EXP-DSGN - coordinate_ascent] [1/1] [t = 547] swapped,  f(S) = 1.04027
2021-01-22 21:16:43,792 [INFO] [OPT-EXP-DSGN - coordinate_ascent] [1/1] [t = 548] swapped,  f(S) = 1.04032
2021-01-22 21:34:12,933 [INFO] [OPT-EXP-DSGN - coordinate_ascent] [1/1] [t = 549] swapped,  f(S) = 1.04035
2021-01-22 21:34:48,142 [INFO] [OPT-EXP-DSGN - coordinate_ascent] [1/1] [t = 550] swapped,  f(S) = 1.04044
2021-01-22 21:34:48,794 [INFO] [OPT-EXP-DSGN - coordinate_ascent] [1/1] [t = 551] swapped,  f(S) = 1.04089
2021-01-22 21:34:49,120 [INFO] [OPT-EXP-DSGN - coordinate_ascent] [1/1] [t = 552] swapped,  f(S) = 1.04103
2021-01-22 21:34:56,580 [INFO] [OPT-EXP-DSGN - coordinate_ascent] [1/1] [t = 553] swapped,  f(S) = 1.04107
2021-01-22 21:39:10,941 [INFO] [OPT-EXP-DSGN - coordinate_ascent] [1/1] [t = 554] swapped,  f(S) = 1.04115
2021-01-22 21:39:11,918 [INFO] [OPT-EXP-DSGN - coordinate_ascent] [1/1] [t = 555] swapped,  f(S) = 1.04120
2021-01-22 21:39:14,196 [INFO] [OPT-EXP-DSGN - coordinate_ascent] [1/1] [t = 556] swapped,  f(S) = 1.04152
2021-01-22 21:39:33,707 [INFO] [OPT-EXP-DSGN - coordinate_ascent] [1/1] [t = 557] swapped,  f(S) = 1.04158
2021-01-22 21:39:34,683 [INFO] [OPT-EXP-DSGN - coordinate_ascent] [1/1] [t = 558] swapped,  f(S) = 1.04164
2021-01-22 21:39:35,336 [INFO] [OPT-EXP-DSGN - coordinate_ascent] [1/1] [t = 559] swapped,  f(S) = 1.04165
2021-01-22 21:39:35,987 [INFO] [OPT-EXP-DSGN - coordinate_ascent] [1/1] [t = 560] swapped,  f(S) = 1.04169
2021-01-22 21:39:36,313 [INFO] [OPT-EXP-DSGN - coordinate_ascent] [1/1] [t = 561] swapped,  f(S) = 1.04175
2021-01-22 21:39:36,966 [INFO] [OPT-EXP-DSGN - coordinate_ascent] [1/1] [t = 562] swapped,  f(S) = 1.04207
2021-01-22 21:39:37,292 [INFO] [OPT-EXP-DSGN - coordinate_ascent] [1/1] [t = 563] swapped,  f(S) = 1.04214
2021-01-22 21:39:37,943 [INFO] [OPT-EXP-DSGN - coordinate_ascent] [1/1] [t = 564] swapped,  f(S) = 1.04225
2021-01-22 21:39:38,268 [INFO] [OPT-EXP-DSGN - coordinate_ascent] [1/1] [t = 565] swapped,  f(S) = 1.04229
2021-01-22 21:43:45,876 [INFO] [OPT-EXP-DSGN - coordinate_ascent] [1/1] [t = 566] swapped,  f(S) = 1.04237
2021-01-22 22:27:49,858 [INFO] [OPT-EXP-DSGN - coordinate_ascent] [1/1] [t = 567] swapped,  f(S) = 1.04241
2021-01-22 22:27:50,323 [INFO] [OPT-EXP-DSGN - coordinate_ascent] [1/1] [t = 568] swapped,  f(S) = 1.04254
2021-01-22 22:28:34,842 [INFO] [OPT-EXP-DSGN - coordinate_ascent] [1/1] [t = 569] swapped,  f(S) = 1.04255
2021-01-22 22:28:35,168 [INFO] [OPT-EXP-DSGN - coordinate_ascent] [1/1] [t = 570] swapped,  f(S) = 1.04524
2021-01-22 22:28:37,772 [INFO] [OPT-EXP-DSGN - coordinate_ascent] [1/1] [t = 571] swapped,  f(S) = 1.04533
2021-01-22 22:28:40,054 [INFO] [OPT-EXP-DSGN - coordinate_ascent] [1/1] [t = 572] swapped,  f(S) = 1.04541
2021-01-22 22:28:40,380 [INFO] [OPT-EXP-DSGN - coordinate_ascent] [1/1] [t = 573] swapped,  f(S) = 1.04544
2021-01-22 23:12:41,910 [INFO] [OPT-EXP-DSGN - coordinate_ascent] [1/1] [t = 574] swapped,  f(S) = 1.04550
2021-01-22 23:12:43,243 [INFO] [OPT-EXP-DSGN - coordinate_ascent] [1/1] [t = 575] swapped,  f(S) = 1.04557
2021-01-22 23:12:44,869 [INFO] [OPT-EXP-DSGN - coordinate_ascent] [1/1] [t = 576] swapped,  f(S) = 1.04565
2021-01-22 23:12:46,495 [INFO] [OPT-EXP-DSGN - coordinate_ascent] [1/1] [t = 577] swapped,  f(S) = 1.04570
2021-01-22 23:12:54,297 [INFO] [OPT-EXP-DSGN - coordinate_ascent] [1/1] [t = 578] swapped,  f(S) = 1.04574
2021-01-22 23:13:37,203 [INFO] [OPT-EXP-DSGN - coordinate_ascent] [1/1] [t = 579] swapped,  f(S) = 1.04577
2021-01-22 23:13:38,179 [INFO] [OPT-EXP-DSGN - coordinate_ascent] [1/1] [t = 580] swapped,  f(S) = 1.04587
2021-01-22 23:13:39,803 [INFO] [OPT-EXP-DSGN - coordinate_ascent] [1/1] [t = 581] swapped,  f(S) = 1.04591
2021-01-22 23:13:42,083 [INFO] [OPT-EXP-DSGN - coordinate_ascent] [1/1] [t = 582] swapped,  f(S) = 1.04596
2021-01-22 23:15:01,652 [INFO] [OPT-EXP-DSGN - coordinate_ascent] [1/1] [t = 583] swapped,  f(S) = 1.04600
2021-01-22 23:15:03,604 [INFO] [OPT-EXP-DSGN - coordinate_ascent] [1/1] [t = 584] swapped,  f(S) = 1.04619
2021-01-22 23:15:05,231 [INFO] [OPT-EXP-DSGN - coordinate_ascent] [1/1] [t = 585] swapped,  f(S) = 1.04635
2021-01-22 23:15:05,558 [INFO] [OPT-EXP-DSGN - coordinate_ascent] [1/1] [t = 586] swapped,  f(S) = 1.04648
2021-01-22 23:15:08,160 [INFO] [OPT-EXP-DSGN - coordinate_ascent] [1/1] [t = 587] swapped,  f(S) = 1.04652
2021-01-22 23:15:16,939 [INFO] [OPT-EXP-DSGN - coordinate_ascent] [1/1] [t = 588] swapped,  f(S) = 1.04654
2021-01-23 00:00:26,238 [INFO] [OPT-EXP-DSGN - coordinate_ascent] [1/1] [t = 589] swapped,  f(S) = 1.04661
2021-01-23 00:00:26,696 [INFO] [OPT-EXP-DSGN - coordinate_ascent] [1/1] [t = 590] swapped,  f(S) = 1.04681
2021-01-23 00:00:27,672 [INFO] [OPT-EXP-DSGN - coordinate_ascent] [1/1] [t = 591] swapped,  f(S) = 1.04709
2021-01-23 00:00:27,998 [INFO] [OPT-EXP-DSGN - coordinate_ascent] [1/1] [t = 592] swapped,  f(S) = 1.04729
2021-01-23 00:00:28,323 [INFO] [OPT-EXP-DSGN - coordinate_ascent] [1/1] [t = 593] swapped,  f(S) = 1.04744
2021-01-23 00:00:30,918 [INFO] [OPT-EXP-DSGN - coordinate_ascent] [1/1] [t = 594] swapped,  f(S) = 1.04763
2021-01-23 00:00:31,244 [INFO] [OPT-EXP-DSGN - coordinate_ascent] [1/1] [t = 595] swapped,  f(S) = 1.04768
2021-01-23 00:00:31,893 [INFO] [OPT-EXP-DSGN - coordinate_ascent] [1/1] [t = 596] swapped,  f(S) = 1.04782
2021-01-23 00:00:32,543 [INFO] [OPT-EXP-DSGN - coordinate_ascent] [1/1] [t = 597] swapped,  f(S) = 1.04806
2021-01-23 00:00:40,671 [INFO] [OPT-EXP-DSGN - coordinate_ascent] [1/1] [t = 598] swapped,  f(S) = 1.04809
2021-01-23 00:00:41,320 [INFO] [OPT-EXP-DSGN - coordinate_ascent] [1/1] [t = 599] swapped,  f(S) = 1.04809
2021-01-23 00:00:41,645 [INFO] [OPT-EXP-DSGN - coordinate_ascent] [1/1] [t = 600] swapped,  f(S) = 1.04813
2021-01-23 00:00:42,619 [INFO] [OPT-EXP-DSGN - coordinate_ascent] [1/1] [t = 601] swapped,  f(S) = 1.04831
2021-01-23 00:02:03,722 [INFO] [OPT-EXP-DSGN - coordinate_ascent] [1/1] [t = 602] swapped,  f(S) = 1.04841
2021-01-23 00:02:22,607 [INFO] [OPT-EXP-DSGN - coordinate_ascent] [1/1] [t = 603] swapped,  f(S) = 1.04845
2021-01-23 00:02:23,241 [INFO] [OPT-EXP-DSGN - coordinate_ascent] [1/1] [t = 604] swapped,  f(S) = 1.04855
2021-01-23 00:02:30,613 [INFO] [OPT-EXP-DSGN - coordinate_ascent] [1/1] [t = 605] swapped,  f(S) = 1.04857
2021-01-23 00:02:32,211 [INFO] [OPT-EXP-DSGN - coordinate_ascent] [1/1] [t = 606] swapped,  f(S) = 1.04862
2021-01-23 00:02:32,527 [INFO] [OPT-EXP-DSGN - coordinate_ascent] [1/1] [t = 607] swapped,  f(S) = 1.04872
2021-01-23 00:02:44,326 [INFO] [OPT-EXP-DSGN - coordinate_ascent] [1/1] [t = 608] swapped,  f(S) = 1.04876
2021-01-23 00:03:23,983 [INFO] [OPT-EXP-DSGN - coordinate_ascent] [1/1] [t = 609] swapped,  f(S) = 1.04888
2021-01-23 00:03:41,590 [INFO] [OPT-EXP-DSGN - coordinate_ascent] [1/1] [t = 610] swapped,  f(S) = 1.04893
2021-01-23 00:03:42,867 [INFO] [OPT-EXP-DSGN - coordinate_ascent] [1/1] [t = 611] swapped,  f(S) = 1.04903
2021-01-23 00:03:47,641 [INFO] [OPT-EXP-DSGN - coordinate_ascent] [1/1] [t = 612] swapped,  f(S) = 1.04905
2021-01-23 00:05:35,609 [INFO] [OPT-EXP-DSGN - coordinate_ascent] [1/1] [t = 613] swapped,  f(S) = 1.04906
2021-01-23 00:07:05,861 [INFO] [OPT-EXP-DSGN - coordinate_ascent] [1/1] [t = 614] swapped,  f(S) = 1.04912
2021-01-23 00:08:03,984 [INFO] [OPT-EXP-DSGN - coordinate_ascent] [1/1] [t = 615] swapped,  f(S) = 1.04915
2021-01-23 00:08:05,607 [INFO] [OPT-EXP-DSGN - coordinate_ascent] [1/1] [t = 616] swapped,  f(S) = 1.04924
2021-01-23 00:08:27,357 [INFO] [OPT-EXP-DSGN - coordinate_ascent] [1/1] [t = 617] swapped,  f(S) = 1.04935
2021-01-23 00:08:28,991 [INFO] [OPT-EXP-DSGN - coordinate_ascent] [1/1] [t = 618] swapped,  f(S) = 1.04938
2021-01-23 00:08:29,317 [INFO] [OPT-EXP-DSGN - coordinate_ascent] [1/1] [t = 619] swapped,  f(S) = 1.04948
2021-01-23 00:08:29,643 [INFO] [OPT-EXP-DSGN - coordinate_ascent] [1/1] [t = 620] swapped,  f(S) = 1.05109
2021-01-23 00:08:30,294 [INFO] [OPT-EXP-DSGN - coordinate_ascent] [1/1] [t = 621] swapped,  f(S) = 1.05109
2021-01-23 00:08:30,621 [INFO] [OPT-EXP-DSGN - coordinate_ascent] [1/1] [t = 622] swapped,  f(S) = 1.05110
2021-01-23 00:08:33,866 [INFO] [OPT-EXP-DSGN - coordinate_ascent] [1/1] [t = 623] swapped,  f(S) = 1.05116
2021-01-23 00:08:35,164 [INFO] [OPT-EXP-DSGN - coordinate_ascent] [1/1] [t = 624] swapped,  f(S) = 1.05117
2021-01-23 00:08:35,489 [INFO] [OPT-EXP-DSGN - coordinate_ascent] [1/1] [t = 625] swapped,  f(S) = 1.05129
2021-01-23 00:08:38,085 [INFO] [OPT-EXP-DSGN - coordinate_ascent] [1/1] [t = 626] swapped,  f(S) = 1.05139
2021-01-23 00:08:38,410 [INFO] [OPT-EXP-DSGN - coordinate_ascent] [1/1] [t = 627] swapped,  f(S) = 1.05272
2021-01-23 00:08:48,802 [INFO] [OPT-EXP-DSGN - coordinate_ascent] [1/1] [t = 628] swapped,  f(S) = 1.05272
2021-01-23 00:08:59,194 [INFO] [OPT-EXP-DSGN - coordinate_ascent] [1/1] [t = 629] swapped,  f(S) = 1.05278
2021-01-23 00:08:59,844 [INFO] [OPT-EXP-DSGN - coordinate_ascent] [1/1] [t = 630] swapped,  f(S) = 1.05282
2021-01-23 00:09:43,994 [INFO] [OPT-EXP-DSGN - coordinate_ascent] [1/1] [t = 631] swapped,  f(S) = 1.05283
2021-01-23 00:47:15,525 [INFO] [OPT-EXP-DSGN - coordinate_ascent] [1/1] [t = 632] swapped,  f(S) = 1.05287
2021-01-23 00:47:16,143 [INFO] [OPT-EXP-DSGN - coordinate_ascent] [1/1] [t = 633] swapped,  f(S) = 1.05288
2021-01-23 00:47:44,594 [INFO] [OPT-EXP-DSGN - coordinate_ascent] [1/1] [t = 634] swapped,  f(S) = 1.05293
2021-01-23 00:49:10,198 [INFO] [OPT-EXP-DSGN - coordinate_ascent] [1/1] [t = 635] swapped,  f(S) = 1.05295
2021-01-23 00:49:17,001 [INFO] [OPT-EXP-DSGN - coordinate_ascent] [1/1] [t = 636] swapped,  f(S) = 1.05300
2021-01-23 00:49:21,892 [INFO] [OPT-EXP-DSGN - coordinate_ascent] [1/1] [t = 637] swapped,  f(S) = 1.05314
2021-01-23 00:49:25,793 [INFO] [OPT-EXP-DSGN - coordinate_ascent] [1/1] [t = 638] swapped,  f(S) = 1.05318
2021-01-23 00:49:26,119 [INFO] [OPT-EXP-DSGN - coordinate_ascent] [1/1] [t = 639] swapped,  f(S) = 1.05349
2021-01-23 00:49:29,044 [INFO] [OPT-EXP-DSGN - coordinate_ascent] [1/1] [t = 640] swapped,  f(S) = 1.05360
2021-01-23 00:49:30,357 [INFO] [OPT-EXP-DSGN - coordinate_ascent] [1/1] [t = 641] swapped,  f(S) = 1.05361
2021-01-23 00:49:31,661 [INFO] [OPT-EXP-DSGN - coordinate_ascent] [1/1] [t = 642] swapped,  f(S) = 1.05363
2021-01-23 01:17:12,114 [INFO] [OPT-EXP-DSGN - coordinate_ascent] [1/1] [t = 643] swapped,  f(S) = 1.05369
2021-01-23 01:17:13,182 [INFO] [OPT-EXP-DSGN - coordinate_ascent] [1/1] [t = 644] swapped,  f(S) = 1.05371
2021-01-23 01:17:41,317 [INFO] [OPT-EXP-DSGN - coordinate_ascent] [1/1] [t = 645] swapped,  f(S) = 1.05371
2021-01-23 01:17:41,634 [INFO] [OPT-EXP-DSGN - coordinate_ascent] [1/1] [t = 646] swapped,  f(S) = 1.05393
2021-01-23 01:17:43,545 [INFO] [OPT-EXP-DSGN - coordinate_ascent] [1/1] [t = 647] swapped,  f(S) = 1.05395
2021-01-23 01:17:43,865 [INFO] [OPT-EXP-DSGN - coordinate_ascent] [1/1] [t = 648] swapped,  f(S) = 1.05402
2021-01-23 02:01:40,960 [INFO] [OPT-EXP-DSGN - coordinate_ascent] [1/1] [t = 649] swapped,  f(S) = 1.05415
2021-01-23 02:01:44,573 [INFO] [OPT-EXP-DSGN - coordinate_ascent] [1/1] [t = 650] swapped,  f(S) = 1.05429
2021-01-23 02:01:49,115 [INFO] [OPT-EXP-DSGN - coordinate_ascent] [1/1] [t = 651] swapped,  f(S) = 1.05435
2021-01-23 02:06:29,982 [INFO] [OPT-EXP-DSGN - coordinate_ascent] [1/1] [t = 652] swapped,  f(S) = 1.05435
2021-01-23 02:06:30,308 [INFO] [OPT-EXP-DSGN - coordinate_ascent] [1/1] [t = 653] swapped,  f(S) = 1.05435
2021-01-23 02:16:03,401 [INFO] [OPT-EXP-DSGN - coordinate_ascent] [1/1] [t = 654] swapped,  f(S) = 1.05441
2021-01-23 02:16:13,499 [INFO] [OPT-EXP-DSGN - coordinate_ascent] [1/1] [t = 655] swapped,  f(S) = 1.05446
2021-01-23 02:17:21,252 [INFO] [OPT-EXP-DSGN - coordinate_ascent] [1/1] [t = 656] swapped,  f(S) = 1.05451
2021-01-23 02:17:21,903 [INFO] [OPT-EXP-DSGN - coordinate_ascent] [1/1] [t = 657] swapped,  f(S) = 1.05454
2021-01-23 02:36:32,430 [INFO] [OPT-EXP-DSGN - coordinate_ascent] [1/1] [t = 658] swapped,  f(S) = 1.05456
2021-01-23 02:36:55,530 [INFO] [OPT-EXP-DSGN - coordinate_ascent] [1/1] [t = 659] swapped,  f(S) = 1.05457
2021-01-23 02:36:57,169 [INFO] [OPT-EXP-DSGN - coordinate_ascent] [1/1] [t = 660] swapped,  f(S) = 1.05461
2021-01-23 02:37:00,766 [INFO] [OPT-EXP-DSGN - coordinate_ascent] [1/1] [t = 661] swapped,  f(S) = 1.05464
2021-01-23 02:37:02,403 [INFO] [OPT-EXP-DSGN - coordinate_ascent] [1/1] [t = 662] swapped,  f(S) = 1.05473
2021-01-23 02:37:06,662 [INFO] [OPT-EXP-DSGN - coordinate_ascent] [1/1] [t = 663] swapped,  f(S) = 1.05477
2021-01-23 02:37:34,485 [INFO] [OPT-EXP-DSGN - coordinate_ascent] [1/1] [t = 664] swapped,  f(S) = 1.05486
2021-01-23 02:37:35,141 [INFO] [OPT-EXP-DSGN - coordinate_ascent] [1/1] [t = 665] swapped,  f(S) = 1.05487
2021-01-23 02:37:35,797 [INFO] [OPT-EXP-DSGN - coordinate_ascent] [1/1] [t = 666] swapped,  f(S) = 1.05492
2021-01-23 02:46:47,114 [INFO] [OPT-EXP-DSGN - coordinate_ascent] [1/1] [t = 667] swapped,  f(S) = 1.05497
2021-01-23 02:50:08,337 [INFO] [OPT-EXP-DSGN - coordinate_ascent] [1/1] [t = 668] swapped,  f(S) = 1.05500
2021-01-23 02:50:10,932 [INFO] [OPT-EXP-DSGN - coordinate_ascent] [1/1] [t = 669] swapped,  f(S) = 1.05505
2021-01-23 02:50:16,762 [INFO] [OPT-EXP-DSGN - coordinate_ascent] [1/1] [t = 670] swapped,  f(S) = 1.05514
2021-01-23 02:52:35,930 [INFO] [OPT-EXP-DSGN - coordinate_ascent] [1/1] [t = 671] swapped,  f(S) = 1.05516
2021-01-23 02:52:36,905 [INFO] [OPT-EXP-DSGN - coordinate_ascent] [1/1] [t = 672] swapped,  f(S) = 1.05521
2021-01-23 02:52:38,854 [INFO] [OPT-EXP-DSGN - coordinate_ascent] [1/1] [t = 673] swapped,  f(S) = 1.05537
2021-01-23 02:52:40,140 [INFO] [OPT-EXP-DSGN - coordinate_ascent] [1/1] [t = 674] swapped,  f(S) = 1.05543
2021-01-23 02:52:44,007 [INFO] [OPT-EXP-DSGN - coordinate_ascent] [1/1] [t = 675] swapped,  f(S) = 1.05554
2021-01-23 02:52:47,896 [INFO] [OPT-EXP-DSGN - coordinate_ascent] [1/1] [t = 676] swapped,  f(S) = 1.05557
2021-01-23 02:52:51,778 [INFO] [OPT-EXP-DSGN - coordinate_ascent] [1/1] [t = 677] swapped,  f(S) = 1.05569
2021-01-23 03:38:35,974 [INFO] [OPT-EXP-DSGN - coordinate_ascent] [1/1] [t = 678] swapped,  f(S) = 1.05570
2021-01-23 03:38:37,731 [INFO] [OPT-EXP-DSGN - coordinate_ascent] [1/1] [t = 679] swapped,  f(S) = 1.05584
2021-01-23 04:11:37,846 [INFO] [OPT-EXP-DSGN - coordinate_ascent] [1/1] [t = 680] swapped,  f(S) = 1.05586
2021-01-23 04:11:56,011 [INFO] [OPT-EXP-DSGN - coordinate_ascent] [1/1] [t = 681] swapped,  f(S) = 1.05589
2021-01-23 04:12:58,005 [INFO] [OPT-EXP-DSGN - coordinate_ascent] [1/1] [t = 682] swapped,  f(S) = 1.05590
2021-01-23 04:13:00,608 [INFO] [OPT-EXP-DSGN - coordinate_ascent] [1/1] [t = 683] swapped,  f(S) = 1.05592
2021-01-23 04:13:03,209 [INFO] [OPT-EXP-DSGN - coordinate_ascent] [1/1] [t = 684] swapped,  f(S) = 1.05609
2021-01-23 04:13:03,859 [INFO] [OPT-EXP-DSGN - coordinate_ascent] [1/1] [t = 685] swapped,  f(S) = 1.05626
2021-01-23 04:15:31,957 [INFO] [OPT-EXP-DSGN - coordinate_ascent] [1/1] [t = 686] swapped,  f(S) = 1.05627
2021-01-23 05:01:04,529 [INFO] [OPT-EXP-DSGN - coordinate_ascent] [1/1] [t = 687] swapped,  f(S) = 1.05630
2021-01-23 05:01:08,631 [INFO] [OPT-EXP-DSGN - coordinate_ascent] [1/1] [t = 688] swapped,  f(S) = 1.05635
2021-01-23 05:01:26,785 [INFO] [OPT-EXP-DSGN - coordinate_ascent] [1/1] [t = 689] swapped,  f(S) = 1.05645
2021-01-23 05:12:06,938 [INFO] [OPT-EXP-DSGN - coordinate_ascent] [1/1] [t = 690] swapped,  f(S) = 1.05646
2021-01-23 05:12:12,749 [INFO] [OPT-EXP-DSGN - coordinate_ascent] [1/1] [t = 691] swapped,  f(S) = 1.05647
2021-01-23 05:23:49,171 [INFO] [OPT-EXP-DSGN - coordinate_ascent] [1/1] [t = 692] swapped,  f(S) = 1.05653
2021-01-23 05:23:49,823 [INFO] [OPT-EXP-DSGN - coordinate_ascent] [1/1] [t = 693] swapped,  f(S) = 1.05680
2021-01-23 05:23:50,475 [INFO] [OPT-EXP-DSGN - coordinate_ascent] [1/1] [t = 694] swapped,  f(S) = 1.05680
2021-01-23 05:23:50,801 [INFO] [OPT-EXP-DSGN - coordinate_ascent] [1/1] [t = 695] swapped,  f(S) = 1.05697
2021-01-23 05:23:57,963 [INFO] [OPT-EXP-DSGN - coordinate_ascent] [1/1] [t = 696] swapped,  f(S) = 1.05699
2021-01-23 05:23:59,919 [INFO] [OPT-EXP-DSGN - coordinate_ascent] [1/1] [t = 697] swapped,  f(S) = 1.05702
2021-01-23 05:24:00,571 [INFO] [OPT-EXP-DSGN - coordinate_ascent] [1/1] [t = 698] swapped,  f(S) = 1.05719
2021-01-23 05:24:02,516 [INFO] [OPT-EXP-DSGN - coordinate_ascent] [1/1] [t = 699] swapped,  f(S) = 1.05722
2021-01-23 05:24:03,808 [INFO] [OPT-EXP-DSGN - coordinate_ascent] [1/1] [t = 700] swapped,  f(S) = 1.05723
2021-01-23 05:28:35,151 [INFO] [OPT-EXP-DSGN - coordinate_ascent] [1/1] [t = 701] swapped,  f(S) = 1.05725
2021-01-23 05:28:35,474 [INFO] [OPT-EXP-DSGN - coordinate_ascent] [1/1] [t = 702] swapped,  f(S) = 1.05754
2021-01-23 05:28:37,407 [INFO] [OPT-EXP-DSGN - coordinate_ascent] [1/1] [t = 703] swapped,  f(S) = 1.05764
2021-01-23 05:28:39,999 [INFO] [OPT-EXP-DSGN - coordinate_ascent] [1/1] [t = 704] swapped,  f(S) = 1.05765
2021-01-23 05:28:40,971 [INFO] [OPT-EXP-DSGN - coordinate_ascent] [1/1] [t = 705] swapped,  f(S) = 1.05783
2021-01-23 05:28:43,239 [INFO] [OPT-EXP-DSGN - coordinate_ascent] [1/1] [t = 706] swapped,  f(S) = 1.05783
2021-01-23 07:47:58,300 [INFO] [OPT-EXP-DSGN - coordinate_ascent] [1/1] [t = 707] swapped,  f(S) = 1.05787
2021-01-23 07:48:04,171 [INFO] [OPT-EXP-DSGN - coordinate_ascent] [1/1] [t = 708] swapped,  f(S) = 1.05797
2021-01-23 08:31:18,479 [INFO] [OPT-EXP-DSGN - coordinate_ascent] [1/1] [t = 709] swapped,  f(S) = 1.05808
2021-01-23 08:31:18,804 [INFO] [OPT-EXP-DSGN - coordinate_ascent] [1/1] [t = 710] swapped,  f(S) = 1.05954
2021-01-23 08:31:32,225 [INFO] [OPT-EXP-DSGN - coordinate_ascent] [1/1] [t = 711] swapped,  f(S) = 1.05956
2021-01-23 08:31:32,866 [INFO] [OPT-EXP-DSGN - coordinate_ascent] [1/1] [t = 712] swapped,  f(S) = 1.05967
2021-01-23 08:48:55,570 [INFO] [OPT-EXP-DSGN - coordinate_ascent] [1/1] [t = 713] swapped,  f(S) = 1.05969
2021-01-23 08:56:37,185 [INFO] [OPT-EXP-DSGN - coordinate_ascent] [1/1] [t = 714] swapped,  f(S) = 1.05969
2021-01-23 08:57:01,987 [INFO] [OPT-EXP-DSGN - coordinate_ascent] [1/1] [t = 715] swapped,  f(S) = 1.05970
2021-01-23 08:57:05,229 [INFO] [OPT-EXP-DSGN - coordinate_ascent] [1/1] [t = 716] swapped,  f(S) = 1.05977
2021-01-23 08:57:05,878 [INFO] [OPT-EXP-DSGN - coordinate_ascent] [1/1] [t = 717] swapped,  f(S) = 1.05986
2021-01-23 08:57:13,563 [INFO] [OPT-EXP-DSGN - coordinate_ascent] [1/1] [t = 718] swapped,  f(S) = 1.05990
2021-01-23 08:57:15,165 [INFO] [OPT-EXP-DSGN - coordinate_ascent] [1/1] [t = 719] swapped,  f(S) = 1.06012
2021-01-23 08:57:30,201 [INFO] [OPT-EXP-DSGN - coordinate_ascent] [1/1] [t = 720] swapped,  f(S) = 1.06012
2021-01-23 08:58:05,348 [INFO] [OPT-EXP-DSGN - coordinate_ascent] [1/1] [t = 721] swapped,  f(S) = 1.06012
2021-01-23 08:58:06,943 [INFO] [OPT-EXP-DSGN - coordinate_ascent] [1/1] [t = 722] swapped,  f(S) = 1.06031
2021-01-23 08:58:27,028 [INFO] [OPT-EXP-DSGN - coordinate_ascent] [1/1] [t = 723] swapped,  f(S) = 1.06034
2021-01-23 08:58:34,693 [INFO] [OPT-EXP-DSGN - coordinate_ascent] [1/1] [t = 724] swapped,  f(S) = 1.06043
2021-01-23 09:38:32,544 [INFO] [OPT-EXP-DSGN - coordinate_ascent] [1/1] [t = 725] swapped,  f(S) = 1.06044
2021-01-23 09:38:33,178 [INFO] [OPT-EXP-DSGN - coordinate_ascent] [1/1] [t = 726] swapped,  f(S) = 1.06044
2021-01-23 09:38:33,496 [INFO] [OPT-EXP-DSGN - coordinate_ascent] [1/1] [t = 727] swapped,  f(S) = 1.06048
2021-01-23 09:38:41,789 [INFO] [OPT-EXP-DSGN - coordinate_ascent] [1/1] [t = 728] swapped,  f(S) = 1.06058
2021-01-23 09:42:58,283 [INFO] [OPT-EXP-DSGN - coordinate_ascent] [1/1] [t = 729] swapped,  f(S) = 1.06063
2021-01-23 10:24:55,433 [INFO] [OPT-EXP-DSGN - coordinate_ascent] [1/1] [t = 730] swapped,  f(S) = 1.06071
2021-01-23 10:24:55,946 [INFO] [OPT-EXP-DSGN - coordinate_ascent] [1/1] [t = 731] swapped,  f(S) = 1.06074
2021-01-23 11:04:42,594 [INFO] [OPT-EXP-DSGN - coordinate_ascent] [1/1] [t = 732] swapped,  f(S) = 1.06075
2021-01-23 11:16:18,773 [INFO] [OPT-EXP-DSGN - coordinate_ascent] [1/1] [t = 733] swapped,  f(S) = 1.06077
2021-01-23 11:59:24,985 [INFO] [OPT-EXP-DSGN - coordinate_ascent] [1/1] [t = 734] swapped,  f(S) = 1.06079
2021-01-23 12:44:16,131 [INFO] [OPT-EXP-DSGN - coordinate_ascent] [1/1] [t = 735] swapped,  f(S) = 1.06095
2021-01-23 12:44:17,452 [INFO] [OPT-EXP-DSGN - coordinate_ascent] [1/1] [t = 736] swapped,  f(S) = 1.06099
2021-01-23 12:44:18,443 [INFO] [OPT-EXP-DSGN - coordinate_ascent] [1/1] [t = 737] swapped,  f(S) = 1.06106
2021-01-23 12:44:21,419 [INFO] [OPT-EXP-DSGN - coordinate_ascent] [1/1] [t = 738] swapped,  f(S) = 1.06116
2021-01-23 12:44:21,749 [INFO] [OPT-EXP-DSGN - coordinate_ascent] [1/1] [t = 739] swapped,  f(S) = 1.06172
2021-01-23 12:44:24,721 [INFO] [OPT-EXP-DSGN - coordinate_ascent] [1/1] [t = 740] swapped,  f(S) = 1.06174
2021-01-23 12:44:25,714 [INFO] [OPT-EXP-DSGN - coordinate_ascent] [1/1] [t = 741] swapped,  f(S) = 1.06193
2021-01-23 12:44:27,368 [INFO] [OPT-EXP-DSGN - coordinate_ascent] [1/1] [t = 742] swapped,  f(S) = 1.06199
2021-01-23 13:29:19,927 [INFO] [OPT-EXP-DSGN - coordinate_ascent] [1/1] [t = 743] swapped,  f(S) = 1.06214
2021-01-23 13:29:22,297 [INFO] [OPT-EXP-DSGN - coordinate_ascent] [1/1] [t = 744] swapped,  f(S) = 1.06214
2021-01-23 13:29:27,585 [INFO] [OPT-EXP-DSGN - coordinate_ascent] [1/1] [t = 745] swapped,  f(S) = 1.06215
2021-01-23 13:30:38,577 [INFO] [OPT-EXP-DSGN - coordinate_ascent] [1/1] [t = 746] swapped,  f(S) = 1.06217
2021-01-23 13:30:39,240 [INFO] [OPT-EXP-DSGN - coordinate_ascent] [1/1] [t = 747] swapped,  f(S) = 1.06233
2021-01-23 14:16:00,977 [INFO] [OPT-EXP-DSGN - coordinate_ascent] [1/1] [t = 748] swapped,  f(S) = 1.06233
2021-01-23 14:19:20,517 [INFO] [OPT-EXP-DSGN - coordinate_ascent] [1/1] [t = 749] swapped,  f(S) = 1.06233
2021-01-23 14:21:47,961 [INFO] [OPT-EXP-DSGN - coordinate_ascent] [1/1] [t = 750] swapped,  f(S) = 1.06236
2021-01-23 14:22:13,129 [INFO] [OPT-EXP-DSGN - coordinate_ascent] [1/1] [t = 751] swapped,  f(S) = 1.06237
2021-01-23 14:33:35,061 [INFO] [OPT-EXP-DSGN - coordinate_ascent] [1/1] [t = 752] swapped,  f(S) = 1.06238
2021-01-23 14:34:21,422 [INFO] [OPT-EXP-DSGN - coordinate_ascent] [1/1] [t = 753] swapped,  f(S) = 1.06241
2021-01-23 14:34:23,460 [INFO] [OPT-EXP-DSGN - coordinate_ascent] [1/1] [t = 754] swapped,  f(S) = 1.06247
2021-01-23 14:34:25,866 [INFO] [OPT-EXP-DSGN - coordinate_ascent] [1/1] [t = 755] swapped,  f(S) = 1.06249
2021-01-23 14:34:56,680 [INFO] [OPT-EXP-DSGN - coordinate_ascent] [1/1] [t = 756] swapped,  f(S) = 1.06256
2021-01-23 14:34:58,716 [INFO] [OPT-EXP-DSGN - coordinate_ascent] [1/1] [t = 757] swapped,  f(S) = 1.06257
2021-01-23 15:01:18,664 [INFO] [OPT-EXP-DSGN - coordinate_ascent] [1/1] [t = 758] swapped,  f(S) = 1.06257
2021-01-23 15:01:22,629 [INFO] [OPT-EXP-DSGN - coordinate_ascent] [1/1] [t = 759] swapped,  f(S) = 1.06275
2021-01-23 15:05:43,158 [INFO] [OPT-EXP-DSGN - coordinate_ascent] [1/1] [t = 760] swapped,  f(S) = 1.06276
2021-01-23 15:05:43,490 [INFO] [OPT-EXP-DSGN - coordinate_ascent] [1/1] [t = 761] swapped,  f(S) = 1.06343
2021-01-23 15:05:43,823 [INFO] [OPT-EXP-DSGN - coordinate_ascent] [1/1] [t = 762] swapped,  f(S) = 1.06344
2021-01-23 15:05:44,153 [INFO] [OPT-EXP-DSGN - coordinate_ascent] [1/1] [t = 763] swapped,  f(S) = 1.06357
2021-01-23 15:05:45,145 [INFO] [OPT-EXP-DSGN - coordinate_ascent] [1/1] [t = 764] swapped,  f(S) = 1.06366
2021-01-23 15:12:36,612 [INFO] [OPT-EXP-DSGN - coordinate_ascent] [1/1] [t = 765] swapped,  f(S) = 1.06368
2021-01-23 15:59:36,182 [INFO] [OPT-EXP-DSGN - coordinate_ascent] [1/1] [t = 766] swapped,  f(S) = 1.06369
2021-01-23 15:59:36,684 [INFO] [OPT-EXP-DSGN - coordinate_ascent] [1/1] [t = 767] swapped,  f(S) = 1.06377
2021-01-23 16:01:49,566 [INFO] [OPT-EXP-DSGN - coordinate_ascent] [1/1] [t = 768] swapped,  f(S) = 1.06378
2021-01-23 16:02:01,369 [INFO] [OPT-EXP-DSGN - coordinate_ascent] [1/1] [t = 769] swapped,  f(S) = 1.06380
2021-01-23 16:02:09,693 [INFO] [OPT-EXP-DSGN - coordinate_ascent] [1/1] [t = 770] swapped,  f(S) = 1.06381
2021-01-23 16:03:48,357 [INFO] [OPT-EXP-DSGN - coordinate_ascent] [1/1] [t = 771] swapped,  f(S) = 1.06385
2021-01-23 16:03:49,401 [INFO] [OPT-EXP-DSGN - coordinate_ascent] [1/1] [t = 772] swapped,  f(S) = 1.06387
2021-01-23 16:05:37,036 [INFO] [OPT-EXP-DSGN - coordinate_ascent] [1/1] [t = 773] swapped,  f(S) = 1.06389
2021-01-23 16:05:54,402 [INFO] [OPT-EXP-DSGN - coordinate_ascent] [1/1] [t = 774] swapped,  f(S) = 1.06394
2021-01-23 16:12:07,632 [INFO] [OPT-EXP-DSGN - coordinate_ascent] [1/1] [t = 775] swapped,  f(S) = 1.06399
2021-01-23 16:12:12,485 [INFO] [OPT-EXP-DSGN - coordinate_ascent] [1/1] [t = 776] swapped,  f(S) = 1.06402
2021-01-23 16:12:13,876 [INFO] [OPT-EXP-DSGN - coordinate_ascent] [1/1] [t = 777] swapped,  f(S) = 1.06402
2021-01-23 16:12:16,658 [INFO] [OPT-EXP-DSGN - coordinate_ascent] [1/1] [t = 778] swapped,  f(S) = 1.06411
2021-01-23 16:13:16,423 [INFO] [OPT-EXP-DSGN - coordinate_ascent] [1/1] [t = 779] swapped,  f(S) = 1.06418
2021-01-23 16:13:26,498 [INFO] [OPT-EXP-DSGN - coordinate_ascent] [1/1] [t = 780] swapped,  f(S) = 1.06431
2021-01-23 17:00:33,803 [INFO] [OPT-EXP-DSGN - coordinate_ascent] [1/1] [t = 781] swapped,  f(S) = 1.06435
2021-01-23 17:00:36,609 [INFO] [OPT-EXP-DSGN - coordinate_ascent] [1/1] [t = 782] swapped,  f(S) = 1.06435
2021-01-23 17:47:31,693 [INFO] [OPT-EXP-DSGN - coordinate_ascent] [1/1] [t = 783] swapped,  f(S) = 1.06436
2021-01-23 17:47:38,705 [INFO] [OPT-EXP-DSGN - coordinate_ascent] [1/1] [t = 784] swapped,  f(S) = 1.06445
2021-01-23 18:15:40,520 [INFO] [OPT-EXP-DSGN - coordinate_ascent] [1/1] [t = 785] swapped,  f(S) = 1.06446
2021-01-23 18:15:40,867 [INFO] [OPT-EXP-DSGN - coordinate_ascent] [1/1] [t = 786] swapped,  f(S) = 1.06449
2021-01-23 18:15:51,226 [INFO] [OPT-EXP-DSGN - coordinate_ascent] [1/1] [t = 787] swapped,  f(S) = 1.06456
2021-01-23 18:15:52,612 [INFO] [OPT-EXP-DSGN - coordinate_ascent] [1/1] [t = 788] swapped,  f(S) = 1.06460
2021-01-23 18:17:44,819 [INFO] [OPT-EXP-DSGN - coordinate_ascent] [1/1] [t = 789] swapped,  f(S) = 1.06462
2021-01-23 18:17:45,165 [INFO] [OPT-EXP-DSGN - coordinate_ascent] [1/1] [t = 790] swapped,  f(S) = 1.06479
2021-01-23 18:17:50,347 [INFO] [OPT-EXP-DSGN - coordinate_ascent] [1/1] [t = 791] swapped,  f(S) = 1.06482
2021-01-23 18:17:50,693 [INFO] [OPT-EXP-DSGN - coordinate_ascent] [1/1] [t = 792] swapped,  f(S) = 1.06509
2021-01-23 18:18:11,079 [INFO] [OPT-EXP-DSGN - coordinate_ascent] [1/1] [t = 793] swapped,  f(S) = 1.06515
2021-01-23 18:18:16,256 [INFO] [OPT-EXP-DSGN - coordinate_ascent] [1/1] [t = 794] swapped,  f(S) = 1.06524
2021-01-23 18:18:16,603 [INFO] [OPT-EXP-DSGN - coordinate_ascent] [1/1] [t = 795] swapped,  f(S) = 1.06542
2021-01-23 18:18:19,020 [INFO] [OPT-EXP-DSGN - coordinate_ascent] [1/1] [t = 796] swapped,  f(S) = 1.06543
2021-01-23 19:51:42,901 [INFO] [OPT-EXP-DSGN - coordinate_ascent] [1/1] [t = 797] swapped,  f(S) = 1.06545
2021-01-23 19:51:44,108 [INFO] [OPT-EXP-DSGN - coordinate_ascent] [1/1] [t = 798] swapped,  f(S) = 1.06546
2021-01-23 19:52:25,767 [INFO] [OPT-EXP-DSGN - coordinate_ascent] [1/1] [t = 799] swapped,  f(S) = 1.06548
2021-01-23 19:52:26,760 [INFO] [OPT-EXP-DSGN - coordinate_ascent] [1/1] [t = 800] swapped,  f(S) = 1.06549
2021-01-23 19:52:44,319 [INFO] [OPT-EXP-DSGN - coordinate_ascent] [1/1] [t = 801] swapped,  f(S) = 1.06562
2021-01-23 19:52:48,301 [INFO] [OPT-EXP-DSGN - coordinate_ascent] [1/1] [t = 802] swapped,  f(S) = 1.06568
2021-01-23 19:53:28,851 [INFO] [OPT-EXP-DSGN - coordinate_ascent] [1/1] [t = 803] swapped,  f(S) = 1.06576
2021-01-23 19:53:32,141 [INFO] [OPT-EXP-DSGN - coordinate_ascent] [1/1] [t = 804] swapped,  f(S) = 1.06577
2021-01-23 19:54:16,081 [INFO] [OPT-EXP-DSGN - coordinate_ascent] [1/1] [t = 805] swapped,  f(S) = 1.06593
2021-01-23 20:30:49,045 [INFO] [OPT-EXP-DSGN - coordinate_ascent] [1/1] [t = 806] swapped,  f(S) = 1.06593
2021-01-23 20:30:55,933 [INFO] [OPT-EXP-DSGN - coordinate_ascent] [1/1] [t = 807] swapped,  f(S) = 1.06598
2021-01-23 20:30:56,595 [INFO] [OPT-EXP-DSGN - coordinate_ascent] [1/1] [t = 808] swapped,  f(S) = 1.06605
2021-01-23 20:31:24,701 [INFO] [OPT-EXP-DSGN - coordinate_ascent] [1/1] [t = 809] swapped,  f(S) = 1.06606
2021-01-23 22:00:38,310 [INFO] [OPT-EXP-DSGN - coordinate_ascent] [1/1] [t = 810] swapped,  f(S) = 1.06623
2021-01-23 22:00:38,885 [INFO] [OPT-EXP-DSGN - coordinate_ascent] [1/1] [t = 811] swapped,  f(S) = 1.06664
2021-01-23 22:00:40,534 [INFO] [OPT-EXP-DSGN - coordinate_ascent] [1/1] [t = 812] swapped,  f(S) = 1.06672
2021-01-23 22:01:55,792 [INFO] [OPT-EXP-DSGN - coordinate_ascent] [1/1] [t = 813] swapped,  f(S) = 1.06674
2021-01-23 22:01:56,122 [INFO] [OPT-EXP-DSGN - coordinate_ascent] [1/1] [t = 814] swapped,  f(S) = 1.06675
2021-01-23 22:02:24,580 [INFO] [OPT-EXP-DSGN - coordinate_ascent] [1/1] [t = 815] swapped,  f(S) = 1.06676
2021-01-23 23:32:45,513 [INFO] [OPT-EXP-DSGN - coordinate_ascent] [1/1] [t = 816] swapped,  f(S) = 1.06677
2021-01-23 23:33:03,090 [INFO] [OPT-EXP-DSGN - coordinate_ascent] [1/1] [t = 817] swapped,  f(S) = 1.06689
2021-01-24 00:17:23,644 [INFO] [OPT-EXP-DSGN - coordinate_ascent] [1/1] [t = 818] swapped,  f(S) = 1.06701
2021-01-24 00:17:23,976 [INFO] [OPT-EXP-DSGN - coordinate_ascent] [1/1] [t = 819] swapped,  f(S) = 1.06804
2021-01-24 00:36:14,419 [INFO] [OPT-EXP-DSGN - coordinate_ascent] [1/1] [t = 820] swapped,  f(S) = 1.06805
2021-01-24 00:37:32,360 [INFO] [OPT-EXP-DSGN - coordinate_ascent] [1/1] [t = 821] swapped,  f(S) = 1.06805
2021-01-24 00:37:35,169 [INFO] [OPT-EXP-DSGN - coordinate_ascent] [1/1] [t = 822] swapped,  f(S) = 1.06812
2021-01-24 01:22:45,997 [INFO] [OPT-EXP-DSGN - coordinate_ascent] [1/1] [t = 823] swapped,  f(S) = 1.06814
2021-01-24 01:23:00,393 [INFO] [OPT-EXP-DSGN - coordinate_ascent] [1/1] [t = 824] swapped,  f(S) = 1.06818
2021-01-24 01:23:06,040 [INFO] [OPT-EXP-DSGN - coordinate_ascent] [1/1] [t = 825] swapped,  f(S) = 1.06823
2021-01-24 02:52:51,315 [INFO] [OPT-EXP-DSGN - coordinate_ascent] [1/1] [t = 826] swapped,  f(S) = 1.06829
2021-01-24 02:52:52,423 [INFO] [OPT-EXP-DSGN - coordinate_ascent] [1/1] [t = 827] swapped,  f(S) = 1.06843
2021-01-24 02:58:15,380 [INFO] [OPT-EXP-DSGN - coordinate_ascent] [1/1] [t = 828] swapped,  f(S) = 1.06848
2021-01-24 02:58:33,292 [INFO] [OPT-EXP-DSGN - coordinate_ascent] [1/1] [t = 829] swapped,  f(S) = 1.06860
2021-01-24 02:58:34,619 [INFO] [OPT-EXP-DSGN - coordinate_ascent] [1/1] [t = 830] swapped,  f(S) = 1.06870
2021-01-24 02:58:35,950 [INFO] [OPT-EXP-DSGN - coordinate_ascent] [1/1] [t = 831] swapped,  f(S) = 1.06874
2021-01-24 02:58:36,283 [INFO] [OPT-EXP-DSGN - coordinate_ascent] [1/1] [t = 832] swapped,  f(S) = 1.06948
2021-01-24 02:58:36,947 [INFO] [OPT-EXP-DSGN - coordinate_ascent] [1/1] [t = 833] swapped,  f(S) = 1.06951
2021-01-24 02:58:42,259 [INFO] [OPT-EXP-DSGN - coordinate_ascent] [1/1] [t = 834] swapped,  f(S) = 1.06954
2021-01-24 02:58:42,935 [INFO] [OPT-EXP-DSGN - coordinate_ascent] [1/1] [t = 835] swapped,  f(S) = 1.06965
2021-01-24 02:58:43,605 [INFO] [OPT-EXP-DSGN - coordinate_ascent] [1/1] [t = 836] swapped,  f(S) = 1.06968
2021-01-24 02:58:43,938 [INFO] [OPT-EXP-DSGN - coordinate_ascent] [1/1] [t = 837] swapped,  f(S) = 1.07006
2021-01-24 02:58:44,275 [INFO] [OPT-EXP-DSGN - coordinate_ascent] [1/1] [t = 838] swapped,  f(S) = 1.07030
2021-01-24 03:03:55,978 [INFO] [OPT-EXP-DSGN - coordinate_ascent] [1/1] [t = 839] swapped,  f(S) = 1.07031
2021-01-24 03:03:56,315 [INFO] [OPT-EXP-DSGN - coordinate_ascent] [1/1] [t = 840] swapped,  f(S) = 1.07065
2021-01-24 03:04:03,630 [INFO] [OPT-EXP-DSGN - coordinate_ascent] [1/1] [t = 841] swapped,  f(S) = 1.07069
2021-01-24 03:04:09,268 [INFO] [OPT-EXP-DSGN - coordinate_ascent] [1/1] [t = 842] swapped,  f(S) = 1.07079
2021-01-24 03:04:10,596 [INFO] [OPT-EXP-DSGN - coordinate_ascent] [1/1] [t = 843] swapped,  f(S) = 1.07083
2021-01-24 03:05:04,018 [INFO] [OPT-EXP-DSGN - coordinate_ascent] [1/1] [t = 844] swapped,  f(S) = 1.07085
2021-01-24 03:05:08,004 [INFO] [OPT-EXP-DSGN - coordinate_ascent] [1/1] [t = 845] swapped,  f(S) = 1.07093
2021-01-24 03:05:11,007 [INFO] [OPT-EXP-DSGN - coordinate_ascent] [1/1] [t = 846] swapped,  f(S) = 1.07098
2021-01-24 03:05:21,270 [INFO] [OPT-EXP-DSGN - coordinate_ascent] [1/1] [t = 847] swapped,  f(S) = 1.07101
2021-01-24 03:13:42,922 [INFO] [OPT-EXP-DSGN - coordinate_ascent] [1/1] [t = 848] swapped,  f(S) = 1.07103
2021-01-24 04:00:44,886 [INFO] [OPT-EXP-DSGN - coordinate_ascent] [1/1] [t = 849] swapped,  f(S) = 1.07106
2021-01-24 04:01:13,514 [INFO] [OPT-EXP-DSGN - coordinate_ascent] [1/1] [t = 850] swapped,  f(S) = 1.07107
2021-01-24 04:47:24,009 [INFO] [OPT-EXP-DSGN - coordinate_ascent] [1/1] [t = 851] swapped,  f(S) = 1.07110
2021-01-24 04:47:25,319 [INFO] [OPT-EXP-DSGN - coordinate_ascent] [1/1] [t = 852] swapped,  f(S) = 1.07120
2021-01-24 04:47:58,706 [INFO] [OPT-EXP-DSGN - coordinate_ascent] [1/1] [t = 853] swapped,  f(S) = 1.07123
2021-01-24 05:35:06,518 [INFO] [OPT-EXP-DSGN - coordinate_ascent] [1/1] [t = 854] swapped,  f(S) = 1.07125
2021-01-24 06:56:13,263 [INFO] [OPT-EXP-DSGN - coordinate_ascent] [1/1] [t = 855] swapped,  f(S) = 1.07125
2021-01-24 06:56:16,507 [INFO] [OPT-EXP-DSGN - coordinate_ascent] [1/1] [t = 856] swapped,  f(S) = 1.07127
2021-01-24 06:57:51,831 [INFO] [OPT-EXP-DSGN - coordinate_ascent] [1/1] [t = 857] swapped,  f(S) = 1.07131
2021-01-24 07:38:02,495 [INFO] [OPT-EXP-DSGN - coordinate_ascent] [1/1] [t = 858] swapped,  f(S) = 1.07132
2021-01-24 07:38:02,802 [INFO] [OPT-EXP-DSGN - coordinate_ascent] [1/1] [t = 859] swapped,  f(S) = 1.07139
2021-01-24 08:22:26,913 [INFO] [OPT-EXP-DSGN - coordinate_ascent] [1/1] [t = 860] swapped,  f(S) = 1.07143
2021-01-24 09:03:45,459 [INFO] [OPT-EXP-DSGN - coordinate_ascent] [1/1] [t = 861] swapped,  f(S) = 1.07162
2021-01-24 09:03:58,104 [INFO] [OPT-EXP-DSGN - coordinate_ascent] [1/1] [t = 862] swapped,  f(S) = 1.07162
2021-01-24 09:03:58,408 [INFO] [OPT-EXP-DSGN - coordinate_ascent] [1/1] [t = 863] swapped,  f(S) = 1.07170
2021-01-24 09:03:59,017 [INFO] [OPT-EXP-DSGN - coordinate_ascent] [1/1] [t = 864] swapped,  f(S) = 1.07188
2021-01-24 09:05:13,633 [INFO] [OPT-EXP-DSGN - coordinate_ascent] [1/1] [t = 865] swapped,  f(S) = 1.07190
2021-01-24 09:47:38,366 [INFO] [OPT-EXP-DSGN - coordinate_ascent] [1/1] [t = 866] swapped,  f(S) = 1.07196
2021-01-24 09:48:24,759 [INFO] [OPT-EXP-DSGN - coordinate_ascent] [1/1] [t = 867] swapped,  f(S) = 1.07197
2021-01-24 09:48:31,486 [INFO] [OPT-EXP-DSGN - coordinate_ascent] [1/1] [t = 868] swapped,  f(S) = 1.07200
2021-01-24 09:48:39,988 [INFO] [OPT-EXP-DSGN - coordinate_ascent] [1/1] [t = 869] swapped,  f(S) = 1.07202
2021-01-24 11:11:11,880 [INFO] [OPT-EXP-DSGN - coordinate_ascent] [1/1] [t = 870] swapped,  f(S) = 1.07206
2021-01-24 11:52:39,851 [INFO] [OPT-EXP-DSGN - coordinate_ascent] [1/1] [t = 871] swapped,  f(S) = 1.07212
2021-01-24 11:52:45,366 [INFO] [OPT-EXP-DSGN - coordinate_ascent] [1/1] [t = 872] swapped,  f(S) = 1.07212
2021-01-24 11:56:23,593 [INFO] [OPT-EXP-DSGN - coordinate_ascent] [1/1] [t = 873] swapped,  f(S) = 1.07213
2021-01-24 11:56:24,201 [INFO] [OPT-EXP-DSGN - coordinate_ascent] [1/1] [t = 874] swapped,  f(S) = 1.07224
2021-01-24 11:56:25,414 [INFO] [OPT-EXP-DSGN - coordinate_ascent] [1/1] [t = 875] swapped,  f(S) = 1.07227
2021-01-24 11:56:28,160 [INFO] [OPT-EXP-DSGN - coordinate_ascent] [1/1] [t = 876] swapped,  f(S) = 1.07228
2021-01-24 12:37:13,523 [INFO] [OPT-EXP-DSGN - coordinate_ascent] [1/1] [t = 877] swapped,  f(S) = 1.07234
2021-01-24 12:37:19,047 [INFO] [OPT-EXP-DSGN - coordinate_ascent] [1/1] [t = 878] swapped,  f(S) = 1.07237
2021-01-24 12:38:18,407 [INFO] [OPT-EXP-DSGN - coordinate_ascent] [1/1] [t = 879] swapped,  f(S) = 1.07239
2021-01-24 12:38:18,997 [INFO] [OPT-EXP-DSGN - coordinate_ascent] [1/1] [t = 880] swapped,  f(S) = 1.07243
2021-01-24 12:38:28,974 [INFO] [OPT-EXP-DSGN - coordinate_ascent] [1/1] [t = 881] swapped,  f(S) = 1.07244
slurmstepd: error: *** JOB 19166491 ON node087 CANCELLED AT 2021-01-24T12:54:07 DUE TO TIME LIMIT ***
