My SLURM_ARRAY_TASK_ID:  3
Running extraction: group=best_performing_pereira_4-dataset=ud_sentencez_token_filter_v3-activation-bench=None-ave=False
Running optimiation: coordinate_ascent-obj=D_s-n_iter=10000-n_samples=300-n_init=1
2021-01-29 18:10:31.070779: I tensorflow/stream_executor/platform/default/dso_loader.cc:48] Successfully opened dynamic library libcudart.so.10.1
/usr/local/lib/python3.7/site-packages/xarray/core/merge.py:16: FutureWarning: The Panel class is removed from pandas. Accessing it from the top-level namespace will also be removed in the next version
  PANDAS_TYPES = (pd.Series, pd.DataFrame, pd.Panel)
/usr/local/lib/python3.7/site-packages/brainio_base/assemblies.py:224: FutureWarning: The inplace argument has been deprecated and will be removed in a future version of xarray.
  xr_data.set_index(append=True, inplace=True, **coords_d)
0it [00:00, ?it/s]934it [00:00, 151763.84it/s]
0it [00:00, ?it/s]934it [00:00, 154316.55it/s]
0it [00:00, ?it/s]935it [00:00, 152856.03it/s]
0it [00:00, ?it/s]934it [00:00, 153934.53it/s]
0it [00:00, ?it/s]934it [00:00, 153843.86it/s]
0it [00:00, ?it/s]935it [00:00, 153124.60it/s]
0it [00:00, ?it/s]934it [00:00, 153512.28it/s]
0it [00:00, ?it/s]934it [00:00, 150747.68it/s]
0it [00:00, ?it/s]935it [00:00, 152440.11it/s]
2021-01-29 18:11:30,692 [INFO] [OPT-EXP-DSGN - coordinate_ascent] ===> Starting init 0, initial f(S) = 0.90151
2021-01-29 18:11:31,152 [INFO] [OPT-EXP-DSGN - coordinate_ascent] [1/1] [t = 1] swapped,  f(S) = 0.90197
2021-01-29 18:11:32,296 [INFO] [OPT-EXP-DSGN - coordinate_ascent] [1/1] [t = 2] swapped,  f(S) = 0.90198
2021-01-29 18:11:32,679 [INFO] [OPT-EXP-DSGN - coordinate_ascent] [1/1] [t = 3] swapped,  f(S) = 0.90202
2021-01-29 18:11:33,062 [INFO] [OPT-EXP-DSGN - coordinate_ascent] [1/1] [t = 4] swapped,  f(S) = 0.90223
2021-01-29 18:11:33,444 [INFO] [OPT-EXP-DSGN - coordinate_ascent] [1/1] [t = 5] swapped,  f(S) = 0.90290
2021-01-29 18:11:34,208 [INFO] [OPT-EXP-DSGN - coordinate_ascent] [1/1] [t = 6] swapped,  f(S) = 0.90416
2021-01-29 18:11:36,122 [INFO] [OPT-EXP-DSGN - coordinate_ascent] [1/1] [t = 7] swapped,  f(S) = 0.90476
2021-01-29 18:11:37,650 [INFO] [OPT-EXP-DSGN - coordinate_ascent] [1/1] [t = 8] swapped,  f(S) = 0.90504
2021-01-29 18:11:38,032 [INFO] [OPT-EXP-DSGN - coordinate_ascent] [1/1] [t = 9] swapped,  f(S) = 0.90520
2021-01-29 18:11:38,415 [INFO] [OPT-EXP-DSGN - coordinate_ascent] [1/1] [t = 10] swapped,  f(S) = 0.90560
2021-01-29 18:11:39,944 [INFO] [OPT-EXP-DSGN - coordinate_ascent] [1/1] [t = 11] swapped,  f(S) = 0.90586
2021-01-29 18:11:55,592 [INFO] [OPT-EXP-DSGN - coordinate_ascent] [1/1] [t = 12] swapped,  f(S) = 0.90612
2021-01-29 19:03:33,349 [INFO] [OPT-EXP-DSGN - coordinate_ascent] [1/1] [t = 13] swapped,  f(S) = 0.90690
2021-01-29 19:03:38,696 [INFO] [OPT-EXP-DSGN - coordinate_ascent] [1/1] [t = 14] swapped,  f(S) = 0.90718
2021-01-29 19:03:42,887 [INFO] [OPT-EXP-DSGN - coordinate_ascent] [1/1] [t = 15] swapped,  f(S) = 0.90722
2021-01-29 19:03:43,270 [INFO] [OPT-EXP-DSGN - coordinate_ascent] [1/1] [t = 16] swapped,  f(S) = 0.90750
2021-01-29 19:03:44,035 [INFO] [OPT-EXP-DSGN - coordinate_ascent] [1/1] [t = 17] swapped,  f(S) = 0.90769
2021-01-29 19:03:45,180 [INFO] [OPT-EXP-DSGN - coordinate_ascent] [1/1] [t = 18] swapped,  f(S) = 0.90819
2021-01-29 19:03:45,562 [INFO] [OPT-EXP-DSGN - coordinate_ascent] [1/1] [t = 19] swapped,  f(S) = 0.90895
2021-01-29 19:03:45,944 [INFO] [OPT-EXP-DSGN - coordinate_ascent] [1/1] [t = 20] swapped,  f(S) = 0.90949
2021-01-29 19:03:46,347 [INFO] [OPT-EXP-DSGN - coordinate_ascent] [1/1] [t = 21] swapped,  f(S) = 0.90963
2021-01-29 19:03:47,492 [INFO] [OPT-EXP-DSGN - coordinate_ascent] [1/1] [t = 22] swapped,  f(S) = 0.90964
2021-01-29 19:03:47,874 [INFO] [OPT-EXP-DSGN - coordinate_ascent] [1/1] [t = 23] swapped,  f(S) = 0.90994
2021-01-29 19:03:48,260 [INFO] [OPT-EXP-DSGN - coordinate_ascent] [1/1] [t = 24] swapped,  f(S) = 0.91038
2021-01-29 19:03:48,647 [INFO] [OPT-EXP-DSGN - coordinate_ascent] [1/1] [t = 25] swapped,  f(S) = 0.91161
2021-01-29 19:03:49,033 [INFO] [OPT-EXP-DSGN - coordinate_ascent] [1/1] [t = 26] swapped,  f(S) = 0.91237
2021-01-29 19:03:52,479 [INFO] [OPT-EXP-DSGN - coordinate_ascent] [1/1] [t = 27] swapped,  f(S) = 0.91249
2021-01-29 19:03:53,245 [INFO] [OPT-EXP-DSGN - coordinate_ascent] [1/1] [t = 28] swapped,  f(S) = 0.91265
2021-01-29 19:03:53,627 [INFO] [OPT-EXP-DSGN - coordinate_ascent] [1/1] [t = 29] swapped,  f(S) = 0.91299
2021-01-29 19:03:54,009 [INFO] [OPT-EXP-DSGN - coordinate_ascent] [1/1] [t = 30] swapped,  f(S) = 0.91520
2021-01-29 19:08:21,447 [INFO] [OPT-EXP-DSGN - coordinate_ascent] [1/1] [t = 31] swapped,  f(S) = 0.91524
2021-01-29 19:08:21,832 [INFO] [OPT-EXP-DSGN - coordinate_ascent] [1/1] [t = 32] swapped,  f(S) = 0.91552
2021-01-29 19:08:22,216 [INFO] [OPT-EXP-DSGN - coordinate_ascent] [1/1] [t = 33] swapped,  f(S) = 0.91631
2021-01-29 19:08:22,980 [INFO] [OPT-EXP-DSGN - coordinate_ascent] [1/1] [t = 34] swapped,  f(S) = 0.91656
2021-01-29 19:08:23,364 [INFO] [OPT-EXP-DSGN - coordinate_ascent] [1/1] [t = 35] swapped,  f(S) = 0.91662
2021-01-29 19:08:27,947 [INFO] [OPT-EXP-DSGN - coordinate_ascent] [1/1] [t = 36] swapped,  f(S) = 0.91668
2021-01-29 19:08:29,094 [INFO] [OPT-EXP-DSGN - coordinate_ascent] [1/1] [t = 37] swapped,  f(S) = 0.91691
2021-01-29 19:08:29,476 [INFO] [OPT-EXP-DSGN - coordinate_ascent] [1/1] [t = 38] swapped,  f(S) = 0.91748
2021-01-29 19:08:29,880 [INFO] [OPT-EXP-DSGN - coordinate_ascent] [1/1] [t = 39] swapped,  f(S) = 0.91769
2021-01-29 19:08:30,643 [INFO] [OPT-EXP-DSGN - coordinate_ascent] [1/1] [t = 40] swapped,  f(S) = 0.91794
2021-01-29 19:08:32,168 [INFO] [OPT-EXP-DSGN - coordinate_ascent] [1/1] [t = 41] swapped,  f(S) = 0.91800
2021-01-29 19:08:32,930 [INFO] [OPT-EXP-DSGN - coordinate_ascent] [1/1] [t = 42] swapped,  f(S) = 0.91819
2021-01-29 19:08:33,693 [INFO] [OPT-EXP-DSGN - coordinate_ascent] [1/1] [t = 43] swapped,  f(S) = 0.91918
2021-01-29 19:08:34,076 [INFO] [OPT-EXP-DSGN - coordinate_ascent] [1/1] [t = 44] swapped,  f(S) = 0.91980
2021-01-29 19:08:38,283 [INFO] [OPT-EXP-DSGN - coordinate_ascent] [1/1] [t = 45] swapped,  f(S) = 0.91982
2021-01-29 19:08:38,667 [INFO] [OPT-EXP-DSGN - coordinate_ascent] [1/1] [t = 46] swapped,  f(S) = 0.91991
2021-01-29 19:08:40,958 [INFO] [OPT-EXP-DSGN - coordinate_ascent] [1/1] [t = 47] swapped,  f(S) = 0.91997
2021-01-29 19:08:41,342 [INFO] [OPT-EXP-DSGN - coordinate_ascent] [1/1] [t = 48] swapped,  f(S) = 0.92046
2021-01-29 19:08:41,725 [INFO] [OPT-EXP-DSGN - coordinate_ascent] [1/1] [t = 49] swapped,  f(S) = 0.92058
2021-01-29 19:08:42,488 [INFO] [OPT-EXP-DSGN - coordinate_ascent] [1/1] [t = 50] swapped,  f(S) = 0.92059
2021-01-29 19:08:42,872 [INFO] [OPT-EXP-DSGN - coordinate_ascent] [1/1] [t = 51] swapped,  f(S) = 0.92090
2021-01-29 19:08:54,331 [INFO] [OPT-EXP-DSGN - coordinate_ascent] [1/1] [t = 52] swapped,  f(S) = 0.92105
2021-01-29 19:08:54,716 [INFO] [OPT-EXP-DSGN - coordinate_ascent] [1/1] [t = 53] swapped,  f(S) = 0.92198
2021-01-29 19:08:55,099 [INFO] [OPT-EXP-DSGN - coordinate_ascent] [1/1] [t = 54] swapped,  f(S) = 0.92247
2021-01-29 19:08:55,481 [INFO] [OPT-EXP-DSGN - coordinate_ascent] [1/1] [t = 55] swapped,  f(S) = 0.92272
2021-01-29 19:08:55,866 [INFO] [OPT-EXP-DSGN - coordinate_ascent] [1/1] [t = 56] swapped,  f(S) = 0.92289
2021-01-29 19:08:56,249 [INFO] [OPT-EXP-DSGN - coordinate_ascent] [1/1] [t = 57] swapped,  f(S) = 0.92387
2021-01-29 19:08:57,015 [INFO] [OPT-EXP-DSGN - coordinate_ascent] [1/1] [t = 58] swapped,  f(S) = 0.92438
2021-01-29 19:09:00,835 [INFO] [OPT-EXP-DSGN - coordinate_ascent] [1/1] [t = 59] swapped,  f(S) = 0.92438
2021-01-29 19:09:01,217 [INFO] [OPT-EXP-DSGN - coordinate_ascent] [1/1] [t = 60] swapped,  f(S) = 0.92446
2021-01-29 19:09:13,467 [INFO] [OPT-EXP-DSGN - coordinate_ascent] [1/1] [t = 61] swapped,  f(S) = 0.92473
2021-01-29 19:09:13,852 [INFO] [OPT-EXP-DSGN - coordinate_ascent] [1/1] [t = 62] swapped,  f(S) = 0.92481
2021-01-29 19:09:15,771 [INFO] [OPT-EXP-DSGN - coordinate_ascent] [1/1] [t = 63] swapped,  f(S) = 0.92525
2021-01-29 19:09:16,154 [INFO] [OPT-EXP-DSGN - coordinate_ascent] [1/1] [t = 64] swapped,  f(S) = 0.92570
2021-01-29 19:09:23,408 [INFO] [OPT-EXP-DSGN - coordinate_ascent] [1/1] [t = 65] swapped,  f(S) = 0.92687
2021-01-29 19:09:24,174 [INFO] [OPT-EXP-DSGN - coordinate_ascent] [1/1] [t = 66] swapped,  f(S) = 0.92713
2021-01-29 19:09:24,557 [INFO] [OPT-EXP-DSGN - coordinate_ascent] [1/1] [t = 67] swapped,  f(S) = 0.92732
2021-01-29 19:09:24,941 [INFO] [OPT-EXP-DSGN - coordinate_ascent] [1/1] [t = 68] swapped,  f(S) = 0.92732
2021-01-29 19:09:49,001 [INFO] [OPT-EXP-DSGN - coordinate_ascent] [1/1] [t = 69] swapped,  f(S) = 0.92740
2021-01-29 19:09:51,292 [INFO] [OPT-EXP-DSGN - coordinate_ascent] [1/1] [t = 70] swapped,  f(S) = 0.92753
2021-01-29 19:09:51,698 [INFO] [OPT-EXP-DSGN - coordinate_ascent] [1/1] [t = 71] swapped,  f(S) = 0.92787
2021-01-29 19:09:52,463 [INFO] [OPT-EXP-DSGN - coordinate_ascent] [1/1] [t = 72] swapped,  f(S) = 0.92813
2021-01-29 19:09:57,813 [INFO] [OPT-EXP-DSGN - coordinate_ascent] [1/1] [t = 73] swapped,  f(S) = 0.92843
2021-01-29 19:09:58,194 [INFO] [OPT-EXP-DSGN - coordinate_ascent] [1/1] [t = 74] swapped,  f(S) = 0.92846
2021-01-29 19:09:58,576 [INFO] [OPT-EXP-DSGN - coordinate_ascent] [1/1] [t = 75] swapped,  f(S) = 0.92906
2021-01-29 19:09:58,958 [INFO] [OPT-EXP-DSGN - coordinate_ascent] [1/1] [t = 76] swapped,  f(S) = 0.93048
2021-01-29 19:09:59,341 [INFO] [OPT-EXP-DSGN - coordinate_ascent] [1/1] [t = 77] swapped,  f(S) = 0.93074
2021-01-29 19:09:59,725 [INFO] [OPT-EXP-DSGN - coordinate_ascent] [1/1] [t = 78] swapped,  f(S) = 0.93076
2021-01-29 19:10:01,636 [INFO] [OPT-EXP-DSGN - coordinate_ascent] [1/1] [t = 79] swapped,  f(S) = 0.93078
2021-01-29 19:10:03,176 [INFO] [OPT-EXP-DSGN - coordinate_ascent] [1/1] [t = 80] swapped,  f(S) = 0.93098
2021-01-29 19:10:07,371 [INFO] [OPT-EXP-DSGN - coordinate_ascent] [1/1] [t = 81] swapped,  f(S) = 0.93228
2021-01-29 19:10:09,659 [INFO] [OPT-EXP-DSGN - coordinate_ascent] [1/1] [t = 82] swapped,  f(S) = 0.93326
2021-01-29 19:10:10,425 [INFO] [OPT-EXP-DSGN - coordinate_ascent] [1/1] [t = 83] swapped,  f(S) = 0.93345
2021-01-29 19:10:10,809 [INFO] [OPT-EXP-DSGN - coordinate_ascent] [1/1] [t = 84] swapped,  f(S) = 0.93365
2021-01-29 19:10:11,191 [INFO] [OPT-EXP-DSGN - coordinate_ascent] [1/1] [t = 85] swapped,  f(S) = 0.93379
2021-01-29 19:10:12,333 [INFO] [OPT-EXP-DSGN - coordinate_ascent] [1/1] [t = 86] swapped,  f(S) = 0.93381
2021-01-29 19:10:12,715 [INFO] [OPT-EXP-DSGN - coordinate_ascent] [1/1] [t = 87] swapped,  f(S) = 0.93697
2021-01-29 19:10:13,097 [INFO] [OPT-EXP-DSGN - coordinate_ascent] [1/1] [t = 88] swapped,  f(S) = 0.93698
2021-01-29 19:10:16,539 [INFO] [OPT-EXP-DSGN - coordinate_ascent] [1/1] [t = 89] swapped,  f(S) = 0.93734
2021-01-29 19:10:21,122 [INFO] [OPT-EXP-DSGN - coordinate_ascent] [1/1] [t = 90] swapped,  f(S) = 0.93743
2021-01-29 19:10:22,657 [INFO] [OPT-EXP-DSGN - coordinate_ascent] [1/1] [t = 91] swapped,  f(S) = 0.93749
2021-01-29 19:10:23,041 [INFO] [OPT-EXP-DSGN - coordinate_ascent] [1/1] [t = 92] swapped,  f(S) = 0.93786
2021-01-29 19:10:23,423 [INFO] [OPT-EXP-DSGN - coordinate_ascent] [1/1] [t = 93] swapped,  f(S) = 0.93792
2021-01-29 19:10:24,187 [INFO] [OPT-EXP-DSGN - coordinate_ascent] [1/1] [t = 94] swapped,  f(S) = 0.93822
2021-01-29 19:10:28,382 [INFO] [OPT-EXP-DSGN - coordinate_ascent] [1/1] [t = 95] swapped,  f(S) = 0.93858
2021-01-29 19:10:29,531 [INFO] [OPT-EXP-DSGN - coordinate_ascent] [1/1] [t = 96] swapped,  f(S) = 0.93912
2021-01-29 19:10:29,914 [INFO] [OPT-EXP-DSGN - coordinate_ascent] [1/1] [t = 97] swapped,  f(S) = 0.93948
2021-01-29 19:10:30,298 [INFO] [OPT-EXP-DSGN - coordinate_ascent] [1/1] [t = 98] swapped,  f(S) = 0.93979
2021-01-29 19:10:31,830 [INFO] [OPT-EXP-DSGN - coordinate_ascent] [1/1] [t = 99] swapped,  f(S) = 0.93999
2021-01-29 19:10:32,212 [INFO] [OPT-EXP-DSGN - coordinate_ascent] [1/1] [t = 100] swapped,  f(S) = 0.94010
2021-01-29 19:10:46,320 [INFO] [OPT-EXP-DSGN - coordinate_ascent] [1/1] [t = 101] swapped,  f(S) = 0.94034
2021-01-29 19:10:47,087 [INFO] [OPT-EXP-DSGN - coordinate_ascent] [1/1] [t = 102] swapped,  f(S) = 0.94064
2021-01-29 19:10:48,612 [INFO] [OPT-EXP-DSGN - coordinate_ascent] [1/1] [t = 103] swapped,  f(S) = 0.94066
2021-01-29 19:10:52,045 [INFO] [OPT-EXP-DSGN - coordinate_ascent] [1/1] [t = 104] swapped,  f(S) = 0.94172
2021-01-29 19:10:53,952 [INFO] [OPT-EXP-DSGN - coordinate_ascent] [1/1] [t = 105] swapped,  f(S) = 0.94217
2021-01-29 19:10:54,334 [INFO] [OPT-EXP-DSGN - coordinate_ascent] [1/1] [t = 106] swapped,  f(S) = 0.94226
2021-01-29 19:10:57,393 [INFO] [OPT-EXP-DSGN - coordinate_ascent] [1/1] [t = 107] swapped,  f(S) = 0.94251
2021-01-29 19:11:11,886 [INFO] [OPT-EXP-DSGN - coordinate_ascent] [1/1] [t = 108] swapped,  f(S) = 0.94260
2021-01-29 19:11:15,697 [INFO] [OPT-EXP-DSGN - coordinate_ascent] [1/1] [t = 109] swapped,  f(S) = 0.94260
2021-01-29 19:11:16,462 [INFO] [OPT-EXP-DSGN - coordinate_ascent] [1/1] [t = 110] swapped,  f(S) = 0.94282
2021-01-29 19:11:16,845 [INFO] [OPT-EXP-DSGN - coordinate_ascent] [1/1] [t = 111] swapped,  f(S) = 0.94326
2021-01-29 19:11:17,228 [INFO] [OPT-EXP-DSGN - coordinate_ascent] [1/1] [t = 112] swapped,  f(S) = 0.94345
2021-01-29 19:11:19,901 [INFO] [OPT-EXP-DSGN - coordinate_ascent] [1/1] [t = 113] swapped,  f(S) = 0.94353
2021-01-29 19:11:20,284 [INFO] [OPT-EXP-DSGN - coordinate_ascent] [1/1] [t = 114] swapped,  f(S) = 0.94397
2021-01-29 19:11:20,665 [INFO] [OPT-EXP-DSGN - coordinate_ascent] [1/1] [t = 115] swapped,  f(S) = 0.94467
2021-01-29 19:11:21,049 [INFO] [OPT-EXP-DSGN - coordinate_ascent] [1/1] [t = 116] swapped,  f(S) = 0.94480
2021-01-29 19:11:24,103 [INFO] [OPT-EXP-DSGN - coordinate_ascent] [1/1] [t = 117] swapped,  f(S) = 0.94489
2021-01-29 19:11:24,866 [INFO] [OPT-EXP-DSGN - coordinate_ascent] [1/1] [t = 118] swapped,  f(S) = 0.94546
2021-01-29 19:11:25,251 [INFO] [OPT-EXP-DSGN - coordinate_ascent] [1/1] [t = 119] swapped,  f(S) = 0.94648
2021-01-29 19:11:25,632 [INFO] [OPT-EXP-DSGN - coordinate_ascent] [1/1] [t = 120] swapped,  f(S) = 0.94726
2021-01-29 19:11:44,716 [INFO] [OPT-EXP-DSGN - coordinate_ascent] [1/1] [t = 121] swapped,  f(S) = 0.94737
2021-01-29 19:11:45,859 [INFO] [OPT-EXP-DSGN - coordinate_ascent] [1/1] [t = 122] swapped,  f(S) = 0.94774
2021-01-29 19:11:51,593 [INFO] [OPT-EXP-DSGN - coordinate_ascent] [1/1] [t = 123] swapped,  f(S) = 0.94824
2021-01-29 19:11:51,977 [INFO] [OPT-EXP-DSGN - coordinate_ascent] [1/1] [t = 124] swapped,  f(S) = 0.94873
2021-01-29 19:12:00,002 [INFO] [OPT-EXP-DSGN - coordinate_ascent] [1/1] [t = 125] swapped,  f(S) = 0.94888
2021-01-29 19:12:02,295 [INFO] [OPT-EXP-DSGN - coordinate_ascent] [1/1] [t = 126] swapped,  f(S) = 0.94888
2021-01-29 19:12:02,678 [INFO] [OPT-EXP-DSGN - coordinate_ascent] [1/1] [t = 127] swapped,  f(S) = 0.94968
2021-01-29 19:12:04,201 [INFO] [OPT-EXP-DSGN - coordinate_ascent] [1/1] [t = 128] swapped,  f(S) = 0.94986
2021-01-29 19:12:04,966 [INFO] [OPT-EXP-DSGN - coordinate_ascent] [1/1] [t = 129] swapped,  f(S) = 0.94992
2021-01-29 19:12:08,015 [INFO] [OPT-EXP-DSGN - coordinate_ascent] [1/1] [t = 130] swapped,  f(S) = 0.95012
2021-01-29 19:12:15,275 [INFO] [OPT-EXP-DSGN - coordinate_ascent] [1/1] [t = 131] swapped,  f(S) = 0.95037
2021-01-29 19:12:17,187 [INFO] [OPT-EXP-DSGN - coordinate_ascent] [1/1] [t = 132] swapped,  f(S) = 0.95063
2021-01-29 19:12:18,332 [INFO] [OPT-EXP-DSGN - coordinate_ascent] [1/1] [t = 133] swapped,  f(S) = 0.95123
2021-01-29 19:12:22,920 [INFO] [OPT-EXP-DSGN - coordinate_ascent] [1/1] [t = 134] swapped,  f(S) = 0.95157
2021-01-29 19:12:25,233 [INFO] [OPT-EXP-DSGN - coordinate_ascent] [1/1] [t = 135] swapped,  f(S) = 0.95200
2021-01-29 19:12:27,905 [INFO] [OPT-EXP-DSGN - coordinate_ascent] [1/1] [t = 136] swapped,  f(S) = 0.95247
2021-01-29 19:12:28,287 [INFO] [OPT-EXP-DSGN - coordinate_ascent] [1/1] [t = 137] swapped,  f(S) = 0.95259
2021-01-29 19:12:45,841 [INFO] [OPT-EXP-DSGN - coordinate_ascent] [1/1] [t = 138] swapped,  f(S) = 0.95291
2021-01-29 19:12:46,226 [INFO] [OPT-EXP-DSGN - coordinate_ascent] [1/1] [t = 139] swapped,  f(S) = 0.95319
2021-01-29 19:12:47,371 [INFO] [OPT-EXP-DSGN - coordinate_ascent] [1/1] [t = 140] swapped,  f(S) = 0.95340
2021-01-29 19:12:48,895 [INFO] [OPT-EXP-DSGN - coordinate_ascent] [1/1] [t = 141] swapped,  f(S) = 0.95343
2021-01-29 19:12:49,277 [INFO] [OPT-EXP-DSGN - coordinate_ascent] [1/1] [t = 142] swapped,  f(S) = 0.95371
2021-01-29 19:12:50,420 [INFO] [OPT-EXP-DSGN - coordinate_ascent] [1/1] [t = 143] swapped,  f(S) = 0.95374
2021-01-29 19:12:57,320 [INFO] [OPT-EXP-DSGN - coordinate_ascent] [1/1] [t = 144] swapped,  f(S) = 0.95375
2021-01-29 19:12:57,708 [INFO] [OPT-EXP-DSGN - coordinate_ascent] [1/1] [t = 145] swapped,  f(S) = 0.95426
2021-01-29 19:12:59,245 [INFO] [OPT-EXP-DSGN - coordinate_ascent] [1/1] [t = 146] swapped,  f(S) = 0.95466
2021-01-29 19:12:59,626 [INFO] [OPT-EXP-DSGN - coordinate_ascent] [1/1] [t = 147] swapped,  f(S) = 0.95645
2021-01-29 19:13:00,008 [INFO] [OPT-EXP-DSGN - coordinate_ascent] [1/1] [t = 148] swapped,  f(S) = 0.95663
2021-01-29 19:13:00,771 [INFO] [OPT-EXP-DSGN - coordinate_ascent] [1/1] [t = 149] swapped,  f(S) = 0.95711
2021-01-29 19:13:01,152 [INFO] [OPT-EXP-DSGN - coordinate_ascent] [1/1] [t = 150] swapped,  f(S) = 0.95725
2021-01-29 19:13:01,533 [INFO] [OPT-EXP-DSGN - coordinate_ascent] [1/1] [t = 151] swapped,  f(S) = 0.95762
2021-01-29 19:13:04,206 [INFO] [OPT-EXP-DSGN - coordinate_ascent] [1/1] [t = 152] swapped,  f(S) = 0.95766
2021-01-29 19:13:04,590 [INFO] [OPT-EXP-DSGN - coordinate_ascent] [1/1] [t = 153] swapped,  f(S) = 0.95820
2021-01-29 19:13:04,976 [INFO] [OPT-EXP-DSGN - coordinate_ascent] [1/1] [t = 154] swapped,  f(S) = 0.95869
2021-01-29 19:13:06,889 [INFO] [OPT-EXP-DSGN - coordinate_ascent] [1/1] [t = 155] swapped,  f(S) = 0.95877
2021-01-29 19:13:08,037 [INFO] [OPT-EXP-DSGN - coordinate_ascent] [1/1] [t = 156] swapped,  f(S) = 0.95901
2021-01-29 19:13:14,168 [INFO] [OPT-EXP-DSGN - coordinate_ascent] [1/1] [t = 157] swapped,  f(S) = 0.95929
2021-01-29 19:13:14,934 [INFO] [OPT-EXP-DSGN - coordinate_ascent] [1/1] [t = 158] swapped,  f(S) = 0.95940
2021-01-29 19:13:15,698 [INFO] [OPT-EXP-DSGN - coordinate_ascent] [1/1] [t = 159] swapped,  f(S) = 0.95957
2021-01-29 19:13:18,750 [INFO] [OPT-EXP-DSGN - coordinate_ascent] [1/1] [t = 160] swapped,  f(S) = 0.95995
2021-01-29 19:13:19,134 [INFO] [OPT-EXP-DSGN - coordinate_ascent] [1/1] [t = 161] swapped,  f(S) = 0.96010
2021-01-29 19:13:19,899 [INFO] [OPT-EXP-DSGN - coordinate_ascent] [1/1] [t = 162] swapped,  f(S) = 0.96037
2021-01-29 19:13:20,285 [INFO] [OPT-EXP-DSGN - coordinate_ascent] [1/1] [t = 163] swapped,  f(S) = 0.96094
2021-01-29 19:13:59,281 [INFO] [OPT-EXP-DSGN - coordinate_ascent] [1/1] [t = 164] swapped,  f(S) = 0.96111
2021-01-29 19:14:04,268 [INFO] [OPT-EXP-DSGN - coordinate_ascent] [1/1] [t = 165] swapped,  f(S) = 0.96130
2021-01-29 19:14:04,649 [INFO] [OPT-EXP-DSGN - coordinate_ascent] [1/1] [t = 166] swapped,  f(S) = 0.96187
2021-01-29 19:14:05,417 [INFO] [OPT-EXP-DSGN - coordinate_ascent] [1/1] [t = 167] swapped,  f(S) = 0.96205
2021-01-29 19:14:51,953 [INFO] [OPT-EXP-DSGN - coordinate_ascent] [1/1] [t = 168] swapped,  f(S) = 0.96216
2021-01-29 19:14:55,087 [INFO] [OPT-EXP-DSGN - coordinate_ascent] [1/1] [t = 169] swapped,  f(S) = 0.96220
2021-01-29 19:15:02,426 [INFO] [OPT-EXP-DSGN - coordinate_ascent] [1/1] [t = 170] swapped,  f(S) = 0.96269
2021-01-29 19:15:04,599 [INFO] [OPT-EXP-DSGN - coordinate_ascent] [1/1] [t = 171] swapped,  f(S) = 0.96269
2021-01-29 19:15:04,985 [INFO] [OPT-EXP-DSGN - coordinate_ascent] [1/1] [t = 172] swapped,  f(S) = 0.96291
2021-01-29 19:15:05,370 [INFO] [OPT-EXP-DSGN - coordinate_ascent] [1/1] [t = 173] swapped,  f(S) = 0.96301
2021-01-29 19:15:05,752 [INFO] [OPT-EXP-DSGN - coordinate_ascent] [1/1] [t = 174] swapped,  f(S) = 0.96351
2021-01-29 19:15:08,042 [INFO] [OPT-EXP-DSGN - coordinate_ascent] [1/1] [t = 175] swapped,  f(S) = 0.96352
2021-01-29 19:15:19,802 [INFO] [OPT-EXP-DSGN - coordinate_ascent] [1/1] [t = 176] swapped,  f(S) = 0.96370
2021-01-29 19:15:20,591 [INFO] [OPT-EXP-DSGN - coordinate_ascent] [1/1] [t = 177] swapped,  f(S) = 0.96376
2021-01-29 19:16:50,279 [INFO] [OPT-EXP-DSGN - coordinate_ascent] [1/1] [t = 178] swapped,  f(S) = 0.96404
2021-01-29 19:16:50,915 [INFO] [OPT-EXP-DSGN - coordinate_ascent] [1/1] [t = 179] swapped,  f(S) = 0.96404
2021-01-29 19:16:57,070 [INFO] [OPT-EXP-DSGN - coordinate_ascent] [1/1] [t = 180] swapped,  f(S) = 0.96461
2021-01-29 19:16:58,598 [INFO] [OPT-EXP-DSGN - coordinate_ascent] [1/1] [t = 181] swapped,  f(S) = 0.96462
2021-01-29 19:16:59,363 [INFO] [OPT-EXP-DSGN - coordinate_ascent] [1/1] [t = 182] swapped,  f(S) = 0.96468
2021-01-29 19:16:59,746 [INFO] [OPT-EXP-DSGN - coordinate_ascent] [1/1] [t = 183] swapped,  f(S) = 0.96499
2021-01-29 19:17:00,131 [INFO] [OPT-EXP-DSGN - coordinate_ascent] [1/1] [t = 184] swapped,  f(S) = 0.96634
2021-01-29 19:17:01,664 [INFO] [OPT-EXP-DSGN - coordinate_ascent] [1/1] [t = 185] swapped,  f(S) = 0.96642
2021-01-29 19:17:02,045 [INFO] [OPT-EXP-DSGN - coordinate_ascent] [1/1] [t = 186] swapped,  f(S) = 0.96703
2021-01-29 19:17:02,429 [INFO] [OPT-EXP-DSGN - coordinate_ascent] [1/1] [t = 187] swapped,  f(S) = 0.96715
2021-01-29 19:17:02,812 [INFO] [OPT-EXP-DSGN - coordinate_ascent] [1/1] [t = 188] swapped,  f(S) = 0.96742
2021-01-29 19:17:03,577 [INFO] [OPT-EXP-DSGN - coordinate_ascent] [1/1] [t = 189] swapped,  f(S) = 0.96751
2021-01-29 19:17:05,105 [INFO] [OPT-EXP-DSGN - coordinate_ascent] [1/1] [t = 190] swapped,  f(S) = 0.96754
2021-01-29 19:17:07,778 [INFO] [OPT-EXP-DSGN - coordinate_ascent] [1/1] [t = 191] swapped,  f(S) = 0.96773
2021-01-29 19:17:35,631 [INFO] [OPT-EXP-DSGN - coordinate_ascent] [1/1] [t = 192] swapped,  f(S) = 0.96778
2021-01-29 19:17:36,775 [INFO] [OPT-EXP-DSGN - coordinate_ascent] [1/1] [t = 193] swapped,  f(S) = 0.96789
2021-01-29 19:17:37,162 [INFO] [OPT-EXP-DSGN - coordinate_ascent] [1/1] [t = 194] swapped,  f(S) = 0.96803
2021-01-29 19:17:37,544 [INFO] [OPT-EXP-DSGN - coordinate_ascent] [1/1] [t = 195] swapped,  f(S) = 0.96819
2021-01-29 19:17:48,610 [INFO] [OPT-EXP-DSGN - coordinate_ascent] [1/1] [t = 196] swapped,  f(S) = 0.96829
2021-01-29 19:17:49,756 [INFO] [OPT-EXP-DSGN - coordinate_ascent] [1/1] [t = 197] swapped,  f(S) = 0.96855
2021-01-29 19:17:50,139 [INFO] [OPT-EXP-DSGN - coordinate_ascent] [1/1] [t = 198] swapped,  f(S) = 0.96935
2021-01-29 19:17:50,900 [INFO] [OPT-EXP-DSGN - coordinate_ascent] [1/1] [t = 199] swapped,  f(S) = 0.96971
2021-01-29 19:32:03,229 [INFO] [OPT-EXP-DSGN - coordinate_ascent] [1/1] [t = 200] swapped,  f(S) = 0.97011
2021-01-29 19:32:03,990 [INFO] [OPT-EXP-DSGN - coordinate_ascent] [1/1] [t = 201] swapped,  f(S) = 0.97025
2021-01-29 19:32:05,136 [INFO] [OPT-EXP-DSGN - coordinate_ascent] [1/1] [t = 202] swapped,  f(S) = 0.97046
2021-01-29 19:32:05,517 [INFO] [OPT-EXP-DSGN - coordinate_ascent] [1/1] [t = 203] swapped,  f(S) = 0.97069
2021-01-29 19:32:06,280 [INFO] [OPT-EXP-DSGN - coordinate_ascent] [1/1] [t = 204] swapped,  f(S) = 0.97085
2021-01-29 19:32:06,663 [INFO] [OPT-EXP-DSGN - coordinate_ascent] [1/1] [t = 205] swapped,  f(S) = 0.97097
2021-01-29 19:32:07,427 [INFO] [OPT-EXP-DSGN - coordinate_ascent] [1/1] [t = 206] swapped,  f(S) = 0.97119
2021-01-29 19:32:07,810 [INFO] [OPT-EXP-DSGN - coordinate_ascent] [1/1] [t = 207] swapped,  f(S) = 0.97173
2021-01-29 19:32:12,381 [INFO] [OPT-EXP-DSGN - coordinate_ascent] [1/1] [t = 208] swapped,  f(S) = 0.97183
2021-01-29 19:32:12,765 [INFO] [OPT-EXP-DSGN - coordinate_ascent] [1/1] [t = 209] swapped,  f(S) = 0.97251
2021-01-29 19:32:13,529 [INFO] [OPT-EXP-DSGN - coordinate_ascent] [1/1] [t = 210] swapped,  f(S) = 0.97284
2021-01-29 19:32:14,295 [INFO] [OPT-EXP-DSGN - coordinate_ascent] [1/1] [t = 211] swapped,  f(S) = 0.97293
2021-01-29 19:32:14,676 [INFO] [OPT-EXP-DSGN - coordinate_ascent] [1/1] [t = 212] swapped,  f(S) = 0.97348
2021-01-29 19:32:15,441 [INFO] [OPT-EXP-DSGN - coordinate_ascent] [1/1] [t = 213] swapped,  f(S) = 0.97381
2021-01-29 19:32:16,203 [INFO] [OPT-EXP-DSGN - coordinate_ascent] [1/1] [t = 214] swapped,  f(S) = 0.97473
2021-01-29 19:32:16,586 [INFO] [OPT-EXP-DSGN - coordinate_ascent] [1/1] [t = 215] swapped,  f(S) = 0.97482
2021-01-29 19:32:17,348 [INFO] [OPT-EXP-DSGN - coordinate_ascent] [1/1] [t = 216] swapped,  f(S) = 0.97503
2021-01-29 19:33:30,708 [INFO] [OPT-EXP-DSGN - coordinate_ascent] [1/1] [t = 217] swapped,  f(S) = 0.97523
2021-01-29 19:34:35,294 [INFO] [OPT-EXP-DSGN - coordinate_ascent] [1/1] [t = 218] swapped,  f(S) = 0.97538
2021-01-29 19:34:35,678 [INFO] [OPT-EXP-DSGN - coordinate_ascent] [1/1] [t = 219] swapped,  f(S) = 0.97571
2021-01-29 19:34:36,061 [INFO] [OPT-EXP-DSGN - coordinate_ascent] [1/1] [t = 220] swapped,  f(S) = 0.97618
2021-01-29 19:34:36,445 [INFO] [OPT-EXP-DSGN - coordinate_ascent] [1/1] [t = 221] swapped,  f(S) = 0.97748
2021-01-29 19:34:36,828 [INFO] [OPT-EXP-DSGN - coordinate_ascent] [1/1] [t = 222] swapped,  f(S) = 0.97749
2021-01-29 19:34:37,976 [INFO] [OPT-EXP-DSGN - coordinate_ascent] [1/1] [t = 223] swapped,  f(S) = 0.97777
2021-01-29 19:34:45,226 [INFO] [OPT-EXP-DSGN - coordinate_ascent] [1/1] [t = 224] swapped,  f(S) = 0.97808
2021-01-29 19:34:52,498 [INFO] [OPT-EXP-DSGN - coordinate_ascent] [1/1] [t = 225] swapped,  f(S) = 0.97815
2021-01-29 19:34:52,882 [INFO] [OPT-EXP-DSGN - coordinate_ascent] [1/1] [t = 226] swapped,  f(S) = 0.97835
2021-01-29 19:34:54,026 [INFO] [OPT-EXP-DSGN - coordinate_ascent] [1/1] [t = 227] swapped,  f(S) = 0.97851
2021-01-29 19:34:54,408 [INFO] [OPT-EXP-DSGN - coordinate_ascent] [1/1] [t = 228] swapped,  f(S) = 0.97857
2021-01-29 19:34:55,172 [INFO] [OPT-EXP-DSGN - coordinate_ascent] [1/1] [t = 229] swapped,  f(S) = 0.97871
2021-01-29 19:34:55,935 [INFO] [OPT-EXP-DSGN - coordinate_ascent] [1/1] [t = 230] swapped,  f(S) = 0.97876
2021-01-29 19:34:57,466 [INFO] [OPT-EXP-DSGN - coordinate_ascent] [1/1] [t = 231] swapped,  f(S) = 0.97887
2021-01-29 19:34:57,847 [INFO] [OPT-EXP-DSGN - coordinate_ascent] [1/1] [t = 232] swapped,  f(S) = 0.97895
2021-01-29 19:34:58,997 [INFO] [OPT-EXP-DSGN - coordinate_ascent] [1/1] [t = 233] swapped,  f(S) = 0.97897
2021-01-29 19:35:00,909 [INFO] [OPT-EXP-DSGN - coordinate_ascent] [1/1] [t = 234] swapped,  f(S) = 0.97912
2021-01-29 19:35:01,292 [INFO] [OPT-EXP-DSGN - coordinate_ascent] [1/1] [t = 235] swapped,  f(S) = 0.97914
2021-01-29 19:35:01,674 [INFO] [OPT-EXP-DSGN - coordinate_ascent] [1/1] [t = 236] swapped,  f(S) = 0.97946
2021-01-29 19:35:03,201 [INFO] [OPT-EXP-DSGN - coordinate_ascent] [1/1] [t = 237] swapped,  f(S) = 0.97950
2021-01-29 19:35:03,585 [INFO] [OPT-EXP-DSGN - coordinate_ascent] [1/1] [t = 238] swapped,  f(S) = 0.97982
2021-01-29 19:35:09,700 [INFO] [OPT-EXP-DSGN - coordinate_ascent] [1/1] [t = 239] swapped,  f(S) = 0.97992
2021-01-29 19:36:20,069 [INFO] [OPT-EXP-DSGN - coordinate_ascent] [1/1] [t = 240] swapped,  f(S) = 0.98000
2021-01-29 19:36:21,213 [INFO] [OPT-EXP-DSGN - coordinate_ascent] [1/1] [t = 241] swapped,  f(S) = 0.98010
2021-01-29 19:36:22,759 [INFO] [OPT-EXP-DSGN - coordinate_ascent] [1/1] [t = 242] swapped,  f(S) = 0.98013
2021-01-29 19:36:23,522 [INFO] [OPT-EXP-DSGN - coordinate_ascent] [1/1] [t = 243] swapped,  f(S) = 0.98070
2021-01-29 19:36:23,904 [INFO] [OPT-EXP-DSGN - coordinate_ascent] [1/1] [t = 244] swapped,  f(S) = 0.98103
2021-01-29 19:36:25,048 [INFO] [OPT-EXP-DSGN - coordinate_ascent] [1/1] [t = 245] swapped,  f(S) = 0.98106
2021-01-29 19:36:25,430 [INFO] [OPT-EXP-DSGN - coordinate_ascent] [1/1] [t = 246] swapped,  f(S) = 0.98190
2021-01-29 19:38:05,140 [INFO] [OPT-EXP-DSGN - coordinate_ascent] [1/1] [t = 247] swapped,  f(S) = 0.98214
2021-01-29 19:38:05,522 [INFO] [OPT-EXP-DSGN - coordinate_ascent] [1/1] [t = 248] swapped,  f(S) = 0.98238
2021-01-29 19:38:05,906 [INFO] [OPT-EXP-DSGN - coordinate_ascent] [1/1] [t = 249] swapped,  f(S) = 0.98291
2021-01-29 19:38:33,852 [INFO] [OPT-EXP-DSGN - coordinate_ascent] [1/1] [t = 250] swapped,  f(S) = 0.98377
2021-01-29 19:38:35,765 [INFO] [OPT-EXP-DSGN - coordinate_ascent] [1/1] [t = 251] swapped,  f(S) = 0.98385
2021-01-29 19:38:36,147 [INFO] [OPT-EXP-DSGN - coordinate_ascent] [1/1] [t = 252] swapped,  f(S) = 0.98424
2021-01-29 19:39:13,218 [INFO] [OPT-EXP-DSGN - coordinate_ascent] [1/1] [t = 253] swapped,  f(S) = 0.98441
2021-01-29 19:39:25,442 [INFO] [OPT-EXP-DSGN - coordinate_ascent] [1/1] [t = 254] swapped,  f(S) = 0.98448
2021-01-29 19:39:25,824 [INFO] [OPT-EXP-DSGN - coordinate_ascent] [1/1] [t = 255] swapped,  f(S) = 0.98490
2021-01-29 19:39:26,592 [INFO] [OPT-EXP-DSGN - coordinate_ascent] [1/1] [t = 256] swapped,  f(S) = 0.98528
2021-01-29 19:39:26,975 [INFO] [OPT-EXP-DSGN - coordinate_ascent] [1/1] [t = 257] swapped,  f(S) = 0.98557
2021-01-29 19:39:29,652 [INFO] [OPT-EXP-DSGN - coordinate_ascent] [1/1] [t = 258] swapped,  f(S) = 0.98558
2021-01-29 19:39:30,037 [INFO] [OPT-EXP-DSGN - coordinate_ascent] [1/1] [t = 259] swapped,  f(S) = 0.98704
2021-01-29 19:39:31,184 [INFO] [OPT-EXP-DSGN - coordinate_ascent] [1/1] [t = 260] swapped,  f(S) = 0.98726
2021-01-29 19:39:31,567 [INFO] [OPT-EXP-DSGN - coordinate_ascent] [1/1] [t = 261] swapped,  f(S) = 0.98861
2021-01-29 19:39:40,735 [INFO] [OPT-EXP-DSGN - coordinate_ascent] [1/1] [t = 262] swapped,  f(S) = 0.98861
2021-01-29 19:39:41,120 [INFO] [OPT-EXP-DSGN - coordinate_ascent] [1/1] [t = 263] swapped,  f(S) = 0.98878
2021-01-29 19:39:41,503 [INFO] [OPT-EXP-DSGN - coordinate_ascent] [1/1] [t = 264] swapped,  f(S) = 0.98960
2021-01-29 19:39:42,269 [INFO] [OPT-EXP-DSGN - coordinate_ascent] [1/1] [t = 265] swapped,  f(S) = 0.98992
2021-01-29 19:39:47,626 [INFO] [OPT-EXP-DSGN - coordinate_ascent] [1/1] [t = 266] swapped,  f(S) = 0.98997
2021-01-29 19:39:48,010 [INFO] [OPT-EXP-DSGN - coordinate_ascent] [1/1] [t = 267] swapped,  f(S) = 0.99028
2021-01-29 19:39:48,775 [INFO] [OPT-EXP-DSGN - coordinate_ascent] [1/1] [t = 268] swapped,  f(S) = 0.99066
2021-01-29 19:39:55,257 [INFO] [OPT-EXP-DSGN - coordinate_ascent] [1/1] [t = 269] swapped,  f(S) = 0.99083
2021-01-29 19:43:58,912 [INFO] [OPT-EXP-DSGN - coordinate_ascent] [1/1] [t = 270] swapped,  f(S) = 0.99121
2021-01-29 19:44:41,738 [INFO] [OPT-EXP-DSGN - coordinate_ascent] [1/1] [t = 271] swapped,  f(S) = 0.99139
2021-01-29 19:45:08,461 [INFO] [OPT-EXP-DSGN - coordinate_ascent] [1/1] [t = 272] swapped,  f(S) = 0.99150
2021-01-29 20:13:42,161 [INFO] [OPT-EXP-DSGN - coordinate_ascent] [1/1] [t = 273] swapped,  f(S) = 0.99159
2021-01-29 20:13:43,310 [INFO] [OPT-EXP-DSGN - coordinate_ascent] [1/1] [t = 274] swapped,  f(S) = 0.99175
2021-01-29 20:13:44,457 [INFO] [OPT-EXP-DSGN - coordinate_ascent] [1/1] [t = 275] swapped,  f(S) = 0.99177
2021-01-29 20:13:45,224 [INFO] [OPT-EXP-DSGN - coordinate_ascent] [1/1] [t = 276] swapped,  f(S) = 0.99181
2021-01-29 20:13:45,607 [INFO] [OPT-EXP-DSGN - coordinate_ascent] [1/1] [t = 277] swapped,  f(S) = 0.99186
2021-01-29 20:13:49,037 [INFO] [OPT-EXP-DSGN - coordinate_ascent] [1/1] [t = 278] swapped,  f(S) = 0.99200
2021-01-29 20:13:49,806 [INFO] [OPT-EXP-DSGN - coordinate_ascent] [1/1] [t = 279] swapped,  f(S) = 0.99222
2021-01-29 20:13:51,720 [INFO] [OPT-EXP-DSGN - coordinate_ascent] [1/1] [t = 280] swapped,  f(S) = 0.99240
2021-01-29 20:13:54,011 [INFO] [OPT-EXP-DSGN - coordinate_ascent] [1/1] [t = 281] swapped,  f(S) = 0.99272
2021-01-29 20:15:31,073 [INFO] [OPT-EXP-DSGN - coordinate_ascent] [1/1] [t = 282] swapped,  f(S) = 0.99299
2021-01-29 20:15:31,838 [INFO] [OPT-EXP-DSGN - coordinate_ascent] [1/1] [t = 283] swapped,  f(S) = 0.99303
2021-01-29 20:15:33,367 [INFO] [OPT-EXP-DSGN - coordinate_ascent] [1/1] [t = 284] swapped,  f(S) = 0.99305
2021-01-29 20:15:35,279 [INFO] [OPT-EXP-DSGN - coordinate_ascent] [1/1] [t = 285] swapped,  f(S) = 0.99318
2021-01-29 20:15:35,661 [INFO] [OPT-EXP-DSGN - coordinate_ascent] [1/1] [t = 286] swapped,  f(S) = 0.99382
2021-01-29 20:16:10,486 [INFO] [OPT-EXP-DSGN - coordinate_ascent] [1/1] [t = 287] swapped,  f(S) = 0.99387
2021-01-29 20:16:11,632 [INFO] [OPT-EXP-DSGN - coordinate_ascent] [1/1] [t = 288] swapped,  f(S) = 0.99413
2021-01-29 20:16:12,013 [INFO] [OPT-EXP-DSGN - coordinate_ascent] [1/1] [t = 289] swapped,  f(S) = 0.99503
2021-01-29 20:16:15,480 [INFO] [OPT-EXP-DSGN - coordinate_ascent] [1/1] [t = 290] swapped,  f(S) = 0.99511
2021-01-29 20:16:16,247 [INFO] [OPT-EXP-DSGN - coordinate_ascent] [1/1] [t = 291] swapped,  f(S) = 0.99515
2021-01-29 20:16:17,013 [INFO] [OPT-EXP-DSGN - coordinate_ascent] [1/1] [t = 292] swapped,  f(S) = 0.99588
2021-01-29 20:16:17,400 [INFO] [OPT-EXP-DSGN - coordinate_ascent] [1/1] [t = 293] swapped,  f(S) = 0.99659
2021-01-29 20:16:18,550 [INFO] [OPT-EXP-DSGN - coordinate_ascent] [1/1] [t = 294] swapped,  f(S) = 0.99661
2021-01-29 20:16:19,316 [INFO] [OPT-EXP-DSGN - coordinate_ascent] [1/1] [t = 295] swapped,  f(S) = 0.99670
2021-01-29 20:16:21,236 [INFO] [OPT-EXP-DSGN - coordinate_ascent] [1/1] [t = 296] swapped,  f(S) = 0.99671
2021-01-29 20:16:22,001 [INFO] [OPT-EXP-DSGN - coordinate_ascent] [1/1] [t = 297] swapped,  f(S) = 0.99677
2021-01-29 20:16:24,293 [INFO] [OPT-EXP-DSGN - coordinate_ascent] [1/1] [t = 298] swapped,  f(S) = 0.99713
2021-01-29 20:16:24,675 [INFO] [OPT-EXP-DSGN - coordinate_ascent] [1/1] [t = 299] swapped,  f(S) = 0.99748
2021-01-29 20:16:25,057 [INFO] [OPT-EXP-DSGN - coordinate_ascent] [1/1] [t = 300] swapped,  f(S) = 0.99937
2021-01-29 20:21:04,643 [INFO] [OPT-EXP-DSGN - coordinate_ascent] [1/1] [t = 301] swapped,  f(S) = 0.99948
2021-01-29 20:21:05,667 [INFO] [OPT-EXP-DSGN - coordinate_ascent] [1/1] [t = 302] swapped,  f(S) = 0.99966
2021-01-29 20:21:06,049 [INFO] [OPT-EXP-DSGN - coordinate_ascent] [1/1] [t = 303] swapped,  f(S) = 1.00029
2021-01-29 20:22:15,179 [INFO] [OPT-EXP-DSGN - coordinate_ascent] [1/1] [t = 304] swapped,  f(S) = 1.00045
2021-01-29 20:22:21,975 [INFO] [OPT-EXP-DSGN - coordinate_ascent] [1/1] [t = 305] swapped,  f(S) = 1.00055
2021-01-29 20:22:28,465 [INFO] [OPT-EXP-DSGN - coordinate_ascent] [1/1] [t = 306] swapped,  f(S) = 1.00065
2021-01-29 20:22:33,047 [INFO] [OPT-EXP-DSGN - coordinate_ascent] [1/1] [t = 307] swapped,  f(S) = 1.00083
2021-01-29 20:22:33,430 [INFO] [OPT-EXP-DSGN - coordinate_ascent] [1/1] [t = 308] swapped,  f(S) = 1.00083
2021-01-29 20:22:33,812 [INFO] [OPT-EXP-DSGN - coordinate_ascent] [1/1] [t = 309] swapped,  f(S) = 1.00089
2021-01-29 20:23:07,116 [INFO] [OPT-EXP-DSGN - coordinate_ascent] [1/1] [t = 310] swapped,  f(S) = 1.00115
2021-01-29 20:23:07,500 [INFO] [OPT-EXP-DSGN - coordinate_ascent] [1/1] [t = 311] swapped,  f(S) = 1.00198
2021-01-29 20:23:07,883 [INFO] [OPT-EXP-DSGN - coordinate_ascent] [1/1] [t = 312] swapped,  f(S) = 1.00208
2021-01-29 20:23:17,061 [INFO] [OPT-EXP-DSGN - coordinate_ascent] [1/1] [t = 313] swapped,  f(S) = 1.00209
2021-01-29 20:26:36,878 [INFO] [OPT-EXP-DSGN - coordinate_ascent] [1/1] [t = 314] swapped,  f(S) = 1.00218
2021-01-29 20:26:43,006 [INFO] [OPT-EXP-DSGN - coordinate_ascent] [1/1] [t = 315] swapped,  f(S) = 1.00221
2021-01-29 20:26:43,388 [INFO] [OPT-EXP-DSGN - coordinate_ascent] [1/1] [t = 316] swapped,  f(S) = 1.00233
2021-01-29 20:26:44,922 [INFO] [OPT-EXP-DSGN - coordinate_ascent] [1/1] [t = 317] swapped,  f(S) = 1.00249
2021-01-29 20:26:45,310 [INFO] [OPT-EXP-DSGN - coordinate_ascent] [1/1] [t = 318] swapped,  f(S) = 1.00342
2021-01-29 20:26:45,691 [INFO] [OPT-EXP-DSGN - coordinate_ascent] [1/1] [t = 319] swapped,  f(S) = 1.00373
2021-01-29 20:27:35,441 [INFO] [OPT-EXP-DSGN - coordinate_ascent] [1/1] [t = 320] swapped,  f(S) = 1.00382
2021-01-29 20:27:35,825 [INFO] [OPT-EXP-DSGN - coordinate_ascent] [1/1] [t = 321] swapped,  f(S) = 1.00404
2021-01-29 20:27:36,209 [INFO] [OPT-EXP-DSGN - coordinate_ascent] [1/1] [t = 322] swapped,  f(S) = 1.00452
2021-01-29 20:27:37,363 [INFO] [OPT-EXP-DSGN - coordinate_ascent] [1/1] [t = 323] swapped,  f(S) = 1.00455
2021-01-29 20:27:42,722 [INFO] [OPT-EXP-DSGN - coordinate_ascent] [1/1] [t = 324] swapped,  f(S) = 1.00465
2021-01-29 20:27:43,107 [INFO] [OPT-EXP-DSGN - coordinate_ascent] [1/1] [t = 325] swapped,  f(S) = 1.00485
2021-01-29 20:27:43,498 [INFO] [OPT-EXP-DSGN - coordinate_ascent] [1/1] [t = 326] swapped,  f(S) = 1.00498
2021-01-29 20:27:45,791 [INFO] [OPT-EXP-DSGN - coordinate_ascent] [1/1] [t = 327] swapped,  f(S) = 1.00502
2021-01-29 20:27:46,556 [INFO] [OPT-EXP-DSGN - coordinate_ascent] [1/1] [t = 328] swapped,  f(S) = 1.00546
2021-01-29 20:27:47,710 [INFO] [OPT-EXP-DSGN - coordinate_ascent] [1/1] [t = 329] swapped,  f(S) = 1.00554
2021-01-29 20:27:48,876 [INFO] [OPT-EXP-DSGN - coordinate_ascent] [1/1] [t = 330] swapped,  f(S) = 1.00589
2021-01-29 20:27:50,784 [INFO] [OPT-EXP-DSGN - coordinate_ascent] [1/1] [t = 331] swapped,  f(S) = 1.00605
2021-01-29 20:27:52,709 [INFO] [OPT-EXP-DSGN - coordinate_ascent] [1/1] [t = 332] swapped,  f(S) = 1.00623
2021-01-29 20:28:05,008 [INFO] [OPT-EXP-DSGN - coordinate_ascent] [1/1] [t = 333] swapped,  f(S) = 1.00627
2021-01-29 20:28:06,538 [INFO] [OPT-EXP-DSGN - coordinate_ascent] [1/1] [t = 334] swapped,  f(S) = 1.00630
2021-01-29 20:28:07,693 [INFO] [OPT-EXP-DSGN - coordinate_ascent] [1/1] [t = 335] swapped,  f(S) = 1.00640
2021-01-29 20:28:08,076 [INFO] [OPT-EXP-DSGN - coordinate_ascent] [1/1] [t = 336] swapped,  f(S) = 1.00682
2021-01-29 20:28:08,463 [INFO] [OPT-EXP-DSGN - coordinate_ascent] [1/1] [t = 337] swapped,  f(S) = 1.00699
2021-01-29 20:28:11,524 [INFO] [OPT-EXP-DSGN - coordinate_ascent] [1/1] [t = 338] swapped,  f(S) = 1.00731
2021-01-29 20:28:11,909 [INFO] [OPT-EXP-DSGN - coordinate_ascent] [1/1] [t = 339] swapped,  f(S) = 1.00737
2021-01-29 20:28:14,965 [INFO] [OPT-EXP-DSGN - coordinate_ascent] [1/1] [t = 340] swapped,  f(S) = 1.00757
2021-01-29 20:28:17,258 [INFO] [OPT-EXP-DSGN - coordinate_ascent] [1/1] [t = 341] swapped,  f(S) = 1.00760
2021-01-29 20:28:17,643 [INFO] [OPT-EXP-DSGN - coordinate_ascent] [1/1] [t = 342] swapped,  f(S) = 1.00785
2021-01-29 20:28:18,027 [INFO] [OPT-EXP-DSGN - coordinate_ascent] [1/1] [t = 343] swapped,  f(S) = 1.00790
2021-01-29 21:01:03,620 [INFO] [OPT-EXP-DSGN - coordinate_ascent] [1/1] [t = 344] swapped,  f(S) = 1.00790
2021-01-29 21:01:04,001 [INFO] [OPT-EXP-DSGN - coordinate_ascent] [1/1] [t = 345] swapped,  f(S) = 1.00814
2021-01-29 21:01:06,287 [INFO] [OPT-EXP-DSGN - coordinate_ascent] [1/1] [t = 346] swapped,  f(S) = 1.00817
2021-01-29 21:01:08,193 [INFO] [OPT-EXP-DSGN - coordinate_ascent] [1/1] [t = 347] swapped,  f(S) = 1.00834
2021-01-29 21:01:09,335 [INFO] [OPT-EXP-DSGN - coordinate_ascent] [1/1] [t = 348] swapped,  f(S) = 1.00851
2021-01-29 21:01:09,718 [INFO] [OPT-EXP-DSGN - coordinate_ascent] [1/1] [t = 349] swapped,  f(S) = 1.00890
2021-01-29 21:01:10,097 [INFO] [OPT-EXP-DSGN - coordinate_ascent] [1/1] [t = 350] swapped,  f(S) = 1.00895
2021-01-29 21:01:20,398 [INFO] [OPT-EXP-DSGN - coordinate_ascent] [1/1] [t = 351] swapped,  f(S) = 1.00903
2021-01-29 21:01:20,780 [INFO] [OPT-EXP-DSGN - coordinate_ascent] [1/1] [t = 352] swapped,  f(S) = 1.01032
2021-01-29 21:12:14,150 [INFO] [OPT-EXP-DSGN - coordinate_ascent] [1/1] [t = 353] swapped,  f(S) = 1.01062
2021-01-29 21:23:42,913 [INFO] [OPT-EXP-DSGN - coordinate_ascent] [1/1] [t = 354] swapped,  f(S) = 1.01077
2021-01-29 21:27:00,648 [INFO] [OPT-EXP-DSGN - coordinate_ascent] [1/1] [t = 355] swapped,  f(S) = 1.01081
2021-01-29 21:27:05,101 [INFO] [OPT-EXP-DSGN - coordinate_ascent] [1/1] [t = 356] swapped,  f(S) = 1.01098
2021-01-29 21:30:08,801 [INFO] [OPT-EXP-DSGN - coordinate_ascent] [1/1] [t = 357] swapped,  f(S) = 1.01098
2021-01-29 21:30:09,454 [INFO] [OPT-EXP-DSGN - coordinate_ascent] [1/1] [t = 358] swapped,  f(S) = 1.01149
2021-01-29 21:30:09,900 [INFO] [OPT-EXP-DSGN - coordinate_ascent] [1/1] [t = 359] swapped,  f(S) = 1.01155
2021-01-29 21:30:10,289 [INFO] [OPT-EXP-DSGN - coordinate_ascent] [1/1] [t = 360] swapped,  f(S) = 1.01182
2021-01-29 21:30:37,663 [INFO] [OPT-EXP-DSGN - coordinate_ascent] [1/1] [t = 361] swapped,  f(S) = 1.01202
2021-01-29 21:30:39,203 [INFO] [OPT-EXP-DSGN - coordinate_ascent] [1/1] [t = 362] swapped,  f(S) = 1.01214
2021-01-29 21:30:39,588 [INFO] [OPT-EXP-DSGN - coordinate_ascent] [1/1] [t = 363] swapped,  f(S) = 1.01251
2021-01-29 21:30:40,743 [INFO] [OPT-EXP-DSGN - coordinate_ascent] [1/1] [t = 364] swapped,  f(S) = 1.01279
2021-01-29 21:30:41,129 [INFO] [OPT-EXP-DSGN - coordinate_ascent] [1/1] [t = 365] swapped,  f(S) = 1.01315
2021-01-29 21:30:59,673 [INFO] [OPT-EXP-DSGN - coordinate_ascent] [1/1] [t = 366] swapped,  f(S) = 1.01349
2021-01-29 21:31:00,443 [INFO] [OPT-EXP-DSGN - coordinate_ascent] [1/1] [t = 367] swapped,  f(S) = 1.01370
2021-01-29 21:31:01,622 [INFO] [OPT-EXP-DSGN - coordinate_ascent] [1/1] [t = 368] swapped,  f(S) = 1.01409
2021-01-29 21:31:02,395 [INFO] [OPT-EXP-DSGN - coordinate_ascent] [1/1] [t = 369] swapped,  f(S) = 1.01410
2021-01-29 21:31:33,712 [INFO] [OPT-EXP-DSGN - coordinate_ascent] [1/1] [t = 370] swapped,  f(S) = 1.01433
2021-01-29 21:31:34,485 [INFO] [OPT-EXP-DSGN - coordinate_ascent] [1/1] [t = 371] swapped,  f(S) = 1.01435
2021-01-29 21:33:14,088 [INFO] [OPT-EXP-DSGN - coordinate_ascent] [1/1] [t = 372] swapped,  f(S) = 1.01437
2021-01-29 21:33:14,476 [INFO] [OPT-EXP-DSGN - coordinate_ascent] [1/1] [t = 373] swapped,  f(S) = 1.01500
2021-01-29 21:33:18,338 [INFO] [OPT-EXP-DSGN - coordinate_ascent] [1/1] [t = 374] swapped,  f(S) = 1.01502
2021-01-29 21:34:07,745 [INFO] [OPT-EXP-DSGN - coordinate_ascent] [1/1] [t = 375] swapped,  f(S) = 1.01537
2021-01-29 21:34:08,132 [INFO] [OPT-EXP-DSGN - coordinate_ascent] [1/1] [t = 376] swapped,  f(S) = 1.01543
2021-01-29 21:34:08,903 [INFO] [OPT-EXP-DSGN - coordinate_ascent] [1/1] [t = 377] swapped,  f(S) = 1.01546
2021-01-29 21:34:09,288 [INFO] [OPT-EXP-DSGN - coordinate_ascent] [1/1] [t = 378] swapped,  f(S) = 1.01550
2021-01-29 21:34:11,991 [INFO] [OPT-EXP-DSGN - coordinate_ascent] [1/1] [t = 379] swapped,  f(S) = 1.01583
2021-01-29 21:34:20,537 [INFO] [OPT-EXP-DSGN - coordinate_ascent] [1/1] [t = 380] swapped,  f(S) = 1.01588
2021-01-29 21:34:20,925 [INFO] [OPT-EXP-DSGN - coordinate_ascent] [1/1] [t = 381] swapped,  f(S) = 1.01588
2021-01-29 21:34:26,326 [INFO] [OPT-EXP-DSGN - coordinate_ascent] [1/1] [t = 382] swapped,  f(S) = 1.01616
2021-01-29 21:34:26,711 [INFO] [OPT-EXP-DSGN - coordinate_ascent] [1/1] [t = 383] swapped,  f(S) = 1.01625
2021-01-29 21:34:37,126 [INFO] [OPT-EXP-DSGN - coordinate_ascent] [1/1] [t = 384] swapped,  f(S) = 1.01628
2021-01-29 21:44:40,755 [INFO] [OPT-EXP-DSGN - coordinate_ascent] [1/1] [t = 385] swapped,  f(S) = 1.01631
2021-01-29 22:06:46,883 [INFO] [OPT-EXP-DSGN - coordinate_ascent] [1/1] [t = 386] swapped,  f(S) = 1.01637
2021-01-29 22:06:51,115 [INFO] [OPT-EXP-DSGN - coordinate_ascent] [1/1] [t = 387] swapped,  f(S) = 1.01649
2021-01-29 22:06:51,889 [INFO] [OPT-EXP-DSGN - coordinate_ascent] [1/1] [t = 388] swapped,  f(S) = 1.01709
2021-01-29 22:07:01,148 [INFO] [OPT-EXP-DSGN - coordinate_ascent] [1/1] [t = 389] swapped,  f(S) = 1.01713
2021-01-29 22:07:22,401 [INFO] [OPT-EXP-DSGN - coordinate_ascent] [1/1] [t = 390] swapped,  f(S) = 1.01716
2021-01-29 22:07:22,790 [INFO] [OPT-EXP-DSGN - coordinate_ascent] [1/1] [t = 391] swapped,  f(S) = 1.01817
2021-01-29 22:08:55,941 [INFO] [OPT-EXP-DSGN - coordinate_ascent] [1/1] [t = 392] swapped,  f(S) = 1.01826
2021-01-29 22:08:56,327 [INFO] [OPT-EXP-DSGN - coordinate_ascent] [1/1] [t = 393] swapped,  f(S) = 1.01898
2021-01-29 22:09:00,957 [INFO] [OPT-EXP-DSGN - coordinate_ascent] [1/1] [t = 394] swapped,  f(S) = 1.01906
2021-01-29 22:09:02,117 [INFO] [OPT-EXP-DSGN - coordinate_ascent] [1/1] [t = 395] swapped,  f(S) = 1.01911
2021-01-29 22:09:04,045 [INFO] [OPT-EXP-DSGN - coordinate_ascent] [1/1] [t = 396] swapped,  f(S) = 1.01913
2021-01-29 22:09:04,430 [INFO] [OPT-EXP-DSGN - coordinate_ascent] [1/1] [t = 397] swapped,  f(S) = 1.02005
2021-01-29 22:09:04,817 [INFO] [OPT-EXP-DSGN - coordinate_ascent] [1/1] [t = 398] swapped,  f(S) = 1.02017
2021-01-29 22:09:06,364 [INFO] [OPT-EXP-DSGN - coordinate_ascent] [1/1] [t = 399] swapped,  f(S) = 1.02025
2021-01-29 22:10:03,134 [INFO] [OPT-EXP-DSGN - coordinate_ascent] [1/1] [t = 400] swapped,  f(S) = 1.02057
2021-01-29 22:10:03,902 [INFO] [OPT-EXP-DSGN - coordinate_ascent] [1/1] [t = 401] swapped,  f(S) = 1.02126
2021-01-29 22:10:04,677 [INFO] [OPT-EXP-DSGN - coordinate_ascent] [1/1] [t = 402] swapped,  f(S) = 1.02135
2021-01-29 22:13:41,369 [INFO] [OPT-EXP-DSGN - coordinate_ascent] [1/1] [t = 403] swapped,  f(S) = 1.02135
2021-01-29 22:22:27,303 [INFO] [OPT-EXP-DSGN - coordinate_ascent] [1/1] [t = 404] swapped,  f(S) = 1.02159
2021-01-29 22:25:50,801 [INFO] [OPT-EXP-DSGN - coordinate_ascent] [1/1] [t = 405] swapped,  f(S) = 1.02187
2021-01-29 22:25:51,189 [INFO] [OPT-EXP-DSGN - coordinate_ascent] [1/1] [t = 406] swapped,  f(S) = 1.02218
2021-01-29 22:25:52,350 [INFO] [OPT-EXP-DSGN - coordinate_ascent] [1/1] [t = 407] swapped,  f(S) = 1.02224
2021-01-29 22:25:53,123 [INFO] [OPT-EXP-DSGN - coordinate_ascent] [1/1] [t = 408] swapped,  f(S) = 1.02225
2021-01-29 22:25:53,900 [INFO] [OPT-EXP-DSGN - coordinate_ascent] [1/1] [t = 409] swapped,  f(S) = 1.02233
2021-01-29 22:25:59,718 [INFO] [OPT-EXP-DSGN - coordinate_ascent] [1/1] [t = 410] swapped,  f(S) = 1.02234
2021-01-29 22:26:02,039 [INFO] [OPT-EXP-DSGN - coordinate_ascent] [1/1] [t = 411] swapped,  f(S) = 1.02234
2021-01-29 22:26:02,812 [INFO] [OPT-EXP-DSGN - coordinate_ascent] [1/1] [t = 412] swapped,  f(S) = 1.02237
2021-01-29 22:26:15,567 [INFO] [OPT-EXP-DSGN - coordinate_ascent] [1/1] [t = 413] swapped,  f(S) = 1.02242
2021-01-29 22:26:56,917 [INFO] [OPT-EXP-DSGN - coordinate_ascent] [1/1] [t = 414] swapped,  f(S) = 1.02253
2021-01-29 22:26:57,688 [INFO] [OPT-EXP-DSGN - coordinate_ascent] [1/1] [t = 415] swapped,  f(S) = 1.02268
2021-01-29 22:27:01,939 [INFO] [OPT-EXP-DSGN - coordinate_ascent] [1/1] [t = 416] swapped,  f(S) = 1.02296
2021-01-29 22:27:03,480 [INFO] [OPT-EXP-DSGN - coordinate_ascent] [1/1] [t = 417] swapped,  f(S) = 1.02308
2021-01-29 22:27:04,254 [INFO] [OPT-EXP-DSGN - coordinate_ascent] [1/1] [t = 418] swapped,  f(S) = 1.02315
2021-01-29 22:27:05,414 [INFO] [OPT-EXP-DSGN - coordinate_ascent] [1/1] [t = 419] swapped,  f(S) = 1.02318
2021-01-29 22:27:11,220 [INFO] [OPT-EXP-DSGN - coordinate_ascent] [1/1] [t = 420] swapped,  f(S) = 1.02330
2021-01-29 22:48:53,154 [INFO] [OPT-EXP-DSGN - coordinate_ascent] [1/1] [t = 421] swapped,  f(S) = 1.02350
2021-01-29 22:48:54,391 [INFO] [OPT-EXP-DSGN - coordinate_ascent] [1/1] [t = 422] swapped,  f(S) = 1.02376
2021-01-29 22:50:42,964 [INFO] [OPT-EXP-DSGN - coordinate_ascent] [1/1] [t = 423] swapped,  f(S) = 1.02390
2021-01-29 22:50:44,898 [INFO] [OPT-EXP-DSGN - coordinate_ascent] [1/1] [t = 424] swapped,  f(S) = 1.02403
2021-01-29 22:50:46,438 [INFO] [OPT-EXP-DSGN - coordinate_ascent] [1/1] [t = 425] swapped,  f(S) = 1.02411
2021-01-29 22:52:08,261 [INFO] [OPT-EXP-DSGN - coordinate_ascent] [1/1] [t = 426] swapped,  f(S) = 1.02433
2021-01-29 22:52:09,414 [INFO] [OPT-EXP-DSGN - coordinate_ascent] [1/1] [t = 427] swapped,  f(S) = 1.02476
2021-01-29 22:52:09,800 [INFO] [OPT-EXP-DSGN - coordinate_ascent] [1/1] [t = 428] swapped,  f(S) = 1.02483
2021-01-29 22:52:15,199 [INFO] [OPT-EXP-DSGN - coordinate_ascent] [1/1] [t = 429] swapped,  f(S) = 1.02498
2021-01-29 22:52:15,584 [INFO] [OPT-EXP-DSGN - coordinate_ascent] [1/1] [t = 430] swapped,  f(S) = 1.02567
2021-01-29 22:52:22,923 [INFO] [OPT-EXP-DSGN - coordinate_ascent] [1/1] [t = 431] swapped,  f(S) = 1.02570
2021-01-29 22:52:24,856 [INFO] [OPT-EXP-DSGN - coordinate_ascent] [1/1] [t = 432] swapped,  f(S) = 1.02614
2021-01-29 22:52:26,409 [INFO] [OPT-EXP-DSGN - coordinate_ascent] [1/1] [t = 433] swapped,  f(S) = 1.02647
2021-01-29 22:52:29,114 [INFO] [OPT-EXP-DSGN - coordinate_ascent] [1/1] [t = 434] swapped,  f(S) = 1.02662
2021-01-29 22:52:29,506 [INFO] [OPT-EXP-DSGN - coordinate_ascent] [1/1] [t = 435] swapped,  f(S) = 1.02682
2021-01-29 22:52:29,894 [INFO] [OPT-EXP-DSGN - coordinate_ascent] [1/1] [t = 436] swapped,  f(S) = 1.02686
2021-01-29 22:52:49,985 [INFO] [OPT-EXP-DSGN - coordinate_ascent] [1/1] [t = 437] swapped,  f(S) = 1.02704
2021-01-29 22:52:51,142 [INFO] [OPT-EXP-DSGN - coordinate_ascent] [1/1] [t = 438] swapped,  f(S) = 1.02704
2021-01-29 22:52:52,687 [INFO] [OPT-EXP-DSGN - coordinate_ascent] [1/1] [t = 439] swapped,  f(S) = 1.02725
2021-01-29 22:52:53,844 [INFO] [OPT-EXP-DSGN - coordinate_ascent] [1/1] [t = 440] swapped,  f(S) = 1.02733
2021-01-29 22:52:56,155 [INFO] [OPT-EXP-DSGN - coordinate_ascent] [1/1] [t = 441] swapped,  f(S) = 1.02736
2021-01-29 23:45:05,929 [INFO] [OPT-EXP-DSGN - coordinate_ascent] [1/1] [t = 442] swapped,  f(S) = 1.02740
2021-01-30 00:40:33,565 [INFO] [OPT-EXP-DSGN - coordinate_ascent] [1/1] [t = 443] swapped,  f(S) = 1.02750
2021-01-30 00:40:34,324 [INFO] [OPT-EXP-DSGN - coordinate_ascent] [1/1] [t = 444] swapped,  f(S) = 1.02763
2021-01-30 00:40:36,219 [INFO] [OPT-EXP-DSGN - coordinate_ascent] [1/1] [t = 445] swapped,  f(S) = 1.02776
2021-01-30 00:40:58,918 [INFO] [OPT-EXP-DSGN - coordinate_ascent] [1/1] [t = 446] swapped,  f(S) = 1.02777
2021-01-30 00:44:10,467 [INFO] [OPT-EXP-DSGN - coordinate_ascent] [1/1] [t = 447] swapped,  f(S) = 1.02783
2021-01-30 00:46:06,291 [INFO] [OPT-EXP-DSGN - coordinate_ascent] [1/1] [t = 448] swapped,  f(S) = 1.02787
2021-01-30 00:46:07,805 [INFO] [OPT-EXP-DSGN - coordinate_ascent] [1/1] [t = 449] swapped,  f(S) = 1.02790
2021-01-30 00:46:11,241 [INFO] [OPT-EXP-DSGN - coordinate_ascent] [1/1] [t = 450] swapped,  f(S) = 1.02819
2021-01-30 00:46:41,890 [INFO] [OPT-EXP-DSGN - coordinate_ascent] [1/1] [t = 451] swapped,  f(S) = 1.02825
2021-01-30 01:37:52,417 [INFO] [OPT-EXP-DSGN - coordinate_ascent] [1/1] [t = 452] swapped,  f(S) = 1.02841
2021-01-30 01:37:53,683 [INFO] [OPT-EXP-DSGN - coordinate_ascent] [1/1] [t = 453] swapped,  f(S) = 1.02846
2021-01-30 01:37:54,063 [INFO] [OPT-EXP-DSGN - coordinate_ascent] [1/1] [t = 454] swapped,  f(S) = 1.02857
2021-01-30 01:37:56,329 [INFO] [OPT-EXP-DSGN - coordinate_ascent] [1/1] [t = 455] swapped,  f(S) = 1.02867
2021-01-30 01:37:56,709 [INFO] [OPT-EXP-DSGN - coordinate_ascent] [1/1] [t = 456] swapped,  f(S) = 1.02922
2021-01-30 01:38:06,538 [INFO] [OPT-EXP-DSGN - coordinate_ascent] [1/1] [t = 457] swapped,  f(S) = 1.02930
2021-01-30 01:38:08,430 [INFO] [OPT-EXP-DSGN - coordinate_ascent] [1/1] [t = 458] swapped,  f(S) = 1.02945
2021-01-30 01:38:08,809 [INFO] [OPT-EXP-DSGN - coordinate_ascent] [1/1] [t = 459] swapped,  f(S) = 1.02952
2021-01-30 01:38:12,588 [INFO] [OPT-EXP-DSGN - coordinate_ascent] [1/1] [t = 460] swapped,  f(S) = 1.02958
2021-01-30 02:29:23,318 [INFO] [OPT-EXP-DSGN - coordinate_ascent] [1/1] [t = 461] swapped,  f(S) = 1.02974
2021-01-30 02:29:24,105 [INFO] [OPT-EXP-DSGN - coordinate_ascent] [1/1] [t = 462] swapped,  f(S) = 1.02980
2021-01-30 03:20:33,082 [INFO] [OPT-EXP-DSGN - coordinate_ascent] [1/1] [t = 463] swapped,  f(S) = 1.03000
2021-01-30 03:20:39,820 [INFO] [OPT-EXP-DSGN - coordinate_ascent] [1/1] [t = 464] swapped,  f(S) = 1.03030
2021-01-30 03:20:40,200 [INFO] [OPT-EXP-DSGN - coordinate_ascent] [1/1] [t = 465] swapped,  f(S) = 1.03049
2021-01-30 03:21:05,577 [INFO] [OPT-EXP-DSGN - coordinate_ascent] [1/1] [t = 466] swapped,  f(S) = 1.03050
2021-01-30 03:21:07,471 [INFO] [OPT-EXP-DSGN - coordinate_ascent] [1/1] [t = 467] swapped,  f(S) = 1.03050
2021-01-30 03:21:08,983 [INFO] [OPT-EXP-DSGN - coordinate_ascent] [1/1] [t = 468] swapped,  f(S) = 1.03067
2021-01-30 03:48:57,798 [INFO] [OPT-EXP-DSGN - coordinate_ascent] [1/1] [t = 469] swapped,  f(S) = 1.03078
2021-01-30 03:49:00,110 [INFO] [OPT-EXP-DSGN - coordinate_ascent] [1/1] [t = 470] swapped,  f(S) = 1.03100
2021-01-30 03:49:00,490 [INFO] [OPT-EXP-DSGN - coordinate_ascent] [1/1] [t = 471] swapped,  f(S) = 1.03111
2021-01-30 03:49:03,137 [INFO] [OPT-EXP-DSGN - coordinate_ascent] [1/1] [t = 472] swapped,  f(S) = 1.03120
2021-01-30 03:51:01,121 [INFO] [OPT-EXP-DSGN - coordinate_ascent] [1/1] [t = 473] swapped,  f(S) = 1.03123
2021-01-30 03:51:01,501 [INFO] [OPT-EXP-DSGN - coordinate_ascent] [1/1] [t = 474] swapped,  f(S) = 1.03149
2021-01-30 03:53:46,311 [INFO] [OPT-EXP-DSGN - coordinate_ascent] [1/1] [t = 475] swapped,  f(S) = 1.03152
2021-01-30 03:57:14,911 [INFO] [OPT-EXP-DSGN - coordinate_ascent] [1/1] [t = 476] swapped,  f(S) = 1.03167
2021-01-30 03:57:15,668 [INFO] [OPT-EXP-DSGN - coordinate_ascent] [1/1] [t = 477] swapped,  f(S) = 1.03176
2021-01-30 03:57:28,531 [INFO] [OPT-EXP-DSGN - coordinate_ascent] [1/1] [t = 478] swapped,  f(S) = 1.03191
2021-01-30 03:57:28,911 [INFO] [OPT-EXP-DSGN - coordinate_ascent] [1/1] [t = 479] swapped,  f(S) = 1.03192
2021-01-30 03:57:30,048 [INFO] [OPT-EXP-DSGN - coordinate_ascent] [1/1] [t = 480] swapped,  f(S) = 1.03200
2021-01-30 03:57:30,432 [INFO] [OPT-EXP-DSGN - coordinate_ascent] [1/1] [t = 481] swapped,  f(S) = 1.03233
2021-01-30 04:53:36,273 [INFO] [OPT-EXP-DSGN - coordinate_ascent] [1/1] [t = 482] swapped,  f(S) = 1.03238
2021-01-30 04:53:46,569 [INFO] [OPT-EXP-DSGN - coordinate_ascent] [1/1] [t = 483] swapped,  f(S) = 1.03254
2021-01-30 04:53:47,328 [INFO] [OPT-EXP-DSGN - coordinate_ascent] [1/1] [t = 484] swapped,  f(S) = 1.03260
2021-01-30 04:53:48,086 [INFO] [OPT-EXP-DSGN - coordinate_ascent] [1/1] [t = 485] swapped,  f(S) = 1.03267
2021-01-30 04:53:48,465 [INFO] [OPT-EXP-DSGN - coordinate_ascent] [1/1] [t = 486] swapped,  f(S) = 1.03312
2021-01-30 04:53:50,356 [INFO] [OPT-EXP-DSGN - coordinate_ascent] [1/1] [t = 487] swapped,  f(S) = 1.03322
2021-01-30 04:53:52,627 [INFO] [OPT-EXP-DSGN - coordinate_ascent] [1/1] [t = 488] swapped,  f(S) = 1.03329
2021-01-30 04:53:53,008 [INFO] [OPT-EXP-DSGN - coordinate_ascent] [1/1] [t = 489] swapped,  f(S) = 1.03343
2021-01-30 04:53:54,145 [INFO] [OPT-EXP-DSGN - coordinate_ascent] [1/1] [t = 490] swapped,  f(S) = 1.03359
2021-01-30 04:54:08,817 [INFO] [OPT-EXP-DSGN - coordinate_ascent] [1/1] [t = 491] swapped,  f(S) = 1.03361
2021-01-30 04:55:24,605 [INFO] [OPT-EXP-DSGN - coordinate_ascent] [1/1] [t = 492] swapped,  f(S) = 1.03364
2021-01-30 04:55:26,876 [INFO] [OPT-EXP-DSGN - coordinate_ascent] [1/1] [t = 493] swapped,  f(S) = 1.03367
2021-01-30 04:55:34,067 [INFO] [OPT-EXP-DSGN - coordinate_ascent] [1/1] [t = 494] swapped,  f(S) = 1.03374
2021-01-30 04:55:36,717 [INFO] [OPT-EXP-DSGN - coordinate_ascent] [1/1] [t = 495] swapped,  f(S) = 1.03377
2021-01-30 04:55:38,989 [INFO] [OPT-EXP-DSGN - coordinate_ascent] [1/1] [t = 496] swapped,  f(S) = 1.03381
2021-01-30 05:47:38,883 [INFO] [OPT-EXP-DSGN - coordinate_ascent] [1/1] [t = 497] swapped,  f(S) = 1.03382
2021-01-30 05:47:40,777 [INFO] [OPT-EXP-DSGN - coordinate_ascent] [1/1] [t = 498] swapped,  f(S) = 1.03389
2021-01-30 05:47:42,732 [INFO] [OPT-EXP-DSGN - coordinate_ascent] [1/1] [t = 499] swapped,  f(S) = 1.03391
2021-01-30 06:38:53,129 [INFO] [OPT-EXP-DSGN - coordinate_ascent] [1/1] [t = 500] swapped,  f(S) = 1.03395
2021-01-30 06:42:14,738 [INFO] [OPT-EXP-DSGN - coordinate_ascent] [1/1] [t = 501] swapped,  f(S) = 1.03417
2021-01-30 06:42:21,926 [INFO] [OPT-EXP-DSGN - coordinate_ascent] [1/1] [t = 502] swapped,  f(S) = 1.03427
2021-01-30 06:42:32,506 [INFO] [OPT-EXP-DSGN - coordinate_ascent] [1/1] [t = 503] swapped,  f(S) = 1.03457
2021-01-30 06:42:33,641 [INFO] [OPT-EXP-DSGN - coordinate_ascent] [1/1] [t = 504] swapped,  f(S) = 1.03477
2021-01-30 06:42:37,803 [INFO] [OPT-EXP-DSGN - coordinate_ascent] [1/1] [t = 505] swapped,  f(S) = 1.03480
2021-01-30 06:44:17,242 [INFO] [OPT-EXP-DSGN - coordinate_ascent] [1/1] [t = 506] swapped,  f(S) = 1.03483
2021-01-30 06:44:17,620 [INFO] [OPT-EXP-DSGN - coordinate_ascent] [1/1] [t = 507] swapped,  f(S) = 1.03498
2021-01-30 06:44:18,000 [INFO] [OPT-EXP-DSGN - coordinate_ascent] [1/1] [t = 508] swapped,  f(S) = 1.03502
2021-01-30 06:44:24,431 [INFO] [OPT-EXP-DSGN - coordinate_ascent] [1/1] [t = 509] swapped,  f(S) = 1.03503
2021-01-30 06:44:25,189 [INFO] [OPT-EXP-DSGN - coordinate_ascent] [1/1] [t = 510] swapped,  f(S) = 1.03504
2021-01-30 06:46:29,604 [INFO] [OPT-EXP-DSGN - coordinate_ascent] [1/1] [t = 511] swapped,  f(S) = 1.03506
2021-01-30 06:46:34,521 [INFO] [OPT-EXP-DSGN - coordinate_ascent] [1/1] [t = 512] swapped,  f(S) = 1.03508
2021-01-30 06:46:37,926 [INFO] [OPT-EXP-DSGN - coordinate_ascent] [1/1] [t = 513] swapped,  f(S) = 1.03514
2021-01-30 06:46:38,683 [INFO] [OPT-EXP-DSGN - coordinate_ascent] [1/1] [t = 514] swapped,  f(S) = 1.03518
2021-01-30 06:46:43,974 [INFO] [OPT-EXP-DSGN - coordinate_ascent] [1/1] [t = 515] swapped,  f(S) = 1.03525
2021-01-30 07:05:35,221 [INFO] [OPT-EXP-DSGN - coordinate_ascent] [1/1] [t = 516] swapped,  f(S) = 1.03540
2021-01-30 07:05:36,356 [INFO] [OPT-EXP-DSGN - coordinate_ascent] [1/1] [t = 517] swapped,  f(S) = 1.03545
2021-01-30 07:05:36,735 [INFO] [OPT-EXP-DSGN - coordinate_ascent] [1/1] [t = 518] swapped,  f(S) = 1.03743
2021-01-30 07:05:38,625 [INFO] [OPT-EXP-DSGN - coordinate_ascent] [1/1] [t = 519] swapped,  f(S) = 1.03751
2021-01-30 07:05:39,004 [INFO] [OPT-EXP-DSGN - coordinate_ascent] [1/1] [t = 520] swapped,  f(S) = 1.03758
2021-01-30 07:05:42,027 [INFO] [OPT-EXP-DSGN - coordinate_ascent] [1/1] [t = 521] swapped,  f(S) = 1.03758
2021-01-30 07:05:42,406 [INFO] [OPT-EXP-DSGN - coordinate_ascent] [1/1] [t = 522] swapped,  f(S) = 1.03758
2021-01-30 07:05:43,164 [INFO] [OPT-EXP-DSGN - coordinate_ascent] [1/1] [t = 523] swapped,  f(S) = 1.03759
2021-01-30 07:05:56,774 [INFO] [OPT-EXP-DSGN - coordinate_ascent] [1/1] [t = 524] swapped,  f(S) = 1.03766
2021-01-30 07:08:10,289 [INFO] [OPT-EXP-DSGN - coordinate_ascent] [1/1] [t = 525] swapped,  f(S) = 1.03770
2021-01-30 07:08:20,118 [INFO] [OPT-EXP-DSGN - coordinate_ascent] [1/1] [t = 526] swapped,  f(S) = 1.03794
2021-01-30 07:08:26,172 [INFO] [OPT-EXP-DSGN - coordinate_ascent] [1/1] [t = 527] swapped,  f(S) = 1.03813
2021-01-30 07:08:26,929 [INFO] [OPT-EXP-DSGN - coordinate_ascent] [1/1] [t = 528] swapped,  f(S) = 1.03825
2021-01-30 07:08:47,728 [INFO] [OPT-EXP-DSGN - coordinate_ascent] [1/1] [t = 529] swapped,  f(S) = 1.03826
2021-01-30 07:08:48,106 [INFO] [OPT-EXP-DSGN - coordinate_ascent] [1/1] [t = 530] swapped,  f(S) = 1.03836
2021-01-30 07:09:10,435 [INFO] [OPT-EXP-DSGN - coordinate_ascent] [1/1] [t = 531] swapped,  f(S) = 1.03844
2021-01-30 07:09:12,328 [INFO] [OPT-EXP-DSGN - coordinate_ascent] [1/1] [t = 532] swapped,  f(S) = 1.03865
2021-01-30 07:09:18,380 [INFO] [OPT-EXP-DSGN - coordinate_ascent] [1/1] [t = 533] swapped,  f(S) = 1.03871
2021-01-30 07:09:31,992 [INFO] [OPT-EXP-DSGN - coordinate_ascent] [1/1] [t = 534] swapped,  f(S) = 1.03871
2021-01-30 07:09:35,775 [INFO] [OPT-EXP-DSGN - coordinate_ascent] [1/1] [t = 535] swapped,  f(S) = 1.03876
2021-01-30 07:09:36,154 [INFO] [OPT-EXP-DSGN - coordinate_ascent] [1/1] [t = 536] swapped,  f(S) = 1.03901
2021-01-30 07:10:23,043 [INFO] [OPT-EXP-DSGN - coordinate_ascent] [1/1] [t = 537] swapped,  f(S) = 1.03902
2021-01-30 07:10:26,821 [INFO] [OPT-EXP-DSGN - coordinate_ascent] [1/1] [t = 538] swapped,  f(S) = 1.03909
2021-01-30 07:10:30,248 [INFO] [OPT-EXP-DSGN - coordinate_ascent] [1/1] [t = 539] swapped,  f(S) = 1.03911
2021-01-30 07:12:25,959 [INFO] [OPT-EXP-DSGN - coordinate_ascent] [1/1] [t = 540] swapped,  f(S) = 1.03916
2021-01-30 07:12:30,120 [INFO] [OPT-EXP-DSGN - coordinate_ascent] [1/1] [t = 541] swapped,  f(S) = 1.03916
2021-01-30 07:13:06,438 [INFO] [OPT-EXP-DSGN - coordinate_ascent] [1/1] [t = 542] swapped,  f(S) = 1.03938
2021-01-30 07:13:27,694 [INFO] [OPT-EXP-DSGN - coordinate_ascent] [1/1] [t = 543] swapped,  f(S) = 1.03949
2021-01-30 07:13:30,721 [INFO] [OPT-EXP-DSGN - coordinate_ascent] [1/1] [t = 544] swapped,  f(S) = 1.03960
2021-01-30 07:13:32,612 [INFO] [OPT-EXP-DSGN - coordinate_ascent] [1/1] [t = 545] swapped,  f(S) = 1.03969
2021-01-30 07:13:36,055 [INFO] [OPT-EXP-DSGN - coordinate_ascent] [1/1] [t = 546] swapped,  f(S) = 1.03981
2021-01-30 07:13:38,705 [INFO] [OPT-EXP-DSGN - coordinate_ascent] [1/1] [t = 547] swapped,  f(S) = 1.03991
2021-01-30 07:13:39,462 [INFO] [OPT-EXP-DSGN - coordinate_ascent] [1/1] [t = 548] swapped,  f(S) = 1.03996
2021-01-30 07:13:49,697 [INFO] [OPT-EXP-DSGN - coordinate_ascent] [1/1] [t = 549] swapped,  f(S) = 1.04001
2021-01-30 07:13:51,211 [INFO] [OPT-EXP-DSGN - coordinate_ascent] [1/1] [t = 550] swapped,  f(S) = 1.04001
2021-01-30 07:13:51,590 [INFO] [OPT-EXP-DSGN - coordinate_ascent] [1/1] [t = 551] swapped,  f(S) = 1.04002
2021-01-30 07:15:02,338 [INFO] [OPT-EXP-DSGN - coordinate_ascent] [1/1] [t = 552] swapped,  f(S) = 1.04016
2021-01-30 07:15:02,718 [INFO] [OPT-EXP-DSGN - coordinate_ascent] [1/1] [t = 553] swapped,  f(S) = 1.04047
2021-01-30 07:15:03,098 [INFO] [OPT-EXP-DSGN - coordinate_ascent] [1/1] [t = 554] swapped,  f(S) = 1.04065
2021-01-30 07:15:03,477 [INFO] [OPT-EXP-DSGN - coordinate_ascent] [1/1] [t = 555] swapped,  f(S) = 1.04086
2021-01-30 07:15:03,857 [INFO] [OPT-EXP-DSGN - coordinate_ascent] [1/1] [t = 556] swapped,  f(S) = 1.04107
2021-01-30 07:15:04,237 [INFO] [OPT-EXP-DSGN - coordinate_ascent] [1/1] [t = 557] swapped,  f(S) = 1.04135
2021-01-30 08:06:03,283 [INFO] [OPT-EXP-DSGN - coordinate_ascent] [1/1] [t = 558] swapped,  f(S) = 1.04140
2021-01-30 08:07:37,221 [INFO] [OPT-EXP-DSGN - coordinate_ascent] [1/1] [t = 559] swapped,  f(S) = 1.04141
2021-01-30 08:08:00,037 [INFO] [OPT-EXP-DSGN - coordinate_ascent] [1/1] [t = 560] swapped,  f(S) = 1.04142
2021-01-30 08:08:25,632 [INFO] [OPT-EXP-DSGN - coordinate_ascent] [1/1] [t = 561] swapped,  f(S) = 1.04160
2021-01-30 08:08:25,995 [INFO] [OPT-EXP-DSGN - coordinate_ascent] [1/1] [t = 562] swapped,  f(S) = 1.04201
2021-01-30 08:08:27,045 [INFO] [OPT-EXP-DSGN - coordinate_ascent] [1/1] [t = 563] swapped,  f(S) = 1.04222
2021-01-30 08:08:30,940 [INFO] [OPT-EXP-DSGN - coordinate_ascent] [1/1] [t = 564] swapped,  f(S) = 1.04223
2021-01-30 08:08:31,292 [INFO] [OPT-EXP-DSGN - coordinate_ascent] [1/1] [t = 565] swapped,  f(S) = 1.04227
2021-01-30 08:10:28,934 [INFO] [OPT-EXP-DSGN - coordinate_ascent] [1/1] [t = 566] swapped,  f(S) = 1.04243
2021-01-30 08:10:29,308 [INFO] [OPT-EXP-DSGN - coordinate_ascent] [1/1] [t = 567] swapped,  f(S) = 1.04273
2021-01-30 08:10:34,823 [INFO] [OPT-EXP-DSGN - coordinate_ascent] [1/1] [t = 568] swapped,  f(S) = 1.04280
2021-01-30 08:10:36,217 [INFO] [OPT-EXP-DSGN - coordinate_ascent] [1/1] [t = 569] swapped,  f(S) = 1.04303
2021-01-30 08:10:36,564 [INFO] [OPT-EXP-DSGN - coordinate_ascent] [1/1] [t = 570] swapped,  f(S) = 1.04343
2021-01-30 08:11:13,467 [INFO] [OPT-EXP-DSGN - coordinate_ascent] [1/1] [t = 571] swapped,  f(S) = 1.04350
2021-01-30 08:11:14,211 [INFO] [OPT-EXP-DSGN - coordinate_ascent] [1/1] [t = 572] swapped,  f(S) = 1.04352
2021-01-30 08:11:14,581 [INFO] [OPT-EXP-DSGN - coordinate_ascent] [1/1] [t = 573] swapped,  f(S) = 1.04384
2021-01-30 08:11:16,071 [INFO] [OPT-EXP-DSGN - coordinate_ascent] [1/1] [t = 574] swapped,  f(S) = 1.04412
2021-01-30 08:58:24,361 [INFO] [OPT-EXP-DSGN - coordinate_ascent] [1/1] [t = 575] swapped,  f(S) = 1.04413
2021-01-30 08:58:24,700 [INFO] [OPT-EXP-DSGN - coordinate_ascent] [1/1] [t = 576] swapped,  f(S) = 1.04426
2021-01-30 08:59:04,553 [INFO] [OPT-EXP-DSGN - coordinate_ascent] [1/1] [t = 577] swapped,  f(S) = 1.04427
2021-01-30 08:59:06,253 [INFO] [OPT-EXP-DSGN - coordinate_ascent] [1/1] [t = 578] swapped,  f(S) = 1.04432
2021-01-30 08:59:06,595 [INFO] [OPT-EXP-DSGN - coordinate_ascent] [1/1] [t = 579] swapped,  f(S) = 1.04444
2021-01-30 08:59:09,992 [INFO] [OPT-EXP-DSGN - coordinate_ascent] [1/1] [t = 580] swapped,  f(S) = 1.04445
2021-01-30 09:04:30,183 [INFO] [OPT-EXP-DSGN - coordinate_ascent] [1/1] [t = 581] swapped,  f(S) = 1.04451
2021-01-30 09:04:31,545 [INFO] [OPT-EXP-DSGN - coordinate_ascent] [1/1] [t = 582] swapped,  f(S) = 1.04462
2021-01-30 09:04:32,241 [INFO] [OPT-EXP-DSGN - coordinate_ascent] [1/1] [t = 583] swapped,  f(S) = 1.04473
2021-01-30 09:04:33,944 [INFO] [OPT-EXP-DSGN - coordinate_ascent] [1/1] [t = 584] swapped,  f(S) = 1.04474
2021-01-30 09:04:53,929 [INFO] [OPT-EXP-DSGN - coordinate_ascent] [1/1] [t = 585] swapped,  f(S) = 1.04480
2021-01-30 09:13:27,189 [INFO] [OPT-EXP-DSGN - coordinate_ascent] [1/1] [t = 586] swapped,  f(S) = 1.04484
2021-01-30 09:13:28,248 [INFO] [OPT-EXP-DSGN - coordinate_ascent] [1/1] [t = 587] swapped,  f(S) = 1.04508
2021-01-30 09:18:34,147 [INFO] [OPT-EXP-DSGN - coordinate_ascent] [1/1] [t = 588] swapped,  f(S) = 1.04509
2021-01-30 10:04:51,326 [INFO] [OPT-EXP-DSGN - coordinate_ascent] [1/1] [t = 589] swapped,  f(S) = 1.04514
2021-01-30 10:04:52,012 [INFO] [OPT-EXP-DSGN - coordinate_ascent] [1/1] [t = 590] swapped,  f(S) = 1.04517
2021-01-30 10:04:52,690 [INFO] [OPT-EXP-DSGN - coordinate_ascent] [1/1] [t = 591] swapped,  f(S) = 1.04517
2021-01-30 10:05:34,940 [INFO] [OPT-EXP-DSGN - coordinate_ascent] [1/1] [t = 592] swapped,  f(S) = 1.04521
2021-01-30 10:05:35,624 [INFO] [OPT-EXP-DSGN - coordinate_ascent] [1/1] [t = 593] swapped,  f(S) = 1.04526
2021-01-30 10:05:35,966 [INFO] [OPT-EXP-DSGN - coordinate_ascent] [1/1] [t = 594] swapped,  f(S) = 1.04547
2021-01-30 10:08:59,008 [INFO] [OPT-EXP-DSGN - coordinate_ascent] [1/1] [t = 595] swapped,  f(S) = 1.04549
2021-01-30 10:09:01,397 [INFO] [OPT-EXP-DSGN - coordinate_ascent] [1/1] [t = 596] swapped,  f(S) = 1.04559
2021-01-30 10:12:10,055 [INFO] [OPT-EXP-DSGN - coordinate_ascent] [1/1] [t = 597] swapped,  f(S) = 1.04564
2021-01-30 10:12:10,736 [INFO] [OPT-EXP-DSGN - coordinate_ascent] [1/1] [t = 598] swapped,  f(S) = 1.04566
2021-01-30 10:58:39,626 [INFO] [OPT-EXP-DSGN - coordinate_ascent] [1/1] [t = 599] swapped,  f(S) = 1.04572
2021-01-30 10:58:41,363 [INFO] [OPT-EXP-DSGN - coordinate_ascent] [1/1] [t = 600] swapped,  f(S) = 1.04573
2021-01-30 10:58:42,407 [INFO] [OPT-EXP-DSGN - coordinate_ascent] [1/1] [t = 601] swapped,  f(S) = 1.04647
2021-01-30 10:58:45,484 [INFO] [OPT-EXP-DSGN - coordinate_ascent] [1/1] [t = 602] swapped,  f(S) = 1.04648
2021-01-30 10:58:50,599 [INFO] [OPT-EXP-DSGN - coordinate_ascent] [1/1] [t = 603] swapped,  f(S) = 1.04649
2021-01-30 10:59:38,313 [INFO] [OPT-EXP-DSGN - coordinate_ascent] [1/1] [t = 604] swapped,  f(S) = 1.04652
2021-01-30 11:07:52,473 [INFO] [OPT-EXP-DSGN - coordinate_ascent] [1/1] [t = 605] swapped,  f(S) = 1.04654
2021-01-30 11:07:53,159 [INFO] [OPT-EXP-DSGN - coordinate_ascent] [1/1] [t = 606] swapped,  f(S) = 1.04664
2021-01-30 11:54:16,047 [INFO] [OPT-EXP-DSGN - coordinate_ascent] [1/1] [t = 607] swapped,  f(S) = 1.04677
2021-01-30 11:54:17,921 [INFO] [OPT-EXP-DSGN - coordinate_ascent] [1/1] [t = 608] swapped,  f(S) = 1.04682
2021-01-30 11:54:18,943 [INFO] [OPT-EXP-DSGN - coordinate_ascent] [1/1] [t = 609] swapped,  f(S) = 1.04690
2021-01-30 11:54:19,968 [INFO] [OPT-EXP-DSGN - coordinate_ascent] [1/1] [t = 610] swapped,  f(S) = 1.04704
2021-01-30 11:54:29,888 [INFO] [OPT-EXP-DSGN - coordinate_ascent] [1/1] [t = 611] swapped,  f(S) = 1.04705
2021-01-30 12:08:27,482 [INFO] [OPT-EXP-DSGN - coordinate_ascent] [1/1] [t = 612] swapped,  f(S) = 1.04708
2021-01-30 12:08:28,004 [INFO] [OPT-EXP-DSGN - coordinate_ascent] [1/1] [t = 613] swapped,  f(S) = 1.04727
2021-01-30 12:08:57,742 [INFO] [OPT-EXP-DSGN - coordinate_ascent] [1/1] [t = 614] swapped,  f(S) = 1.04736
2021-01-30 12:10:50,611 [INFO] [OPT-EXP-DSGN - coordinate_ascent] [1/1] [t = 615] swapped,  f(S) = 1.04738
2021-01-30 12:11:11,772 [INFO] [OPT-EXP-DSGN - coordinate_ascent] [1/1] [t = 616] swapped,  f(S) = 1.04739
2021-01-30 12:11:21,539 [INFO] [OPT-EXP-DSGN - coordinate_ascent] [1/1] [t = 617] swapped,  f(S) = 1.04746
2021-01-30 12:11:21,886 [INFO] [OPT-EXP-DSGN - coordinate_ascent] [1/1] [t = 618] swapped,  f(S) = 1.04750
2021-01-30 12:17:56,299 [INFO] [OPT-EXP-DSGN - coordinate_ascent] [1/1] [t = 619] swapped,  f(S) = 1.04751
2021-01-30 12:22:32,734 [INFO] [OPT-EXP-DSGN - coordinate_ascent] [1/1] [t = 620] swapped,  f(S) = 1.04751
2021-01-30 12:25:06,338 [INFO] [OPT-EXP-DSGN - coordinate_ascent] [1/1] [t = 621] swapped,  f(S) = 1.04759
2021-01-30 12:25:07,782 [INFO] [OPT-EXP-DSGN - coordinate_ascent] [1/1] [t = 622] swapped,  f(S) = 1.04760
2021-01-30 12:25:08,894 [INFO] [OPT-EXP-DSGN - coordinate_ascent] [1/1] [t = 623] swapped,  f(S) = 1.04772
2021-01-30 12:58:12,405 [INFO] [OPT-EXP-DSGN - coordinate_ascent] [1/1] [t = 624] swapped,  f(S) = 1.04773
2021-01-30 12:58:26,477 [INFO] [OPT-EXP-DSGN - coordinate_ascent] [1/1] [t = 625] swapped,  f(S) = 1.04777
2021-01-30 12:58:35,086 [INFO] [OPT-EXP-DSGN - coordinate_ascent] [1/1] [t = 626] swapped,  f(S) = 1.04791
2021-01-30 12:58:42,326 [INFO] [OPT-EXP-DSGN - coordinate_ascent] [1/1] [t = 627] swapped,  f(S) = 1.04797
2021-01-30 13:03:17,975 [INFO] [OPT-EXP-DSGN - coordinate_ascent] [1/1] [t = 628] swapped,  f(S) = 1.04799
2021-01-30 13:03:27,574 [INFO] [OPT-EXP-DSGN - coordinate_ascent] [1/1] [t = 629] swapped,  f(S) = 1.04805
2021-01-30 13:03:29,845 [INFO] [OPT-EXP-DSGN - coordinate_ascent] [1/1] [t = 630] swapped,  f(S) = 1.04805
2021-01-30 13:03:32,502 [INFO] [OPT-EXP-DSGN - coordinate_ascent] [1/1] [t = 631] swapped,  f(S) = 1.04815
2021-01-30 13:03:32,895 [INFO] [OPT-EXP-DSGN - coordinate_ascent] [1/1] [t = 632] swapped,  f(S) = 1.04828
2021-01-30 13:03:33,273 [INFO] [OPT-EXP-DSGN - coordinate_ascent] [1/1] [t = 633] swapped,  f(S) = 1.04834
2021-01-30 13:03:33,653 [INFO] [OPT-EXP-DSGN - coordinate_ascent] [1/1] [t = 634] swapped,  f(S) = 1.04913
2021-01-30 13:53:45,352 [INFO] [OPT-EXP-DSGN - coordinate_ascent] [1/1] [t = 635] swapped,  f(S) = 1.04947
2021-01-30 14:05:13,463 [INFO] [OPT-EXP-DSGN - coordinate_ascent] [1/1] [t = 636] swapped,  f(S) = 1.04951
2021-01-30 14:06:05,489 [INFO] [OPT-EXP-DSGN - coordinate_ascent] [1/1] [t = 637] swapped,  f(S) = 1.04952
2021-01-30 14:06:05,866 [INFO] [OPT-EXP-DSGN - coordinate_ascent] [1/1] [t = 638] swapped,  f(S) = 1.05034
2021-01-30 14:18:01,681 [INFO] [OPT-EXP-DSGN - coordinate_ascent] [1/1] [t = 639] swapped,  f(S) = 1.05034
2021-01-30 14:18:05,462 [INFO] [OPT-EXP-DSGN - coordinate_ascent] [1/1] [t = 640] swapped,  f(S) = 1.05035
2021-01-30 14:18:13,392 [INFO] [OPT-EXP-DSGN - coordinate_ascent] [1/1] [t = 641] swapped,  f(S) = 1.05038
2021-01-30 14:18:19,055 [INFO] [OPT-EXP-DSGN - coordinate_ascent] [1/1] [t = 642] swapped,  f(S) = 1.05058
2021-01-30 14:18:21,288 [INFO] [OPT-EXP-DSGN - coordinate_ascent] [1/1] [t = 643] swapped,  f(S) = 1.05073
2021-01-30 14:18:22,412 [INFO] [OPT-EXP-DSGN - coordinate_ascent] [1/1] [t = 644] swapped,  f(S) = 1.05077
2021-01-30 14:19:28,559 [INFO] [OPT-EXP-DSGN - coordinate_ascent] [1/1] [t = 645] swapped,  f(S) = 1.05081
2021-01-30 14:19:33,805 [INFO] [OPT-EXP-DSGN - coordinate_ascent] [1/1] [t = 646] swapped,  f(S) = 1.05085
2021-01-30 15:10:50,054 [INFO] [OPT-EXP-DSGN - coordinate_ascent] [1/1] [t = 647] swapped,  f(S) = 1.05101
2021-01-30 15:10:51,351 [INFO] [OPT-EXP-DSGN - coordinate_ascent] [1/1] [t = 648] swapped,  f(S) = 1.05110
2021-01-30 15:10:51,739 [INFO] [OPT-EXP-DSGN - coordinate_ascent] [1/1] [t = 649] swapped,  f(S) = 1.05131
2021-01-30 15:10:52,504 [INFO] [OPT-EXP-DSGN - coordinate_ascent] [1/1] [t = 650] swapped,  f(S) = 1.05145
2021-01-30 15:11:28,385 [INFO] [OPT-EXP-DSGN - coordinate_ascent] [1/1] [t = 651] swapped,  f(S) = 1.05147
2021-01-30 16:02:38,592 [INFO] [OPT-EXP-DSGN - coordinate_ascent] [1/1] [t = 652] swapped,  f(S) = 1.05161
2021-01-30 16:02:39,707 [INFO] [OPT-EXP-DSGN - coordinate_ascent] [1/1] [t = 653] swapped,  f(S) = 1.05162
2021-01-30 16:02:43,341 [INFO] [OPT-EXP-DSGN - coordinate_ascent] [1/1] [t = 654] swapped,  f(S) = 1.05180
2021-01-30 16:05:32,321 [INFO] [OPT-EXP-DSGN - coordinate_ascent] [1/1] [t = 655] swapped,  f(S) = 1.05181
2021-01-30 16:05:53,874 [INFO] [OPT-EXP-DSGN - coordinate_ascent] [1/1] [t = 656] swapped,  f(S) = 1.05188
2021-01-30 16:06:06,690 [INFO] [OPT-EXP-DSGN - coordinate_ascent] [1/1] [t = 657] swapped,  f(S) = 1.05190
2021-01-30 16:07:38,514 [INFO] [OPT-EXP-DSGN - coordinate_ascent] [1/1] [t = 658] swapped,  f(S) = 1.05196
2021-01-30 16:55:17,877 [INFO] [OPT-EXP-DSGN - coordinate_ascent] [1/1] [t = 659] swapped,  f(S) = 1.05196
2021-01-30 16:55:18,671 [INFO] [OPT-EXP-DSGN - coordinate_ascent] [1/1] [t = 660] swapped,  f(S) = 1.05224
2021-01-30 16:55:39,780 [INFO] [OPT-EXP-DSGN - coordinate_ascent] [1/1] [t = 661] swapped,  f(S) = 1.05227
2021-01-30 16:55:42,425 [INFO] [OPT-EXP-DSGN - coordinate_ascent] [1/1] [t = 662] swapped,  f(S) = 1.05233
2021-01-30 16:55:44,317 [INFO] [OPT-EXP-DSGN - coordinate_ascent] [1/1] [t = 663] swapped,  f(S) = 1.05234
2021-01-30 16:55:46,206 [INFO] [OPT-EXP-DSGN - coordinate_ascent] [1/1] [t = 664] swapped,  f(S) = 1.05253
2021-01-30 16:55:48,853 [INFO] [OPT-EXP-DSGN - coordinate_ascent] [1/1] [t = 665] swapped,  f(S) = 1.05257
2021-01-30 16:55:53,371 [INFO] [OPT-EXP-DSGN - coordinate_ascent] [1/1] [t = 666] swapped,  f(S) = 1.05267
2021-01-30 16:55:55,240 [INFO] [OPT-EXP-DSGN - coordinate_ascent] [1/1] [t = 667] swapped,  f(S) = 1.05287
2021-01-30 17:47:17,186 [INFO] [OPT-EXP-DSGN - coordinate_ascent] [1/1] [t = 668] swapped,  f(S) = 1.05288
2021-01-30 17:47:17,945 [INFO] [OPT-EXP-DSGN - coordinate_ascent] [1/1] [t = 669] swapped,  f(S) = 1.05301
2021-01-30 17:47:18,325 [INFO] [OPT-EXP-DSGN - coordinate_ascent] [1/1] [t = 670] swapped,  f(S) = 1.05307
2021-01-30 17:47:23,248 [INFO] [OPT-EXP-DSGN - coordinate_ascent] [1/1] [t = 671] swapped,  f(S) = 1.05315
2021-01-30 17:47:30,934 [INFO] [OPT-EXP-DSGN - coordinate_ascent] [1/1] [t = 672] swapped,  f(S) = 1.05316
2021-01-30 17:47:34,810 [INFO] [OPT-EXP-DSGN - coordinate_ascent] [1/1] [t = 673] swapped,  f(S) = 1.05323
2021-01-30 18:38:16,015 [INFO] [OPT-EXP-DSGN - coordinate_ascent] [1/1] [t = 674] swapped,  f(S) = 1.05351
2021-01-30 18:38:18,162 [INFO] [OPT-EXP-DSGN - coordinate_ascent] [1/1] [t = 675] swapped,  f(S) = 1.05373
2021-01-30 18:38:20,863 [INFO] [OPT-EXP-DSGN - coordinate_ascent] [1/1] [t = 676] swapped,  f(S) = 1.05375
2021-01-30 18:38:21,242 [INFO] [OPT-EXP-DSGN - coordinate_ascent] [1/1] [t = 677] swapped,  f(S) = 1.05404
2021-01-30 18:38:23,545 [INFO] [OPT-EXP-DSGN - coordinate_ascent] [1/1] [t = 678] swapped,  f(S) = 1.05418
2021-01-30 18:38:42,203 [INFO] [OPT-EXP-DSGN - coordinate_ascent] [1/1] [t = 679] swapped,  f(S) = 1.05421
2021-01-30 18:39:05,833 [INFO] [OPT-EXP-DSGN - coordinate_ascent] [1/1] [t = 680] swapped,  f(S) = 1.05429
2021-01-30 18:39:50,500 [INFO] [OPT-EXP-DSGN - coordinate_ascent] [1/1] [t = 681] swapped,  f(S) = 1.05434
2021-01-30 18:39:50,879 [INFO] [OPT-EXP-DSGN - coordinate_ascent] [1/1] [t = 682] swapped,  f(S) = 1.05469
2021-01-30 18:39:51,257 [INFO] [OPT-EXP-DSGN - coordinate_ascent] [1/1] [t = 683] swapped,  f(S) = 1.05482
2021-01-30 18:40:08,697 [INFO] [OPT-EXP-DSGN - coordinate_ascent] [1/1] [t = 684] swapped,  f(S) = 1.05485
2021-01-30 18:40:10,260 [INFO] [OPT-EXP-DSGN - coordinate_ascent] [1/1] [t = 685] swapped,  f(S) = 1.05487
2021-01-30 18:42:59,842 [INFO] [OPT-EXP-DSGN - coordinate_ascent] [1/1] [t = 686] swapped,  f(S) = 1.05489
2021-01-30 20:10:36,855 [INFO] [OPT-EXP-DSGN - coordinate_ascent] [1/1] [t = 687] swapped,  f(S) = 1.05490
2021-01-30 20:10:44,810 [INFO] [OPT-EXP-DSGN - coordinate_ascent] [1/1] [t = 688] swapped,  f(S) = 1.05499
2021-01-30 20:10:45,172 [INFO] [OPT-EXP-DSGN - coordinate_ascent] [1/1] [t = 689] swapped,  f(S) = 1.05503
2021-01-30 20:10:49,252 [INFO] [OPT-EXP-DSGN - coordinate_ascent] [1/1] [t = 690] swapped,  f(S) = 1.05508
2021-01-30 20:10:50,385 [INFO] [OPT-EXP-DSGN - coordinate_ascent] [1/1] [t = 691] swapped,  f(S) = 1.05517
2021-01-30 20:10:56,056 [INFO] [OPT-EXP-DSGN - coordinate_ascent] [1/1] [t = 692] swapped,  f(S) = 1.05521
2021-01-30 20:10:57,545 [INFO] [OPT-EXP-DSGN - coordinate_ascent] [1/1] [t = 693] swapped,  f(S) = 1.05530
2021-01-30 20:10:57,914 [INFO] [OPT-EXP-DSGN - coordinate_ascent] [1/1] [t = 694] swapped,  f(S) = 1.05570
2021-01-30 20:11:30,354 [INFO] [OPT-EXP-DSGN - coordinate_ascent] [1/1] [t = 695] swapped,  f(S) = 1.05576
2021-01-30 20:11:33,566 [INFO] [OPT-EXP-DSGN - coordinate_ascent] [1/1] [t = 696] swapped,  f(S) = 1.05577
2021-01-30 20:11:36,036 [INFO] [OPT-EXP-DSGN - coordinate_ascent] [1/1] [t = 697] swapped,  f(S) = 1.05585
2021-01-30 20:12:48,646 [INFO] [OPT-EXP-DSGN - coordinate_ascent] [1/1] [t = 698] swapped,  f(S) = 1.05590
2021-01-30 20:12:49,024 [INFO] [OPT-EXP-DSGN - coordinate_ascent] [1/1] [t = 699] swapped,  f(S) = 1.05595
2021-01-30 20:12:49,403 [INFO] [OPT-EXP-DSGN - coordinate_ascent] [1/1] [t = 700] swapped,  f(S) = 1.05603
2021-01-30 20:12:58,154 [INFO] [OPT-EXP-DSGN - coordinate_ascent] [1/1] [t = 701] swapped,  f(S) = 1.05616
2021-01-30 20:20:15,036 [INFO] [OPT-EXP-DSGN - coordinate_ascent] [1/1] [t = 702] swapped,  f(S) = 1.05616
2021-01-30 20:38:34,625 [INFO] [OPT-EXP-DSGN - coordinate_ascent] [1/1] [t = 703] swapped,  f(S) = 1.05616
2021-01-30 20:38:39,120 [INFO] [OPT-EXP-DSGN - coordinate_ascent] [1/1] [t = 704] swapped,  f(S) = 1.05626
2021-01-30 20:38:39,868 [INFO] [OPT-EXP-DSGN - coordinate_ascent] [1/1] [t = 705] swapped,  f(S) = 1.05645
2021-01-30 20:38:40,594 [INFO] [OPT-EXP-DSGN - coordinate_ascent] [1/1] [t = 706] swapped,  f(S) = 1.05661
2021-01-30 20:38:59,364 [INFO] [OPT-EXP-DSGN - coordinate_ascent] [1/1] [t = 707] swapped,  f(S) = 1.05663
2021-01-30 20:39:09,554 [INFO] [OPT-EXP-DSGN - coordinate_ascent] [1/1] [t = 708] swapped,  f(S) = 1.05664
2021-01-30 20:39:29,861 [INFO] [OPT-EXP-DSGN - coordinate_ascent] [1/1] [t = 709] swapped,  f(S) = 1.05665
2021-01-30 20:39:40,396 [INFO] [OPT-EXP-DSGN - coordinate_ascent] [1/1] [t = 710] swapped,  f(S) = 1.05667
2021-01-30 20:40:45,405 [INFO] [OPT-EXP-DSGN - coordinate_ascent] [1/1] [t = 711] swapped,  f(S) = 1.05668
2021-01-30 20:42:33,387 [INFO] [OPT-EXP-DSGN - coordinate_ascent] [1/1] [t = 712] swapped,  f(S) = 1.05676
2021-01-30 20:42:33,766 [INFO] [OPT-EXP-DSGN - coordinate_ascent] [1/1] [t = 713] swapped,  f(S) = 1.05677
2021-01-30 20:42:34,145 [INFO] [OPT-EXP-DSGN - coordinate_ascent] [1/1] [t = 714] swapped,  f(S) = 1.05697
2021-01-30 20:42:34,902 [INFO] [OPT-EXP-DSGN - coordinate_ascent] [1/1] [t = 715] swapped,  f(S) = 1.05700
2021-01-30 20:42:40,584 [INFO] [OPT-EXP-DSGN - coordinate_ascent] [1/1] [t = 716] swapped,  f(S) = 1.05706
2021-01-30 20:42:49,720 [INFO] [OPT-EXP-DSGN - coordinate_ascent] [1/1] [t = 717] swapped,  f(S) = 1.05709
2021-01-30 20:42:50,100 [INFO] [OPT-EXP-DSGN - coordinate_ascent] [1/1] [t = 718] swapped,  f(S) = 1.05712
2021-01-30 20:43:00,940 [INFO] [OPT-EXP-DSGN - coordinate_ascent] [1/1] [t = 719] swapped,  f(S) = 1.05714
2021-01-30 20:43:02,453 [INFO] [OPT-EXP-DSGN - coordinate_ascent] [1/1] [t = 720] swapped,  f(S) = 1.05721
2021-01-30 20:43:03,211 [INFO] [OPT-EXP-DSGN - coordinate_ascent] [1/1] [t = 721] swapped,  f(S) = 1.05730
2021-01-30 20:43:08,606 [INFO] [OPT-EXP-DSGN - coordinate_ascent] [1/1] [t = 722] swapped,  f(S) = 1.05732
2021-01-30 20:58:09,374 [INFO] [OPT-EXP-DSGN - coordinate_ascent] [1/1] [t = 723] swapped,  f(S) = 1.05732
2021-01-30 20:58:31,671 [INFO] [OPT-EXP-DSGN - coordinate_ascent] [1/1] [t = 724] swapped,  f(S) = 1.05735
2021-01-30 21:06:37,860 [INFO] [OPT-EXP-DSGN - coordinate_ascent] [1/1] [t = 725] swapped,  f(S) = 1.05739
2021-01-30 21:06:39,385 [INFO] [OPT-EXP-DSGN - coordinate_ascent] [1/1] [t = 726] swapped,  f(S) = 1.05745
2021-01-30 21:06:42,841 [INFO] [OPT-EXP-DSGN - coordinate_ascent] [1/1] [t = 727] swapped,  f(S) = 1.05752
2021-01-30 21:06:45,712 [INFO] [OPT-EXP-DSGN - coordinate_ascent] [1/1] [t = 728] swapped,  f(S) = 1.05757
2021-01-30 21:58:22,150 [INFO] [OPT-EXP-DSGN - coordinate_ascent] [1/1] [t = 729] swapped,  f(S) = 1.05763
2021-01-30 21:58:32,507 [INFO] [OPT-EXP-DSGN - coordinate_ascent] [1/1] [t = 730] swapped,  f(S) = 1.05763
2021-01-30 21:58:35,903 [INFO] [OPT-EXP-DSGN - coordinate_ascent] [1/1] [t = 731] swapped,  f(S) = 1.05771
2021-01-30 21:59:04,819 [INFO] [OPT-EXP-DSGN - coordinate_ascent] [1/1] [t = 732] swapped,  f(S) = 1.05772
2021-01-30 21:59:05,577 [INFO] [OPT-EXP-DSGN - coordinate_ascent] [1/1] [t = 733] swapped,  f(S) = 1.05775
2021-01-30 22:00:05,821 [INFO] [OPT-EXP-DSGN - coordinate_ascent] [1/1] [t = 734] swapped,  f(S) = 1.05777
2021-01-30 22:00:07,422 [INFO] [OPT-EXP-DSGN - coordinate_ascent] [1/1] [t = 735] swapped,  f(S) = 1.05778
2021-01-30 22:00:07,820 [INFO] [OPT-EXP-DSGN - coordinate_ascent] [1/1] [t = 736] swapped,  f(S) = 1.05784
2021-01-30 22:00:11,022 [INFO] [OPT-EXP-DSGN - coordinate_ascent] [1/1] [t = 737] swapped,  f(S) = 1.05786
2021-01-30 22:00:11,790 [INFO] [OPT-EXP-DSGN - coordinate_ascent] [1/1] [t = 738] swapped,  f(S) = 1.05788
2021-01-30 22:00:24,450 [INFO] [OPT-EXP-DSGN - coordinate_ascent] [1/1] [t = 739] swapped,  f(S) = 1.05790
2021-01-30 22:00:39,240 [INFO] [OPT-EXP-DSGN - coordinate_ascent] [1/1] [t = 740] swapped,  f(S) = 1.05795
2021-01-30 22:00:39,997 [INFO] [OPT-EXP-DSGN - coordinate_ascent] [1/1] [t = 741] swapped,  f(S) = 1.05805
2021-01-30 22:01:17,546 [INFO] [OPT-EXP-DSGN - coordinate_ascent] [1/1] [t = 742] swapped,  f(S) = 1.05806
2021-01-30 22:01:27,070 [INFO] [OPT-EXP-DSGN - coordinate_ascent] [1/1] [t = 743] swapped,  f(S) = 1.05808
2021-01-30 22:01:59,916 [INFO] [OPT-EXP-DSGN - coordinate_ascent] [1/1] [t = 744] swapped,  f(S) = 1.05810
2021-01-30 22:02:00,296 [INFO] [OPT-EXP-DSGN - coordinate_ascent] [1/1] [t = 745] swapped,  f(S) = 1.05832
2021-01-30 22:08:15,808 [INFO] [OPT-EXP-DSGN - coordinate_ascent] [1/1] [t = 746] swapped,  f(S) = 1.05840
2021-01-30 22:08:18,849 [INFO] [OPT-EXP-DSGN - coordinate_ascent] [1/1] [t = 747] swapped,  f(S) = 1.05845
2021-01-30 22:57:34,373 [INFO] [OPT-EXP-DSGN - coordinate_ascent] [1/1] [t = 748] swapped,  f(S) = 1.05845
2021-01-30 22:59:17,666 [INFO] [OPT-EXP-DSGN - coordinate_ascent] [1/1] [t = 749] swapped,  f(S) = 1.05849
2021-01-30 23:52:13,463 [INFO] [OPT-EXP-DSGN - coordinate_ascent] [1/1] [t = 750] swapped,  f(S) = 1.05857
2021-01-30 23:52:14,566 [INFO] [OPT-EXP-DSGN - coordinate_ascent] [1/1] [t = 751] swapped,  f(S) = 1.05868
2021-01-30 23:52:14,951 [INFO] [OPT-EXP-DSGN - coordinate_ascent] [1/1] [t = 752] swapped,  f(S) = 1.05882
2021-01-30 23:53:33,169 [INFO] [OPT-EXP-DSGN - coordinate_ascent] [1/1] [t = 753] swapped,  f(S) = 1.05888
2021-01-30 23:53:39,258 [INFO] [OPT-EXP-DSGN - coordinate_ascent] [1/1] [t = 754] swapped,  f(S) = 1.05898
2021-01-30 23:53:47,996 [INFO] [OPT-EXP-DSGN - coordinate_ascent] [1/1] [t = 755] swapped,  f(S) = 1.05902
2021-01-30 23:53:50,317 [INFO] [OPT-EXP-DSGN - coordinate_ascent] [1/1] [t = 756] swapped,  f(S) = 1.05912
2021-01-30 23:53:54,534 [INFO] [OPT-EXP-DSGN - coordinate_ascent] [1/1] [t = 757] swapped,  f(S) = 1.05915
2021-01-30 23:53:54,916 [INFO] [OPT-EXP-DSGN - coordinate_ascent] [1/1] [t = 758] swapped,  f(S) = 1.05922
2021-01-30 23:54:49,626 [INFO] [OPT-EXP-DSGN - coordinate_ascent] [1/1] [t = 759] swapped,  f(S) = 1.05928
2021-01-30 23:54:53,441 [INFO] [OPT-EXP-DSGN - coordinate_ascent] [1/1] [t = 760] swapped,  f(S) = 1.05928
2021-01-30 23:56:00,223 [INFO] [OPT-EXP-DSGN - coordinate_ascent] [1/1] [t = 761] swapped,  f(S) = 1.05932
2021-01-30 23:56:05,557 [INFO] [OPT-EXP-DSGN - coordinate_ascent] [1/1] [t = 762] swapped,  f(S) = 1.05945
2021-01-30 23:59:26,261 [INFO] [OPT-EXP-DSGN - coordinate_ascent] [1/1] [t = 763] swapped,  f(S) = 1.05948
2021-01-30 23:59:26,680 [INFO] [OPT-EXP-DSGN - coordinate_ascent] [1/1] [t = 764] swapped,  f(S) = 1.05964
2021-01-30 23:59:51,357 [INFO] [OPT-EXP-DSGN - coordinate_ascent] [1/1] [t = 765] swapped,  f(S) = 1.05973
2021-01-31 00:00:43,725 [INFO] [OPT-EXP-DSGN - coordinate_ascent] [1/1] [t = 766] swapped,  f(S) = 1.05980
2021-01-31 00:00:45,589 [INFO] [OPT-EXP-DSGN - coordinate_ascent] [1/1] [t = 767] swapped,  f(S) = 1.05990
2021-01-31 00:00:50,260 [INFO] [OPT-EXP-DSGN - coordinate_ascent] [1/1] [t = 768] swapped,  f(S) = 1.05993
2021-01-31 00:00:51,415 [INFO] [OPT-EXP-DSGN - coordinate_ascent] [1/1] [t = 769] swapped,  f(S) = 1.06011
2021-01-31 00:54:18,013 [INFO] [OPT-EXP-DSGN - coordinate_ascent] [1/1] [t = 770] swapped,  f(S) = 1.06040
2021-01-31 00:57:31,779 [INFO] [OPT-EXP-DSGN - coordinate_ascent] [1/1] [t = 771] swapped,  f(S) = 1.06041
2021-01-31 00:59:40,674 [INFO] [OPT-EXP-DSGN - coordinate_ascent] [1/1] [t = 772] swapped,  f(S) = 1.06042
2021-01-31 00:59:49,995 [INFO] [OPT-EXP-DSGN - coordinate_ascent] [1/1] [t = 773] swapped,  f(S) = 1.06043
2021-01-31 00:59:51,288 [INFO] [OPT-EXP-DSGN - coordinate_ascent] [1/1] [t = 774] swapped,  f(S) = 1.06049
2021-01-31 01:00:15,319 [INFO] [OPT-EXP-DSGN - coordinate_ascent] [1/1] [t = 775] swapped,  f(S) = 1.06050
2021-01-31 01:00:17,269 [INFO] [OPT-EXP-DSGN - coordinate_ascent] [1/1] [t = 776] swapped,  f(S) = 1.06076
2021-01-31 01:00:23,428 [INFO] [OPT-EXP-DSGN - coordinate_ascent] [1/1] [t = 777] swapped,  f(S) = 1.06081
2021-01-31 01:54:06,780 [INFO] [OPT-EXP-DSGN - coordinate_ascent] [1/1] [t = 778] swapped,  f(S) = 1.06087
2021-01-31 02:46:53,264 [INFO] [OPT-EXP-DSGN - coordinate_ascent] [1/1] [t = 779] swapped,  f(S) = 1.06092
2021-01-31 02:46:55,645 [INFO] [OPT-EXP-DSGN - coordinate_ascent] [1/1] [t = 780] swapped,  f(S) = 1.06100
2021-01-31 03:05:43,279 [INFO] [OPT-EXP-DSGN - coordinate_ascent] [1/1] [t = 781] swapped,  f(S) = 1.06101
2021-01-31 03:05:44,019 [INFO] [OPT-EXP-DSGN - coordinate_ascent] [1/1] [t = 782] swapped,  f(S) = 1.06104
2021-01-31 03:58:24,752 [INFO] [OPT-EXP-DSGN - coordinate_ascent] [1/1] [t = 783] swapped,  f(S) = 1.06108
2021-01-31 03:58:32,442 [INFO] [OPT-EXP-DSGN - coordinate_ascent] [1/1] [t = 784] swapped,  f(S) = 1.06110
2021-01-31 03:58:33,636 [INFO] [OPT-EXP-DSGN - coordinate_ascent] [1/1] [t = 785] swapped,  f(S) = 1.06127
2021-01-31 03:58:35,765 [INFO] [OPT-EXP-DSGN - coordinate_ascent] [1/1] [t = 786] swapped,  f(S) = 1.06128
2021-01-31 03:58:36,946 [INFO] [OPT-EXP-DSGN - coordinate_ascent] [1/1] [t = 787] swapped,  f(S) = 1.06142
2021-01-31 03:58:37,345 [INFO] [OPT-EXP-DSGN - coordinate_ascent] [1/1] [t = 788] swapped,  f(S) = 1.06154
2021-01-31 03:59:58,016 [INFO] [OPT-EXP-DSGN - coordinate_ascent] [1/1] [t = 789] swapped,  f(S) = 1.06158
2021-01-31 04:56:22,872 [INFO] [OPT-EXP-DSGN - coordinate_ascent] [1/1] [t = 790] swapped,  f(S) = 1.06160
2021-01-31 04:56:23,768 [INFO] [OPT-EXP-DSGN - coordinate_ascent] [1/1] [t = 791] swapped,  f(S) = 1.06189
2021-01-31 04:56:29,619 [INFO] [OPT-EXP-DSGN - coordinate_ascent] [1/1] [t = 792] swapped,  f(S) = 1.06190
2021-01-31 04:56:30,004 [INFO] [OPT-EXP-DSGN - coordinate_ascent] [1/1] [t = 793] swapped,  f(S) = 1.06202
2021-01-31 04:56:51,239 [INFO] [OPT-EXP-DSGN - coordinate_ascent] [1/1] [t = 794] swapped,  f(S) = 1.06206
2021-01-31 04:56:51,624 [INFO] [OPT-EXP-DSGN - coordinate_ascent] [1/1] [t = 795] swapped,  f(S) = 1.06210
2021-01-31 04:57:12,659 [INFO] [OPT-EXP-DSGN - coordinate_ascent] [1/1] [t = 796] swapped,  f(S) = 1.06216
2021-01-31 04:57:13,043 [INFO] [OPT-EXP-DSGN - coordinate_ascent] [1/1] [t = 797] swapped,  f(S) = 1.06273
2021-01-31 04:57:37,541 [INFO] [OPT-EXP-DSGN - coordinate_ascent] [1/1] [t = 798] swapped,  f(S) = 1.06275
2021-01-31 04:57:37,930 [INFO] [OPT-EXP-DSGN - coordinate_ascent] [1/1] [t = 799] swapped,  f(S) = 1.06277
2021-01-31 04:57:54,144 [INFO] [OPT-EXP-DSGN - coordinate_ascent] [1/1] [t = 800] swapped,  f(S) = 1.06279
2021-01-31 05:49:38,998 [INFO] [OPT-EXP-DSGN - coordinate_ascent] [1/1] [t = 801] swapped,  f(S) = 1.06280
2021-01-31 05:49:45,339 [INFO] [OPT-EXP-DSGN - coordinate_ascent] [1/1] [t = 802] swapped,  f(S) = 1.06281
2021-01-31 05:49:46,090 [INFO] [OPT-EXP-DSGN - coordinate_ascent] [1/1] [t = 803] swapped,  f(S) = 1.06290
2021-01-31 05:50:03,382 [INFO] [OPT-EXP-DSGN - coordinate_ascent] [1/1] [t = 804] swapped,  f(S) = 1.06290
2021-01-31 05:54:58,539 [INFO] [OPT-EXP-DSGN - coordinate_ascent] [1/1] [t = 805] swapped,  f(S) = 1.06295
2021-01-31 05:55:13,865 [INFO] [OPT-EXP-DSGN - coordinate_ascent] [1/1] [t = 806] swapped,  f(S) = 1.06296
2021-01-31 05:55:17,030 [INFO] [OPT-EXP-DSGN - coordinate_ascent] [1/1] [t = 807] swapped,  f(S) = 1.06298
2021-01-31 05:55:18,904 [INFO] [OPT-EXP-DSGN - coordinate_ascent] [1/1] [t = 808] swapped,  f(S) = 1.06305
2021-01-31 05:55:37,862 [INFO] [OPT-EXP-DSGN - coordinate_ascent] [1/1] [t = 809] swapped,  f(S) = 1.06315
2021-01-31 05:56:09,285 [INFO] [OPT-EXP-DSGN - coordinate_ascent] [1/1] [t = 810] swapped,  f(S) = 1.06318
2021-01-31 06:25:47,740 [INFO] [OPT-EXP-DSGN - coordinate_ascent] [1/1] [t = 811] swapped,  f(S) = 1.06320
2021-01-31 07:18:11,855 [INFO] [OPT-EXP-DSGN - coordinate_ascent] [1/1] [t = 812] swapped,  f(S) = 1.06325
2021-01-31 07:18:13,089 [INFO] [OPT-EXP-DSGN - coordinate_ascent] [1/1] [t = 813] swapped,  f(S) = 1.06333
2021-01-31 07:18:14,666 [INFO] [OPT-EXP-DSGN - coordinate_ascent] [1/1] [t = 814] swapped,  f(S) = 1.06349
2021-01-31 07:18:30,483 [INFO] [OPT-EXP-DSGN - coordinate_ascent] [1/1] [t = 815] swapped,  f(S) = 1.06357
2021-01-31 07:18:32,053 [INFO] [OPT-EXP-DSGN - coordinate_ascent] [1/1] [t = 816] swapped,  f(S) = 1.06359
2021-01-31 07:18:42,108 [INFO] [OPT-EXP-DSGN - coordinate_ascent] [1/1] [t = 817] swapped,  f(S) = 1.06377
2021-01-31 07:18:42,505 [INFO] [OPT-EXP-DSGN - coordinate_ascent] [1/1] [t = 818] swapped,  f(S) = 1.06380
2021-01-31 07:18:42,887 [INFO] [OPT-EXP-DSGN - coordinate_ascent] [1/1] [t = 819] swapped,  f(S) = 1.06393
2021-01-31 07:18:43,275 [INFO] [OPT-EXP-DSGN - coordinate_ascent] [1/1] [t = 820] swapped,  f(S) = 1.06512
2021-01-31 07:18:44,046 [INFO] [OPT-EXP-DSGN - coordinate_ascent] [1/1] [t = 821] swapped,  f(S) = 1.06528
2021-01-31 07:18:45,574 [INFO] [OPT-EXP-DSGN - coordinate_ascent] [1/1] [t = 822] swapped,  f(S) = 1.06538
2021-01-31 07:19:08,293 [INFO] [OPT-EXP-DSGN - coordinate_ascent] [1/1] [t = 823] swapped,  f(S) = 1.06541
2021-01-31 07:19:12,481 [INFO] [OPT-EXP-DSGN - coordinate_ascent] [1/1] [t = 824] swapped,  f(S) = 1.06544
2021-01-31 08:10:47,597 [INFO] [OPT-EXP-DSGN - coordinate_ascent] [1/1] [t = 825] swapped,  f(S) = 1.06551
2021-01-31 08:10:49,711 [INFO] [OPT-EXP-DSGN - coordinate_ascent] [1/1] [t = 826] swapped,  f(S) = 1.06556
2021-01-31 08:10:54,600 [INFO] [OPT-EXP-DSGN - coordinate_ascent] [1/1] [t = 827] swapped,  f(S) = 1.06556
2021-01-31 08:10:55,726 [INFO] [OPT-EXP-DSGN - coordinate_ascent] [1/1] [t = 828] swapped,  f(S) = 1.06573
2021-01-31 08:10:56,102 [INFO] [OPT-EXP-DSGN - coordinate_ascent] [1/1] [t = 829] swapped,  f(S) = 1.06587
2021-01-31 08:11:25,015 [INFO] [OPT-EXP-DSGN - coordinate_ascent] [1/1] [t = 830] swapped,  f(S) = 1.06588
2021-01-31 08:18:00,629 [INFO] [OPT-EXP-DSGN - coordinate_ascent] [1/1] [t = 831] swapped,  f(S) = 1.06590
2021-01-31 08:18:01,557 [INFO] [OPT-EXP-DSGN - coordinate_ascent] [1/1] [t = 832] swapped,  f(S) = 1.06599
2021-01-31 09:09:39,029 [INFO] [OPT-EXP-DSGN - coordinate_ascent] [1/1] [t = 833] swapped,  f(S) = 1.06605
2021-01-31 09:22:15,156 [INFO] [OPT-EXP-DSGN - coordinate_ascent] [1/1] [t = 834] swapped,  f(S) = 1.06606
2021-01-31 09:22:16,073 [INFO] [OPT-EXP-DSGN - coordinate_ascent] [1/1] [t = 835] swapped,  f(S) = 1.06608
2021-01-31 09:22:38,968 [INFO] [OPT-EXP-DSGN - coordinate_ascent] [1/1] [t = 836] swapped,  f(S) = 1.06611
2021-01-31 09:27:33,330 [INFO] [OPT-EXP-DSGN - coordinate_ascent] [1/1] [t = 837] swapped,  f(S) = 1.06611
2021-01-31 09:29:02,552 [INFO] [OPT-EXP-DSGN - coordinate_ascent] [1/1] [t = 838] swapped,  f(S) = 1.06616
2021-01-31 09:29:03,958 [INFO] [OPT-EXP-DSGN - coordinate_ascent] [1/1] [t = 839] swapped,  f(S) = 1.06620
2021-01-31 09:29:06,578 [INFO] [OPT-EXP-DSGN - coordinate_ascent] [1/1] [t = 840] swapped,  f(S) = 1.06622
2021-01-31 09:29:07,344 [INFO] [OPT-EXP-DSGN - coordinate_ascent] [1/1] [t = 841] swapped,  f(S) = 1.06635
2021-01-31 09:29:16,816 [INFO] [OPT-EXP-DSGN - coordinate_ascent] [1/1] [t = 842] swapped,  f(S) = 1.06636
2021-01-31 09:32:45,415 [INFO] [OPT-EXP-DSGN - coordinate_ascent] [1/1] [t = 843] swapped,  f(S) = 1.06638
2021-01-31 10:05:42,562 [INFO] [OPT-EXP-DSGN - coordinate_ascent] [1/1] [t = 844] swapped,  f(S) = 1.06641
2021-01-31 10:06:15,236 [INFO] [OPT-EXP-DSGN - coordinate_ascent] [1/1] [t = 845] swapped,  f(S) = 1.06643
2021-01-31 10:06:17,383 [INFO] [OPT-EXP-DSGN - coordinate_ascent] [1/1] [t = 846] swapped,  f(S) = 1.06644
2021-01-31 10:09:35,306 [INFO] [OPT-EXP-DSGN - coordinate_ascent] [1/1] [t = 847] swapped,  f(S) = 1.06646
2021-01-31 10:09:36,051 [INFO] [OPT-EXP-DSGN - coordinate_ascent] [1/1] [t = 848] swapped,  f(S) = 1.06656
2021-01-31 10:09:40,599 [INFO] [OPT-EXP-DSGN - coordinate_ascent] [1/1] [t = 849] swapped,  f(S) = 1.06658
2021-01-31 10:11:31,757 [INFO] [OPT-EXP-DSGN - coordinate_ascent] [1/1] [t = 850] swapped,  f(S) = 1.06660
2021-01-31 10:11:32,403 [INFO] [OPT-EXP-DSGN - coordinate_ascent] [1/1] [t = 851] swapped,  f(S) = 1.06686
2021-01-31 10:11:32,783 [INFO] [OPT-EXP-DSGN - coordinate_ascent] [1/1] [t = 852] swapped,  f(S) = 1.06689
2021-01-31 10:11:36,575 [INFO] [OPT-EXP-DSGN - coordinate_ascent] [1/1] [t = 853] swapped,  f(S) = 1.06693
2021-01-31 10:20:32,712 [INFO] [OPT-EXP-DSGN - coordinate_ascent] [1/1] [t = 854] swapped,  f(S) = 1.06696
2021-01-31 10:20:50,422 [INFO] [OPT-EXP-DSGN - coordinate_ascent] [1/1] [t = 855] swapped,  f(S) = 1.06702
2021-01-31 10:20:51,887 [INFO] [OPT-EXP-DSGN - coordinate_ascent] [1/1] [t = 856] swapped,  f(S) = 1.06741
2021-01-31 11:11:43,133 [INFO] [OPT-EXP-DSGN - coordinate_ascent] [1/1] [t = 857] swapped,  f(S) = 1.06758
2021-01-31 11:11:48,180 [INFO] [OPT-EXP-DSGN - coordinate_ascent] [1/1] [t = 858] swapped,  f(S) = 1.06764
2021-01-31 12:03:03,547 [INFO] [OPT-EXP-DSGN - coordinate_ascent] [1/1] [t = 859] swapped,  f(S) = 1.06767
2021-01-31 12:06:11,825 [INFO] [OPT-EXP-DSGN - coordinate_ascent] [1/1] [t = 860] swapped,  f(S) = 1.06772
2021-01-31 12:07:23,287 [INFO] [OPT-EXP-DSGN - coordinate_ascent] [1/1] [t = 861] swapped,  f(S) = 1.06775
2021-01-31 12:07:24,934 [INFO] [OPT-EXP-DSGN - coordinate_ascent] [1/1] [t = 862] swapped,  f(S) = 1.06777
2021-01-31 12:07:38,701 [INFO] [OPT-EXP-DSGN - coordinate_ascent] [1/1] [t = 863] swapped,  f(S) = 1.06779
2021-01-31 12:07:39,073 [INFO] [OPT-EXP-DSGN - coordinate_ascent] [1/1] [t = 864] swapped,  f(S) = 1.06798
2021-01-31 12:08:16,093 [INFO] [OPT-EXP-DSGN - coordinate_ascent] [1/1] [t = 865] swapped,  f(S) = 1.06804
2021-01-31 12:08:21,278 [INFO] [OPT-EXP-DSGN - coordinate_ascent] [1/1] [t = 866] swapped,  f(S) = 1.06820
2021-01-31 12:59:58,444 [INFO] [OPT-EXP-DSGN - coordinate_ascent] [1/1] [t = 867] swapped,  f(S) = 1.06823
2021-01-31 13:00:13,172 [INFO] [OPT-EXP-DSGN - coordinate_ascent] [1/1] [t = 868] swapped,  f(S) = 1.06827
2021-01-31 13:00:13,530 [INFO] [OPT-EXP-DSGN - coordinate_ascent] [1/1] [t = 869] swapped,  f(S) = 1.06836
2021-01-31 13:00:19,429 [INFO] [OPT-EXP-DSGN - coordinate_ascent] [1/1] [t = 870] swapped,  f(S) = 1.06841
2021-01-31 13:00:20,513 [INFO] [OPT-EXP-DSGN - coordinate_ascent] [1/1] [t = 871] swapped,  f(S) = 1.06847
2021-01-31 13:00:49,021 [INFO] [OPT-EXP-DSGN - coordinate_ascent] [1/1] [t = 872] swapped,  f(S) = 1.06852
2021-01-31 13:00:51,453 [INFO] [OPT-EXP-DSGN - coordinate_ascent] [1/1] [t = 873] swapped,  f(S) = 1.06857
2021-01-31 13:04:35,625 [INFO] [OPT-EXP-DSGN - coordinate_ascent] [1/1] [t = 874] swapped,  f(S) = 1.06858
2021-01-31 13:04:38,614 [INFO] [OPT-EXP-DSGN - coordinate_ascent] [1/1] [t = 875] swapped,  f(S) = 1.06865
2021-01-31 13:04:38,997 [INFO] [OPT-EXP-DSGN - coordinate_ascent] [1/1] [t = 876] swapped,  f(S) = 1.06873
2021-01-31 13:05:03,438 [INFO] [OPT-EXP-DSGN - coordinate_ascent] [1/1] [t = 877] swapped,  f(S) = 1.06873
2021-01-31 13:56:25,030 [INFO] [OPT-EXP-DSGN - coordinate_ascent] [1/1] [t = 878] swapped,  f(S) = 1.06879
2021-01-31 13:57:42,300 [INFO] [OPT-EXP-DSGN - coordinate_ascent] [1/1] [t = 879] swapped,  f(S) = 1.06885
2021-01-31 13:57:44,673 [INFO] [OPT-EXP-DSGN - coordinate_ascent] [1/1] [t = 880] swapped,  f(S) = 1.06889
2021-01-31 13:57:45,811 [INFO] [OPT-EXP-DSGN - coordinate_ascent] [1/1] [t = 881] swapped,  f(S) = 1.06895
2021-01-31 14:09:19,625 [INFO] [OPT-EXP-DSGN - coordinate_ascent] [1/1] [t = 882] swapped,  f(S) = 1.06896
2021-01-31 14:09:20,161 [INFO] [OPT-EXP-DSGN - coordinate_ascent] [1/1] [t = 883] swapped,  f(S) = 1.06908
2021-01-31 14:09:20,538 [INFO] [OPT-EXP-DSGN - coordinate_ascent] [1/1] [t = 884] swapped,  f(S) = 1.06909
2021-01-31 15:00:22,341 [INFO] [OPT-EXP-DSGN - coordinate_ascent] [1/1] [t = 885] swapped,  f(S) = 1.06910
2021-01-31 15:14:05,071 [INFO] [OPT-EXP-DSGN - coordinate_ascent] [1/1] [t = 886] swapped,  f(S) = 1.06914
2021-01-31 15:40:59,699 [INFO] [OPT-EXP-DSGN - coordinate_ascent] [1/1] [t = 887] swapped,  f(S) = 1.06915
2021-01-31 15:42:25,242 [INFO] [OPT-EXP-DSGN - coordinate_ascent] [1/1] [t = 888] swapped,  f(S) = 1.06916
2021-01-31 15:42:31,287 [INFO] [OPT-EXP-DSGN - coordinate_ascent] [1/1] [t = 889] swapped,  f(S) = 1.06920
2021-01-31 16:09:46,767 [INFO] [OPT-EXP-DSGN - coordinate_ascent] [1/1] [t = 890] swapped,  f(S) = 1.06923
2021-01-31 16:09:49,930 [INFO] [OPT-EXP-DSGN - coordinate_ascent] [1/1] [t = 891] swapped,  f(S) = 1.06925
2021-01-31 16:09:54,750 [INFO] [OPT-EXP-DSGN - coordinate_ascent] [1/1] [t = 892] swapped,  f(S) = 1.06927
2021-01-31 16:09:55,870 [INFO] [OPT-EXP-DSGN - coordinate_ascent] [1/1] [t = 893] swapped,  f(S) = 1.06934
2021-01-31 16:10:57,703 [INFO] [OPT-EXP-DSGN - coordinate_ascent] [1/1] [t = 894] swapped,  f(S) = 1.06934
2021-01-31 16:10:59,425 [INFO] [OPT-EXP-DSGN - coordinate_ascent] [1/1] [t = 895] swapped,  f(S) = 1.06936
2021-01-31 16:10:59,803 [INFO] [OPT-EXP-DSGN - coordinate_ascent] [1/1] [t = 896] swapped,  f(S) = 1.06940
2021-01-31 16:11:12,408 [INFO] [OPT-EXP-DSGN - coordinate_ascent] [1/1] [t = 897] swapped,  f(S) = 1.06943
2021-01-31 16:11:13,551 [INFO] [OPT-EXP-DSGN - coordinate_ascent] [1/1] [t = 898] swapped,  f(S) = 1.06947
2021-01-31 16:11:15,190 [INFO] [OPT-EXP-DSGN - coordinate_ascent] [1/1] [t = 899] swapped,  f(S) = 1.06949
2021-01-31 16:16:20,001 [INFO] [OPT-EXP-DSGN - coordinate_ascent] [1/1] [t = 900] swapped,  f(S) = 1.06949
2021-01-31 16:17:04,940 [INFO] [OPT-EXP-DSGN - coordinate_ascent] [1/1] [t = 901] swapped,  f(S) = 1.06955
2021-01-31 16:18:02,781 [INFO] [OPT-EXP-DSGN - coordinate_ascent] [1/1] [t = 902] swapped,  f(S) = 1.06958
2021-01-31 17:10:26,850 [INFO] [OPT-EXP-DSGN - coordinate_ascent] [1/1] [t = 903] swapped,  f(S) = 1.06959
2021-01-31 18:02:24,347 [INFO] [OPT-EXP-DSGN - coordinate_ascent] [1/1] [t = 904] swapped,  f(S) = 1.06966
2021-01-31 18:02:26,122 [INFO] [OPT-EXP-DSGN - coordinate_ascent] [1/1] [t = 905] swapped,  f(S) = 1.06979
2021-01-31 18:02:28,695 [INFO] [OPT-EXP-DSGN - coordinate_ascent] [1/1] [t = 906] swapped,  f(S) = 1.06985
2021-01-31 18:02:29,450 [INFO] [OPT-EXP-DSGN - coordinate_ascent] [1/1] [t = 907] swapped,  f(S) = 1.06986
2021-01-31 18:02:30,966 [INFO] [OPT-EXP-DSGN - coordinate_ascent] [1/1] [t = 908] swapped,  f(S) = 1.07014
2021-01-31 18:02:35,136 [INFO] [OPT-EXP-DSGN - coordinate_ascent] [1/1] [t = 909] swapped,  f(S) = 1.07021
slurmstepd: error: *** JOB 19131939 ON node082 CANCELLED AT 2021-01-31T18:09:43 DUE TO TIME LIMIT ***
