My SLURM_ARRAY_TASK_ID:  1
Running extraction: group=best_performing_pereira_2-dataset=ud_sentencez_token_filter_v3-activation-bench=None-ave=False
Running optimiation: coordinate_ascent-obj=D_s-n_iter=10000-n_samples=300-n_init=1
2021-01-22 16:29:40.456248: I tensorflow/stream_executor/platform/default/dso_loader.cc:48] Successfully opened dynamic library libcudart.so.10.1
/usr/local/lib/python3.7/site-packages/xarray/core/merge.py:16: FutureWarning: The Panel class is removed from pandas. Accessing it from the top-level namespace will also be removed in the next version
  PANDAS_TYPES = (pd.Series, pd.DataFrame, pd.Panel)
/usr/local/lib/python3.7/site-packages/brainio_base/assemblies.py:224: FutureWarning: The inplace argument has been deprecated and will be removed in a future version of xarray.
  xr_data.set_index(append=True, inplace=True, **coords_d)
0it [00:00, ?it/s]934it [00:00, 234860.91it/s]
0it [00:00, ?it/s]934it [00:00, 239469.40it/s]
0it [00:00, ?it/s]935it [00:00, 237317.65it/s]
0it [00:00, ?it/s]934it [00:00, 240291.97it/s]
0it [00:00, ?it/s]934it [00:00, 238231.57it/s]
0it [00:00, ?it/s]935it [00:00, 240593.51it/s]
0it [00:00, ?it/s]934it [00:00, 237971.08it/s]
0it [00:00, ?it/s]934it [00:00, 235185.20it/s]
0it [00:00, ?it/s]935it [00:00, 237994.55it/s]
2021-01-22 16:29:45,543 [INFO] [OPT-EXP-DSGN - coordinate_ascent] ===> Starting init 0, initial f(S) = 0.92650
2021-01-22 16:30:21,564 [INFO] [OPT-EXP-DSGN - coordinate_ascent] [1/1] [t = 1] swapped,  f(S) = 0.92682
2021-01-22 16:30:21,883 [INFO] [OPT-EXP-DSGN - coordinate_ascent] [1/1] [t = 2] swapped,  f(S) = 0.92692
2021-01-22 16:30:22,839 [INFO] [OPT-EXP-DSGN - coordinate_ascent] [1/1] [t = 3] swapped,  f(S) = 0.92695
2021-01-22 16:30:23,477 [INFO] [OPT-EXP-DSGN - coordinate_ascent] [1/1] [t = 4] swapped,  f(S) = 0.92719
2021-01-22 16:30:23,796 [INFO] [OPT-EXP-DSGN - coordinate_ascent] [1/1] [t = 5] swapped,  f(S) = 0.92915
2021-01-22 16:30:24,116 [INFO] [OPT-EXP-DSGN - coordinate_ascent] [1/1] [t = 6] swapped,  f(S) = 0.92919
2021-01-22 16:30:24,435 [INFO] [OPT-EXP-DSGN - coordinate_ascent] [1/1] [t = 7] swapped,  f(S) = 0.93022
2021-01-22 16:30:24,754 [INFO] [OPT-EXP-DSGN - coordinate_ascent] [1/1] [t = 8] swapped,  f(S) = 0.93055
2021-01-22 16:30:25,392 [INFO] [OPT-EXP-DSGN - coordinate_ascent] [1/1] [t = 9] swapped,  f(S) = 0.93180
2021-01-22 16:30:26,034 [INFO] [OPT-EXP-DSGN - coordinate_ascent] [1/1] [t = 10] swapped,  f(S) = 0.93193
2021-01-22 16:30:27,945 [INFO] [OPT-EXP-DSGN - coordinate_ascent] [1/1] [t = 11] swapped,  f(S) = 0.93210
2021-01-22 16:30:28,264 [INFO] [OPT-EXP-DSGN - coordinate_ascent] [1/1] [t = 12] swapped,  f(S) = 0.93325
2021-01-22 16:30:30,174 [INFO] [OPT-EXP-DSGN - coordinate_ascent] [1/1] [t = 13] swapped,  f(S) = 0.93328
2021-01-22 16:30:31,130 [INFO] [OPT-EXP-DSGN - coordinate_ascent] [1/1] [t = 14] swapped,  f(S) = 0.93335
2021-01-22 16:30:55,328 [INFO] [OPT-EXP-DSGN - coordinate_ascent] [1/1] [t = 15] swapped,  f(S) = 0.93340
2021-01-22 16:30:55,647 [INFO] [OPT-EXP-DSGN - coordinate_ascent] [1/1] [t = 16] swapped,  f(S) = 0.93344
2021-01-22 16:31:20,493 [INFO] [OPT-EXP-DSGN - coordinate_ascent] [1/1] [t = 17] swapped,  f(S) = 0.93436
2021-01-22 16:31:20,814 [INFO] [OPT-EXP-DSGN - coordinate_ascent] [1/1] [t = 18] swapped,  f(S) = 0.93638
2021-01-22 16:31:25,272 [INFO] [OPT-EXP-DSGN - coordinate_ascent] [1/1] [t = 19] swapped,  f(S) = 0.93654
2021-01-22 16:31:25,591 [INFO] [OPT-EXP-DSGN - coordinate_ascent] [1/1] [t = 20] swapped,  f(S) = 0.93659
2021-01-22 16:31:25,910 [INFO] [OPT-EXP-DSGN - coordinate_ascent] [1/1] [t = 21] swapped,  f(S) = 0.93674
2021-01-22 16:31:29,094 [INFO] [OPT-EXP-DSGN - coordinate_ascent] [1/1] [t = 22] swapped,  f(S) = 0.93676
2021-01-22 16:31:29,414 [INFO] [OPT-EXP-DSGN - coordinate_ascent] [1/1] [t = 23] swapped,  f(S) = 0.93736
2021-01-22 16:31:29,733 [INFO] [OPT-EXP-DSGN - coordinate_ascent] [1/1] [t = 24] swapped,  f(S) = 0.93770
2021-01-22 16:31:30,053 [INFO] [OPT-EXP-DSGN - coordinate_ascent] [1/1] [t = 25] swapped,  f(S) = 0.93791
2021-01-22 16:31:30,372 [INFO] [OPT-EXP-DSGN - coordinate_ascent] [1/1] [t = 26] swapped,  f(S) = 0.93856
2021-01-22 16:31:31,329 [INFO] [OPT-EXP-DSGN - coordinate_ascent] [1/1] [t = 27] swapped,  f(S) = 0.93890
2021-01-22 16:31:31,648 [INFO] [OPT-EXP-DSGN - coordinate_ascent] [1/1] [t = 28] swapped,  f(S) = 0.93915
2021-01-22 16:31:31,969 [INFO] [OPT-EXP-DSGN - coordinate_ascent] [1/1] [t = 29] swapped,  f(S) = 0.94185
2021-01-22 16:31:38,020 [INFO] [OPT-EXP-DSGN - coordinate_ascent] [1/1] [t = 30] swapped,  f(S) = 0.94221
2021-01-22 16:31:38,340 [INFO] [OPT-EXP-DSGN - coordinate_ascent] [1/1] [t = 31] swapped,  f(S) = 0.94230
2021-01-22 16:31:39,614 [INFO] [OPT-EXP-DSGN - coordinate_ascent] [1/1] [t = 32] swapped,  f(S) = 0.94442
2021-01-22 16:31:39,934 [INFO] [OPT-EXP-DSGN - coordinate_ascent] [1/1] [t = 33] swapped,  f(S) = 0.94453
2021-01-22 16:31:43,118 [INFO] [OPT-EXP-DSGN - coordinate_ascent] [1/1] [t = 34] swapped,  f(S) = 0.94487
2021-01-22 16:31:46,626 [INFO] [OPT-EXP-DSGN - coordinate_ascent] [1/1] [t = 35] swapped,  f(S) = 0.94518
2021-01-22 16:31:47,264 [INFO] [OPT-EXP-DSGN - coordinate_ascent] [1/1] [t = 36] swapped,  f(S) = 0.94573
2021-01-22 16:31:47,583 [INFO] [OPT-EXP-DSGN - coordinate_ascent] [1/1] [t = 37] swapped,  f(S) = 0.94589
2021-01-22 16:31:47,903 [INFO] [OPT-EXP-DSGN - coordinate_ascent] [1/1] [t = 38] swapped,  f(S) = 0.94597
2021-01-22 16:31:49,815 [INFO] [OPT-EXP-DSGN - coordinate_ascent] [1/1] [t = 39] swapped,  f(S) = 0.94599
2021-01-22 16:31:50,135 [INFO] [OPT-EXP-DSGN - coordinate_ascent] [1/1] [t = 40] swapped,  f(S) = 0.94604
2021-01-22 16:31:51,091 [INFO] [OPT-EXP-DSGN - coordinate_ascent] [1/1] [t = 41] swapped,  f(S) = 0.94665
2021-01-22 16:31:51,729 [INFO] [OPT-EXP-DSGN - coordinate_ascent] [1/1] [t = 42] swapped,  f(S) = 0.94677
2021-01-22 16:31:52,048 [INFO] [OPT-EXP-DSGN - coordinate_ascent] [1/1] [t = 43] swapped,  f(S) = 0.94727
2021-01-22 16:32:00,966 [INFO] [OPT-EXP-DSGN - coordinate_ascent] [1/1] [t = 44] swapped,  f(S) = 0.94731
2021-01-22 16:32:01,286 [INFO] [OPT-EXP-DSGN - coordinate_ascent] [1/1] [t = 45] swapped,  f(S) = 0.94752
2021-01-22 16:32:01,606 [INFO] [OPT-EXP-DSGN - coordinate_ascent] [1/1] [t = 46] swapped,  f(S) = 0.94766
2021-01-22 16:32:04,473 [INFO] [OPT-EXP-DSGN - coordinate_ascent] [1/1] [t = 47] swapped,  f(S) = 0.94771
2021-01-22 16:32:07,658 [INFO] [OPT-EXP-DSGN - coordinate_ascent] [1/1] [t = 48] swapped,  f(S) = 0.94772
2021-01-22 16:32:09,573 [INFO] [OPT-EXP-DSGN - coordinate_ascent] [1/1] [t = 49] swapped,  f(S) = 0.94784
2021-01-22 16:32:09,892 [INFO] [OPT-EXP-DSGN - coordinate_ascent] [1/1] [t = 50] swapped,  f(S) = 0.94804
2021-01-22 16:32:10,848 [INFO] [OPT-EXP-DSGN - coordinate_ascent] [1/1] [t = 51] swapped,  f(S) = 0.94815
2021-01-22 16:32:11,485 [INFO] [OPT-EXP-DSGN - coordinate_ascent] [1/1] [t = 52] swapped,  f(S) = 0.94843
2021-01-22 16:32:14,990 [INFO] [OPT-EXP-DSGN - coordinate_ascent] [1/1] [t = 53] swapped,  f(S) = 0.94862
2021-01-22 16:32:16,901 [INFO] [OPT-EXP-DSGN - coordinate_ascent] [1/1] [t = 54] swapped,  f(S) = 0.94947
2021-01-22 16:32:17,857 [INFO] [OPT-EXP-DSGN - coordinate_ascent] [1/1] [t = 55] swapped,  f(S) = 0.94993
2021-01-22 16:32:19,130 [INFO] [OPT-EXP-DSGN - coordinate_ascent] [1/1] [t = 56] swapped,  f(S) = 0.94994
2021-01-22 16:32:20,088 [INFO] [OPT-EXP-DSGN - coordinate_ascent] [1/1] [t = 57] swapped,  f(S) = 0.94995
2021-01-22 16:32:21,682 [INFO] [OPT-EXP-DSGN - coordinate_ascent] [1/1] [t = 58] swapped,  f(S) = 0.94998
2021-01-22 16:32:22,320 [INFO] [OPT-EXP-DSGN - coordinate_ascent] [1/1] [t = 59] swapped,  f(S) = 0.95002
2021-01-22 16:32:22,639 [INFO] [OPT-EXP-DSGN - coordinate_ascent] [1/1] [t = 60] swapped,  f(S) = 0.95012
2021-01-22 16:32:22,958 [INFO] [OPT-EXP-DSGN - coordinate_ascent] [1/1] [t = 61] swapped,  f(S) = 0.95063
2021-01-22 16:32:23,278 [INFO] [OPT-EXP-DSGN - coordinate_ascent] [1/1] [t = 62] swapped,  f(S) = 0.95074
2021-01-22 16:32:26,462 [INFO] [OPT-EXP-DSGN - coordinate_ascent] [1/1] [t = 63] swapped,  f(S) = 0.95085
2021-01-22 16:32:26,781 [INFO] [OPT-EXP-DSGN - coordinate_ascent] [1/1] [t = 64] swapped,  f(S) = 0.95150
2021-01-22 16:32:27,419 [INFO] [OPT-EXP-DSGN - coordinate_ascent] [1/1] [t = 65] swapped,  f(S) = 0.95163
2021-01-22 16:32:28,056 [INFO] [OPT-EXP-DSGN - coordinate_ascent] [1/1] [t = 66] swapped,  f(S) = 0.95228
2021-01-22 16:32:28,376 [INFO] [OPT-EXP-DSGN - coordinate_ascent] [1/1] [t = 67] swapped,  f(S) = 0.95272
2021-01-22 16:32:29,650 [INFO] [OPT-EXP-DSGN - coordinate_ascent] [1/1] [t = 68] swapped,  f(S) = 0.95273
2021-01-22 16:32:30,294 [INFO] [OPT-EXP-DSGN - coordinate_ascent] [1/1] [t = 69] swapped,  f(S) = 0.95293
2021-01-22 16:32:30,613 [INFO] [OPT-EXP-DSGN - coordinate_ascent] [1/1] [t = 70] swapped,  f(S) = 0.95310
2021-01-22 16:32:31,251 [INFO] [OPT-EXP-DSGN - coordinate_ascent] [1/1] [t = 71] swapped,  f(S) = 0.95340
2021-01-22 16:32:32,849 [INFO] [OPT-EXP-DSGN - coordinate_ascent] [1/1] [t = 72] swapped,  f(S) = 0.95384
2021-01-22 16:32:33,168 [INFO] [OPT-EXP-DSGN - coordinate_ascent] [1/1] [t = 73] swapped,  f(S) = 0.95387
2021-01-22 16:32:36,034 [INFO] [OPT-EXP-DSGN - coordinate_ascent] [1/1] [t = 74] swapped,  f(S) = 0.95441
2021-01-22 16:32:36,354 [INFO] [OPT-EXP-DSGN - coordinate_ascent] [1/1] [t = 75] swapped,  f(S) = 0.95456
2021-01-22 16:32:36,992 [INFO] [OPT-EXP-DSGN - coordinate_ascent] [1/1] [t = 76] swapped,  f(S) = 0.95465
2021-01-22 16:32:37,629 [INFO] [OPT-EXP-DSGN - coordinate_ascent] [1/1] [t = 77] swapped,  f(S) = 0.95501
2021-01-22 16:32:38,586 [INFO] [OPT-EXP-DSGN - coordinate_ascent] [1/1] [t = 78] swapped,  f(S) = 0.95525
2021-01-22 16:32:39,224 [INFO] [OPT-EXP-DSGN - coordinate_ascent] [1/1] [t = 79] swapped,  f(S) = 0.95560
2021-01-22 16:32:40,816 [INFO] [OPT-EXP-DSGN - coordinate_ascent] [1/1] [t = 80] swapped,  f(S) = 0.95562
2021-01-22 16:32:41,454 [INFO] [OPT-EXP-DSGN - coordinate_ascent] [1/1] [t = 81] swapped,  f(S) = 0.95564
2021-01-22 16:32:41,773 [INFO] [OPT-EXP-DSGN - coordinate_ascent] [1/1] [t = 82] swapped,  f(S) = 0.95640
2021-01-22 16:32:42,093 [INFO] [OPT-EXP-DSGN - coordinate_ascent] [1/1] [t = 83] swapped,  f(S) = 0.95729
2021-01-22 16:32:45,280 [INFO] [OPT-EXP-DSGN - coordinate_ascent] [1/1] [t = 84] swapped,  f(S) = 0.95730
2021-01-22 16:32:45,599 [INFO] [OPT-EXP-DSGN - coordinate_ascent] [1/1] [t = 85] swapped,  f(S) = 0.95793
2021-01-22 16:32:49,101 [INFO] [OPT-EXP-DSGN - coordinate_ascent] [1/1] [t = 86] swapped,  f(S) = 0.95808
2021-01-22 16:32:49,738 [INFO] [OPT-EXP-DSGN - coordinate_ascent] [1/1] [t = 87] swapped,  f(S) = 0.95813
2021-01-22 16:32:50,058 [INFO] [OPT-EXP-DSGN - coordinate_ascent] [1/1] [t = 88] swapped,  f(S) = 0.95827
2021-01-22 16:32:56,744 [INFO] [OPT-EXP-DSGN - coordinate_ascent] [1/1] [t = 89] swapped,  f(S) = 0.95834
2021-01-22 16:32:57,381 [INFO] [OPT-EXP-DSGN - coordinate_ascent] [1/1] [t = 90] swapped,  f(S) = 0.95878
2021-01-22 16:32:59,611 [INFO] [OPT-EXP-DSGN - coordinate_ascent] [1/1] [t = 91] swapped,  f(S) = 0.95882
2021-01-22 16:33:00,567 [INFO] [OPT-EXP-DSGN - coordinate_ascent] [1/1] [t = 92] swapped,  f(S) = 0.95893
2021-01-22 16:33:00,886 [INFO] [OPT-EXP-DSGN - coordinate_ascent] [1/1] [t = 93] swapped,  f(S) = 0.95909
2021-01-22 16:33:01,205 [INFO] [OPT-EXP-DSGN - coordinate_ascent] [1/1] [t = 94] swapped,  f(S) = 0.95916
2021-01-22 16:33:01,525 [INFO] [OPT-EXP-DSGN - coordinate_ascent] [1/1] [t = 95] swapped,  f(S) = 0.95962
2021-01-22 16:33:07,892 [INFO] [OPT-EXP-DSGN - coordinate_ascent] [1/1] [t = 96] swapped,  f(S) = 0.96040
2021-01-22 16:33:12,669 [INFO] [OPT-EXP-DSGN - coordinate_ascent] [1/1] [t = 97] swapped,  f(S) = 0.96088
2021-01-22 16:33:12,989 [INFO] [OPT-EXP-DSGN - coordinate_ascent] [1/1] [t = 98] swapped,  f(S) = 0.96098
2021-01-22 16:33:13,309 [INFO] [OPT-EXP-DSGN - coordinate_ascent] [1/1] [t = 99] swapped,  f(S) = 0.96156
2021-01-22 16:33:13,628 [INFO] [OPT-EXP-DSGN - coordinate_ascent] [1/1] [t = 100] swapped,  f(S) = 0.96157
2021-01-22 16:33:15,221 [INFO] [OPT-EXP-DSGN - coordinate_ascent] [1/1] [t = 101] swapped,  f(S) = 0.96187
2021-01-22 16:33:16,495 [INFO] [OPT-EXP-DSGN - coordinate_ascent] [1/1] [t = 102] swapped,  f(S) = 0.96194
2021-01-22 16:33:18,725 [INFO] [OPT-EXP-DSGN - coordinate_ascent] [1/1] [t = 103] swapped,  f(S) = 0.96227
2021-01-22 16:33:19,045 [INFO] [OPT-EXP-DSGN - coordinate_ascent] [1/1] [t = 104] swapped,  f(S) = 0.96242
2021-01-22 16:33:20,960 [INFO] [OPT-EXP-DSGN - coordinate_ascent] [1/1] [t = 105] swapped,  f(S) = 0.96252
2021-01-22 16:33:22,552 [INFO] [OPT-EXP-DSGN - coordinate_ascent] [1/1] [t = 106] swapped,  f(S) = 0.96270
2021-01-22 16:33:22,872 [INFO] [OPT-EXP-DSGN - coordinate_ascent] [1/1] [t = 107] swapped,  f(S) = 0.96441
2021-01-22 16:33:24,783 [INFO] [OPT-EXP-DSGN - coordinate_ascent] [1/1] [t = 108] swapped,  f(S) = 0.96446
2021-01-22 16:33:29,560 [INFO] [OPT-EXP-DSGN - coordinate_ascent] [1/1] [t = 109] swapped,  f(S) = 0.96453
2021-01-22 16:33:29,880 [INFO] [OPT-EXP-DSGN - coordinate_ascent] [1/1] [t = 110] swapped,  f(S) = 0.96488
2021-01-22 16:33:30,518 [INFO] [OPT-EXP-DSGN - coordinate_ascent] [1/1] [t = 111] swapped,  f(S) = 0.96618
2021-01-22 16:33:36,250 [INFO] [OPT-EXP-DSGN - coordinate_ascent] [1/1] [t = 112] swapped,  f(S) = 0.96672
2021-01-22 16:33:36,889 [INFO] [OPT-EXP-DSGN - coordinate_ascent] [1/1] [t = 113] swapped,  f(S) = 0.96686
2021-01-22 16:33:53,765 [INFO] [OPT-EXP-DSGN - coordinate_ascent] [1/1] [t = 114] swapped,  f(S) = 0.96703
2021-01-22 16:33:55,040 [INFO] [OPT-EXP-DSGN - coordinate_ascent] [1/1] [t = 115] swapped,  f(S) = 0.96718
2021-01-22 16:33:55,678 [INFO] [OPT-EXP-DSGN - coordinate_ascent] [1/1] [t = 116] swapped,  f(S) = 0.96726
2021-01-22 16:33:56,637 [INFO] [OPT-EXP-DSGN - coordinate_ascent] [1/1] [t = 117] swapped,  f(S) = 0.96746
2021-01-22 16:33:56,957 [INFO] [OPT-EXP-DSGN - coordinate_ascent] [1/1] [t = 118] swapped,  f(S) = 0.96841
2021-01-22 16:33:57,276 [INFO] [OPT-EXP-DSGN - coordinate_ascent] [1/1] [t = 119] swapped,  f(S) = 0.96853
2021-01-22 16:33:57,596 [INFO] [OPT-EXP-DSGN - coordinate_ascent] [1/1] [t = 120] swapped,  f(S) = 0.96856
2021-01-22 16:33:59,190 [INFO] [OPT-EXP-DSGN - coordinate_ascent] [1/1] [t = 121] swapped,  f(S) = 0.96876
2021-01-22 16:34:07,146 [INFO] [OPT-EXP-DSGN - coordinate_ascent] [1/1] [t = 122] swapped,  f(S) = 0.96881
2021-01-22 16:34:14,474 [INFO] [OPT-EXP-DSGN - coordinate_ascent] [1/1] [t = 123] swapped,  f(S) = 0.96927
2021-01-22 16:34:14,793 [INFO] [OPT-EXP-DSGN - coordinate_ascent] [1/1] [t = 124] swapped,  f(S) = 0.96978
2021-01-22 16:34:15,113 [INFO] [OPT-EXP-DSGN - coordinate_ascent] [1/1] [t = 125] swapped,  f(S) = 0.96985
2021-01-22 16:34:39,631 [INFO] [OPT-EXP-DSGN - coordinate_ascent] [1/1] [t = 126] swapped,  f(S) = 0.97050
2021-01-22 16:34:40,268 [INFO] [OPT-EXP-DSGN - coordinate_ascent] [1/1] [t = 127] swapped,  f(S) = 0.97057
2021-01-22 16:34:40,588 [INFO] [OPT-EXP-DSGN - coordinate_ascent] [1/1] [t = 128] swapped,  f(S) = 0.97060
2021-01-22 16:34:41,544 [INFO] [OPT-EXP-DSGN - coordinate_ascent] [1/1] [t = 129] swapped,  f(S) = 0.97077
2021-01-22 16:34:44,731 [INFO] [OPT-EXP-DSGN - coordinate_ascent] [1/1] [t = 130] swapped,  f(S) = 0.97081
2021-01-22 16:34:45,051 [INFO] [OPT-EXP-DSGN - coordinate_ascent] [1/1] [t = 131] swapped,  f(S) = 0.97085
2021-01-22 16:34:46,007 [INFO] [OPT-EXP-DSGN - coordinate_ascent] [1/1] [t = 132] swapped,  f(S) = 0.97103
2021-01-22 16:34:47,281 [INFO] [OPT-EXP-DSGN - coordinate_ascent] [1/1] [t = 133] swapped,  f(S) = 0.97127
2021-01-22 16:34:47,600 [INFO] [OPT-EXP-DSGN - coordinate_ascent] [1/1] [t = 134] swapped,  f(S) = 0.97222
2021-01-22 16:34:47,919 [INFO] [OPT-EXP-DSGN - coordinate_ascent] [1/1] [t = 135] swapped,  f(S) = 0.97245
2021-01-22 16:34:48,239 [INFO] [OPT-EXP-DSGN - coordinate_ascent] [1/1] [t = 136] swapped,  f(S) = 0.97297
2021-01-22 16:34:52,384 [INFO] [OPT-EXP-DSGN - coordinate_ascent] [1/1] [t = 137] swapped,  f(S) = 0.97307
2021-01-22 16:34:53,975 [INFO] [OPT-EXP-DSGN - coordinate_ascent] [1/1] [t = 138] swapped,  f(S) = 0.97328
2021-01-22 16:34:55,248 [INFO] [OPT-EXP-DSGN - coordinate_ascent] [1/1] [t = 139] swapped,  f(S) = 0.97334
2021-01-22 16:34:55,885 [INFO] [OPT-EXP-DSGN - coordinate_ascent] [1/1] [t = 140] swapped,  f(S) = 0.97344
2021-01-22 16:35:00,665 [INFO] [OPT-EXP-DSGN - coordinate_ascent] [1/1] [t = 141] swapped,  f(S) = 0.97352
2021-01-22 16:35:00,985 [INFO] [OPT-EXP-DSGN - coordinate_ascent] [1/1] [t = 142] swapped,  f(S) = 0.97411
2021-01-22 16:35:01,304 [INFO] [OPT-EXP-DSGN - coordinate_ascent] [1/1] [t = 143] swapped,  f(S) = 0.97436
2021-01-22 16:35:01,941 [INFO] [OPT-EXP-DSGN - coordinate_ascent] [1/1] [t = 144] swapped,  f(S) = 0.97451
2021-01-22 16:41:55,676 [INFO] [OPT-EXP-DSGN - coordinate_ascent] [1/1] [t = 145] swapped,  f(S) = 0.97480
2021-01-22 16:42:18,998 [INFO] [OPT-EXP-DSGN - coordinate_ascent] [1/1] [t = 146] swapped,  f(S) = 0.97495
2021-01-22 16:42:19,636 [INFO] [OPT-EXP-DSGN - coordinate_ascent] [1/1] [t = 147] swapped,  f(S) = 0.97503
2021-01-22 16:42:20,592 [INFO] [OPT-EXP-DSGN - coordinate_ascent] [1/1] [t = 148] swapped,  f(S) = 0.97510
2021-01-22 16:42:20,912 [INFO] [OPT-EXP-DSGN - coordinate_ascent] [1/1] [t = 149] swapped,  f(S) = 0.97552
2021-01-22 16:42:21,231 [INFO] [OPT-EXP-DSGN - coordinate_ascent] [1/1] [t = 150] swapped,  f(S) = 0.97562
2021-01-22 16:42:22,508 [INFO] [OPT-EXP-DSGN - coordinate_ascent] [1/1] [t = 151] swapped,  f(S) = 0.97570
2021-01-22 16:42:23,145 [INFO] [OPT-EXP-DSGN - coordinate_ascent] [1/1] [t = 152] swapped,  f(S) = 0.97592
2021-01-22 16:42:24,420 [INFO] [OPT-EXP-DSGN - coordinate_ascent] [1/1] [t = 153] swapped,  f(S) = 0.97603
2021-01-22 16:42:25,694 [INFO] [OPT-EXP-DSGN - coordinate_ascent] [1/1] [t = 154] swapped,  f(S) = 0.97631
2021-01-22 16:42:26,014 [INFO] [OPT-EXP-DSGN - coordinate_ascent] [1/1] [t = 155] swapped,  f(S) = 0.97653
2021-01-22 16:42:26,333 [INFO] [OPT-EXP-DSGN - coordinate_ascent] [1/1] [t = 156] swapped,  f(S) = 0.97753
2021-01-22 16:43:11,625 [INFO] [OPT-EXP-DSGN - coordinate_ascent] [1/1] [t = 157] swapped,  f(S) = 0.97754
2021-01-22 16:43:11,944 [INFO] [OPT-EXP-DSGN - coordinate_ascent] [1/1] [t = 158] swapped,  f(S) = 0.97802
2021-01-22 16:43:13,219 [INFO] [OPT-EXP-DSGN - coordinate_ascent] [1/1] [t = 159] swapped,  f(S) = 0.97820
2021-01-22 16:43:13,857 [INFO] [OPT-EXP-DSGN - coordinate_ascent] [1/1] [t = 160] swapped,  f(S) = 0.97839
2021-01-22 16:43:14,177 [INFO] [OPT-EXP-DSGN - coordinate_ascent] [1/1] [t = 161] swapped,  f(S) = 0.97857
2021-01-22 16:43:14,496 [INFO] [OPT-EXP-DSGN - coordinate_ascent] [1/1] [t = 162] swapped,  f(S) = 0.97880
2021-01-22 16:43:15,134 [INFO] [OPT-EXP-DSGN - coordinate_ascent] [1/1] [t = 163] swapped,  f(S) = 0.97909
2021-01-22 16:43:20,230 [INFO] [OPT-EXP-DSGN - coordinate_ascent] [1/1] [t = 164] swapped,  f(S) = 0.97922
2021-01-22 16:43:23,417 [INFO] [OPT-EXP-DSGN - coordinate_ascent] [1/1] [t = 165] swapped,  f(S) = 0.97968
2021-01-22 16:43:23,737 [INFO] [OPT-EXP-DSGN - coordinate_ascent] [1/1] [t = 166] swapped,  f(S) = 0.97969
2021-01-22 16:43:24,057 [INFO] [OPT-EXP-DSGN - coordinate_ascent] [1/1] [t = 167] swapped,  f(S) = 0.97979
2021-01-22 16:43:24,376 [INFO] [OPT-EXP-DSGN - coordinate_ascent] [1/1] [t = 168] swapped,  f(S) = 0.98034
2021-01-22 16:43:25,014 [INFO] [OPT-EXP-DSGN - coordinate_ascent] [1/1] [t = 169] swapped,  f(S) = 0.98071
2021-01-22 16:43:25,652 [INFO] [OPT-EXP-DSGN - coordinate_ascent] [1/1] [t = 170] swapped,  f(S) = 0.98078
2021-01-22 16:43:26,927 [INFO] [OPT-EXP-DSGN - coordinate_ascent] [1/1] [t = 171] swapped,  f(S) = 0.98087
2021-01-22 16:43:27,565 [INFO] [OPT-EXP-DSGN - coordinate_ascent] [1/1] [t = 172] swapped,  f(S) = 0.98111
2021-01-22 16:48:13,006 [INFO] [OPT-EXP-DSGN - coordinate_ascent] [1/1] [t = 173] swapped,  f(S) = 0.98125
2021-01-22 16:48:13,325 [INFO] [OPT-EXP-DSGN - coordinate_ascent] [1/1] [t = 174] swapped,  f(S) = 0.98142
2021-01-22 16:48:13,963 [INFO] [OPT-EXP-DSGN - coordinate_ascent] [1/1] [t = 175] swapped,  f(S) = 0.98146
2021-01-22 16:48:14,283 [INFO] [OPT-EXP-DSGN - coordinate_ascent] [1/1] [t = 176] swapped,  f(S) = 0.98282
2021-01-22 16:48:15,558 [INFO] [OPT-EXP-DSGN - coordinate_ascent] [1/1] [t = 177] swapped,  f(S) = 0.98321
2021-01-22 17:31:17,731 [INFO] [OPT-EXP-DSGN - coordinate_ascent] [1/1] [t = 178] swapped,  f(S) = 0.98328
2021-01-22 17:31:18,051 [INFO] [OPT-EXP-DSGN - coordinate_ascent] [1/1] [t = 179] swapped,  f(S) = 0.98391
2021-01-22 17:31:30,133 [INFO] [OPT-EXP-DSGN - coordinate_ascent] [1/1] [t = 180] swapped,  f(S) = 0.98393
2021-01-22 17:31:30,453 [INFO] [OPT-EXP-DSGN - coordinate_ascent] [1/1] [t = 181] swapped,  f(S) = 0.98413
2021-01-22 17:31:38,404 [INFO] [OPT-EXP-DSGN - coordinate_ascent] [1/1] [t = 182] swapped,  f(S) = 0.98426
2021-01-22 17:31:38,722 [INFO] [OPT-EXP-DSGN - coordinate_ascent] [1/1] [t = 183] swapped,  f(S) = 0.98444
2021-01-22 17:31:39,042 [INFO] [OPT-EXP-DSGN - coordinate_ascent] [1/1] [t = 184] swapped,  f(S) = 0.98583
2021-01-22 17:31:39,361 [INFO] [OPT-EXP-DSGN - coordinate_ascent] [1/1] [t = 185] swapped,  f(S) = 0.98583
2021-01-22 17:31:41,589 [INFO] [OPT-EXP-DSGN - coordinate_ascent] [1/1] [t = 186] swapped,  f(S) = 0.98591
2021-01-22 17:31:43,502 [INFO] [OPT-EXP-DSGN - coordinate_ascent] [1/1] [t = 187] swapped,  f(S) = 0.98591
2021-01-22 17:31:47,674 [INFO] [OPT-EXP-DSGN - coordinate_ascent] [1/1] [t = 188] swapped,  f(S) = 0.98597
2021-01-22 17:31:55,372 [INFO] [OPT-EXP-DSGN - coordinate_ascent] [1/1] [t = 189] swapped,  f(S) = 0.98598
2021-01-22 17:31:55,709 [INFO] [OPT-EXP-DSGN - coordinate_ascent] [1/1] [t = 190] swapped,  f(S) = 0.98658
2021-01-22 17:31:56,046 [INFO] [OPT-EXP-DSGN - coordinate_ascent] [1/1] [t = 191] swapped,  f(S) = 0.98716
2021-01-22 17:32:02,846 [INFO] [OPT-EXP-DSGN - coordinate_ascent] [1/1] [t = 192] swapped,  f(S) = 0.98749
2021-01-22 17:32:03,197 [INFO] [OPT-EXP-DSGN - coordinate_ascent] [1/1] [t = 193] swapped,  f(S) = 0.98792
2021-01-22 17:32:05,344 [INFO] [OPT-EXP-DSGN - coordinate_ascent] [1/1] [t = 194] swapped,  f(S) = 0.98810
2021-01-22 17:32:06,827 [INFO] [OPT-EXP-DSGN - coordinate_ascent] [1/1] [t = 195] swapped,  f(S) = 0.98834
2021-01-22 17:32:19,650 [INFO] [OPT-EXP-DSGN - coordinate_ascent] [1/1] [t = 196] swapped,  f(S) = 0.98837
2021-01-22 17:32:22,747 [INFO] [OPT-EXP-DSGN - coordinate_ascent] [1/1] [t = 197] swapped,  f(S) = 0.98861
2021-01-22 17:32:24,086 [INFO] [OPT-EXP-DSGN - coordinate_ascent] [1/1] [t = 198] swapped,  f(S) = 0.98880
2021-01-22 17:32:26,792 [INFO] [OPT-EXP-DSGN - coordinate_ascent] [1/1] [t = 199] swapped,  f(S) = 0.98931
2021-01-22 17:32:27,129 [INFO] [OPT-EXP-DSGN - coordinate_ascent] [1/1] [t = 200] swapped,  f(S) = 0.98943
2021-01-22 17:32:27,814 [INFO] [OPT-EXP-DSGN - coordinate_ascent] [1/1] [t = 201] swapped,  f(S) = 0.98957
2021-01-22 17:32:28,218 [INFO] [OPT-EXP-DSGN - coordinate_ascent] [1/1] [t = 202] swapped,  f(S) = 0.98958
2021-01-22 17:32:29,009 [INFO] [OPT-EXP-DSGN - coordinate_ascent] [1/1] [t = 203] swapped,  f(S) = 0.98960
2021-01-22 17:32:29,409 [INFO] [OPT-EXP-DSGN - coordinate_ascent] [1/1] [t = 204] swapped,  f(S) = 0.98982
2021-01-22 17:32:29,813 [INFO] [OPT-EXP-DSGN - coordinate_ascent] [1/1] [t = 205] swapped,  f(S) = 0.99022
2021-01-22 17:32:30,216 [INFO] [OPT-EXP-DSGN - coordinate_ascent] [1/1] [t = 206] swapped,  f(S) = 0.99078
2021-01-22 17:32:30,620 [INFO] [OPT-EXP-DSGN - coordinate_ascent] [1/1] [t = 207] swapped,  f(S) = 0.99171
2021-01-22 18:04:10,727 [INFO] [OPT-EXP-DSGN - coordinate_ascent] [1/1] [t = 208] swapped,  f(S) = 0.99180
2021-01-22 18:04:12,112 [INFO] [OPT-EXP-DSGN - coordinate_ascent] [1/1] [t = 209] swapped,  f(S) = 0.99202
2021-01-22 18:04:13,067 [INFO] [OPT-EXP-DSGN - coordinate_ascent] [1/1] [t = 210] swapped,  f(S) = 0.99224
2021-01-22 18:04:13,704 [INFO] [OPT-EXP-DSGN - coordinate_ascent] [1/1] [t = 211] swapped,  f(S) = 0.99229
2021-01-22 18:04:14,023 [INFO] [OPT-EXP-DSGN - coordinate_ascent] [1/1] [t = 212] swapped,  f(S) = 0.99234
2021-01-22 18:04:14,342 [INFO] [OPT-EXP-DSGN - coordinate_ascent] [1/1] [t = 213] swapped,  f(S) = 0.99257
2021-01-22 18:04:15,614 [INFO] [OPT-EXP-DSGN - coordinate_ascent] [1/1] [t = 214] swapped,  f(S) = 0.99268
2021-01-22 18:07:06,884 [INFO] [OPT-EXP-DSGN - coordinate_ascent] [1/1] [t = 215] swapped,  f(S) = 0.99273
2021-01-22 18:07:23,723 [INFO] [OPT-EXP-DSGN - coordinate_ascent] [1/1] [t = 216] swapped,  f(S) = 0.99285
2021-01-22 18:07:24,041 [INFO] [OPT-EXP-DSGN - coordinate_ascent] [1/1] [t = 217] swapped,  f(S) = 0.99314
2021-01-22 18:07:24,360 [INFO] [OPT-EXP-DSGN - coordinate_ascent] [1/1] [t = 218] swapped,  f(S) = 0.99324
2021-01-22 18:07:30,077 [INFO] [OPT-EXP-DSGN - coordinate_ascent] [1/1] [t = 219] swapped,  f(S) = 0.99338
2021-01-22 18:07:31,031 [INFO] [OPT-EXP-DSGN - coordinate_ascent] [1/1] [t = 220] swapped,  f(S) = 0.99345
2021-01-22 18:07:31,668 [INFO] [OPT-EXP-DSGN - coordinate_ascent] [1/1] [t = 221] swapped,  f(S) = 0.99369
2021-01-22 18:07:32,623 [INFO] [OPT-EXP-DSGN - coordinate_ascent] [1/1] [t = 222] swapped,  f(S) = 0.99376
2021-01-22 18:07:32,942 [INFO] [OPT-EXP-DSGN - coordinate_ascent] [1/1] [t = 223] swapped,  f(S) = 0.99472
2021-01-22 18:07:33,260 [INFO] [OPT-EXP-DSGN - coordinate_ascent] [1/1] [t = 224] swapped,  f(S) = 0.99496
2021-01-22 18:07:35,168 [INFO] [OPT-EXP-DSGN - coordinate_ascent] [1/1] [t = 225] swapped,  f(S) = 0.99503
2021-01-22 18:07:36,122 [INFO] [OPT-EXP-DSGN - coordinate_ascent] [1/1] [t = 226] swapped,  f(S) = 0.99516
2021-01-22 18:07:37,076 [INFO] [OPT-EXP-DSGN - coordinate_ascent] [1/1] [t = 227] swapped,  f(S) = 0.99522
2021-01-22 18:07:38,349 [INFO] [OPT-EXP-DSGN - coordinate_ascent] [1/1] [t = 228] swapped,  f(S) = 0.99524
2021-01-22 18:07:38,985 [INFO] [OPT-EXP-DSGN - coordinate_ascent] [1/1] [t = 229] swapped,  f(S) = 0.99525
2021-01-22 18:07:39,304 [INFO] [OPT-EXP-DSGN - coordinate_ascent] [1/1] [t = 230] swapped,  f(S) = 0.99535
2021-01-22 18:07:40,259 [INFO] [OPT-EXP-DSGN - coordinate_ascent] [1/1] [t = 231] swapped,  f(S) = 0.99560
2021-01-22 18:08:46,983 [INFO] [OPT-EXP-DSGN - coordinate_ascent] [1/1] [t = 232] swapped,  f(S) = 0.99573
2021-01-22 18:08:50,162 [INFO] [OPT-EXP-DSGN - coordinate_ascent] [1/1] [t = 233] swapped,  f(S) = 0.99577
2021-01-22 18:09:19,396 [INFO] [OPT-EXP-DSGN - coordinate_ascent] [1/1] [t = 234] swapped,  f(S) = 0.99579
2021-01-22 18:09:25,119 [INFO] [OPT-EXP-DSGN - coordinate_ascent] [1/1] [t = 235] swapped,  f(S) = 0.99637
2021-01-22 18:09:26,073 [INFO] [OPT-EXP-DSGN - coordinate_ascent] [1/1] [t = 236] swapped,  f(S) = 0.99640
2021-01-22 18:09:30,207 [INFO] [OPT-EXP-DSGN - coordinate_ascent] [1/1] [t = 237] swapped,  f(S) = 0.99680
2021-01-22 18:09:45,460 [INFO] [OPT-EXP-DSGN - coordinate_ascent] [1/1] [t = 238] swapped,  f(S) = 0.99699
2021-01-22 18:09:49,595 [INFO] [OPT-EXP-DSGN - coordinate_ascent] [1/1] [t = 239] swapped,  f(S) = 0.99712
2021-01-22 18:12:07,399 [INFO] [OPT-EXP-DSGN - coordinate_ascent] [1/1] [t = 240] swapped,  f(S) = 0.99736
2021-01-22 18:12:08,988 [INFO] [OPT-EXP-DSGN - coordinate_ascent] [1/1] [t = 241] swapped,  f(S) = 0.99785
2021-01-22 18:12:09,306 [INFO] [OPT-EXP-DSGN - coordinate_ascent] [1/1] [t = 242] swapped,  f(S) = 0.99787
2021-01-22 18:12:09,942 [INFO] [OPT-EXP-DSGN - coordinate_ascent] [1/1] [t = 243] swapped,  f(S) = 0.99790
2021-01-22 18:12:10,261 [INFO] [OPT-EXP-DSGN - coordinate_ascent] [1/1] [t = 244] swapped,  f(S) = 0.99791
2021-01-22 18:12:10,579 [INFO] [OPT-EXP-DSGN - coordinate_ascent] [1/1] [t = 245] swapped,  f(S) = 0.99855
2021-01-22 18:12:11,850 [INFO] [OPT-EXP-DSGN - coordinate_ascent] [1/1] [t = 246] swapped,  f(S) = 0.99925
2021-01-22 18:12:12,168 [INFO] [OPT-EXP-DSGN - coordinate_ascent] [1/1] [t = 247] swapped,  f(S) = 0.99970
2021-01-22 18:12:15,983 [INFO] [OPT-EXP-DSGN - coordinate_ascent] [1/1] [t = 248] swapped,  f(S) = 0.99976
2021-01-22 18:12:21,701 [INFO] [OPT-EXP-DSGN - coordinate_ascent] [1/1] [t = 249] swapped,  f(S) = 1.00000
2021-01-22 18:12:30,275 [INFO] [OPT-EXP-DSGN - coordinate_ascent] [1/1] [t = 250] swapped,  f(S) = 1.00018
2021-01-22 18:12:30,593 [INFO] [OPT-EXP-DSGN - coordinate_ascent] [1/1] [t = 251] swapped,  f(S) = 1.00067
2021-01-22 18:12:31,863 [INFO] [OPT-EXP-DSGN - coordinate_ascent] [1/1] [t = 252] swapped,  f(S) = 1.00102
2021-01-22 18:12:32,182 [INFO] [OPT-EXP-DSGN - coordinate_ascent] [1/1] [t = 253] swapped,  f(S) = 1.00144
2021-01-22 18:12:32,501 [INFO] [OPT-EXP-DSGN - coordinate_ascent] [1/1] [t = 254] swapped,  f(S) = 1.00169
2021-01-22 18:12:33,138 [INFO] [OPT-EXP-DSGN - coordinate_ascent] [1/1] [t = 255] swapped,  f(S) = 1.00185
2021-01-22 18:12:33,456 [INFO] [OPT-EXP-DSGN - coordinate_ascent] [1/1] [t = 256] swapped,  f(S) = 1.00246
2021-01-22 18:12:40,445 [INFO] [OPT-EXP-DSGN - coordinate_ascent] [1/1] [t = 257] swapped,  f(S) = 1.00263
2021-01-22 18:12:44,575 [INFO] [OPT-EXP-DSGN - coordinate_ascent] [1/1] [t = 258] swapped,  f(S) = 1.00266
2021-01-22 18:12:44,893 [INFO] [OPT-EXP-DSGN - coordinate_ascent] [1/1] [t = 259] swapped,  f(S) = 1.00283
2021-01-22 18:12:45,531 [INFO] [OPT-EXP-DSGN - coordinate_ascent] [1/1] [t = 260] swapped,  f(S) = 1.00301
2021-01-22 18:12:45,849 [INFO] [OPT-EXP-DSGN - coordinate_ascent] [1/1] [t = 261] swapped,  f(S) = 1.00321
2021-01-22 18:12:51,566 [INFO] [OPT-EXP-DSGN - coordinate_ascent] [1/1] [t = 262] swapped,  f(S) = 1.00333
2021-01-22 18:12:52,520 [INFO] [OPT-EXP-DSGN - coordinate_ascent] [1/1] [t = 263] swapped,  f(S) = 1.00349
2021-01-22 18:12:52,839 [INFO] [OPT-EXP-DSGN - coordinate_ascent] [1/1] [t = 264] swapped,  f(S) = 1.00368
2021-01-22 18:13:11,254 [INFO] [OPT-EXP-DSGN - coordinate_ascent] [1/1] [t = 265] swapped,  f(S) = 1.00378
2021-01-22 18:13:12,845 [INFO] [OPT-EXP-DSGN - coordinate_ascent] [1/1] [t = 266] swapped,  f(S) = 1.00391
2021-01-22 18:13:13,482 [INFO] [OPT-EXP-DSGN - coordinate_ascent] [1/1] [t = 267] swapped,  f(S) = 1.00407
2021-01-22 18:14:21,739 [INFO] [OPT-EXP-DSGN - coordinate_ascent] [1/1] [t = 268] swapped,  f(S) = 1.00418
2021-01-22 18:14:22,058 [INFO] [OPT-EXP-DSGN - coordinate_ascent] [1/1] [t = 269] swapped,  f(S) = 1.00472
2021-01-22 18:14:24,600 [INFO] [OPT-EXP-DSGN - coordinate_ascent] [1/1] [t = 270] swapped,  f(S) = 1.00478
2021-01-22 18:14:26,188 [INFO] [OPT-EXP-DSGN - coordinate_ascent] [1/1] [t = 271] swapped,  f(S) = 1.00483
2021-01-22 18:14:34,759 [INFO] [OPT-EXP-DSGN - coordinate_ascent] [1/1] [t = 272] swapped,  f(S) = 1.00495
2021-01-22 18:14:43,334 [INFO] [OPT-EXP-DSGN - coordinate_ascent] [1/1] [t = 273] swapped,  f(S) = 1.00498
2021-01-22 18:14:47,776 [INFO] [OPT-EXP-DSGN - coordinate_ascent] [1/1] [t = 274] swapped,  f(S) = 1.00551
2021-01-22 18:14:48,095 [INFO] [OPT-EXP-DSGN - coordinate_ascent] [1/1] [t = 275] swapped,  f(S) = 1.00563
2021-01-22 18:14:49,049 [INFO] [OPT-EXP-DSGN - coordinate_ascent] [1/1] [t = 276] swapped,  f(S) = 1.00571
2021-01-22 18:14:50,320 [INFO] [OPT-EXP-DSGN - coordinate_ascent] [1/1] [t = 277] swapped,  f(S) = 1.00619
2021-01-22 18:15:11,592 [INFO] [OPT-EXP-DSGN - coordinate_ascent] [1/1] [t = 278] swapped,  f(S) = 1.00628
2021-01-22 18:15:13,817 [INFO] [OPT-EXP-DSGN - coordinate_ascent] [1/1] [t = 279] swapped,  f(S) = 1.00637
2021-01-22 18:17:20,493 [INFO] [OPT-EXP-DSGN - coordinate_ascent] [1/1] [t = 280] swapped,  f(S) = 1.00708
2021-01-22 18:17:20,812 [INFO] [OPT-EXP-DSGN - coordinate_ascent] [1/1] [t = 281] swapped,  f(S) = 1.00714
2021-01-22 18:17:21,766 [INFO] [OPT-EXP-DSGN - coordinate_ascent] [1/1] [t = 282] swapped,  f(S) = 1.00723
2021-01-22 18:17:29,070 [INFO] [OPT-EXP-DSGN - coordinate_ascent] [1/1] [t = 283] swapped,  f(S) = 1.00728
2021-01-22 18:17:29,389 [INFO] [OPT-EXP-DSGN - coordinate_ascent] [1/1] [t = 284] swapped,  f(S) = 1.00734
2021-01-22 18:17:29,707 [INFO] [OPT-EXP-DSGN - coordinate_ascent] [1/1] [t = 285] swapped,  f(S) = 1.00786
2021-01-22 18:18:22,736 [INFO] [OPT-EXP-DSGN - coordinate_ascent] [1/1] [t = 286] swapped,  f(S) = 1.00802
2021-01-22 18:18:23,054 [INFO] [OPT-EXP-DSGN - coordinate_ascent] [1/1] [t = 287] swapped,  f(S) = 1.00819
2021-01-22 18:18:35,753 [INFO] [OPT-EXP-DSGN - coordinate_ascent] [1/1] [t = 288] swapped,  f(S) = 1.00834
2021-01-22 18:19:31,957 [INFO] [OPT-EXP-DSGN - coordinate_ascent] [1/1] [t = 289] swapped,  f(S) = 1.00844
2021-01-22 18:23:27,235 [INFO] [OPT-EXP-DSGN - coordinate_ascent] [1/1] [t = 290] swapped,  f(S) = 1.00846
2021-01-22 18:23:31,685 [INFO] [OPT-EXP-DSGN - coordinate_ascent] [1/1] [t = 291] swapped,  f(S) = 1.00846
2021-01-22 18:23:32,638 [INFO] [OPT-EXP-DSGN - coordinate_ascent] [1/1] [t = 292] swapped,  f(S) = 1.00900
2021-01-22 18:23:33,274 [INFO] [OPT-EXP-DSGN - coordinate_ascent] [1/1] [t = 293] swapped,  f(S) = 1.00924
2021-01-22 18:23:33,593 [INFO] [OPT-EXP-DSGN - coordinate_ascent] [1/1] [t = 294] swapped,  f(S) = 1.00935
2021-01-22 18:23:34,546 [INFO] [OPT-EXP-DSGN - coordinate_ascent] [1/1] [t = 295] swapped,  f(S) = 1.00940
2021-01-22 18:23:35,500 [INFO] [OPT-EXP-DSGN - coordinate_ascent] [1/1] [t = 296] swapped,  f(S) = 1.00944
2021-01-22 18:23:36,453 [INFO] [OPT-EXP-DSGN - coordinate_ascent] [1/1] [t = 297] swapped,  f(S) = 1.00957
2021-01-22 18:23:38,993 [INFO] [OPT-EXP-DSGN - coordinate_ascent] [1/1] [t = 298] swapped,  f(S) = 1.00968
2021-01-22 18:23:40,581 [INFO] [OPT-EXP-DSGN - coordinate_ascent] [1/1] [t = 299] swapped,  f(S) = 1.00998
2021-01-22 18:23:49,467 [INFO] [OPT-EXP-DSGN - coordinate_ascent] [1/1] [t = 300] swapped,  f(S) = 1.00999
2021-01-22 18:23:53,597 [INFO] [OPT-EXP-DSGN - coordinate_ascent] [1/1] [t = 301] swapped,  f(S) = 1.01063
2021-01-22 18:27:30,168 [INFO] [OPT-EXP-DSGN - coordinate_ascent] [1/1] [t = 302] swapped,  f(S) = 1.01072
2021-01-22 18:27:30,487 [INFO] [OPT-EXP-DSGN - coordinate_ascent] [1/1] [t = 303] swapped,  f(S) = 1.01073
2021-01-22 18:27:30,806 [INFO] [OPT-EXP-DSGN - coordinate_ascent] [1/1] [t = 304] swapped,  f(S) = 1.01101
2021-01-22 18:27:33,347 [INFO] [OPT-EXP-DSGN - coordinate_ascent] [1/1] [t = 305] swapped,  f(S) = 1.01105
2021-01-22 18:27:33,665 [INFO] [OPT-EXP-DSGN - coordinate_ascent] [1/1] [t = 306] swapped,  f(S) = 1.01113
2021-01-22 18:27:34,301 [INFO] [OPT-EXP-DSGN - coordinate_ascent] [1/1] [t = 307] swapped,  f(S) = 1.01125
2021-01-22 18:36:57,250 [INFO] [OPT-EXP-DSGN - coordinate_ascent] [1/1] [t = 308] swapped,  f(S) = 1.01135
2021-01-22 18:36:58,840 [INFO] [OPT-EXP-DSGN - coordinate_ascent] [1/1] [t = 309] swapped,  f(S) = 1.01139
2021-01-22 18:37:01,381 [INFO] [OPT-EXP-DSGN - coordinate_ascent] [1/1] [t = 310] swapped,  f(S) = 1.01150
2021-01-22 18:37:01,700 [INFO] [OPT-EXP-DSGN - coordinate_ascent] [1/1] [t = 311] swapped,  f(S) = 1.01172
2021-01-22 18:37:02,971 [INFO] [OPT-EXP-DSGN - coordinate_ascent] [1/1] [t = 312] swapped,  f(S) = 1.01202
2021-01-22 18:37:09,004 [INFO] [OPT-EXP-DSGN - coordinate_ascent] [1/1] [t = 313] swapped,  f(S) = 1.01202
2021-01-22 18:37:13,134 [INFO] [OPT-EXP-DSGN - coordinate_ascent] [1/1] [t = 314] swapped,  f(S) = 1.01208
2021-01-22 18:37:13,772 [INFO] [OPT-EXP-DSGN - coordinate_ascent] [1/1] [t = 315] swapped,  f(S) = 1.01253
2021-01-22 18:37:14,091 [INFO] [OPT-EXP-DSGN - coordinate_ascent] [1/1] [t = 316] swapped,  f(S) = 1.01261
2021-01-22 18:37:14,727 [INFO] [OPT-EXP-DSGN - coordinate_ascent] [1/1] [t = 317] swapped,  f(S) = 1.01267
2021-01-22 18:37:23,936 [INFO] [OPT-EXP-DSGN - coordinate_ascent] [1/1] [t = 318] swapped,  f(S) = 1.01304
2021-01-22 18:37:43,632 [INFO] [OPT-EXP-DSGN - coordinate_ascent] [1/1] [t = 319] swapped,  f(S) = 1.01316
2021-01-22 18:37:43,951 [INFO] [OPT-EXP-DSGN - coordinate_ascent] [1/1] [t = 320] swapped,  f(S) = 1.01330
2021-01-22 18:38:25,870 [INFO] [OPT-EXP-DSGN - coordinate_ascent] [1/1] [t = 321] swapped,  f(S) = 1.01332
2021-01-22 18:38:30,635 [INFO] [OPT-EXP-DSGN - coordinate_ascent] [1/1] [t = 322] swapped,  f(S) = 1.01339
2021-01-22 18:38:31,590 [INFO] [OPT-EXP-DSGN - coordinate_ascent] [1/1] [t = 323] swapped,  f(S) = 1.01341
2021-01-22 18:39:24,599 [INFO] [OPT-EXP-DSGN - coordinate_ascent] [1/1] [t = 324] swapped,  f(S) = 1.01348
2021-01-22 18:39:41,430 [INFO] [OPT-EXP-DSGN - coordinate_ascent] [1/1] [t = 325] swapped,  f(S) = 1.01362
2021-01-22 18:39:41,749 [INFO] [OPT-EXP-DSGN - coordinate_ascent] [1/1] [t = 326] swapped,  f(S) = 1.01366
2021-01-22 18:39:42,385 [INFO] [OPT-EXP-DSGN - coordinate_ascent] [1/1] [t = 327] swapped,  f(S) = 1.01366
2021-01-22 18:40:15,337 [INFO] [OPT-EXP-DSGN - coordinate_ascent] [1/1] [t = 328] swapped,  f(S) = 1.01381
2021-01-22 18:40:15,974 [INFO] [OPT-EXP-DSGN - coordinate_ascent] [1/1] [t = 329] swapped,  f(S) = 1.01405
2021-01-22 18:40:18,198 [INFO] [OPT-EXP-DSGN - coordinate_ascent] [1/1] [t = 330] swapped,  f(S) = 1.01421
2021-01-22 18:40:18,516 [INFO] [OPT-EXP-DSGN - coordinate_ascent] [1/1] [t = 331] swapped,  f(S) = 1.01450
2021-01-22 18:40:19,470 [INFO] [OPT-EXP-DSGN - coordinate_ascent] [1/1] [t = 332] swapped,  f(S) = 1.01453
2021-01-22 18:40:20,105 [INFO] [OPT-EXP-DSGN - coordinate_ascent] [1/1] [t = 333] swapped,  f(S) = 1.01475
2021-01-22 18:40:20,741 [INFO] [OPT-EXP-DSGN - coordinate_ascent] [1/1] [t = 334] swapped,  f(S) = 1.01500
2021-01-22 18:40:21,060 [INFO] [OPT-EXP-DSGN - coordinate_ascent] [1/1] [t = 335] swapped,  f(S) = 1.01503
2021-01-22 18:40:21,378 [INFO] [OPT-EXP-DSGN - coordinate_ascent] [1/1] [t = 336] swapped,  f(S) = 1.01618
2021-01-22 18:40:21,697 [INFO] [OPT-EXP-DSGN - coordinate_ascent] [1/1] [t = 337] swapped,  f(S) = 1.01653
2021-01-22 18:40:29,000 [INFO] [OPT-EXP-DSGN - coordinate_ascent] [1/1] [t = 338] swapped,  f(S) = 1.01679
2021-01-22 18:41:33,354 [INFO] [OPT-EXP-DSGN - coordinate_ascent] [1/1] [t = 339] swapped,  f(S) = 1.01704
2021-01-22 18:52:49,880 [INFO] [OPT-EXP-DSGN - coordinate_ascent] [1/1] [t = 340] swapped,  f(S) = 1.01706
2021-01-22 18:52:50,835 [INFO] [OPT-EXP-DSGN - coordinate_ascent] [1/1] [t = 341] swapped,  f(S) = 1.01727
2021-01-22 18:52:51,471 [INFO] [OPT-EXP-DSGN - coordinate_ascent] [1/1] [t = 342] swapped,  f(S) = 1.01742
2021-01-22 18:52:53,696 [INFO] [OPT-EXP-DSGN - coordinate_ascent] [1/1] [t = 343] swapped,  f(S) = 1.01743
2021-01-22 18:52:54,967 [INFO] [OPT-EXP-DSGN - coordinate_ascent] [1/1] [t = 344] swapped,  f(S) = 1.01757
2021-01-22 18:52:55,603 [INFO] [OPT-EXP-DSGN - coordinate_ascent] [1/1] [t = 345] swapped,  f(S) = 1.01761
2021-01-22 18:53:16,572 [INFO] [OPT-EXP-DSGN - coordinate_ascent] [1/1] [t = 346] swapped,  f(S) = 1.01783
2021-01-22 18:53:17,209 [INFO] [OPT-EXP-DSGN - coordinate_ascent] [1/1] [t = 347] swapped,  f(S) = 1.01805
2021-01-22 18:53:18,163 [INFO] [OPT-EXP-DSGN - coordinate_ascent] [1/1] [t = 348] swapped,  f(S) = 1.01812
2021-01-22 18:53:21,976 [INFO] [OPT-EXP-DSGN - coordinate_ascent] [1/1] [t = 349] swapped,  f(S) = 1.01818
2021-01-22 18:53:22,294 [INFO] [OPT-EXP-DSGN - coordinate_ascent] [1/1] [t = 350] swapped,  f(S) = 1.01823
2021-01-22 18:53:40,095 [INFO] [OPT-EXP-DSGN - coordinate_ascent] [1/1] [t = 351] swapped,  f(S) = 1.01823
2021-01-22 18:56:10,677 [INFO] [OPT-EXP-DSGN - coordinate_ascent] [1/1] [t = 352] swapped,  f(S) = 1.01826
2021-01-22 18:56:35,144 [INFO] [OPT-EXP-DSGN - coordinate_ascent] [1/1] [t = 353] swapped,  f(S) = 1.01840
2021-01-22 18:56:36,734 [INFO] [OPT-EXP-DSGN - coordinate_ascent] [1/1] [t = 354] swapped,  f(S) = 1.01860
2021-01-22 18:56:45,947 [INFO] [OPT-EXP-DSGN - coordinate_ascent] [1/1] [t = 355] swapped,  f(S) = 1.01868
2021-01-22 18:56:54,208 [INFO] [OPT-EXP-DSGN - coordinate_ascent] [1/1] [t = 356] swapped,  f(S) = 1.01869
2021-01-22 18:56:54,527 [INFO] [OPT-EXP-DSGN - coordinate_ascent] [1/1] [t = 357] swapped,  f(S) = 1.01899
2021-01-22 18:56:56,434 [INFO] [OPT-EXP-DSGN - coordinate_ascent] [1/1] [t = 358] swapped,  f(S) = 1.01900
2021-01-22 18:56:57,388 [INFO] [OPT-EXP-DSGN - coordinate_ascent] [1/1] [t = 359] swapped,  f(S) = 1.01903
2021-01-22 18:56:57,707 [INFO] [OPT-EXP-DSGN - coordinate_ascent] [1/1] [t = 360] swapped,  f(S) = 1.01951
2021-01-22 18:56:58,661 [INFO] [OPT-EXP-DSGN - coordinate_ascent] [1/1] [t = 361] swapped,  f(S) = 1.01957
2021-01-22 18:56:59,298 [INFO] [OPT-EXP-DSGN - coordinate_ascent] [1/1] [t = 362] swapped,  f(S) = 1.01960
2021-01-22 18:57:00,570 [INFO] [OPT-EXP-DSGN - coordinate_ascent] [1/1] [t = 363] swapped,  f(S) = 1.01990
2021-01-22 18:57:00,889 [INFO] [OPT-EXP-DSGN - coordinate_ascent] [1/1] [t = 364] swapped,  f(S) = 1.02171
2021-01-22 18:57:01,208 [INFO] [OPT-EXP-DSGN - coordinate_ascent] [1/1] [t = 365] swapped,  f(S) = 1.02173
2021-01-22 18:57:03,116 [INFO] [OPT-EXP-DSGN - coordinate_ascent] [1/1] [t = 366] swapped,  f(S) = 1.02176
2021-01-22 18:57:03,435 [INFO] [OPT-EXP-DSGN - coordinate_ascent] [1/1] [t = 367] swapped,  f(S) = 1.02418
2021-01-22 18:57:03,754 [INFO] [OPT-EXP-DSGN - coordinate_ascent] [1/1] [t = 368] swapped,  f(S) = 1.02418
2021-01-22 18:57:04,073 [INFO] [OPT-EXP-DSGN - coordinate_ascent] [1/1] [t = 369] swapped,  f(S) = 1.02472
2021-01-22 18:57:04,392 [INFO] [OPT-EXP-DSGN - coordinate_ascent] [1/1] [t = 370] swapped,  f(S) = 1.02480
2021-01-22 18:57:10,430 [INFO] [OPT-EXP-DSGN - coordinate_ascent] [1/1] [t = 371] swapped,  f(S) = 1.02484
2021-01-22 18:57:13,288 [INFO] [OPT-EXP-DSGN - coordinate_ascent] [1/1] [t = 372] swapped,  f(S) = 1.02513
2021-01-22 18:57:13,607 [INFO] [OPT-EXP-DSGN - coordinate_ascent] [1/1] [t = 373] swapped,  f(S) = 1.02536
2021-01-22 18:57:14,243 [INFO] [OPT-EXP-DSGN - coordinate_ascent] [1/1] [t = 374] swapped,  f(S) = 1.02542
2021-01-22 18:57:15,200 [INFO] [OPT-EXP-DSGN - coordinate_ascent] [1/1] [t = 375] swapped,  f(S) = 1.02579
2021-01-22 18:57:15,519 [INFO] [OPT-EXP-DSGN - coordinate_ascent] [1/1] [t = 376] swapped,  f(S) = 1.02595
2021-01-22 18:57:15,838 [INFO] [OPT-EXP-DSGN - coordinate_ascent] [1/1] [t = 377] swapped,  f(S) = 1.02673
2021-01-22 18:57:24,417 [INFO] [OPT-EXP-DSGN - coordinate_ascent] [1/1] [t = 378] swapped,  f(S) = 1.02727
2021-01-22 18:57:25,688 [INFO] [OPT-EXP-DSGN - coordinate_ascent] [1/1] [t = 379] swapped,  f(S) = 1.02730
2021-01-22 19:40:24,362 [INFO] [OPT-EXP-DSGN - coordinate_ascent] [1/1] [t = 380] swapped,  f(S) = 1.02732
2021-01-22 19:40:24,681 [INFO] [OPT-EXP-DSGN - coordinate_ascent] [1/1] [t = 381] swapped,  f(S) = 1.02753
2021-01-22 19:40:25,317 [INFO] [OPT-EXP-DSGN - coordinate_ascent] [1/1] [t = 382] swapped,  f(S) = 1.02807
2021-01-22 19:40:25,636 [INFO] [OPT-EXP-DSGN - coordinate_ascent] [1/1] [t = 383] swapped,  f(S) = 1.02817
2021-01-22 19:40:26,273 [INFO] [OPT-EXP-DSGN - coordinate_ascent] [1/1] [t = 384] swapped,  f(S) = 1.02838
2021-01-22 19:40:26,592 [INFO] [OPT-EXP-DSGN - coordinate_ascent] [1/1] [t = 385] swapped,  f(S) = 1.02886
2021-01-22 19:40:30,405 [INFO] [OPT-EXP-DSGN - coordinate_ascent] [1/1] [t = 386] swapped,  f(S) = 1.02919
2021-01-22 19:40:30,725 [INFO] [OPT-EXP-DSGN - coordinate_ascent] [1/1] [t = 387] swapped,  f(S) = 1.02937
2021-01-22 19:50:38,999 [INFO] [OPT-EXP-DSGN - coordinate_ascent] [1/1] [t = 388] swapped,  f(S) = 1.02953
2021-01-22 19:50:45,545 [INFO] [OPT-EXP-DSGN - coordinate_ascent] [1/1] [t = 389] swapped,  f(S) = 1.02969
2021-01-22 19:50:49,359 [INFO] [OPT-EXP-DSGN - coordinate_ascent] [1/1] [t = 390] swapped,  f(S) = 1.02983
2021-01-22 19:52:25,959 [INFO] [OPT-EXP-DSGN - coordinate_ascent] [1/1] [t = 391] swapped,  f(S) = 1.03000
2021-01-22 19:52:26,279 [INFO] [OPT-EXP-DSGN - coordinate_ascent] [1/1] [t = 392] swapped,  f(S) = 1.03003
2021-01-22 19:52:27,234 [INFO] [OPT-EXP-DSGN - coordinate_ascent] [1/1] [t = 393] swapped,  f(S) = 1.03004
2021-01-22 20:35:26,137 [INFO] [OPT-EXP-DSGN - coordinate_ascent] [1/1] [t = 394] swapped,  f(S) = 1.03004
2021-01-22 20:35:43,933 [INFO] [OPT-EXP-DSGN - coordinate_ascent] [1/1] [t = 395] swapped,  f(S) = 1.03005
2021-01-22 20:35:44,887 [INFO] [OPT-EXP-DSGN - coordinate_ascent] [1/1] [t = 396] swapped,  f(S) = 1.03049
2021-01-22 20:35:51,563 [INFO] [OPT-EXP-DSGN - coordinate_ascent] [1/1] [t = 397] swapped,  f(S) = 1.03073
2021-01-22 20:35:51,882 [INFO] [OPT-EXP-DSGN - coordinate_ascent] [1/1] [t = 398] swapped,  f(S) = 1.03089
2021-01-22 20:35:53,154 [INFO] [OPT-EXP-DSGN - coordinate_ascent] [1/1] [t = 399] swapped,  f(S) = 1.03098
2021-01-22 20:35:53,474 [INFO] [OPT-EXP-DSGN - coordinate_ascent] [1/1] [t = 400] swapped,  f(S) = 1.03144
2021-01-22 20:35:54,110 [INFO] [OPT-EXP-DSGN - coordinate_ascent] [1/1] [t = 401] swapped,  f(S) = 1.03147
2021-01-22 20:35:54,429 [INFO] [OPT-EXP-DSGN - coordinate_ascent] [1/1] [t = 402] swapped,  f(S) = 1.03154
2021-01-22 20:35:54,748 [INFO] [OPT-EXP-DSGN - coordinate_ascent] [1/1] [t = 403] swapped,  f(S) = 1.03184
2021-01-22 20:35:55,385 [INFO] [OPT-EXP-DSGN - coordinate_ascent] [1/1] [t = 404] swapped,  f(S) = 1.03247
2021-01-22 20:36:03,976 [INFO] [OPT-EXP-DSGN - coordinate_ascent] [1/1] [t = 405] swapped,  f(S) = 1.03263
2021-01-22 20:37:36,452 [INFO] [OPT-EXP-DSGN - coordinate_ascent] [1/1] [t = 406] swapped,  f(S) = 1.03268
2021-01-22 20:37:36,771 [INFO] [OPT-EXP-DSGN - coordinate_ascent] [1/1] [t = 407] swapped,  f(S) = 1.03276
2021-01-22 20:37:40,587 [INFO] [OPT-EXP-DSGN - coordinate_ascent] [1/1] [t = 408] swapped,  f(S) = 1.03296
2021-01-22 20:37:40,906 [INFO] [OPT-EXP-DSGN - coordinate_ascent] [1/1] [t = 409] swapped,  f(S) = 1.03302
2021-01-22 20:37:45,039 [INFO] [OPT-EXP-DSGN - coordinate_ascent] [1/1] [t = 410] swapped,  f(S) = 1.03312
2021-01-22 20:37:46,311 [INFO] [OPT-EXP-DSGN - coordinate_ascent] [1/1] [t = 411] swapped,  f(S) = 1.03316
2021-01-22 20:37:57,436 [INFO] [OPT-EXP-DSGN - coordinate_ascent] [1/1] [t = 412] swapped,  f(S) = 1.03317
2021-01-22 20:37:58,392 [INFO] [OPT-EXP-DSGN - coordinate_ascent] [1/1] [t = 413] swapped,  f(S) = 1.03320
2021-01-22 20:38:27,634 [INFO] [OPT-EXP-DSGN - coordinate_ascent] [1/1] [t = 414] swapped,  f(S) = 1.03323
2021-01-22 20:38:36,536 [INFO] [OPT-EXP-DSGN - coordinate_ascent] [1/1] [t = 415] swapped,  f(S) = 1.03334
2021-01-22 20:38:47,660 [INFO] [OPT-EXP-DSGN - coordinate_ascent] [1/1] [t = 416] swapped,  f(S) = 1.03343
2021-01-22 20:38:48,297 [INFO] [OPT-EXP-DSGN - coordinate_ascent] [1/1] [t = 417] swapped,  f(S) = 1.03371
2021-01-22 20:39:19,442 [INFO] [OPT-EXP-DSGN - coordinate_ascent] [1/1] [t = 418] swapped,  f(S) = 1.03376
2021-01-22 20:39:30,890 [INFO] [OPT-EXP-DSGN - coordinate_ascent] [1/1] [t = 419] swapped,  f(S) = 1.03377
2021-01-22 20:39:31,209 [INFO] [OPT-EXP-DSGN - coordinate_ascent] [1/1] [t = 420] swapped,  f(S) = 1.03381
2021-01-22 20:39:40,750 [INFO] [OPT-EXP-DSGN - coordinate_ascent] [1/1] [t = 421] swapped,  f(S) = 1.03388
2021-01-22 20:48:59,038 [INFO] [OPT-EXP-DSGN - coordinate_ascent] [1/1] [t = 422] swapped,  f(S) = 1.03399
2021-01-22 20:49:01,672 [INFO] [OPT-EXP-DSGN - coordinate_ascent] [1/1] [t = 423] swapped,  f(S) = 1.03407
2021-01-22 20:49:01,991 [INFO] [OPT-EXP-DSGN - coordinate_ascent] [1/1] [t = 424] swapped,  f(S) = 1.03443
2021-01-22 20:49:03,263 [INFO] [OPT-EXP-DSGN - coordinate_ascent] [1/1] [t = 425] swapped,  f(S) = 1.03449
2021-01-22 20:49:03,582 [INFO] [OPT-EXP-DSGN - coordinate_ascent] [1/1] [t = 426] swapped,  f(S) = 1.03457
2021-01-22 20:49:18,200 [INFO] [OPT-EXP-DSGN - coordinate_ascent] [1/1] [t = 427] swapped,  f(S) = 1.03466
2021-01-22 20:49:18,519 [INFO] [OPT-EXP-DSGN - coordinate_ascent] [1/1] [t = 428] swapped,  f(S) = 1.03480
2021-01-22 20:58:57,410 [INFO] [OPT-EXP-DSGN - coordinate_ascent] [1/1] [t = 429] swapped,  f(S) = 1.03502
2021-01-22 20:59:01,038 [INFO] [OPT-EXP-DSGN - coordinate_ascent] [1/1] [t = 430] swapped,  f(S) = 1.03509
2021-01-22 20:59:01,357 [INFO] [OPT-EXP-DSGN - coordinate_ascent] [1/1] [t = 431] swapped,  f(S) = 1.03511
2021-01-22 20:59:22,353 [INFO] [OPT-EXP-DSGN - coordinate_ascent] [1/1] [t = 432] swapped,  f(S) = 1.03519
2021-01-22 21:00:13,505 [INFO] [OPT-EXP-DSGN - coordinate_ascent] [1/1] [t = 433] swapped,  f(S) = 1.03524
2021-01-22 21:00:15,092 [INFO] [OPT-EXP-DSGN - coordinate_ascent] [1/1] [t = 434] swapped,  f(S) = 1.03545
2021-01-22 21:00:15,410 [INFO] [OPT-EXP-DSGN - coordinate_ascent] [1/1] [t = 435] swapped,  f(S) = 1.03578
2021-01-22 21:00:16,682 [INFO] [OPT-EXP-DSGN - coordinate_ascent] [1/1] [t = 436] swapped,  f(S) = 1.03580
2021-01-22 21:00:17,001 [INFO] [OPT-EXP-DSGN - coordinate_ascent] [1/1] [t = 437] swapped,  f(S) = 1.03581
2021-01-22 21:01:11,017 [INFO] [OPT-EXP-DSGN - coordinate_ascent] [1/1] [t = 438] swapped,  f(S) = 1.03589
2021-01-22 21:01:20,228 [INFO] [OPT-EXP-DSGN - coordinate_ascent] [1/1] [t = 439] swapped,  f(S) = 1.03591
2021-01-22 21:01:27,536 [INFO] [OPT-EXP-DSGN - coordinate_ascent] [1/1] [t = 440] swapped,  f(S) = 1.03601
2021-01-22 21:01:28,173 [INFO] [OPT-EXP-DSGN - coordinate_ascent] [1/1] [t = 441] swapped,  f(S) = 1.03662
2021-01-22 21:01:28,492 [INFO] [OPT-EXP-DSGN - coordinate_ascent] [1/1] [t = 442] swapped,  f(S) = 1.03670
2021-01-22 21:01:29,129 [INFO] [OPT-EXP-DSGN - coordinate_ascent] [1/1] [t = 443] swapped,  f(S) = 1.03670
2021-01-22 21:01:40,255 [INFO] [OPT-EXP-DSGN - coordinate_ascent] [1/1] [t = 444] swapped,  f(S) = 1.03701
2021-01-22 21:01:54,559 [INFO] [OPT-EXP-DSGN - coordinate_ascent] [1/1] [t = 445] swapped,  f(S) = 1.03704
2021-01-22 21:01:55,514 [INFO] [OPT-EXP-DSGN - coordinate_ascent] [1/1] [t = 446] swapped,  f(S) = 1.03708
2021-01-22 21:01:57,109 [INFO] [OPT-EXP-DSGN - coordinate_ascent] [1/1] [t = 447] swapped,  f(S) = 1.03718
2021-01-22 21:01:57,427 [INFO] [OPT-EXP-DSGN - coordinate_ascent] [1/1] [t = 448] swapped,  f(S) = 1.03762
2021-01-22 21:01:58,063 [INFO] [OPT-EXP-DSGN - coordinate_ascent] [1/1] [t = 449] swapped,  f(S) = 1.03793
2021-01-22 21:01:58,701 [INFO] [OPT-EXP-DSGN - coordinate_ascent] [1/1] [t = 450] swapped,  f(S) = 1.03830
2021-01-22 21:02:20,624 [INFO] [OPT-EXP-DSGN - coordinate_ascent] [1/1] [t = 451] swapped,  f(S) = 1.03837
2021-01-22 21:02:20,945 [INFO] [OPT-EXP-DSGN - coordinate_ascent] [1/1] [t = 452] swapped,  f(S) = 1.03869
2021-01-22 21:03:27,340 [INFO] [OPT-EXP-DSGN - coordinate_ascent] [1/1] [t = 453] swapped,  f(S) = 1.03871
2021-01-22 21:03:28,929 [INFO] [OPT-EXP-DSGN - coordinate_ascent] [1/1] [t = 454] swapped,  f(S) = 1.03874
2021-01-22 21:03:31,152 [INFO] [OPT-EXP-DSGN - coordinate_ascent] [1/1] [t = 455] swapped,  f(S) = 1.03895
2021-01-22 21:03:31,471 [INFO] [OPT-EXP-DSGN - coordinate_ascent] [1/1] [t = 456] swapped,  f(S) = 1.03934
2021-01-22 21:47:30,880 [INFO] [OPT-EXP-DSGN - coordinate_ascent] [1/1] [t = 457] swapped,  f(S) = 1.03936
2021-01-22 21:50:29,500 [INFO] [OPT-EXP-DSGN - coordinate_ascent] [1/1] [t = 458] swapped,  f(S) = 1.03940
2021-01-22 21:50:29,819 [INFO] [OPT-EXP-DSGN - coordinate_ascent] [1/1] [t = 459] swapped,  f(S) = 1.03970
2021-01-22 21:51:27,353 [INFO] [OPT-EXP-DSGN - coordinate_ascent] [1/1] [t = 460] swapped,  f(S) = 1.03974
2021-01-22 21:51:27,673 [INFO] [OPT-EXP-DSGN - coordinate_ascent] [1/1] [t = 461] swapped,  f(S) = 1.03983
2021-01-22 21:51:29,265 [INFO] [OPT-EXP-DSGN - coordinate_ascent] [1/1] [t = 462] swapped,  f(S) = 1.03990
2021-01-22 21:51:30,220 [INFO] [OPT-EXP-DSGN - coordinate_ascent] [1/1] [t = 463] swapped,  f(S) = 1.03992
2021-01-22 21:51:31,810 [INFO] [OPT-EXP-DSGN - coordinate_ascent] [1/1] [t = 464] swapped,  f(S) = 1.04000
2021-01-22 21:51:34,353 [INFO] [OPT-EXP-DSGN - coordinate_ascent] [1/1] [t = 465] swapped,  f(S) = 1.04017
2021-01-22 21:52:16,612 [INFO] [OPT-EXP-DSGN - coordinate_ascent] [1/1] [t = 466] swapped,  f(S) = 1.04035
2021-01-22 21:52:27,103 [INFO] [OPT-EXP-DSGN - coordinate_ascent] [1/1] [t = 467] swapped,  f(S) = 1.04058
2021-01-22 21:52:27,739 [INFO] [OPT-EXP-DSGN - coordinate_ascent] [1/1] [t = 468] swapped,  f(S) = 1.04090
2021-01-22 21:52:28,694 [INFO] [OPT-EXP-DSGN - coordinate_ascent] [1/1] [t = 469] swapped,  f(S) = 1.04092
2021-01-22 21:52:31,236 [INFO] [OPT-EXP-DSGN - coordinate_ascent] [1/1] [t = 470] swapped,  f(S) = 1.04096
2021-01-22 21:52:32,825 [INFO] [OPT-EXP-DSGN - coordinate_ascent] [1/1] [t = 471] swapped,  f(S) = 1.04110
2021-01-22 21:52:33,144 [INFO] [OPT-EXP-DSGN - coordinate_ascent] [1/1] [t = 472] swapped,  f(S) = 1.04181
2021-01-22 21:52:34,098 [INFO] [OPT-EXP-DSGN - coordinate_ascent] [1/1] [t = 473] swapped,  f(S) = 1.04210
2021-01-22 21:53:02,050 [INFO] [OPT-EXP-DSGN - coordinate_ascent] [1/1] [t = 474] swapped,  f(S) = 1.04212
2021-01-22 21:53:03,005 [INFO] [OPT-EXP-DSGN - coordinate_ascent] [1/1] [t = 475] swapped,  f(S) = 1.04221
2021-01-22 21:53:40,851 [INFO] [OPT-EXP-DSGN - coordinate_ascent] [1/1] [t = 476] swapped,  f(S) = 1.04225
2021-01-22 21:53:41,806 [INFO] [OPT-EXP-DSGN - coordinate_ascent] [1/1] [t = 477] swapped,  f(S) = 1.04238
2021-01-22 21:53:42,442 [INFO] [OPT-EXP-DSGN - coordinate_ascent] [1/1] [t = 478] swapped,  f(S) = 1.04261
2021-01-22 22:36:41,408 [INFO] [OPT-EXP-DSGN - coordinate_ascent] [1/1] [t = 479] swapped,  f(S) = 1.04265
2021-01-22 22:36:42,045 [INFO] [OPT-EXP-DSGN - coordinate_ascent] [1/1] [t = 480] swapped,  f(S) = 1.04265
2021-01-22 22:37:58,312 [INFO] [OPT-EXP-DSGN - coordinate_ascent] [1/1] [t = 481] swapped,  f(S) = 1.04269
2021-01-22 22:37:59,584 [INFO] [OPT-EXP-DSGN - coordinate_ascent] [1/1] [t = 482] swapped,  f(S) = 1.04273
2021-01-22 22:38:01,807 [INFO] [OPT-EXP-DSGN - coordinate_ascent] [1/1] [t = 483] swapped,  f(S) = 1.04278
2021-01-22 22:38:40,879 [INFO] [OPT-EXP-DSGN - coordinate_ascent] [1/1] [t = 484] swapped,  f(S) = 1.04288
2021-01-22 22:38:41,515 [INFO] [OPT-EXP-DSGN - coordinate_ascent] [1/1] [t = 485] swapped,  f(S) = 1.04291
2021-01-22 22:38:42,469 [INFO] [OPT-EXP-DSGN - coordinate_ascent] [1/1] [t = 486] swapped,  f(S) = 1.04299
2021-01-22 22:38:46,284 [INFO] [OPT-EXP-DSGN - coordinate_ascent] [1/1] [t = 487] swapped,  f(S) = 1.04300
2021-01-22 22:38:47,556 [INFO] [OPT-EXP-DSGN - coordinate_ascent] [1/1] [t = 488] swapped,  f(S) = 1.04320
2021-01-22 22:38:53,275 [INFO] [OPT-EXP-DSGN - coordinate_ascent] [1/1] [t = 489] swapped,  f(S) = 1.04322
2021-01-22 22:38:53,911 [INFO] [OPT-EXP-DSGN - coordinate_ascent] [1/1] [t = 490] swapped,  f(S) = 1.04325
2021-01-22 23:21:54,353 [INFO] [OPT-EXP-DSGN - coordinate_ascent] [1/1] [t = 491] swapped,  f(S) = 1.04359
2021-01-22 23:21:56,330 [INFO] [OPT-EXP-DSGN - coordinate_ascent] [1/1] [t = 492] swapped,  f(S) = 1.04361
2021-01-22 23:21:56,967 [INFO] [OPT-EXP-DSGN - coordinate_ascent] [1/1] [t = 493] swapped,  f(S) = 1.04362
2021-01-22 23:21:58,876 [INFO] [OPT-EXP-DSGN - coordinate_ascent] [1/1] [t = 494] swapped,  f(S) = 1.04379
2021-01-22 23:24:04,202 [INFO] [OPT-EXP-DSGN - coordinate_ascent] [1/1] [t = 495] swapped,  f(S) = 1.04389
2021-01-22 23:24:05,792 [INFO] [OPT-EXP-DSGN - coordinate_ascent] [1/1] [t = 496] swapped,  f(S) = 1.04405
2021-01-22 23:24:13,109 [INFO] [OPT-EXP-DSGN - coordinate_ascent] [1/1] [t = 497] swapped,  f(S) = 1.04413
2021-01-22 23:24:14,063 [INFO] [OPT-EXP-DSGN - coordinate_ascent] [1/1] [t = 498] swapped,  f(S) = 1.04423
2021-01-22 23:24:14,382 [INFO] [OPT-EXP-DSGN - coordinate_ascent] [1/1] [t = 499] swapped,  f(S) = 1.04465
2021-01-22 23:24:18,830 [INFO] [OPT-EXP-DSGN - coordinate_ascent] [1/1] [t = 500] swapped,  f(S) = 1.04466
2021-01-22 23:24:19,149 [INFO] [OPT-EXP-DSGN - coordinate_ascent] [1/1] [t = 501] swapped,  f(S) = 1.04477
2021-01-22 23:24:20,103 [INFO] [OPT-EXP-DSGN - coordinate_ascent] [1/1] [t = 502] swapped,  f(S) = 1.04483
2021-01-22 23:24:21,377 [INFO] [OPT-EXP-DSGN - coordinate_ascent] [1/1] [t = 503] swapped,  f(S) = 1.04491
2021-01-22 23:24:30,913 [INFO] [OPT-EXP-DSGN - coordinate_ascent] [1/1] [t = 504] swapped,  f(S) = 1.04494
2021-01-22 23:42:22,045 [INFO] [OPT-EXP-DSGN - coordinate_ascent] [1/1] [t = 505] swapped,  f(S) = 1.04498
2021-01-23 00:25:26,738 [INFO] [OPT-EXP-DSGN - coordinate_ascent] [1/1] [t = 506] swapped,  f(S) = 1.04507
2021-01-23 00:25:28,964 [INFO] [OPT-EXP-DSGN - coordinate_ascent] [1/1] [t = 507] swapped,  f(S) = 1.04530
2021-01-23 00:28:11,800 [INFO] [OPT-EXP-DSGN - coordinate_ascent] [1/1] [t = 508] swapped,  f(S) = 1.04533
2021-01-23 00:28:12,437 [INFO] [OPT-EXP-DSGN - coordinate_ascent] [1/1] [t = 509] swapped,  f(S) = 1.04574
2021-01-23 00:28:12,756 [INFO] [OPT-EXP-DSGN - coordinate_ascent] [1/1] [t = 510] swapped,  f(S) = 1.04589
2021-01-23 00:29:05,523 [INFO] [OPT-EXP-DSGN - coordinate_ascent] [1/1] [t = 511] swapped,  f(S) = 1.04601
2021-01-23 00:29:07,430 [INFO] [OPT-EXP-DSGN - coordinate_ascent] [1/1] [t = 512] swapped,  f(S) = 1.04602
2021-01-23 00:29:10,295 [INFO] [OPT-EXP-DSGN - coordinate_ascent] [1/1] [t = 513] swapped,  f(S) = 1.04614
2021-01-23 00:29:36,686 [INFO] [OPT-EXP-DSGN - coordinate_ascent] [1/1] [t = 514] swapped,  f(S) = 1.04629
2021-01-23 00:29:37,005 [INFO] [OPT-EXP-DSGN - coordinate_ascent] [1/1] [t = 515] swapped,  f(S) = 1.04633
2021-01-23 00:29:48,772 [INFO] [OPT-EXP-DSGN - coordinate_ascent] [1/1] [t = 516] swapped,  f(S) = 1.04652
2021-01-23 00:29:57,360 [INFO] [OPT-EXP-DSGN - coordinate_ascent] [1/1] [t = 517] swapped,  f(S) = 1.04659
2021-01-23 00:30:02,767 [INFO] [OPT-EXP-DSGN - coordinate_ascent] [1/1] [t = 518] swapped,  f(S) = 1.04683
2021-01-23 00:30:17,392 [INFO] [OPT-EXP-DSGN - coordinate_ascent] [1/1] [t = 519] swapped,  f(S) = 1.04684
2021-01-23 00:31:06,048 [INFO] [OPT-EXP-DSGN - coordinate_ascent] [1/1] [t = 520] swapped,  f(S) = 1.04693
2021-01-23 00:31:30,529 [INFO] [OPT-EXP-DSGN - coordinate_ascent] [1/1] [t = 521] swapped,  f(S) = 1.04708
2021-01-23 00:34:10,094 [INFO] [OPT-EXP-DSGN - coordinate_ascent] [1/1] [t = 522] swapped,  f(S) = 1.04710
2021-01-23 00:34:11,685 [INFO] [OPT-EXP-DSGN - coordinate_ascent] [1/1] [t = 523] swapped,  f(S) = 1.04732
2021-01-23 00:34:12,004 [INFO] [OPT-EXP-DSGN - coordinate_ascent] [1/1] [t = 524] swapped,  f(S) = 1.04796
2021-01-23 01:17:12,805 [INFO] [OPT-EXP-DSGN - coordinate_ascent] [1/1] [t = 525] swapped,  f(S) = 1.04801
2021-01-23 01:18:54,557 [INFO] [OPT-EXP-DSGN - coordinate_ascent] [1/1] [t = 526] swapped,  f(S) = 1.04812
2021-01-23 01:18:55,195 [INFO] [OPT-EXP-DSGN - coordinate_ascent] [1/1] [t = 527] swapped,  f(S) = 1.04823
2021-01-23 01:18:56,467 [INFO] [OPT-EXP-DSGN - coordinate_ascent] [1/1] [t = 528] swapped,  f(S) = 1.04824
2021-01-23 01:21:07,839 [INFO] [OPT-EXP-DSGN - coordinate_ascent] [1/1] [t = 529] swapped,  f(S) = 1.04830
2021-01-23 01:21:10,070 [INFO] [OPT-EXP-DSGN - coordinate_ascent] [1/1] [t = 530] swapped,  f(S) = 1.04837
2021-01-23 01:21:32,646 [INFO] [OPT-EXP-DSGN - coordinate_ascent] [1/1] [t = 531] swapped,  f(S) = 1.04841
2021-01-23 01:21:33,921 [INFO] [OPT-EXP-DSGN - coordinate_ascent] [1/1] [t = 532] swapped,  f(S) = 1.04851
2021-01-23 01:21:34,558 [INFO] [OPT-EXP-DSGN - coordinate_ascent] [1/1] [t = 533] swapped,  f(S) = 1.04861
2021-01-23 01:21:35,833 [INFO] [OPT-EXP-DSGN - coordinate_ascent] [1/1] [t = 534] swapped,  f(S) = 1.04878
2021-01-23 01:21:36,152 [INFO] [OPT-EXP-DSGN - coordinate_ascent] [1/1] [t = 535] swapped,  f(S) = 1.04897
2021-01-23 01:22:11,758 [INFO] [OPT-EXP-DSGN - coordinate_ascent] [1/1] [t = 536] swapped,  f(S) = 1.04897
2021-01-23 01:22:12,714 [INFO] [OPT-EXP-DSGN - coordinate_ascent] [1/1] [t = 537] swapped,  f(S) = 1.04910
2021-01-23 01:22:13,032 [INFO] [OPT-EXP-DSGN - coordinate_ascent] [1/1] [t = 538] swapped,  f(S) = 1.04913
2021-01-23 01:22:13,987 [INFO] [OPT-EXP-DSGN - coordinate_ascent] [1/1] [t = 539] swapped,  f(S) = 1.04921
2021-01-23 02:05:16,229 [INFO] [OPT-EXP-DSGN - coordinate_ascent] [1/1] [t = 540] swapped,  f(S) = 1.04936
2021-01-23 02:05:17,183 [INFO] [OPT-EXP-DSGN - coordinate_ascent] [1/1] [t = 541] swapped,  f(S) = 1.04959
2021-01-23 02:05:41,969 [INFO] [OPT-EXP-DSGN - coordinate_ascent] [1/1] [t = 542] swapped,  f(S) = 1.04965
2021-01-23 02:05:42,606 [INFO] [OPT-EXP-DSGN - coordinate_ascent] [1/1] [t = 543] swapped,  f(S) = 1.04974
2021-01-23 02:05:49,280 [INFO] [OPT-EXP-DSGN - coordinate_ascent] [1/1] [t = 544] swapped,  f(S) = 1.04979
2021-01-23 02:05:50,552 [INFO] [OPT-EXP-DSGN - coordinate_ascent] [1/1] [t = 545] swapped,  f(S) = 1.04986
2021-01-23 02:52:20,170 [INFO] [OPT-EXP-DSGN - coordinate_ascent] [1/1] [t = 546] swapped,  f(S) = 1.04992
2021-01-23 02:52:21,939 [INFO] [OPT-EXP-DSGN - coordinate_ascent] [1/1] [t = 547] swapped,  f(S) = 1.04993
2021-01-23 03:47:19,965 [INFO] [OPT-EXP-DSGN - coordinate_ascent] [1/1] [t = 548] swapped,  f(S) = 1.04999
2021-01-23 03:47:23,682 [INFO] [OPT-EXP-DSGN - coordinate_ascent] [1/1] [t = 549] swapped,  f(S) = 1.05005
2021-01-23 03:47:32,656 [INFO] [OPT-EXP-DSGN - coordinate_ascent] [1/1] [t = 550] swapped,  f(S) = 1.05006
2021-01-23 03:47:32,966 [INFO] [OPT-EXP-DSGN - coordinate_ascent] [1/1] [t = 551] swapped,  f(S) = 1.05013
2021-01-23 03:47:34,823 [INFO] [OPT-EXP-DSGN - coordinate_ascent] [1/1] [t = 552] swapped,  f(S) = 1.05019
2021-01-23 03:47:41,019 [INFO] [OPT-EXP-DSGN - coordinate_ascent] [1/1] [t = 553] swapped,  f(S) = 1.05035
2021-01-23 03:47:43,806 [INFO] [OPT-EXP-DSGN - coordinate_ascent] [1/1] [t = 554] swapped,  f(S) = 1.05035
2021-01-23 03:48:04,539 [INFO] [OPT-EXP-DSGN - coordinate_ascent] [1/1] [t = 555] swapped,  f(S) = 1.05038
2021-01-23 04:30:19,003 [INFO] [OPT-EXP-DSGN - coordinate_ascent] [1/1] [t = 556] swapped,  f(S) = 1.05047
2021-01-23 04:30:19,991 [INFO] [OPT-EXP-DSGN - coordinate_ascent] [1/1] [t = 557] swapped,  f(S) = 1.05064
2021-01-23 04:30:24,973 [INFO] [OPT-EXP-DSGN - coordinate_ascent] [1/1] [t = 558] swapped,  f(S) = 1.05075
2021-01-23 04:30:25,613 [INFO] [OPT-EXP-DSGN - coordinate_ascent] [1/1] [t = 559] swapped,  f(S) = 1.05081
2021-01-23 04:30:31,819 [INFO] [OPT-EXP-DSGN - coordinate_ascent] [1/1] [t = 560] swapped,  f(S) = 1.05095
2021-01-23 04:30:35,861 [INFO] [OPT-EXP-DSGN - coordinate_ascent] [1/1] [t = 561] swapped,  f(S) = 1.05098
2021-01-23 04:30:36,174 [INFO] [OPT-EXP-DSGN - coordinate_ascent] [1/1] [t = 562] swapped,  f(S) = 1.05106
2021-01-23 04:30:36,484 [INFO] [OPT-EXP-DSGN - coordinate_ascent] [1/1] [t = 563] swapped,  f(S) = 1.05115
2021-01-23 04:30:36,794 [INFO] [OPT-EXP-DSGN - coordinate_ascent] [1/1] [t = 564] swapped,  f(S) = 1.05146
2021-01-23 04:31:43,743 [INFO] [OPT-EXP-DSGN - coordinate_ascent] [1/1] [t = 565] swapped,  f(S) = 1.05146
2021-01-23 04:31:44,053 [INFO] [OPT-EXP-DSGN - coordinate_ascent] [1/1] [t = 566] swapped,  f(S) = 1.05165
2021-01-23 04:32:16,570 [INFO] [OPT-EXP-DSGN - coordinate_ascent] [1/1] [t = 567] swapped,  f(S) = 1.05165
2021-01-23 04:32:19,983 [INFO] [OPT-EXP-DSGN - coordinate_ascent] [1/1] [t = 568] swapped,  f(S) = 1.05166
2021-01-23 04:32:20,294 [INFO] [OPT-EXP-DSGN - coordinate_ascent] [1/1] [t = 569] swapped,  f(S) = 1.05172
2021-01-23 04:34:11,011 [INFO] [OPT-EXP-DSGN - coordinate_ascent] [1/1] [t = 570] swapped,  f(S) = 1.05172
2021-01-23 04:34:14,417 [INFO] [OPT-EXP-DSGN - coordinate_ascent] [1/1] [t = 571] swapped,  f(S) = 1.05179
2021-01-23 04:34:14,727 [INFO] [OPT-EXP-DSGN - coordinate_ascent] [1/1] [t = 572] swapped,  f(S) = 1.05181
2021-01-23 04:34:15,349 [INFO] [OPT-EXP-DSGN - coordinate_ascent] [1/1] [t = 573] swapped,  f(S) = 1.05185
2021-01-23 04:34:16,589 [INFO] [OPT-EXP-DSGN - coordinate_ascent] [1/1] [t = 574] swapped,  f(S) = 1.05196
2021-01-23 04:41:59,817 [INFO] [OPT-EXP-DSGN - coordinate_ascent] [1/1] [t = 575] swapped,  f(S) = 1.05205
2021-01-23 04:42:02,486 [INFO] [OPT-EXP-DSGN - coordinate_ascent] [1/1] [t = 576] swapped,  f(S) = 1.05208
2021-01-23 04:42:04,047 [INFO] [OPT-EXP-DSGN - coordinate_ascent] [1/1] [t = 577] swapped,  f(S) = 1.05229
2021-01-23 04:42:04,977 [INFO] [OPT-EXP-DSGN - coordinate_ascent] [1/1] [t = 578] swapped,  f(S) = 1.05232
2021-01-23 04:42:09,626 [INFO] [OPT-EXP-DSGN - coordinate_ascent] [1/1] [t = 579] swapped,  f(S) = 1.05236
2021-01-23 04:42:12,416 [INFO] [OPT-EXP-DSGN - coordinate_ascent] [1/1] [t = 580] swapped,  f(S) = 1.05250
2021-01-23 04:42:15,207 [INFO] [OPT-EXP-DSGN - coordinate_ascent] [1/1] [t = 581] swapped,  f(S) = 1.05267
2021-01-23 04:42:17,374 [INFO] [OPT-EXP-DSGN - coordinate_ascent] [1/1] [t = 582] swapped,  f(S) = 1.05267
2021-01-23 04:42:19,235 [INFO] [OPT-EXP-DSGN - coordinate_ascent] [1/1] [t = 583] swapped,  f(S) = 1.05272
2021-01-23 04:42:20,165 [INFO] [OPT-EXP-DSGN - coordinate_ascent] [1/1] [t = 584] swapped,  f(S) = 1.05275
2021-01-23 04:42:20,476 [INFO] [OPT-EXP-DSGN - coordinate_ascent] [1/1] [t = 585] swapped,  f(S) = 1.05300
2021-01-23 04:42:38,449 [INFO] [OPT-EXP-DSGN - coordinate_ascent] [1/1] [t = 586] swapped,  f(S) = 1.05309
2021-01-23 04:42:38,759 [INFO] [OPT-EXP-DSGN - coordinate_ascent] [1/1] [t = 587] swapped,  f(S) = 1.05328
2021-01-23 04:42:41,862 [INFO] [OPT-EXP-DSGN - coordinate_ascent] [1/1] [t = 588] swapped,  f(S) = 1.05329
2021-01-23 05:24:37,183 [INFO] [OPT-EXP-DSGN - coordinate_ascent] [1/1] [t = 589] swapped,  f(S) = 1.05336
2021-01-23 05:25:29,051 [INFO] [OPT-EXP-DSGN - coordinate_ascent] [1/1] [t = 590] swapped,  f(S) = 1.05337
2021-01-23 05:25:43,651 [INFO] [OPT-EXP-DSGN - coordinate_ascent] [1/1] [t = 591] swapped,  f(S) = 1.05341
2021-01-23 05:27:36,321 [INFO] [OPT-EXP-DSGN - coordinate_ascent] [1/1] [t = 592] swapped,  f(S) = 1.05344
2021-01-23 05:29:45,917 [INFO] [OPT-EXP-DSGN - coordinate_ascent] [1/1] [t = 593] swapped,  f(S) = 1.05346
2021-01-23 06:13:19,530 [INFO] [OPT-EXP-DSGN - coordinate_ascent] [1/1] [t = 594] swapped,  f(S) = 1.05356
2021-01-23 06:13:26,211 [INFO] [OPT-EXP-DSGN - coordinate_ascent] [1/1] [t = 595] swapped,  f(S) = 1.05358
2021-01-23 06:15:08,292 [INFO] [OPT-EXP-DSGN - coordinate_ascent] [1/1] [t = 596] swapped,  f(S) = 1.05368
2021-01-23 06:15:09,248 [INFO] [OPT-EXP-DSGN - coordinate_ascent] [1/1] [t = 597] swapped,  f(S) = 1.05372
2021-01-23 06:15:10,203 [INFO] [OPT-EXP-DSGN - coordinate_ascent] [1/1] [t = 598] swapped,  f(S) = 1.05390
2021-01-23 06:15:10,522 [INFO] [OPT-EXP-DSGN - coordinate_ascent] [1/1] [t = 599] swapped,  f(S) = 1.05495
2021-01-23 06:15:11,159 [INFO] [OPT-EXP-DSGN - coordinate_ascent] [1/1] [t = 600] swapped,  f(S) = 1.05499
2021-01-23 06:15:11,478 [INFO] [OPT-EXP-DSGN - coordinate_ascent] [1/1] [t = 601] swapped,  f(S) = 1.05553
2021-01-23 06:58:11,788 [INFO] [OPT-EXP-DSGN - coordinate_ascent] [1/1] [t = 602] swapped,  f(S) = 1.05564
2021-01-23 06:58:53,904 [INFO] [OPT-EXP-DSGN - coordinate_ascent] [1/1] [t = 603] swapped,  f(S) = 1.05566
2021-01-23 06:59:13,928 [INFO] [OPT-EXP-DSGN - coordinate_ascent] [1/1] [t = 604] swapped,  f(S) = 1.05567
2021-01-23 06:59:14,883 [INFO] [OPT-EXP-DSGN - coordinate_ascent] [1/1] [t = 605] swapped,  f(S) = 1.05584
2021-01-23 06:59:15,838 [INFO] [OPT-EXP-DSGN - coordinate_ascent] [1/1] [t = 606] swapped,  f(S) = 1.05597
2021-01-23 06:59:16,474 [INFO] [OPT-EXP-DSGN - coordinate_ascent] [1/1] [t = 607] swapped,  f(S) = 1.05625
2021-01-23 07:02:29,432 [INFO] [OPT-EXP-DSGN - coordinate_ascent] [1/1] [t = 608] swapped,  f(S) = 1.05629
2021-01-23 07:02:32,464 [INFO] [OPT-EXP-DSGN - coordinate_ascent] [1/1] [t = 609] swapped,  f(S) = 1.05637
2021-01-23 07:03:14,422 [INFO] [OPT-EXP-DSGN - coordinate_ascent] [1/1] [t = 610] swapped,  f(S) = 1.05643
2021-01-23 07:03:34,124 [INFO] [OPT-EXP-DSGN - coordinate_ascent] [1/1] [t = 611] swapped,  f(S) = 1.05648
2021-01-23 07:03:34,761 [INFO] [OPT-EXP-DSGN - coordinate_ascent] [1/1] [t = 612] swapped,  f(S) = 1.05702
2021-01-23 07:12:45,987 [INFO] [OPT-EXP-DSGN - coordinate_ascent] [1/1] [t = 613] swapped,  f(S) = 1.05708
2021-01-23 07:12:51,717 [INFO] [OPT-EXP-DSGN - coordinate_ascent] [1/1] [t = 614] swapped,  f(S) = 1.05711
2021-01-23 07:55:51,242 [INFO] [OPT-EXP-DSGN - coordinate_ascent] [1/1] [t = 615] swapped,  f(S) = 1.05726
2021-01-23 07:56:19,225 [INFO] [OPT-EXP-DSGN - coordinate_ascent] [1/1] [t = 616] swapped,  f(S) = 1.05730
2021-01-23 07:56:23,034 [INFO] [OPT-EXP-DSGN - coordinate_ascent] [1/1] [t = 617] swapped,  f(S) = 1.05730
2021-01-23 07:57:04,977 [INFO] [OPT-EXP-DSGN - coordinate_ascent] [1/1] [t = 618] swapped,  f(S) = 1.05734
2021-01-23 07:57:07,214 [INFO] [OPT-EXP-DSGN - coordinate_ascent] [1/1] [t = 619] swapped,  f(S) = 1.05737
2021-01-23 07:57:20,240 [INFO] [OPT-EXP-DSGN - coordinate_ascent] [1/1] [t = 620] swapped,  f(S) = 1.05738
2021-01-23 07:57:36,457 [INFO] [OPT-EXP-DSGN - coordinate_ascent] [1/1] [t = 621] swapped,  f(S) = 1.05744
2021-01-23 08:40:34,183 [INFO] [OPT-EXP-DSGN - coordinate_ascent] [1/1] [t = 622] swapped,  f(S) = 1.05749
2021-01-23 08:40:59,939 [INFO] [OPT-EXP-DSGN - coordinate_ascent] [1/1] [t = 623] swapped,  f(S) = 1.05750
2021-01-23 08:41:10,426 [INFO] [OPT-EXP-DSGN - coordinate_ascent] [1/1] [t = 624] swapped,  f(S) = 1.05753
2021-01-23 08:41:34,891 [INFO] [OPT-EXP-DSGN - coordinate_ascent] [1/1] [t = 625] swapped,  f(S) = 1.05754
2021-01-23 08:41:36,480 [INFO] [OPT-EXP-DSGN - coordinate_ascent] [1/1] [t = 626] swapped,  f(S) = 1.05772
2021-01-23 08:41:49,837 [INFO] [OPT-EXP-DSGN - coordinate_ascent] [1/1] [t = 627] swapped,  f(S) = 1.05779
2021-01-23 08:41:52,063 [INFO] [OPT-EXP-DSGN - coordinate_ascent] [1/1] [t = 628] swapped,  f(S) = 1.05780
2021-01-23 09:24:53,017 [INFO] [OPT-EXP-DSGN - coordinate_ascent] [1/1] [t = 629] swapped,  f(S) = 1.05780
2021-01-23 09:24:54,957 [INFO] [OPT-EXP-DSGN - coordinate_ascent] [1/1] [t = 630] swapped,  f(S) = 1.05782
2021-01-23 09:26:23,379 [INFO] [OPT-EXP-DSGN - coordinate_ascent] [1/1] [t = 631] swapped,  f(S) = 1.05783
2021-01-23 09:26:27,194 [INFO] [OPT-EXP-DSGN - coordinate_ascent] [1/1] [t = 632] swapped,  f(S) = 1.05790
2021-01-23 09:26:53,293 [INFO] [OPT-EXP-DSGN - coordinate_ascent] [1/1] [t = 633] swapped,  f(S) = 1.05791
2021-01-23 09:26:54,248 [INFO] [OPT-EXP-DSGN - coordinate_ascent] [1/1] [t = 634] swapped,  f(S) = 1.05799
2021-01-23 09:26:54,886 [INFO] [OPT-EXP-DSGN - coordinate_ascent] [1/1] [t = 635] swapped,  f(S) = 1.05830
2021-01-23 09:26:55,204 [INFO] [OPT-EXP-DSGN - coordinate_ascent] [1/1] [t = 636] swapped,  f(S) = 1.05851
2021-01-23 10:52:57,018 [INFO] [OPT-EXP-DSGN - coordinate_ascent] [1/1] [t = 637] swapped,  f(S) = 1.05856
2021-01-23 10:55:35,951 [INFO] [OPT-EXP-DSGN - coordinate_ascent] [1/1] [t = 638] swapped,  f(S) = 1.05857
2021-01-23 10:55:36,590 [INFO] [OPT-EXP-DSGN - coordinate_ascent] [1/1] [t = 639] swapped,  f(S) = 1.05863
2021-01-23 10:57:18,321 [INFO] [OPT-EXP-DSGN - coordinate_ascent] [1/1] [t = 640] swapped,  f(S) = 1.05866
2021-01-23 10:57:22,141 [INFO] [OPT-EXP-DSGN - coordinate_ascent] [1/1] [t = 641] swapped,  f(S) = 1.05870
2021-01-23 10:57:23,731 [INFO] [OPT-EXP-DSGN - coordinate_ascent] [1/1] [t = 642] swapped,  f(S) = 1.05878
2021-01-23 10:57:24,368 [INFO] [OPT-EXP-DSGN - coordinate_ascent] [1/1] [t = 643] swapped,  f(S) = 1.05881
2021-01-23 10:57:32,672 [INFO] [OPT-EXP-DSGN - coordinate_ascent] [1/1] [t = 644] swapped,  f(S) = 1.05881
2021-01-23 10:57:35,854 [INFO] [OPT-EXP-DSGN - coordinate_ascent] [1/1] [t = 645] swapped,  f(S) = 1.05886
2021-01-23 10:57:43,172 [INFO] [OPT-EXP-DSGN - coordinate_ascent] [1/1] [t = 646] swapped,  f(S) = 1.05905
2021-01-23 10:59:51,934 [INFO] [OPT-EXP-DSGN - coordinate_ascent] [1/1] [t = 647] swapped,  f(S) = 1.05906
2021-01-23 11:00:34,212 [INFO] [OPT-EXP-DSGN - coordinate_ascent] [1/1] [t = 648] swapped,  f(S) = 1.05909
2021-01-23 11:00:35,167 [INFO] [OPT-EXP-DSGN - coordinate_ascent] [1/1] [t = 649] swapped,  f(S) = 1.05921
2021-01-23 11:00:38,347 [INFO] [OPT-EXP-DSGN - coordinate_ascent] [1/1] [t = 650] swapped,  f(S) = 1.05922
2021-01-23 11:01:28,950 [INFO] [OPT-EXP-DSGN - coordinate_ascent] [1/1] [t = 651] swapped,  f(S) = 1.05932
2021-01-23 11:02:03,294 [INFO] [OPT-EXP-DSGN - coordinate_ascent] [1/1] [t = 652] swapped,  f(S) = 1.05932
2021-01-23 11:02:03,612 [INFO] [OPT-EXP-DSGN - coordinate_ascent] [1/1] [t = 653] swapped,  f(S) = 1.05943
2021-01-23 11:05:09,637 [INFO] [OPT-EXP-DSGN - coordinate_ascent] [1/1] [t = 654] swapped,  f(S) = 1.05943
2021-01-23 11:05:12,499 [INFO] [OPT-EXP-DSGN - coordinate_ascent] [1/1] [t = 655] swapped,  f(S) = 1.05950
2021-01-23 11:05:12,818 [INFO] [OPT-EXP-DSGN - coordinate_ascent] [1/1] [t = 656] swapped,  f(S) = 1.05954
2021-01-23 11:05:24,581 [INFO] [OPT-EXP-DSGN - coordinate_ascent] [1/1] [t = 657] swapped,  f(S) = 1.05963
2021-01-23 11:05:26,488 [INFO] [OPT-EXP-DSGN - coordinate_ascent] [1/1] [t = 658] swapped,  f(S) = 1.05964
2021-01-23 11:05:29,349 [INFO] [OPT-EXP-DSGN - coordinate_ascent] [1/1] [t = 659] swapped,  f(S) = 1.05967
2021-01-23 11:05:30,938 [INFO] [OPT-EXP-DSGN - coordinate_ascent] [1/1] [t = 660] swapped,  f(S) = 1.05984
2021-01-23 11:05:39,521 [INFO] [OPT-EXP-DSGN - coordinate_ascent] [1/1] [t = 661] swapped,  f(S) = 1.05984
2021-01-23 11:05:39,840 [INFO] [OPT-EXP-DSGN - coordinate_ascent] [1/1] [t = 662] swapped,  f(S) = 1.05990
2021-01-23 11:05:40,160 [INFO] [OPT-EXP-DSGN - coordinate_ascent] [1/1] [t = 663] swapped,  f(S) = 1.06166
2021-01-23 11:05:41,750 [INFO] [OPT-EXP-DSGN - coordinate_ascent] [1/1] [t = 664] swapped,  f(S) = 1.06166
2021-01-23 11:06:30,404 [INFO] [OPT-EXP-DSGN - coordinate_ascent] [1/1] [t = 665] swapped,  f(S) = 1.06174
2021-01-23 11:06:31,995 [INFO] [OPT-EXP-DSGN - coordinate_ascent] [1/1] [t = 666] swapped,  f(S) = 1.06175
2021-01-23 11:06:58,381 [INFO] [OPT-EXP-DSGN - coordinate_ascent] [1/1] [t = 667] swapped,  f(S) = 1.06176
2021-01-23 11:06:58,700 [INFO] [OPT-EXP-DSGN - coordinate_ascent] [1/1] [t = 668] swapped,  f(S) = 1.06186
2021-01-23 11:07:17,456 [INFO] [OPT-EXP-DSGN - coordinate_ascent] [1/1] [t = 669] swapped,  f(S) = 1.06188
2021-01-23 11:07:48,615 [INFO] [OPT-EXP-DSGN - coordinate_ascent] [1/1] [t = 670] swapped,  f(S) = 1.06190
2021-01-23 11:07:49,252 [INFO] [OPT-EXP-DSGN - coordinate_ascent] [1/1] [t = 671] swapped,  f(S) = 1.06218
2021-01-23 11:07:53,704 [INFO] [OPT-EXP-DSGN - coordinate_ascent] [1/1] [t = 672] swapped,  f(S) = 1.06234
2021-01-23 11:07:54,023 [INFO] [OPT-EXP-DSGN - coordinate_ascent] [1/1] [t = 673] swapped,  f(S) = 1.06264
2021-01-23 11:10:12,046 [INFO] [OPT-EXP-DSGN - coordinate_ascent] [1/1] [t = 674] swapped,  f(S) = 1.06269
2021-01-23 11:10:13,635 [INFO] [OPT-EXP-DSGN - coordinate_ascent] [1/1] [t = 675] swapped,  f(S) = 1.06271
2021-01-23 11:10:17,449 [INFO] [OPT-EXP-DSGN - coordinate_ascent] [1/1] [t = 676] swapped,  f(S) = 1.06293
2021-01-23 11:23:51,397 [INFO] [OPT-EXP-DSGN - coordinate_ascent] [1/1] [t = 677] swapped,  f(S) = 1.06294
2021-01-23 11:25:17,983 [INFO] [OPT-EXP-DSGN - coordinate_ascent] [1/1] [t = 678] swapped,  f(S) = 1.06300
2021-01-23 11:31:56,192 [INFO] [OPT-EXP-DSGN - coordinate_ascent] [1/1] [t = 679] swapped,  f(S) = 1.06300
2021-01-23 11:32:17,596 [INFO] [OPT-EXP-DSGN - coordinate_ascent] [1/1] [t = 680] swapped,  f(S) = 1.06300
2021-01-23 11:32:22,375 [INFO] [OPT-EXP-DSGN - coordinate_ascent] [1/1] [t = 681] swapped,  f(S) = 1.06301
2021-01-23 11:32:30,652 [INFO] [OPT-EXP-DSGN - coordinate_ascent] [1/1] [t = 682] swapped,  f(S) = 1.06301
2021-01-23 11:32:30,973 [INFO] [OPT-EXP-DSGN - coordinate_ascent] [1/1] [t = 683] swapped,  f(S) = 1.06325
2021-01-23 11:32:33,840 [INFO] [OPT-EXP-DSGN - coordinate_ascent] [1/1] [t = 684] swapped,  f(S) = 1.06325
2021-01-23 11:32:44,027 [INFO] [OPT-EXP-DSGN - coordinate_ascent] [1/1] [t = 685] swapped,  f(S) = 1.06326
2021-01-23 11:32:44,347 [INFO] [OPT-EXP-DSGN - coordinate_ascent] [1/1] [t = 686] swapped,  f(S) = 1.06358
2021-01-23 11:33:37,513 [INFO] [OPT-EXP-DSGN - coordinate_ascent] [1/1] [t = 687] swapped,  f(S) = 1.06359
2021-01-23 11:33:43,562 [INFO] [OPT-EXP-DSGN - coordinate_ascent] [1/1] [t = 688] swapped,  f(S) = 1.06367
2021-01-23 11:33:47,701 [INFO] [OPT-EXP-DSGN - coordinate_ascent] [1/1] [t = 689] swapped,  f(S) = 1.06371
2021-01-23 11:33:48,975 [INFO] [OPT-EXP-DSGN - coordinate_ascent] [1/1] [t = 690] swapped,  f(S) = 1.06375
2021-01-23 11:33:56,614 [INFO] [OPT-EXP-DSGN - coordinate_ascent] [1/1] [t = 691] swapped,  f(S) = 1.06387
2021-01-23 11:34:02,028 [INFO] [OPT-EXP-DSGN - coordinate_ascent] [1/1] [t = 692] swapped,  f(S) = 1.06393
2021-01-23 11:34:03,621 [INFO] [OPT-EXP-DSGN - coordinate_ascent] [1/1] [t = 693] swapped,  f(S) = 1.06399
2021-01-23 11:34:11,908 [INFO] [OPT-EXP-DSGN - coordinate_ascent] [1/1] [t = 694] swapped,  f(S) = 1.06404
2021-01-23 12:17:15,459 [INFO] [OPT-EXP-DSGN - coordinate_ascent] [1/1] [t = 695] swapped,  f(S) = 1.06407
2021-01-23 12:17:15,779 [INFO] [OPT-EXP-DSGN - coordinate_ascent] [1/1] [t = 696] swapped,  f(S) = 1.06418
2021-01-23 12:17:32,976 [INFO] [OPT-EXP-DSGN - coordinate_ascent] [1/1] [t = 697] swapped,  f(S) = 1.06423
2021-01-23 12:17:46,666 [INFO] [OPT-EXP-DSGN - coordinate_ascent] [1/1] [t = 698] swapped,  f(S) = 1.06426
2021-01-23 12:25:08,678 [INFO] [OPT-EXP-DSGN - coordinate_ascent] [1/1] [t = 699] swapped,  f(S) = 1.06428
2021-01-23 12:29:56,291 [INFO] [OPT-EXP-DSGN - coordinate_ascent] [1/1] [t = 700] swapped,  f(S) = 1.06433
2021-01-23 12:29:56,609 [INFO] [OPT-EXP-DSGN - coordinate_ascent] [1/1] [t = 701] swapped,  f(S) = 1.06440
2021-01-23 12:29:57,246 [INFO] [OPT-EXP-DSGN - coordinate_ascent] [1/1] [t = 702] swapped,  f(S) = 1.06446
2021-01-23 12:29:57,565 [INFO] [OPT-EXP-DSGN - coordinate_ascent] [1/1] [t = 703] swapped,  f(S) = 1.06454
2021-01-23 12:30:06,166 [INFO] [OPT-EXP-DSGN - coordinate_ascent] [1/1] [t = 704] swapped,  f(S) = 1.06458
2021-01-23 12:30:46,860 [INFO] [OPT-EXP-DSGN - coordinate_ascent] [1/1] [t = 705] swapped,  f(S) = 1.06458
2021-01-23 12:31:12,640 [INFO] [OPT-EXP-DSGN - coordinate_ascent] [1/1] [t = 706] swapped,  f(S) = 1.06459
2021-01-23 12:31:13,277 [INFO] [OPT-EXP-DSGN - coordinate_ascent] [1/1] [t = 707] swapped,  f(S) = 1.06463
2021-01-23 12:31:21,537 [INFO] [OPT-EXP-DSGN - coordinate_ascent] [1/1] [t = 708] swapped,  f(S) = 1.06466
2021-01-23 12:32:01,945 [INFO] [OPT-EXP-DSGN - coordinate_ascent] [1/1] [t = 709] swapped,  f(S) = 1.06470
2021-01-23 13:15:05,221 [INFO] [OPT-EXP-DSGN - coordinate_ascent] [1/1] [t = 710] swapped,  f(S) = 1.06473
2021-01-23 13:15:10,310 [INFO] [OPT-EXP-DSGN - coordinate_ascent] [1/1] [t = 711] swapped,  f(S) = 1.06473
2021-01-23 13:15:10,947 [INFO] [OPT-EXP-DSGN - coordinate_ascent] [1/1] [t = 712] swapped,  f(S) = 1.06474
2021-01-23 13:15:16,351 [INFO] [OPT-EXP-DSGN - coordinate_ascent] [1/1] [t = 713] swapped,  f(S) = 1.06475
2021-01-23 13:17:18,409 [INFO] [OPT-EXP-DSGN - coordinate_ascent] [1/1] [t = 714] swapped,  f(S) = 1.06476
2021-01-23 13:17:29,857 [INFO] [OPT-EXP-DSGN - coordinate_ascent] [1/1] [t = 715] swapped,  f(S) = 1.06482
2021-01-23 13:17:34,306 [INFO] [OPT-EXP-DSGN - coordinate_ascent] [1/1] [t = 716] swapped,  f(S) = 1.06485
2021-01-23 13:19:15,093 [INFO] [OPT-EXP-DSGN - coordinate_ascent] [1/1] [t = 717] swapped,  f(S) = 1.06493
2021-01-23 13:20:42,510 [INFO] [OPT-EXP-DSGN - coordinate_ascent] [1/1] [t = 718] swapped,  f(S) = 1.06495
2021-01-23 13:20:42,829 [INFO] [OPT-EXP-DSGN - coordinate_ascent] [1/1] [t = 719] swapped,  f(S) = 1.06510
2021-01-23 13:20:53,316 [INFO] [OPT-EXP-DSGN - coordinate_ascent] [1/1] [t = 720] swapped,  f(S) = 1.06518
2021-01-23 13:20:53,634 [INFO] [OPT-EXP-DSGN - coordinate_ascent] [1/1] [t = 721] swapped,  f(S) = 1.06527
2021-01-23 13:20:55,225 [INFO] [OPT-EXP-DSGN - coordinate_ascent] [1/1] [t = 722] swapped,  f(S) = 1.06532
2021-01-23 13:21:38,767 [INFO] [OPT-EXP-DSGN - coordinate_ascent] [1/1] [t = 723] swapped,  f(S) = 1.06533
2021-01-23 13:21:39,721 [INFO] [OPT-EXP-DSGN - coordinate_ascent] [1/1] [t = 724] swapped,  f(S) = 1.06536
2021-01-23 13:21:40,676 [INFO] [OPT-EXP-DSGN - coordinate_ascent] [1/1] [t = 725] swapped,  f(S) = 1.06536
2021-01-23 14:05:01,360 [INFO] [OPT-EXP-DSGN - coordinate_ascent] [1/1] [t = 726] swapped,  f(S) = 1.06538
2021-01-23 14:05:04,539 [INFO] [OPT-EXP-DSGN - coordinate_ascent] [1/1] [t = 727] swapped,  f(S) = 1.06551
2021-01-23 14:05:05,493 [INFO] [OPT-EXP-DSGN - coordinate_ascent] [1/1] [t = 728] swapped,  f(S) = 1.06558
2021-01-23 14:05:26,483 [INFO] [OPT-EXP-DSGN - coordinate_ascent] [1/1] [t = 729] swapped,  f(S) = 1.06558
2021-01-23 14:05:29,345 [INFO] [OPT-EXP-DSGN - coordinate_ascent] [1/1] [t = 730] swapped,  f(S) = 1.06562
2021-01-23 14:05:30,300 [INFO] [OPT-EXP-DSGN - coordinate_ascent] [1/1] [t = 731] swapped,  f(S) = 1.06563
2021-01-23 14:09:27,797 [INFO] [OPT-EXP-DSGN - coordinate_ascent] [1/1] [t = 732] swapped,  f(S) = 1.06568
2021-01-23 14:09:28,697 [INFO] [OPT-EXP-DSGN - coordinate_ascent] [1/1] [t = 733] swapped,  f(S) = 1.06572
2021-01-23 14:09:29,016 [INFO] [OPT-EXP-DSGN - coordinate_ascent] [1/1] [t = 734] swapped,  f(S) = 1.06668
2021-01-23 14:09:35,056 [INFO] [OPT-EXP-DSGN - coordinate_ascent] [1/1] [t = 735] swapped,  f(S) = 1.06668
2021-01-23 14:09:35,375 [INFO] [OPT-EXP-DSGN - coordinate_ascent] [1/1] [t = 736] swapped,  f(S) = 1.06682
2021-01-23 14:09:47,454 [INFO] [OPT-EXP-DSGN - coordinate_ascent] [1/1] [t = 737] swapped,  f(S) = 1.06684
2021-01-23 14:09:49,998 [INFO] [OPT-EXP-DSGN - coordinate_ascent] [1/1] [t = 738] swapped,  f(S) = 1.06687
2021-01-23 14:09:54,132 [INFO] [OPT-EXP-DSGN - coordinate_ascent] [1/1] [t = 739] swapped,  f(S) = 1.06695
2021-01-23 14:30:47,423 [INFO] [OPT-EXP-DSGN - coordinate_ascent] [1/1] [t = 740] swapped,  f(S) = 1.06697
2021-01-23 14:30:49,331 [INFO] [OPT-EXP-DSGN - coordinate_ascent] [1/1] [t = 741] swapped,  f(S) = 1.06714
2021-01-23 14:30:49,650 [INFO] [OPT-EXP-DSGN - coordinate_ascent] [1/1] [t = 742] swapped,  f(S) = 1.06717
2021-01-23 14:31:16,045 [INFO] [OPT-EXP-DSGN - coordinate_ascent] [1/1] [t = 743] swapped,  f(S) = 1.06721
2021-01-23 14:31:20,821 [INFO] [OPT-EXP-DSGN - coordinate_ascent] [1/1] [t = 744] swapped,  f(S) = 1.06722
2021-01-23 14:31:21,458 [INFO] [OPT-EXP-DSGN - coordinate_ascent] [1/1] [t = 745] swapped,  f(S) = 1.06728
2021-01-23 14:31:24,961 [INFO] [OPT-EXP-DSGN - coordinate_ascent] [1/1] [t = 746] swapped,  f(S) = 1.06731
2021-01-23 15:14:23,747 [INFO] [OPT-EXP-DSGN - coordinate_ascent] [1/1] [t = 747] swapped,  f(S) = 1.06744
2021-01-23 15:57:22,245 [INFO] [OPT-EXP-DSGN - coordinate_ascent] [1/1] [t = 748] swapped,  f(S) = 1.06763
2021-01-23 15:57:22,565 [INFO] [OPT-EXP-DSGN - coordinate_ascent] [1/1] [t = 749] swapped,  f(S) = 1.06765
2021-01-23 15:57:23,201 [INFO] [OPT-EXP-DSGN - coordinate_ascent] [1/1] [t = 750] swapped,  f(S) = 1.06776
2021-01-23 15:58:08,079 [INFO] [OPT-EXP-DSGN - coordinate_ascent] [1/1] [t = 751] swapped,  f(S) = 1.06780
2021-01-23 15:58:09,670 [INFO] [OPT-EXP-DSGN - coordinate_ascent] [1/1] [t = 752] swapped,  f(S) = 1.06781
2021-01-23 15:59:16,745 [INFO] [OPT-EXP-DSGN - coordinate_ascent] [1/1] [t = 753] swapped,  f(S) = 1.06783
2021-01-23 15:59:47,586 [INFO] [OPT-EXP-DSGN - coordinate_ascent] [1/1] [t = 754] swapped,  f(S) = 1.06783
2021-01-23 16:01:19,181 [INFO] [OPT-EXP-DSGN - coordinate_ascent] [1/1] [t = 755] swapped,  f(S) = 1.06788
2021-01-23 16:01:20,135 [INFO] [OPT-EXP-DSGN - coordinate_ascent] [1/1] [t = 756] swapped,  f(S) = 1.06796
2021-01-23 17:31:31,682 [INFO] [OPT-EXP-DSGN - coordinate_ascent] [1/1] [t = 757] swapped,  f(S) = 1.06799
2021-01-23 17:31:39,779 [INFO] [OPT-EXP-DSGN - coordinate_ascent] [1/1] [t = 758] swapped,  f(S) = 1.06807
2021-01-23 17:32:08,661 [INFO] [OPT-EXP-DSGN - coordinate_ascent] [1/1] [t = 759] swapped,  f(S) = 1.06808
2021-01-23 17:32:41,721 [INFO] [OPT-EXP-DSGN - coordinate_ascent] [1/1] [t = 760] swapped,  f(S) = 1.06812
2021-01-23 17:33:30,094 [INFO] [OPT-EXP-DSGN - coordinate_ascent] [1/1] [t = 761] swapped,  f(S) = 1.06815
2021-01-23 17:33:31,695 [INFO] [OPT-EXP-DSGN - coordinate_ascent] [1/1] [t = 762] swapped,  f(S) = 1.06838
2021-01-23 17:33:32,336 [INFO] [OPT-EXP-DSGN - coordinate_ascent] [1/1] [t = 763] swapped,  f(S) = 1.06842
2021-01-23 17:33:33,297 [INFO] [OPT-EXP-DSGN - coordinate_ascent] [1/1] [t = 764] swapped,  f(S) = 1.06849
2021-01-23 18:10:55,592 [INFO] [OPT-EXP-DSGN - coordinate_ascent] [1/1] [t = 765] swapped,  f(S) = 1.06850
2021-01-23 18:10:59,432 [INFO] [OPT-EXP-DSGN - coordinate_ascent] [1/1] [t = 766] swapped,  f(S) = 1.06851
2021-01-23 18:11:11,590 [INFO] [OPT-EXP-DSGN - coordinate_ascent] [1/1] [t = 767] swapped,  f(S) = 1.06866
2021-01-23 18:11:11,910 [INFO] [OPT-EXP-DSGN - coordinate_ascent] [1/1] [t = 768] swapped,  f(S) = 1.06877
2021-01-23 18:11:12,552 [INFO] [OPT-EXP-DSGN - coordinate_ascent] [1/1] [t = 769] swapped,  f(S) = 1.06892
2021-01-23 18:11:13,194 [INFO] [OPT-EXP-DSGN - coordinate_ascent] [1/1] [t = 770] swapped,  f(S) = 1.06893
2021-01-23 18:17:29,775 [INFO] [OPT-EXP-DSGN - coordinate_ascent] [1/1] [t = 771] swapped,  f(S) = 1.06897
2021-01-23 18:17:33,934 [INFO] [OPT-EXP-DSGN - coordinate_ascent] [1/1] [t = 772] swapped,  f(S) = 1.06901
2021-01-23 18:18:10,397 [INFO] [OPT-EXP-DSGN - coordinate_ascent] [1/1] [t = 773] swapped,  f(S) = 1.06903
2021-01-23 18:18:11,038 [INFO] [OPT-EXP-DSGN - coordinate_ascent] [1/1] [t = 774] swapped,  f(S) = 1.06910
2021-01-23 18:18:14,236 [INFO] [OPT-EXP-DSGN - coordinate_ascent] [1/1] [t = 775] swapped,  f(S) = 1.06915
2021-01-23 18:18:16,157 [INFO] [OPT-EXP-DSGN - coordinate_ascent] [1/1] [t = 776] swapped,  f(S) = 1.06932
2021-01-23 18:18:18,075 [INFO] [OPT-EXP-DSGN - coordinate_ascent] [1/1] [t = 777] swapped,  f(S) = 1.06937
2021-01-23 18:19:52,084 [INFO] [OPT-EXP-DSGN - coordinate_ascent] [1/1] [t = 778] swapped,  f(S) = 1.06940
2021-01-23 19:46:21,347 [INFO] [OPT-EXP-DSGN - coordinate_ascent] [1/1] [t = 779] swapped,  f(S) = 1.06941
2021-01-23 20:29:48,491 [INFO] [OPT-EXP-DSGN - coordinate_ascent] [1/1] [t = 780] swapped,  f(S) = 1.06941
2021-01-23 20:29:49,340 [INFO] [OPT-EXP-DSGN - coordinate_ascent] [1/1] [t = 781] swapped,  f(S) = 1.06947
2021-01-23 20:29:53,815 [INFO] [OPT-EXP-DSGN - coordinate_ascent] [1/1] [t = 782] swapped,  f(S) = 1.06949
2021-01-23 20:29:54,136 [INFO] [OPT-EXP-DSGN - coordinate_ascent] [1/1] [t = 783] swapped,  f(S) = 1.06950
2021-01-23 20:30:03,421 [INFO] [OPT-EXP-DSGN - coordinate_ascent] [1/1] [t = 784] swapped,  f(S) = 1.06952
2021-01-23 20:30:08,857 [INFO] [OPT-EXP-DSGN - coordinate_ascent] [1/1] [t = 785] swapped,  f(S) = 1.06953
2021-01-23 20:30:09,818 [INFO] [OPT-EXP-DSGN - coordinate_ascent] [1/1] [t = 786] swapped,  f(S) = 1.06971
2021-01-23 20:30:37,283 [INFO] [OPT-EXP-DSGN - coordinate_ascent] [1/1] [t = 787] swapped,  f(S) = 1.06986
2021-01-23 20:32:10,979 [INFO] [OPT-EXP-DSGN - coordinate_ascent] [1/1] [t = 788] swapped,  f(S) = 1.06986
2021-01-23 20:32:12,259 [INFO] [OPT-EXP-DSGN - coordinate_ascent] [1/1] [t = 789] swapped,  f(S) = 1.06989
2021-01-23 20:32:12,580 [INFO] [OPT-EXP-DSGN - coordinate_ascent] [1/1] [t = 790] swapped,  f(S) = 1.07053
2021-01-23 20:34:05,426 [INFO] [OPT-EXP-DSGN - coordinate_ascent] [1/1] [t = 791] swapped,  f(S) = 1.07055
2021-01-23 20:34:23,006 [INFO] [OPT-EXP-DSGN - coordinate_ascent] [1/1] [t = 792] swapped,  f(S) = 1.07059
2021-01-23 20:34:23,326 [INFO] [OPT-EXP-DSGN - coordinate_ascent] [1/1] [t = 793] swapped,  f(S) = 1.07064
2021-01-23 20:34:24,606 [INFO] [OPT-EXP-DSGN - coordinate_ascent] [1/1] [t = 794] swapped,  f(S) = 1.07065
2021-01-23 20:34:30,367 [INFO] [OPT-EXP-DSGN - coordinate_ascent] [1/1] [t = 795] swapped,  f(S) = 1.07081
2021-01-23 20:34:32,927 [INFO] [OPT-EXP-DSGN - coordinate_ascent] [1/1] [t = 796] swapped,  f(S) = 1.07084
2021-01-23 20:34:42,518 [INFO] [OPT-EXP-DSGN - coordinate_ascent] [1/1] [t = 797] swapped,  f(S) = 1.07090
2021-01-23 20:36:53,890 [INFO] [OPT-EXP-DSGN - coordinate_ascent] [1/1] [t = 798] swapped,  f(S) = 1.07094
2021-01-23 20:37:08,599 [INFO] [OPT-EXP-DSGN - coordinate_ascent] [1/1] [t = 799] swapped,  f(S) = 1.07098
2021-01-23 20:37:09,238 [INFO] [OPT-EXP-DSGN - coordinate_ascent] [1/1] [t = 800] swapped,  f(S) = 1.07098
2021-01-23 20:38:12,554 [INFO] [OPT-EXP-DSGN - coordinate_ascent] [1/1] [t = 801] swapped,  f(S) = 1.07100
2021-01-23 20:39:43,355 [INFO] [OPT-EXP-DSGN - coordinate_ascent] [1/1] [t = 802] swapped,  f(S) = 1.07105
2021-01-23 20:39:45,913 [INFO] [OPT-EXP-DSGN - coordinate_ascent] [1/1] [t = 803] swapped,  f(S) = 1.07107
2021-01-23 20:39:47,194 [INFO] [OPT-EXP-DSGN - coordinate_ascent] [1/1] [t = 804] swapped,  f(S) = 1.07111
2021-01-23 20:39:47,515 [INFO] [OPT-EXP-DSGN - coordinate_ascent] [1/1] [t = 805] swapped,  f(S) = 1.07128
2021-01-23 20:40:14,709 [INFO] [OPT-EXP-DSGN - coordinate_ascent] [1/1] [t = 806] swapped,  f(S) = 1.07133
2021-01-23 20:40:15,349 [INFO] [OPT-EXP-DSGN - coordinate_ascent] [1/1] [t = 807] swapped,  f(S) = 1.07134
2021-01-23 20:43:56,298 [INFO] [OPT-EXP-DSGN - coordinate_ascent] [1/1] [t = 808] swapped,  f(S) = 1.07136
2021-01-23 20:58:11,137 [INFO] [OPT-EXP-DSGN - coordinate_ascent] [1/1] [t = 809] swapped,  f(S) = 1.07136
2021-01-23 20:58:11,725 [INFO] [OPT-EXP-DSGN - coordinate_ascent] [1/1] [t = 810] swapped,  f(S) = 1.07146
2021-01-23 22:24:44,828 [INFO] [OPT-EXP-DSGN - coordinate_ascent] [1/1] [t = 811] swapped,  f(S) = 1.07149
2021-01-23 22:24:46,430 [INFO] [OPT-EXP-DSGN - coordinate_ascent] [1/1] [t = 812] swapped,  f(S) = 1.07153
2021-01-23 22:24:47,392 [INFO] [OPT-EXP-DSGN - coordinate_ascent] [1/1] [t = 813] swapped,  f(S) = 1.07153
2021-01-23 23:08:03,404 [INFO] [OPT-EXP-DSGN - coordinate_ascent] [1/1] [t = 814] swapped,  f(S) = 1.07155
2021-01-23 23:08:10,129 [INFO] [OPT-EXP-DSGN - coordinate_ascent] [1/1] [t = 815] swapped,  f(S) = 1.07155
2021-01-23 23:08:15,875 [INFO] [OPT-EXP-DSGN - coordinate_ascent] [1/1] [t = 816] swapped,  f(S) = 1.07163
2021-01-23 23:11:18,029 [INFO] [OPT-EXP-DSGN - coordinate_ascent] [1/1] [t = 817] swapped,  f(S) = 1.07167
2021-01-23 23:11:19,708 [INFO] [OPT-EXP-DSGN - coordinate_ascent] [1/1] [t = 818] swapped,  f(S) = 1.07175
2021-01-23 23:11:23,233 [INFO] [OPT-EXP-DSGN - coordinate_ascent] [1/1] [t = 819] swapped,  f(S) = 1.07177
2021-01-23 23:12:29,464 [INFO] [OPT-EXP-DSGN - coordinate_ascent] [1/1] [t = 820] swapped,  f(S) = 1.07180
2021-01-23 23:55:48,619 [INFO] [OPT-EXP-DSGN - coordinate_ascent] [1/1] [t = 821] swapped,  f(S) = 1.07184
2021-01-24 00:39:14,225 [INFO] [OPT-EXP-DSGN - coordinate_ascent] [1/1] [t = 822] swapped,  f(S) = 1.07189
2021-01-24 00:39:14,545 [INFO] [OPT-EXP-DSGN - coordinate_ascent] [1/1] [t = 823] swapped,  f(S) = 1.07259
2021-01-24 00:39:22,207 [INFO] [OPT-EXP-DSGN - coordinate_ascent] [1/1] [t = 824] swapped,  f(S) = 1.07263
2021-01-24 00:41:55,418 [INFO] [OPT-EXP-DSGN - coordinate_ascent] [1/1] [t = 825] swapped,  f(S) = 1.07263
2021-01-24 00:41:56,695 [INFO] [OPT-EXP-DSGN - coordinate_ascent] [1/1] [t = 826] swapped,  f(S) = 1.07265
2021-01-24 00:42:04,672 [INFO] [OPT-EXP-DSGN - coordinate_ascent] [1/1] [t = 827] swapped,  f(S) = 1.07274
2021-01-24 00:42:04,992 [INFO] [OPT-EXP-DSGN - coordinate_ascent] [1/1] [t = 828] swapped,  f(S) = 1.07319
2021-01-24 00:43:51,194 [INFO] [OPT-EXP-DSGN - coordinate_ascent] [1/1] [t = 829] swapped,  f(S) = 1.07323
2021-01-24 00:43:51,835 [INFO] [OPT-EXP-DSGN - coordinate_ascent] [1/1] [t = 830] swapped,  f(S) = 1.07328
2021-01-24 00:43:53,117 [INFO] [OPT-EXP-DSGN - coordinate_ascent] [1/1] [t = 831] swapped,  f(S) = 1.07331
2021-01-24 00:43:54,399 [INFO] [OPT-EXP-DSGN - coordinate_ascent] [1/1] [t = 832] swapped,  f(S) = 1.07338
2021-01-24 00:43:55,360 [INFO] [OPT-EXP-DSGN - coordinate_ascent] [1/1] [t = 833] swapped,  f(S) = 1.07356
2021-01-24 00:43:55,683 [INFO] [OPT-EXP-DSGN - coordinate_ascent] [1/1] [t = 834] swapped,  f(S) = 1.07360
2021-01-24 00:44:04,973 [INFO] [OPT-EXP-DSGN - coordinate_ascent] [1/1] [t = 835] swapped,  f(S) = 1.07369
2021-01-24 00:45:03,564 [INFO] [OPT-EXP-DSGN - coordinate_ascent] [1/1] [t = 836] swapped,  f(S) = 1.07371
2021-01-24 00:45:18,607 [INFO] [OPT-EXP-DSGN - coordinate_ascent] [1/1] [t = 837] swapped,  f(S) = 1.07372
2021-01-24 01:28:34,566 [INFO] [OPT-EXP-DSGN - coordinate_ascent] [1/1] [t = 838] swapped,  f(S) = 1.07381
2021-01-24 01:28:36,500 [INFO] [OPT-EXP-DSGN - coordinate_ascent] [1/1] [t = 839] swapped,  f(S) = 1.07383
2021-01-24 01:28:37,140 [INFO] [OPT-EXP-DSGN - coordinate_ascent] [1/1] [t = 840] swapped,  f(S) = 1.07389
2021-01-24 01:28:57,929 [INFO] [OPT-EXP-DSGN - coordinate_ascent] [1/1] [t = 841] swapped,  f(S) = 1.07393
2021-01-24 01:29:52,302 [INFO] [OPT-EXP-DSGN - coordinate_ascent] [1/1] [t = 842] swapped,  f(S) = 1.07394
2021-01-24 01:29:52,943 [INFO] [OPT-EXP-DSGN - coordinate_ascent] [1/1] [t = 843] swapped,  f(S) = 1.07413
2021-01-24 01:29:54,223 [INFO] [OPT-EXP-DSGN - coordinate_ascent] [1/1] [t = 844] swapped,  f(S) = 1.07413
2021-01-24 01:31:16,457 [INFO] [OPT-EXP-DSGN - coordinate_ascent] [1/1] [t = 845] swapped,  f(S) = 1.07421
2021-01-24 01:31:22,213 [INFO] [OPT-EXP-DSGN - coordinate_ascent] [1/1] [t = 846] swapped,  f(S) = 1.07438
2021-01-24 01:52:04,500 [INFO] [OPT-EXP-DSGN - coordinate_ascent] [1/1] [t = 847] swapped,  f(S) = 1.07442
2021-01-24 01:52:07,820 [INFO] [OPT-EXP-DSGN - coordinate_ascent] [1/1] [t = 848] swapped,  f(S) = 1.07449
2021-01-24 01:52:13,895 [INFO] [OPT-EXP-DSGN - coordinate_ascent] [1/1] [t = 849] swapped,  f(S) = 1.07458
2021-01-24 01:52:20,936 [INFO] [OPT-EXP-DSGN - coordinate_ascent] [1/1] [t = 850] swapped,  f(S) = 1.07460
2021-01-24 01:52:38,840 [INFO] [OPT-EXP-DSGN - coordinate_ascent] [1/1] [t = 851] swapped,  f(S) = 1.07460
2021-01-24 02:36:52,630 [INFO] [OPT-EXP-DSGN - coordinate_ascent] [1/1] [t = 852] swapped,  f(S) = 1.07467
2021-01-24 03:20:15,993 [INFO] [OPT-EXP-DSGN - coordinate_ascent] [1/1] [t = 853] swapped,  f(S) = 1.07468
2021-01-24 04:08:59,115 [INFO] [OPT-EXP-DSGN - coordinate_ascent] [1/1] [t = 854] swapped,  f(S) = 1.07468
2021-01-24 04:09:03,655 [INFO] [OPT-EXP-DSGN - coordinate_ascent] [1/1] [t = 855] swapped,  f(S) = 1.07475
2021-01-24 04:09:08,142 [INFO] [OPT-EXP-DSGN - coordinate_ascent] [1/1] [t = 856] swapped,  f(S) = 1.07489
2021-01-24 07:01:43,941 [INFO] [OPT-EXP-DSGN - coordinate_ascent] [1/1] [t = 857] swapped,  f(S) = 1.07498
2021-01-24 07:13:06,266 [INFO] [OPT-EXP-DSGN - coordinate_ascent] [1/1] [t = 858] swapped,  f(S) = 1.07498
2021-01-24 07:13:17,410 [INFO] [OPT-EXP-DSGN - coordinate_ascent] [1/1] [t = 859] swapped,  f(S) = 1.07502
2021-01-24 07:13:19,963 [INFO] [OPT-EXP-DSGN - coordinate_ascent] [1/1] [t = 860] swapped,  f(S) = 1.07503
2021-01-24 07:13:20,282 [INFO] [OPT-EXP-DSGN - coordinate_ascent] [1/1] [t = 861] swapped,  f(S) = 1.07505
2021-01-24 07:14:18,822 [INFO] [OPT-EXP-DSGN - coordinate_ascent] [1/1] [t = 862] swapped,  f(S) = 1.07513
2021-01-24 07:57:59,541 [INFO] [OPT-EXP-DSGN - coordinate_ascent] [1/1] [t = 863] swapped,  f(S) = 1.07514
2021-01-24 07:58:02,443 [INFO] [OPT-EXP-DSGN - coordinate_ascent] [1/1] [t = 864] swapped,  f(S) = 1.07516
2021-01-24 09:17:18,489 [INFO] [OPT-EXP-DSGN - coordinate_ascent] [1/1] [t = 865] swapped,  f(S) = 1.07517
2021-01-24 10:00:32,316 [INFO] [OPT-EXP-DSGN - coordinate_ascent] [1/1] [t = 866] swapped,  f(S) = 1.07517
2021-01-24 10:00:32,635 [INFO] [OPT-EXP-DSGN - coordinate_ascent] [1/1] [t = 867] swapped,  f(S) = 1.07521
2021-01-24 10:00:33,593 [INFO] [OPT-EXP-DSGN - coordinate_ascent] [1/1] [t = 868] swapped,  f(S) = 1.07528
2021-01-24 10:01:04,482 [INFO] [OPT-EXP-DSGN - coordinate_ascent] [1/1] [t = 869] swapped,  f(S) = 1.07530
2021-01-24 10:06:54,657 [INFO] [OPT-EXP-DSGN - coordinate_ascent] [1/1] [t = 870] swapped,  f(S) = 1.07530
2021-01-24 10:06:54,976 [INFO] [OPT-EXP-DSGN - coordinate_ascent] [1/1] [t = 871] swapped,  f(S) = 1.07531
2021-01-24 10:08:06,842 [INFO] [OPT-EXP-DSGN - coordinate_ascent] [1/1] [t = 872] swapped,  f(S) = 1.07533
2021-01-24 10:08:07,479 [INFO] [OPT-EXP-DSGN - coordinate_ascent] [1/1] [t = 873] swapped,  f(S) = 1.07536
2021-01-24 10:08:07,798 [INFO] [OPT-EXP-DSGN - coordinate_ascent] [1/1] [t = 874] swapped,  f(S) = 1.07551
2021-01-24 10:09:52,734 [INFO] [OPT-EXP-DSGN - coordinate_ascent] [1/1] [t = 875] swapped,  f(S) = 1.07552
2021-01-24 10:09:53,337 [INFO] [OPT-EXP-DSGN - coordinate_ascent] [1/1] [t = 876] swapped,  f(S) = 1.07561
2021-01-24 10:09:55,566 [INFO] [OPT-EXP-DSGN - coordinate_ascent] [1/1] [t = 877] swapped,  f(S) = 1.07565
2021-01-24 10:55:42,459 [INFO] [OPT-EXP-DSGN - coordinate_ascent] [1/1] [t = 878] swapped,  f(S) = 1.07569
2021-01-24 10:55:42,779 [INFO] [OPT-EXP-DSGN - coordinate_ascent] [1/1] [t = 879] swapped,  f(S) = 1.07595
2021-01-24 12:21:47,116 [INFO] [OPT-EXP-DSGN - coordinate_ascent] [1/1] [t = 880] swapped,  f(S) = 1.07603
2021-01-24 12:22:43,726 [INFO] [OPT-EXP-DSGN - coordinate_ascent] [1/1] [t = 881] swapped,  f(S) = 1.07603
2021-01-24 12:23:02,797 [INFO] [OPT-EXP-DSGN - coordinate_ascent] [1/1] [t = 882] swapped,  f(S) = 1.07604
2021-01-24 12:23:04,388 [INFO] [OPT-EXP-DSGN - coordinate_ascent] [1/1] [t = 883] swapped,  f(S) = 1.07604
2021-01-24 12:23:04,706 [INFO] [OPT-EXP-DSGN - coordinate_ascent] [1/1] [t = 884] swapped,  f(S) = 1.07615
2021-01-24 13:06:04,509 [INFO] [OPT-EXP-DSGN - coordinate_ascent] [1/1] [t = 885] swapped,  f(S) = 1.07620
2021-01-24 13:49:04,799 [INFO] [OPT-EXP-DSGN - coordinate_ascent] [1/1] [t = 886] swapped,  f(S) = 1.07625
2021-01-24 13:49:19,421 [INFO] [OPT-EXP-DSGN - coordinate_ascent] [1/1] [t = 887] swapped,  f(S) = 1.07626
2021-01-24 13:49:19,739 [INFO] [OPT-EXP-DSGN - coordinate_ascent] [1/1] [t = 888] swapped,  f(S) = 1.07659
2021-01-24 13:49:25,145 [INFO] [OPT-EXP-DSGN - coordinate_ascent] [1/1] [t = 889] swapped,  f(S) = 1.07661
2021-01-24 14:53:02,498 [INFO] [OPT-EXP-DSGN - coordinate_ascent] [1/1] [t = 890] swapped,  f(S) = 1.07663
2021-01-24 14:58:52,661 [INFO] [OPT-EXP-DSGN - coordinate_ascent] [1/1] [t = 891] swapped,  f(S) = 1.07664
2021-01-24 15:41:27,534 [INFO] [OPT-EXP-DSGN - coordinate_ascent] [1/1] [t = 892] swapped,  f(S) = 1.07738
2021-01-24 15:41:30,998 [INFO] [OPT-EXP-DSGN - coordinate_ascent] [1/1] [t = 893] swapped,  f(S) = 1.07739
2021-01-24 15:41:31,628 [INFO] [OPT-EXP-DSGN - coordinate_ascent] [1/1] [t = 894] swapped,  f(S) = 1.07744
2021-01-24 15:41:51,784 [INFO] [OPT-EXP-DSGN - coordinate_ascent] [1/1] [t = 895] swapped,  f(S) = 1.07749
2021-01-24 15:41:55,879 [INFO] [OPT-EXP-DSGN - coordinate_ascent] [1/1] [t = 896] swapped,  f(S) = 1.07752
2021-01-24 15:49:00,553 [INFO] [OPT-EXP-DSGN - coordinate_ascent] [1/1] [t = 897] swapped,  f(S) = 1.07752
slurmstepd: error: *** JOB 19166490 ON node082 CANCELLED AT 2021-01-24T16:29:37 DUE TO TIME LIMIT ***
