My SLURM_ARRAY_TASK_ID:  269
Running model roberta-base
Running dataset coca_spok_filter_punct_10K_sample_5
Running average_mode None
2021-03-22 09:14:24.718620: I tensorflow/stream_executor/platform/default/dso_loader.cc:48] Successfully opened dynamic library libcudart.so.10.1
/usr/local/lib/python3.7/site-packages/xarray/core/merge.py:16: FutureWarning: The Panel class is removed from pandas. Accessing it from the top-level namespace will also be removed in the next version
  PANDAS_TYPES = (pd.Series, pd.DataFrame, pd.Panel)
/usr/local/lib/python3.7/site-packages/brainio_base/assemblies.py:224: FutureWarning: The inplace argument has been deprecated and will be removed in a future version of xarray.
  xr_data.set_index(append=True, inplace=True, **coords_d)
0it [00:00, ?it/s]1111it [00:00, 266613.56it/s]
0it [00:00, ?it/s]1111it [00:00, 257978.84it/s]
0it [00:00, ?it/s]1111it [00:00, 254916.40it/s]
0it [00:00, ?it/s]1111it [00:00, 252225.80it/s]
0it [00:00, ?it/s]1111it [00:00, 250678.99it/s]
0it [00:00, ?it/s]1111it [00:00, 252294.08it/s]
0it [00:00, ?it/s]1111it [00:00, 252075.72it/s]
0it [00:00, ?it/s]1111it [00:00, 243551.55it/s]
0it [00:00, ?it/s]1112it [00:00, 240949.84it/s]
layers:   0%|          | 0/13 [00:00<?, ?it/s]layers: 100%|██████████| 13/13 [00:00<00:00, 515.34it/s]
Loading lookup from /usr/local/lib/python3.7/site-packages/brainio_collection/lookup.csv
roberta-base

coca_spok_filter_punct_10K_sample_5

None

loading /om/user/ehoseini/MyData/COCA_corpus/parsed/coca_spok_data_filter_ngram_punct_10K_sample_5.pkl
coca_spok_filter_punct_10K_sample_5_roberta-base_layer_0_activation is missing groups!
coca_spok_filter_punct_10K_sample_5_roberta-base_layer_0_activation is missing groups!
coca_spok_filter_punct_10K_sample_5_roberta-base_layer_0_activation is missing groups!
coca_spok_filter_punct_10K_sample_5_roberta-base_layer_0_activation is missing groups!
coca_spok_filter_punct_10K_sample_5_roberta-base_layer_0_activation is missing groups!
coca_spok_filter_punct_10K_sample_5_roberta-base_layer_0_activation is missing groups!
coca_spok_filter_punct_10K_sample_5_roberta-base_layer_0_activation is missing groups!
coca_spok_filter_punct_10K_sample_5_roberta-base_layer_0_activation is missing groups!
coca_spok_filter_punct_10K_sample_5_roberta-base_layer_0_activation is missing groups!
coca_spok_filter_punct_10K_sample_5_roberta-base_layer_0_activation is missing groups!
coca_spok_filter_punct_10K_sample_5_roberta-base_layer_0_activation is missing groups!
coca_spok_filter_punct_10K_sample_5_roberta-base_layer_0_activation is missing groups!
coca_spok_filter_punct_10K_sample_5_roberta-base_layer_0_activation is missing groups!
