My SLURM_ARRAY_TASK_ID:  0
Running extraction: group=best_performing_pereira_1-dataset=ud_sentencez_token_filter_v3-activation-bench=None-ave=False
Running optimiation: coordinate_ascent-obj=D_s-n_iter=10000-n_samples=300-n_init=1
2021-02-05 15:29:01.703091: I tensorflow/stream_executor/platform/default/dso_loader.cc:48] Successfully opened dynamic library libcudart.so.10.1
/usr/local/lib/python3.7/site-packages/xarray/core/merge.py:16: FutureWarning: The Panel class is removed from pandas. Accessing it from the top-level namespace will also be removed in the next version
  PANDAS_TYPES = (pd.Series, pd.DataFrame, pd.Panel)
/usr/local/lib/python3.7/site-packages/brainio_base/assemblies.py:224: FutureWarning: The inplace argument has been deprecated and will be removed in a future version of xarray.
  xr_data.set_index(append=True, inplace=True, **coords_d)
0it [00:00, ?it/s]934it [00:00, 256463.50it/s]
0it [00:00, ?it/s]934it [00:00, 238492.63it/s]
0it [00:00, ?it/s]935it [00:00, 234999.65it/s]
0it [00:00, ?it/s]934it [00:00, 237812.17it/s]
0it [00:00, ?it/s]934it [00:00, 236021.20it/s]
0it [00:00, ?it/s]935it [00:00, 236987.81it/s]
0it [00:00, ?it/s]934it [00:00, 237394.25it/s]
0it [00:00, ?it/s]934it [00:00, 228691.18it/s]
0it [00:00, ?it/s]935it [00:00, 237605.23it/s]
2021-02-05 15:29:30,470 [INFO] [OPT-EXP-DSGN - coordinate_ascent] ===> Starting init 0, initial f(S) = 0.89361
2021-02-05 15:29:32,856 [INFO] [OPT-EXP-DSGN - coordinate_ascent] [1/1] [t = 1] swapped,  f(S) = 0.89397
2021-02-05 15:29:33,104 [INFO] [OPT-EXP-DSGN - coordinate_ascent] [1/1] [t = 2] swapped,  f(S) = 0.89418
2021-02-05 15:29:33,351 [INFO] [OPT-EXP-DSGN - coordinate_ascent] [1/1] [t = 3] swapped,  f(S) = 0.89846
2021-02-05 15:29:33,846 [INFO] [OPT-EXP-DSGN - coordinate_ascent] [1/1] [t = 4] swapped,  f(S) = 0.89849
2021-02-05 15:29:35,830 [INFO] [OPT-EXP-DSGN - coordinate_ascent] [1/1] [t = 5] swapped,  f(S) = 0.89860
2021-02-05 15:29:36,082 [INFO] [OPT-EXP-DSGN - coordinate_ascent] [1/1] [t = 6] swapped,  f(S) = 0.89953
2021-02-05 15:29:36,590 [INFO] [OPT-EXP-DSGN - coordinate_ascent] [1/1] [t = 7] swapped,  f(S) = 0.89967
2021-02-05 15:29:37,846 [INFO] [OPT-EXP-DSGN - coordinate_ascent] [1/1] [t = 8] swapped,  f(S) = 0.90002
2021-02-05 15:29:38,100 [INFO] [OPT-EXP-DSGN - coordinate_ascent] [1/1] [t = 9] swapped,  f(S) = 0.90096
2021-02-05 15:29:38,353 [INFO] [OPT-EXP-DSGN - coordinate_ascent] [1/1] [t = 10] swapped,  f(S) = 0.90102
2021-02-05 15:29:38,606 [INFO] [OPT-EXP-DSGN - coordinate_ascent] [1/1] [t = 11] swapped,  f(S) = 0.90149
2021-02-05 15:29:38,858 [INFO] [OPT-EXP-DSGN - coordinate_ascent] [1/1] [t = 12] swapped,  f(S) = 0.90174
2021-02-05 15:29:39,110 [INFO] [OPT-EXP-DSGN - coordinate_ascent] [1/1] [t = 13] swapped,  f(S) = 0.90365
2021-02-05 15:29:39,614 [INFO] [OPT-EXP-DSGN - coordinate_ascent] [1/1] [t = 14] swapped,  f(S) = 0.90421
2021-02-05 15:29:40,367 [INFO] [OPT-EXP-DSGN - coordinate_ascent] [1/1] [t = 15] swapped,  f(S) = 0.90496
2021-02-05 15:29:40,618 [INFO] [OPT-EXP-DSGN - coordinate_ascent] [1/1] [t = 16] swapped,  f(S) = 0.90506
2021-02-05 15:29:40,871 [INFO] [OPT-EXP-DSGN - coordinate_ascent] [1/1] [t = 17] swapped,  f(S) = 0.90693
2021-02-05 15:29:42,386 [INFO] [OPT-EXP-DSGN - coordinate_ascent] [1/1] [t = 18] swapped,  f(S) = 0.90928
2021-02-05 15:29:43,389 [INFO] [OPT-EXP-DSGN - coordinate_ascent] [1/1] [t = 19] swapped,  f(S) = 0.90967
2021-02-05 15:29:43,642 [INFO] [OPT-EXP-DSGN - coordinate_ascent] [1/1] [t = 20] swapped,  f(S) = 0.91007
2021-02-05 15:29:43,894 [INFO] [OPT-EXP-DSGN - coordinate_ascent] [1/1] [t = 21] swapped,  f(S) = 0.91041
2021-02-05 15:29:48,679 [INFO] [OPT-EXP-DSGN - coordinate_ascent] [1/1] [t = 22] swapped,  f(S) = 0.91084
2021-02-05 15:29:49,183 [INFO] [OPT-EXP-DSGN - coordinate_ascent] [1/1] [t = 23] swapped,  f(S) = 0.91091
2021-02-05 15:29:49,436 [INFO] [OPT-EXP-DSGN - coordinate_ascent] [1/1] [t = 24] swapped,  f(S) = 0.91125
2021-02-05 15:29:49,939 [INFO] [OPT-EXP-DSGN - coordinate_ascent] [1/1] [t = 25] swapped,  f(S) = 0.91176
2021-02-05 15:29:53,217 [INFO] [OPT-EXP-DSGN - coordinate_ascent] [1/1] [t = 26] swapped,  f(S) = 0.91194
2021-02-05 15:29:53,722 [INFO] [OPT-EXP-DSGN - coordinate_ascent] [1/1] [t = 27] swapped,  f(S) = 0.91214
2021-02-05 15:29:54,226 [INFO] [OPT-EXP-DSGN - coordinate_ascent] [1/1] [t = 28] swapped,  f(S) = 0.91230
2021-02-05 15:29:54,479 [INFO] [OPT-EXP-DSGN - coordinate_ascent] [1/1] [t = 29] swapped,  f(S) = 0.91769
2021-02-05 15:29:57,247 [INFO] [OPT-EXP-DSGN - coordinate_ascent] [1/1] [t = 30] swapped,  f(S) = 0.91778
2021-02-05 15:29:57,499 [INFO] [OPT-EXP-DSGN - coordinate_ascent] [1/1] [t = 31] swapped,  f(S) = 0.91813
2021-02-05 15:29:57,752 [INFO] [OPT-EXP-DSGN - coordinate_ascent] [1/1] [t = 32] swapped,  f(S) = 0.91890
2021-02-05 15:29:58,005 [INFO] [OPT-EXP-DSGN - coordinate_ascent] [1/1] [t = 33] swapped,  f(S) = 0.91981
2021-02-05 15:29:58,266 [INFO] [OPT-EXP-DSGN - coordinate_ascent] [1/1] [t = 34] swapped,  f(S) = 0.92168
2021-02-05 15:29:58,518 [INFO] [OPT-EXP-DSGN - coordinate_ascent] [1/1] [t = 35] swapped,  f(S) = 0.92233
2021-02-05 15:29:58,771 [INFO] [OPT-EXP-DSGN - coordinate_ascent] [1/1] [t = 36] swapped,  f(S) = 0.92233
2021-02-05 15:29:59,025 [INFO] [OPT-EXP-DSGN - coordinate_ascent] [1/1] [t = 37] swapped,  f(S) = 0.92692
2021-02-05 15:29:59,279 [INFO] [OPT-EXP-DSGN - coordinate_ascent] [1/1] [t = 38] swapped,  f(S) = 0.92736
2021-02-05 15:29:59,532 [INFO] [OPT-EXP-DSGN - coordinate_ascent] [1/1] [t = 39] swapped,  f(S) = 0.92744
2021-02-05 15:29:59,785 [INFO] [OPT-EXP-DSGN - coordinate_ascent] [1/1] [t = 40] swapped,  f(S) = 0.92763
2021-02-05 15:30:00,038 [INFO] [OPT-EXP-DSGN - coordinate_ascent] [1/1] [t = 41] swapped,  f(S) = 0.92781
2021-02-05 15:30:00,291 [INFO] [OPT-EXP-DSGN - coordinate_ascent] [1/1] [t = 42] swapped,  f(S) = 0.92808
2021-02-05 15:30:00,544 [INFO] [OPT-EXP-DSGN - coordinate_ascent] [1/1] [t = 43] swapped,  f(S) = 0.92852
2021-02-05 15:30:01,052 [INFO] [OPT-EXP-DSGN - coordinate_ascent] [1/1] [t = 44] swapped,  f(S) = 0.92871
2021-02-05 15:30:05,087 [INFO] [OPT-EXP-DSGN - coordinate_ascent] [1/1] [t = 45] swapped,  f(S) = 0.92889
2021-02-05 15:30:07,106 [INFO] [OPT-EXP-DSGN - coordinate_ascent] [1/1] [t = 46] swapped,  f(S) = 0.92891
2021-02-05 15:30:07,358 [INFO] [OPT-EXP-DSGN - coordinate_ascent] [1/1] [t = 47] swapped,  f(S) = 0.92892
2021-02-05 15:30:08,114 [INFO] [OPT-EXP-DSGN - coordinate_ascent] [1/1] [t = 48] swapped,  f(S) = 0.92907
2021-02-05 15:30:08,366 [INFO] [OPT-EXP-DSGN - coordinate_ascent] [1/1] [t = 49] swapped,  f(S) = 0.92970
2021-02-05 15:30:08,619 [INFO] [OPT-EXP-DSGN - coordinate_ascent] [1/1] [t = 50] swapped,  f(S) = 0.93200
2021-02-05 15:30:08,871 [INFO] [OPT-EXP-DSGN - coordinate_ascent] [1/1] [t = 51] swapped,  f(S) = 0.93333
2021-02-05 15:30:09,124 [INFO] [OPT-EXP-DSGN - coordinate_ascent] [1/1] [t = 52] swapped,  f(S) = 0.93374
2021-02-05 15:30:09,376 [INFO] [OPT-EXP-DSGN - coordinate_ascent] [1/1] [t = 53] swapped,  f(S) = 0.93385
2021-02-05 15:30:11,639 [INFO] [OPT-EXP-DSGN - coordinate_ascent] [1/1] [t = 54] swapped,  f(S) = 0.93441
2021-02-05 15:30:11,892 [INFO] [OPT-EXP-DSGN - coordinate_ascent] [1/1] [t = 55] swapped,  f(S) = 0.93493
2021-02-05 15:30:12,645 [INFO] [OPT-EXP-DSGN - coordinate_ascent] [1/1] [t = 56] swapped,  f(S) = 0.93503
2021-02-05 15:33:35,429 [INFO] [OPT-EXP-DSGN - coordinate_ascent] [1/1] [t = 57] swapped,  f(S) = 0.93636
2021-02-05 15:33:40,316 [INFO] [OPT-EXP-DSGN - coordinate_ascent] [1/1] [t = 58] swapped,  f(S) = 0.93646
2021-02-05 15:33:40,604 [INFO] [OPT-EXP-DSGN - coordinate_ascent] [1/1] [t = 59] swapped,  f(S) = 0.93699
2021-02-05 15:33:40,894 [INFO] [OPT-EXP-DSGN - coordinate_ascent] [1/1] [t = 60] swapped,  f(S) = 0.93802
2021-02-05 15:33:42,330 [INFO] [OPT-EXP-DSGN - coordinate_ascent] [1/1] [t = 61] swapped,  f(S) = 0.93837
2021-02-05 15:33:42,619 [INFO] [OPT-EXP-DSGN - coordinate_ascent] [1/1] [t = 62] swapped,  f(S) = 0.93851
2021-02-05 15:33:43,195 [INFO] [OPT-EXP-DSGN - coordinate_ascent] [1/1] [t = 63] swapped,  f(S) = 0.93863
2021-02-05 15:33:44,064 [INFO] [OPT-EXP-DSGN - coordinate_ascent] [1/1] [t = 64] swapped,  f(S) = 0.93915
2021-02-05 15:33:45,792 [INFO] [OPT-EXP-DSGN - coordinate_ascent] [1/1] [t = 65] swapped,  f(S) = 0.93927
2021-02-05 15:33:46,656 [INFO] [OPT-EXP-DSGN - coordinate_ascent] [1/1] [t = 66] swapped,  f(S) = 0.93939
2021-02-05 15:33:47,521 [INFO] [OPT-EXP-DSGN - coordinate_ascent] [1/1] [t = 67] swapped,  f(S) = 0.93985
2021-02-05 15:33:47,809 [INFO] [OPT-EXP-DSGN - coordinate_ascent] [1/1] [t = 68] swapped,  f(S) = 0.94090
2021-02-05 15:33:48,098 [INFO] [OPT-EXP-DSGN - coordinate_ascent] [1/1] [t = 69] swapped,  f(S) = 0.94186
2021-02-05 15:33:48,386 [INFO] [OPT-EXP-DSGN - coordinate_ascent] [1/1] [t = 70] swapped,  f(S) = 0.94203
2021-02-05 15:33:51,260 [INFO] [OPT-EXP-DSGN - coordinate_ascent] [1/1] [t = 71] swapped,  f(S) = 0.94248
2021-02-05 15:33:52,124 [INFO] [OPT-EXP-DSGN - coordinate_ascent] [1/1] [t = 72] swapped,  f(S) = 0.94268
2021-02-05 15:33:52,413 [INFO] [OPT-EXP-DSGN - coordinate_ascent] [1/1] [t = 73] swapped,  f(S) = 0.94343
2021-02-05 15:33:53,277 [INFO] [OPT-EXP-DSGN - coordinate_ascent] [1/1] [t = 74] swapped,  f(S) = 0.94366
2021-02-05 15:33:54,142 [INFO] [OPT-EXP-DSGN - coordinate_ascent] [1/1] [t = 75] swapped,  f(S) = 0.94388
2021-02-05 15:33:57,023 [INFO] [OPT-EXP-DSGN - coordinate_ascent] [1/1] [t = 76] swapped,  f(S) = 0.94402
2021-02-05 15:33:57,312 [INFO] [OPT-EXP-DSGN - coordinate_ascent] [1/1] [t = 77] swapped,  f(S) = 0.94407
2021-02-05 15:33:57,601 [INFO] [OPT-EXP-DSGN - coordinate_ascent] [1/1] [t = 78] swapped,  f(S) = 0.94422
2021-02-05 15:33:57,890 [INFO] [OPT-EXP-DSGN - coordinate_ascent] [1/1] [t = 79] swapped,  f(S) = 0.94483
2021-02-05 15:33:58,178 [INFO] [OPT-EXP-DSGN - coordinate_ascent] [1/1] [t = 80] swapped,  f(S) = 0.94513
2021-02-05 15:33:58,467 [INFO] [OPT-EXP-DSGN - coordinate_ascent] [1/1] [t = 81] swapped,  f(S) = 0.94539
2021-02-05 15:33:59,331 [INFO] [OPT-EXP-DSGN - coordinate_ascent] [1/1] [t = 82] swapped,  f(S) = 0.94562
2021-02-05 15:33:59,620 [INFO] [OPT-EXP-DSGN - coordinate_ascent] [1/1] [t = 83] swapped,  f(S) = 0.94617
2021-02-05 15:34:01,347 [INFO] [OPT-EXP-DSGN - coordinate_ascent] [1/1] [t = 84] swapped,  f(S) = 0.94671
2021-02-05 15:34:02,498 [INFO] [OPT-EXP-DSGN - coordinate_ascent] [1/1] [t = 85] swapped,  f(S) = 0.94683
2021-02-05 15:34:03,074 [INFO] [OPT-EXP-DSGN - coordinate_ascent] [1/1] [t = 86] swapped,  f(S) = 0.94713
2021-02-05 15:34:55,409 [INFO] [OPT-EXP-DSGN - coordinate_ascent] [1/1] [t = 87] swapped,  f(S) = 0.94797
2021-02-05 15:34:57,140 [INFO] [OPT-EXP-DSGN - coordinate_ascent] [1/1] [t = 88] swapped,  f(S) = 0.94811
2021-02-05 15:34:57,429 [INFO] [OPT-EXP-DSGN - coordinate_ascent] [1/1] [t = 89] swapped,  f(S) = 0.94831
2021-02-05 15:34:57,718 [INFO] [OPT-EXP-DSGN - coordinate_ascent] [1/1] [t = 90] swapped,  f(S) = 0.94857
2021-02-05 15:34:59,732 [INFO] [OPT-EXP-DSGN - coordinate_ascent] [1/1] [t = 91] swapped,  f(S) = 0.94862
2021-02-05 15:35:00,021 [INFO] [OPT-EXP-DSGN - coordinate_ascent] [1/1] [t = 92] swapped,  f(S) = 0.94863
2021-02-05 15:35:02,323 [INFO] [OPT-EXP-DSGN - coordinate_ascent] [1/1] [t = 93] swapped,  f(S) = 0.94868
2021-02-05 15:35:02,898 [INFO] [OPT-EXP-DSGN - coordinate_ascent] [1/1] [t = 94] swapped,  f(S) = 0.94876
2021-02-05 15:35:04,049 [INFO] [OPT-EXP-DSGN - coordinate_ascent] [1/1] [t = 95] swapped,  f(S) = 0.94881
2021-02-05 15:35:04,913 [INFO] [OPT-EXP-DSGN - coordinate_ascent] [1/1] [t = 96] swapped,  f(S) = 0.94898
2021-02-05 15:35:05,777 [INFO] [OPT-EXP-DSGN - coordinate_ascent] [1/1] [t = 97] swapped,  f(S) = 0.94922
2021-02-05 15:35:06,928 [INFO] [OPT-EXP-DSGN - coordinate_ascent] [1/1] [t = 98] swapped,  f(S) = 0.94966
2021-02-05 15:35:07,217 [INFO] [OPT-EXP-DSGN - coordinate_ascent] [1/1] [t = 99] swapped,  f(S) = 0.95036
2021-02-05 15:35:10,671 [INFO] [OPT-EXP-DSGN - coordinate_ascent] [1/1] [t = 100] swapped,  f(S) = 0.95070
2021-02-05 15:35:11,247 [INFO] [OPT-EXP-DSGN - coordinate_ascent] [1/1] [t = 101] swapped,  f(S) = 0.95070
2021-02-05 15:35:11,823 [INFO] [OPT-EXP-DSGN - coordinate_ascent] [1/1] [t = 102] swapped,  f(S) = 0.95082
2021-02-05 15:35:33,400 [INFO] [OPT-EXP-DSGN - coordinate_ascent] [1/1] [t = 103] swapped,  f(S) = 0.95086
2021-02-05 15:35:35,134 [INFO] [OPT-EXP-DSGN - coordinate_ascent] [1/1] [t = 104] swapped,  f(S) = 0.95113
2021-02-05 15:35:36,286 [INFO] [OPT-EXP-DSGN - coordinate_ascent] [1/1] [t = 105] swapped,  f(S) = 0.95124
2021-02-05 15:35:40,309 [INFO] [OPT-EXP-DSGN - coordinate_ascent] [1/1] [t = 106] swapped,  f(S) = 0.95128
2021-02-05 15:35:40,598 [INFO] [OPT-EXP-DSGN - coordinate_ascent] [1/1] [t = 107] swapped,  f(S) = 0.95129
2021-02-05 15:35:40,887 [INFO] [OPT-EXP-DSGN - coordinate_ascent] [1/1] [t = 108] swapped,  f(S) = 0.95141
2021-02-05 15:35:41,463 [INFO] [OPT-EXP-DSGN - coordinate_ascent] [1/1] [t = 109] swapped,  f(S) = 0.95158
2021-02-05 15:35:41,751 [INFO] [OPT-EXP-DSGN - coordinate_ascent] [1/1] [t = 110] swapped,  f(S) = 0.95173
2021-02-05 15:35:42,041 [INFO] [OPT-EXP-DSGN - coordinate_ascent] [1/1] [t = 111] swapped,  f(S) = 0.95184
2021-02-05 15:35:42,329 [INFO] [OPT-EXP-DSGN - coordinate_ascent] [1/1] [t = 112] swapped,  f(S) = 0.95282
2021-02-05 15:35:44,346 [INFO] [OPT-EXP-DSGN - coordinate_ascent] [1/1] [t = 113] swapped,  f(S) = 0.95285
2021-02-05 15:35:44,921 [INFO] [OPT-EXP-DSGN - coordinate_ascent] [1/1] [t = 114] swapped,  f(S) = 0.95330
2021-02-05 15:35:45,210 [INFO] [OPT-EXP-DSGN - coordinate_ascent] [1/1] [t = 115] swapped,  f(S) = 0.95385
2021-02-05 15:35:45,498 [INFO] [OPT-EXP-DSGN - coordinate_ascent] [1/1] [t = 116] swapped,  f(S) = 0.95408
2021-02-05 15:35:45,786 [INFO] [OPT-EXP-DSGN - coordinate_ascent] [1/1] [t = 117] swapped,  f(S) = 0.95424
2021-02-05 15:35:47,511 [INFO] [OPT-EXP-DSGN - coordinate_ascent] [1/1] [t = 118] swapped,  f(S) = 0.95432
2021-02-05 15:35:47,799 [INFO] [OPT-EXP-DSGN - coordinate_ascent] [1/1] [t = 119] swapped,  f(S) = 0.95467
2021-02-05 15:35:48,088 [INFO] [OPT-EXP-DSGN - coordinate_ascent] [1/1] [t = 120] swapped,  f(S) = 0.95474
2021-02-05 15:35:48,377 [INFO] [OPT-EXP-DSGN - coordinate_ascent] [1/1] [t = 121] swapped,  f(S) = 0.95566
2021-02-05 15:35:48,665 [INFO] [OPT-EXP-DSGN - coordinate_ascent] [1/1] [t = 122] swapped,  f(S) = 0.95648
2021-02-05 15:35:48,954 [INFO] [OPT-EXP-DSGN - coordinate_ascent] [1/1] [t = 123] swapped,  f(S) = 0.95663
2021-02-05 15:35:49,243 [INFO] [OPT-EXP-DSGN - coordinate_ascent] [1/1] [t = 124] swapped,  f(S) = 0.95711
2021-02-05 15:35:49,531 [INFO] [OPT-EXP-DSGN - coordinate_ascent] [1/1] [t = 125] swapped,  f(S) = 0.95742
2021-02-05 15:35:54,423 [INFO] [OPT-EXP-DSGN - coordinate_ascent] [1/1] [t = 126] swapped,  f(S) = 0.95751
2021-02-05 15:35:54,712 [INFO] [OPT-EXP-DSGN - coordinate_ascent] [1/1] [t = 127] swapped,  f(S) = 0.95790
2021-02-05 15:35:55,001 [INFO] [OPT-EXP-DSGN - coordinate_ascent] [1/1] [t = 128] swapped,  f(S) = 0.95824
2021-02-05 15:35:57,303 [INFO] [OPT-EXP-DSGN - coordinate_ascent] [1/1] [t = 129] swapped,  f(S) = 0.95826
2021-02-05 15:35:58,166 [INFO] [OPT-EXP-DSGN - coordinate_ascent] [1/1] [t = 130] swapped,  f(S) = 0.95861
2021-02-05 15:36:01,042 [INFO] [OPT-EXP-DSGN - coordinate_ascent] [1/1] [t = 131] swapped,  f(S) = 0.95883
2021-02-05 15:38:10,257 [INFO] [OPT-EXP-DSGN - coordinate_ascent] [1/1] [t = 132] swapped,  f(S) = 0.95892
2021-02-05 15:38:12,271 [INFO] [OPT-EXP-DSGN - coordinate_ascent] [1/1] [t = 133] swapped,  f(S) = 0.95920
2021-02-05 15:38:12,560 [INFO] [OPT-EXP-DSGN - coordinate_ascent] [1/1] [t = 134] swapped,  f(S) = 0.95953
2021-02-05 15:38:13,999 [INFO] [OPT-EXP-DSGN - coordinate_ascent] [1/1] [t = 135] swapped,  f(S) = 0.95964
2021-02-05 15:38:14,287 [INFO] [OPT-EXP-DSGN - coordinate_ascent] [1/1] [t = 136] swapped,  f(S) = 0.95998
2021-02-05 15:38:14,576 [INFO] [OPT-EXP-DSGN - coordinate_ascent] [1/1] [t = 137] swapped,  f(S) = 0.96009
2021-02-05 15:38:31,835 [INFO] [OPT-EXP-DSGN - coordinate_ascent] [1/1] [t = 138] swapped,  f(S) = 0.96027
2021-02-05 15:38:34,428 [INFO] [OPT-EXP-DSGN - coordinate_ascent] [1/1] [t = 139] swapped,  f(S) = 0.96031
2021-02-05 15:38:35,005 [INFO] [OPT-EXP-DSGN - coordinate_ascent] [1/1] [t = 140] swapped,  f(S) = 0.96100
2021-02-05 15:38:35,582 [INFO] [OPT-EXP-DSGN - coordinate_ascent] [1/1] [t = 141] swapped,  f(S) = 0.96134
2021-02-05 15:38:36,159 [INFO] [OPT-EXP-DSGN - coordinate_ascent] [1/1] [t = 142] swapped,  f(S) = 0.96145
2021-02-05 15:38:37,310 [INFO] [OPT-EXP-DSGN - coordinate_ascent] [1/1] [t = 143] swapped,  f(S) = 0.96187
2021-02-05 15:38:37,599 [INFO] [OPT-EXP-DSGN - coordinate_ascent] [1/1] [t = 144] swapped,  f(S) = 0.96195
2021-02-05 15:38:39,036 [INFO] [OPT-EXP-DSGN - coordinate_ascent] [1/1] [t = 145] swapped,  f(S) = 0.96210
2021-02-05 15:38:40,761 [INFO] [OPT-EXP-DSGN - coordinate_ascent] [1/1] [t = 146] swapped,  f(S) = 0.96214
2021-02-05 15:38:47,089 [INFO] [OPT-EXP-DSGN - coordinate_ascent] [1/1] [t = 147] swapped,  f(S) = 0.96263
2021-02-05 15:38:47,377 [INFO] [OPT-EXP-DSGN - coordinate_ascent] [1/1] [t = 148] swapped,  f(S) = 0.96264
2021-02-05 15:38:47,666 [INFO] [OPT-EXP-DSGN - coordinate_ascent] [1/1] [t = 149] swapped,  f(S) = 0.96277
2021-02-05 15:38:47,955 [INFO] [OPT-EXP-DSGN - coordinate_ascent] [1/1] [t = 150] swapped,  f(S) = 0.96329
2021-02-05 15:38:48,531 [INFO] [OPT-EXP-DSGN - coordinate_ascent] [1/1] [t = 151] swapped,  f(S) = 0.96347
2021-02-05 15:42:25,900 [INFO] [OPT-EXP-DSGN - coordinate_ascent] [1/1] [t = 152] swapped,  f(S) = 0.96363
2021-02-05 15:42:28,492 [INFO] [OPT-EXP-DSGN - coordinate_ascent] [1/1] [t = 153] swapped,  f(S) = 0.96372
2021-02-05 15:42:30,503 [INFO] [OPT-EXP-DSGN - coordinate_ascent] [1/1] [t = 154] swapped,  f(S) = 0.96380
2021-02-05 15:42:34,829 [INFO] [OPT-EXP-DSGN - coordinate_ascent] [1/1] [t = 155] swapped,  f(S) = 0.96422
2021-02-05 15:42:52,107 [INFO] [OPT-EXP-DSGN - coordinate_ascent] [1/1] [t = 156] swapped,  f(S) = 0.96442
2021-02-05 15:42:58,443 [INFO] [OPT-EXP-DSGN - coordinate_ascent] [1/1] [t = 157] swapped,  f(S) = 0.96443
2021-02-05 15:43:01,034 [INFO] [OPT-EXP-DSGN - coordinate_ascent] [1/1] [t = 158] swapped,  f(S) = 0.96457
2021-02-05 15:43:01,611 [INFO] [OPT-EXP-DSGN - coordinate_ascent] [1/1] [t = 159] swapped,  f(S) = 0.96510
2021-02-05 15:43:02,477 [INFO] [OPT-EXP-DSGN - coordinate_ascent] [1/1] [t = 160] swapped,  f(S) = 0.96528
2021-02-05 15:43:03,341 [INFO] [OPT-EXP-DSGN - coordinate_ascent] [1/1] [t = 161] swapped,  f(S) = 0.96530
2021-02-05 15:43:05,645 [INFO] [OPT-EXP-DSGN - coordinate_ascent] [1/1] [t = 162] swapped,  f(S) = 0.96531
2021-02-05 15:43:05,934 [INFO] [OPT-EXP-DSGN - coordinate_ascent] [1/1] [t = 163] swapped,  f(S) = 0.96553
2021-02-05 15:43:06,222 [INFO] [OPT-EXP-DSGN - coordinate_ascent] [1/1] [t = 164] swapped,  f(S) = 0.96563
2021-02-05 15:43:06,511 [INFO] [OPT-EXP-DSGN - coordinate_ascent] [1/1] [t = 165] swapped,  f(S) = 0.96579
2021-02-05 15:43:07,087 [INFO] [OPT-EXP-DSGN - coordinate_ascent] [1/1] [t = 166] swapped,  f(S) = 0.96587
2021-02-05 15:43:07,376 [INFO] [OPT-EXP-DSGN - coordinate_ascent] [1/1] [t = 167] swapped,  f(S) = 0.96612
2021-02-05 15:43:07,665 [INFO] [OPT-EXP-DSGN - coordinate_ascent] [1/1] [t = 168] swapped,  f(S) = 0.96675
2021-02-05 15:43:11,978 [INFO] [OPT-EXP-DSGN - coordinate_ascent] [1/1] [t = 169] swapped,  f(S) = 0.96704
2021-02-05 15:43:12,267 [INFO] [OPT-EXP-DSGN - coordinate_ascent] [1/1] [t = 170] swapped,  f(S) = 0.96709
2021-02-05 15:43:13,131 [INFO] [OPT-EXP-DSGN - coordinate_ascent] [1/1] [t = 171] swapped,  f(S) = 0.96718
2021-02-05 15:43:25,207 [INFO] [OPT-EXP-DSGN - coordinate_ascent] [1/1] [t = 172] swapped,  f(S) = 0.96719
2021-02-05 15:43:33,838 [INFO] [OPT-EXP-DSGN - coordinate_ascent] [1/1] [t = 173] swapped,  f(S) = 0.96757
2021-02-05 15:43:34,414 [INFO] [OPT-EXP-DSGN - coordinate_ascent] [1/1] [t = 174] swapped,  f(S) = 0.96758
2021-02-05 15:43:34,991 [INFO] [OPT-EXP-DSGN - coordinate_ascent] [1/1] [t = 175] swapped,  f(S) = 0.96783
2021-02-05 15:43:35,281 [INFO] [OPT-EXP-DSGN - coordinate_ascent] [1/1] [t = 176] swapped,  f(S) = 0.96794
2021-02-05 15:43:35,858 [INFO] [OPT-EXP-DSGN - coordinate_ascent] [1/1] [t = 177] swapped,  f(S) = 0.96854
2021-02-05 15:43:36,147 [INFO] [OPT-EXP-DSGN - coordinate_ascent] [1/1] [t = 178] swapped,  f(S) = 0.96932
2021-02-05 15:43:36,436 [INFO] [OPT-EXP-DSGN - coordinate_ascent] [1/1] [t = 179] swapped,  f(S) = 0.96970
2021-02-05 15:43:49,667 [INFO] [OPT-EXP-DSGN - coordinate_ascent] [1/1] [t = 180] swapped,  f(S) = 0.96978
2021-02-05 15:43:49,956 [INFO] [OPT-EXP-DSGN - coordinate_ascent] [1/1] [t = 181] swapped,  f(S) = 0.96988
2021-02-05 15:43:50,820 [INFO] [OPT-EXP-DSGN - coordinate_ascent] [1/1] [t = 182] swapped,  f(S) = 0.97003
2021-02-05 15:43:52,547 [INFO] [OPT-EXP-DSGN - coordinate_ascent] [1/1] [t = 183] swapped,  f(S) = 0.97021
2021-02-05 15:43:53,122 [INFO] [OPT-EXP-DSGN - coordinate_ascent] [1/1] [t = 184] swapped,  f(S) = 0.97039
2021-02-05 15:43:54,558 [INFO] [OPT-EXP-DSGN - coordinate_ascent] [1/1] [t = 185] swapped,  f(S) = 0.97049
2021-02-05 15:43:54,846 [INFO] [OPT-EXP-DSGN - coordinate_ascent] [1/1] [t = 186] swapped,  f(S) = 0.97079
2021-02-05 15:43:56,575 [INFO] [OPT-EXP-DSGN - coordinate_ascent] [1/1] [t = 187] swapped,  f(S) = 0.97107
2021-02-05 15:43:56,865 [INFO] [OPT-EXP-DSGN - coordinate_ascent] [1/1] [t = 188] swapped,  f(S) = 0.97146
2021-02-05 15:44:01,184 [INFO] [OPT-EXP-DSGN - coordinate_ascent] [1/1] [t = 189] swapped,  f(S) = 0.97151
2021-02-05 15:44:01,473 [INFO] [OPT-EXP-DSGN - coordinate_ascent] [1/1] [t = 190] swapped,  f(S) = 0.97243
2021-02-05 15:44:01,762 [INFO] [OPT-EXP-DSGN - coordinate_ascent] [1/1] [t = 191] swapped,  f(S) = 0.97277
2021-02-05 15:44:03,490 [INFO] [OPT-EXP-DSGN - coordinate_ascent] [1/1] [t = 192] swapped,  f(S) = 0.97284
2021-02-05 15:44:04,642 [INFO] [OPT-EXP-DSGN - coordinate_ascent] [1/1] [t = 193] swapped,  f(S) = 0.97288
2021-02-05 15:44:04,932 [INFO] [OPT-EXP-DSGN - coordinate_ascent] [1/1] [t = 194] swapped,  f(S) = 0.97444
2021-02-05 15:44:05,220 [INFO] [OPT-EXP-DSGN - coordinate_ascent] [1/1] [t = 195] swapped,  f(S) = 0.97501
2021-02-05 15:44:06,658 [INFO] [OPT-EXP-DSGN - coordinate_ascent] [1/1] [t = 196] swapped,  f(S) = 0.97503
2021-02-05 15:44:06,947 [INFO] [OPT-EXP-DSGN - coordinate_ascent] [1/1] [t = 197] swapped,  f(S) = 0.97527
2021-02-05 15:45:55,727 [INFO] [OPT-EXP-DSGN - coordinate_ascent] [1/1] [t = 198] swapped,  f(S) = 0.97527
2021-02-05 15:45:56,592 [INFO] [OPT-EXP-DSGN - coordinate_ascent] [1/1] [t = 199] swapped,  f(S) = 0.97528
2021-02-05 15:45:57,173 [INFO] [OPT-EXP-DSGN - coordinate_ascent] [1/1] [t = 200] swapped,  f(S) = 0.97547
2021-02-05 15:45:57,463 [INFO] [OPT-EXP-DSGN - coordinate_ascent] [1/1] [t = 201] swapped,  f(S) = 0.97583
2021-02-05 15:45:57,752 [INFO] [OPT-EXP-DSGN - coordinate_ascent] [1/1] [t = 202] swapped,  f(S) = 0.97586
2021-02-05 15:45:58,041 [INFO] [OPT-EXP-DSGN - coordinate_ascent] [1/1] [t = 203] swapped,  f(S) = 0.97618
2021-02-05 15:45:58,905 [INFO] [OPT-EXP-DSGN - coordinate_ascent] [1/1] [t = 204] swapped,  f(S) = 0.97621
2021-02-05 15:45:59,194 [INFO] [OPT-EXP-DSGN - coordinate_ascent] [1/1] [t = 205] swapped,  f(S) = 0.97638
2021-02-05 15:45:59,483 [INFO] [OPT-EXP-DSGN - coordinate_ascent] [1/1] [t = 206] swapped,  f(S) = 0.97646
2021-02-05 15:46:06,960 [INFO] [OPT-EXP-DSGN - coordinate_ascent] [1/1] [t = 207] swapped,  f(S) = 0.97650
2021-02-05 15:46:11,562 [INFO] [OPT-EXP-DSGN - coordinate_ascent] [1/1] [t = 208] swapped,  f(S) = 0.97656
2021-02-05 15:46:13,869 [INFO] [OPT-EXP-DSGN - coordinate_ascent] [1/1] [t = 209] swapped,  f(S) = 0.97680
2021-02-05 15:46:14,160 [INFO] [OPT-EXP-DSGN - coordinate_ascent] [1/1] [t = 210] swapped,  f(S) = 0.97690
2021-02-05 15:46:14,738 [INFO] [OPT-EXP-DSGN - coordinate_ascent] [1/1] [t = 211] swapped,  f(S) = 0.97692
2021-02-05 15:46:15,893 [INFO] [OPT-EXP-DSGN - coordinate_ascent] [1/1] [t = 212] swapped,  f(S) = 0.97699
2021-02-05 15:46:16,762 [INFO] [OPT-EXP-DSGN - coordinate_ascent] [1/1] [t = 213] swapped,  f(S) = 0.97739
2021-02-05 15:46:18,494 [INFO] [OPT-EXP-DSGN - coordinate_ascent] [1/1] [t = 214] swapped,  f(S) = 0.97750
2021-02-05 15:46:19,071 [INFO] [OPT-EXP-DSGN - coordinate_ascent] [1/1] [t = 215] swapped,  f(S) = 0.97813
2021-02-05 15:46:22,247 [INFO] [OPT-EXP-DSGN - coordinate_ascent] [1/1] [t = 216] swapped,  f(S) = 0.97814
2021-02-05 15:46:25,420 [INFO] [OPT-EXP-DSGN - coordinate_ascent] [1/1] [t = 217] swapped,  f(S) = 0.97875
2021-02-05 15:46:25,710 [INFO] [OPT-EXP-DSGN - coordinate_ascent] [1/1] [t = 218] swapped,  f(S) = 0.97900
2021-02-05 15:46:26,288 [INFO] [OPT-EXP-DSGN - coordinate_ascent] [1/1] [t = 219] swapped,  f(S) = 0.97911
2021-02-05 15:46:26,578 [INFO] [OPT-EXP-DSGN - coordinate_ascent] [1/1] [t = 220] swapped,  f(S) = 0.97934
2021-02-05 15:46:27,156 [INFO] [OPT-EXP-DSGN - coordinate_ascent] [1/1] [t = 221] swapped,  f(S) = 0.97943
2021-02-05 15:46:27,446 [INFO] [OPT-EXP-DSGN - coordinate_ascent] [1/1] [t = 222] swapped,  f(S) = 0.97953
2021-02-05 15:46:28,601 [INFO] [OPT-EXP-DSGN - coordinate_ascent] [1/1] [t = 223] swapped,  f(S) = 0.97964
2021-02-05 15:46:32,639 [INFO] [OPT-EXP-DSGN - coordinate_ascent] [1/1] [t = 224] swapped,  f(S) = 0.97968
2021-02-05 15:46:32,929 [INFO] [OPT-EXP-DSGN - coordinate_ascent] [1/1] [t = 225] swapped,  f(S) = 0.97971
2021-02-05 15:46:34,957 [INFO] [OPT-EXP-DSGN - coordinate_ascent] [1/1] [t = 226] swapped,  f(S) = 0.97973
2021-02-05 15:46:35,534 [INFO] [OPT-EXP-DSGN - coordinate_ascent] [1/1] [t = 227] swapped,  f(S) = 0.97990
2021-02-05 15:46:36,976 [INFO] [OPT-EXP-DSGN - coordinate_ascent] [1/1] [t = 228] swapped,  f(S) = 0.97990
2021-02-05 15:46:37,265 [INFO] [OPT-EXP-DSGN - coordinate_ascent] [1/1] [t = 229] swapped,  f(S) = 0.98059
2021-02-05 15:46:37,554 [INFO] [OPT-EXP-DSGN - coordinate_ascent] [1/1] [t = 230] swapped,  f(S) = 0.98091
2021-02-05 15:46:39,281 [INFO] [OPT-EXP-DSGN - coordinate_ascent] [1/1] [t = 231] swapped,  f(S) = 0.98094
2021-02-05 15:46:40,719 [INFO] [OPT-EXP-DSGN - coordinate_ascent] [1/1] [t = 232] swapped,  f(S) = 0.98107
2021-02-05 15:46:41,008 [INFO] [OPT-EXP-DSGN - coordinate_ascent] [1/1] [t = 233] swapped,  f(S) = 0.98187
2021-02-05 15:47:37,515 [INFO] [OPT-EXP-DSGN - coordinate_ascent] [1/1] [t = 234] swapped,  f(S) = 0.98190
2021-02-05 15:47:37,805 [INFO] [OPT-EXP-DSGN - coordinate_ascent] [1/1] [t = 235] swapped,  f(S) = 0.98259
2021-02-05 15:47:38,672 [INFO] [OPT-EXP-DSGN - coordinate_ascent] [1/1] [t = 236] swapped,  f(S) = 0.98268
2021-02-05 15:47:39,250 [INFO] [OPT-EXP-DSGN - coordinate_ascent] [1/1] [t = 237] swapped,  f(S) = 0.98279
2021-02-05 15:47:59,170 [INFO] [OPT-EXP-DSGN - coordinate_ascent] [1/1] [t = 238] swapped,  f(S) = 0.98302
2021-02-05 15:48:08,698 [INFO] [OPT-EXP-DSGN - coordinate_ascent] [1/1] [t = 239] swapped,  f(S) = 0.98304
2021-02-05 15:48:28,911 [INFO] [OPT-EXP-DSGN - coordinate_ascent] [1/1] [t = 240] swapped,  f(S) = 0.98323
2021-02-05 15:48:33,820 [INFO] [OPT-EXP-DSGN - coordinate_ascent] [1/1] [t = 241] swapped,  f(S) = 0.98332
2021-02-05 15:48:34,398 [INFO] [OPT-EXP-DSGN - coordinate_ascent] [1/1] [t = 242] swapped,  f(S) = 0.98355
2021-02-05 15:48:37,859 [INFO] [OPT-EXP-DSGN - coordinate_ascent] [1/1] [t = 243] swapped,  f(S) = 0.98362
2021-02-05 15:48:39,016 [INFO] [OPT-EXP-DSGN - coordinate_ascent] [1/1] [t = 244] swapped,  f(S) = 0.98365
2021-02-05 15:48:39,305 [INFO] [OPT-EXP-DSGN - coordinate_ascent] [1/1] [t = 245] swapped,  f(S) = 0.98402
2021-02-05 15:48:44,211 [INFO] [OPT-EXP-DSGN - coordinate_ascent] [1/1] [t = 246] swapped,  f(S) = 0.98426
2021-02-05 15:48:44,501 [INFO] [OPT-EXP-DSGN - coordinate_ascent] [1/1] [t = 247] swapped,  f(S) = 0.98427
2021-02-05 15:48:44,790 [INFO] [OPT-EXP-DSGN - coordinate_ascent] [1/1] [t = 248] swapped,  f(S) = 0.98436
2021-02-05 15:48:45,080 [INFO] [OPT-EXP-DSGN - coordinate_ascent] [1/1] [t = 249] swapped,  f(S) = 0.98457
2021-02-05 15:48:45,658 [INFO] [OPT-EXP-DSGN - coordinate_ascent] [1/1] [t = 250] swapped,  f(S) = 0.98457
2021-02-05 15:48:52,878 [INFO] [OPT-EXP-DSGN - coordinate_ascent] [1/1] [t = 251] swapped,  f(S) = 0.98459
2021-02-05 15:48:53,457 [INFO] [OPT-EXP-DSGN - coordinate_ascent] [1/1] [t = 252] swapped,  f(S) = 0.98523
2021-02-05 15:48:54,324 [INFO] [OPT-EXP-DSGN - coordinate_ascent] [1/1] [t = 253] swapped,  f(S) = 0.98536
2021-02-05 15:48:54,614 [INFO] [OPT-EXP-DSGN - coordinate_ascent] [1/1] [t = 254] swapped,  f(S) = 0.98559
2021-02-05 15:49:36,186 [INFO] [OPT-EXP-DSGN - coordinate_ascent] [1/1] [t = 255] swapped,  f(S) = 0.98586
2021-02-05 15:49:36,766 [INFO] [OPT-EXP-DSGN - coordinate_ascent] [1/1] [t = 256] swapped,  f(S) = 0.98664
2021-02-05 15:50:34,794 [INFO] [OPT-EXP-DSGN - coordinate_ascent] [1/1] [t = 257] swapped,  f(S) = 0.98684
2021-02-05 15:50:35,948 [INFO] [OPT-EXP-DSGN - coordinate_ascent] [1/1] [t = 258] swapped,  f(S) = 0.98691
2021-02-05 15:50:37,103 [INFO] [OPT-EXP-DSGN - coordinate_ascent] [1/1] [t = 259] swapped,  f(S) = 0.98693
2021-02-05 15:50:38,548 [INFO] [OPT-EXP-DSGN - coordinate_ascent] [1/1] [t = 260] swapped,  f(S) = 0.98698
2021-02-05 15:50:40,858 [INFO] [OPT-EXP-DSGN - coordinate_ascent] [1/1] [t = 261] swapped,  f(S) = 0.98710
2021-02-05 15:50:41,148 [INFO] [OPT-EXP-DSGN - coordinate_ascent] [1/1] [t = 262] swapped,  f(S) = 0.98729
2021-02-05 15:50:49,248 [INFO] [OPT-EXP-DSGN - coordinate_ascent] [1/1] [t = 263] swapped,  f(S) = 0.98741
2021-02-05 15:50:51,849 [INFO] [OPT-EXP-DSGN - coordinate_ascent] [1/1] [t = 264] swapped,  f(S) = 0.98799
2021-02-05 15:50:54,159 [INFO] [OPT-EXP-DSGN - coordinate_ascent] [1/1] [t = 265] swapped,  f(S) = 0.98837
2021-02-05 15:50:55,028 [INFO] [OPT-EXP-DSGN - coordinate_ascent] [1/1] [t = 266] swapped,  f(S) = 0.98844
2021-02-05 15:50:59,358 [INFO] [OPT-EXP-DSGN - coordinate_ascent] [1/1] [t = 267] swapped,  f(S) = 0.98868
2021-02-05 15:50:59,648 [INFO] [OPT-EXP-DSGN - coordinate_ascent] [1/1] [t = 268] swapped,  f(S) = 0.98943
2021-02-05 15:51:00,515 [INFO] [OPT-EXP-DSGN - coordinate_ascent] [1/1] [t = 269] swapped,  f(S) = 0.98954
2021-02-05 15:51:03,692 [INFO] [OPT-EXP-DSGN - coordinate_ascent] [1/1] [t = 270] swapped,  f(S) = 0.98955
2021-02-05 15:51:05,424 [INFO] [OPT-EXP-DSGN - coordinate_ascent] [1/1] [t = 271] swapped,  f(S) = 0.98970
2021-02-05 15:51:06,002 [INFO] [OPT-EXP-DSGN - coordinate_ascent] [1/1] [t = 272] swapped,  f(S) = 0.99037
2021-02-05 15:51:06,581 [INFO] [OPT-EXP-DSGN - coordinate_ascent] [1/1] [t = 273] swapped,  f(S) = 0.99045
2021-02-05 15:51:06,871 [INFO] [OPT-EXP-DSGN - coordinate_ascent] [1/1] [t = 274] swapped,  f(S) = 0.99054
2021-02-05 15:51:07,161 [INFO] [OPT-EXP-DSGN - coordinate_ascent] [1/1] [t = 275] swapped,  f(S) = 0.99085
2021-02-05 15:51:09,762 [INFO] [OPT-EXP-DSGN - coordinate_ascent] [1/1] [t = 276] swapped,  f(S) = 0.99092
2021-02-05 15:51:11,498 [INFO] [OPT-EXP-DSGN - coordinate_ascent] [1/1] [t = 277] swapped,  f(S) = 0.99120
2021-02-05 15:51:15,253 [INFO] [OPT-EXP-DSGN - coordinate_ascent] [1/1] [t = 278] swapped,  f(S) = 0.99187
2021-02-05 15:51:15,543 [INFO] [OPT-EXP-DSGN - coordinate_ascent] [1/1] [t = 279] swapped,  f(S) = 0.99338
2021-02-05 15:51:16,121 [INFO] [OPT-EXP-DSGN - coordinate_ascent] [1/1] [t = 280] swapped,  f(S) = 0.99365
2021-02-05 15:51:16,987 [INFO] [OPT-EXP-DSGN - coordinate_ascent] [1/1] [t = 281] swapped,  f(S) = 0.99401
2021-02-05 15:51:17,565 [INFO] [OPT-EXP-DSGN - coordinate_ascent] [1/1] [t = 282] swapped,  f(S) = 0.99433
2021-02-05 15:51:20,455 [INFO] [OPT-EXP-DSGN - coordinate_ascent] [1/1] [t = 283] swapped,  f(S) = 0.99435
2021-02-05 15:51:26,233 [INFO] [OPT-EXP-DSGN - coordinate_ascent] [1/1] [t = 284] swapped,  f(S) = 0.99435
2021-02-05 15:51:29,411 [INFO] [OPT-EXP-DSGN - coordinate_ascent] [1/1] [t = 285] swapped,  f(S) = 0.99461
2021-02-05 15:51:32,300 [INFO] [OPT-EXP-DSGN - coordinate_ascent] [1/1] [t = 286] swapped,  f(S) = 0.99490
2021-02-05 15:51:37,794 [INFO] [OPT-EXP-DSGN - coordinate_ascent] [1/1] [t = 287] swapped,  f(S) = 0.99542
2021-02-05 15:51:38,372 [INFO] [OPT-EXP-DSGN - coordinate_ascent] [1/1] [t = 288] swapped,  f(S) = 0.99546
2021-02-05 15:51:40,106 [INFO] [OPT-EXP-DSGN - coordinate_ascent] [1/1] [t = 289] swapped,  f(S) = 0.99561
2021-02-05 15:51:42,128 [INFO] [OPT-EXP-DSGN - coordinate_ascent] [1/1] [t = 290] swapped,  f(S) = 0.99571
2021-02-05 15:51:42,995 [INFO] [OPT-EXP-DSGN - coordinate_ascent] [1/1] [t = 291] swapped,  f(S) = 0.99579
2021-02-05 15:51:43,286 [INFO] [OPT-EXP-DSGN - coordinate_ascent] [1/1] [t = 292] swapped,  f(S) = 0.99589
2021-02-05 15:51:43,864 [INFO] [OPT-EXP-DSGN - coordinate_ascent] [1/1] [t = 293] swapped,  f(S) = 0.99610
2021-02-05 15:51:45,309 [INFO] [OPT-EXP-DSGN - coordinate_ascent] [1/1] [t = 294] swapped,  f(S) = 0.99628
2021-02-05 15:51:45,889 [INFO] [OPT-EXP-DSGN - coordinate_ascent] [1/1] [t = 295] swapped,  f(S) = 0.99632
2021-02-05 15:51:48,774 [INFO] [OPT-EXP-DSGN - coordinate_ascent] [1/1] [t = 296] swapped,  f(S) = 0.99641
2021-02-05 15:51:49,641 [INFO] [OPT-EXP-DSGN - coordinate_ascent] [1/1] [t = 297] swapped,  f(S) = 0.99655
2021-02-05 15:51:51,086 [INFO] [OPT-EXP-DSGN - coordinate_ascent] [1/1] [t = 298] swapped,  f(S) = 0.99691
2021-02-05 15:51:51,376 [INFO] [OPT-EXP-DSGN - coordinate_ascent] [1/1] [t = 299] swapped,  f(S) = 0.99726
2021-02-05 15:51:51,666 [INFO] [OPT-EXP-DSGN - coordinate_ascent] [1/1] [t = 300] swapped,  f(S) = 0.99862
2021-02-05 15:51:52,533 [INFO] [OPT-EXP-DSGN - coordinate_ascent] [1/1] [t = 301] swapped,  f(S) = 0.99868
2021-02-05 15:52:00,337 [INFO] [OPT-EXP-DSGN - coordinate_ascent] [1/1] [t = 302] swapped,  f(S) = 0.99873
2021-02-05 15:52:00,627 [INFO] [OPT-EXP-DSGN - coordinate_ascent] [1/1] [t = 303] swapped,  f(S) = 0.99913
2021-02-05 15:52:00,916 [INFO] [OPT-EXP-DSGN - coordinate_ascent] [1/1] [t = 304] swapped,  f(S) = 1.00028
2021-02-05 15:52:03,515 [INFO] [OPT-EXP-DSGN - coordinate_ascent] [1/1] [t = 305] swapped,  f(S) = 1.00043
2021-02-05 15:52:04,093 [INFO] [OPT-EXP-DSGN - coordinate_ascent] [1/1] [t = 306] swapped,  f(S) = 1.00070
2021-02-05 15:53:42,740 [INFO] [OPT-EXP-DSGN - coordinate_ascent] [1/1] [t = 307] swapped,  f(S) = 1.00091
2021-02-05 15:53:44,763 [INFO] [OPT-EXP-DSGN - coordinate_ascent] [1/1] [t = 308] swapped,  f(S) = 1.00093
2021-02-05 15:53:45,917 [INFO] [OPT-EXP-DSGN - coordinate_ascent] [1/1] [t = 309] swapped,  f(S) = 1.00099
2021-02-05 15:54:14,495 [INFO] [OPT-EXP-DSGN - coordinate_ascent] [1/1] [t = 310] swapped,  f(S) = 1.00105
2021-02-05 15:54:34,415 [INFO] [OPT-EXP-DSGN - coordinate_ascent] [1/1] [t = 311] swapped,  f(S) = 1.00135
2021-02-05 15:54:34,704 [INFO] [OPT-EXP-DSGN - coordinate_ascent] [1/1] [t = 312] swapped,  f(S) = 1.00183
2021-02-05 15:54:34,993 [INFO] [OPT-EXP-DSGN - coordinate_ascent] [1/1] [t = 313] swapped,  f(S) = 1.00241
2021-02-05 15:54:37,301 [INFO] [OPT-EXP-DSGN - coordinate_ascent] [1/1] [t = 314] swapped,  f(S) = 1.00246
2021-02-05 15:54:37,590 [INFO] [OPT-EXP-DSGN - coordinate_ascent] [1/1] [t = 315] swapped,  f(S) = 1.00280
2021-02-05 15:54:37,880 [INFO] [OPT-EXP-DSGN - coordinate_ascent] [1/1] [t = 316] swapped,  f(S) = 1.00286
2021-02-05 15:54:38,170 [INFO] [OPT-EXP-DSGN - coordinate_ascent] [1/1] [t = 317] swapped,  f(S) = 1.00300
2021-02-05 15:54:38,748 [INFO] [OPT-EXP-DSGN - coordinate_ascent] [1/1] [t = 318] swapped,  f(S) = 1.00304
2021-02-05 15:54:39,038 [INFO] [OPT-EXP-DSGN - coordinate_ascent] [1/1] [t = 319] swapped,  f(S) = 1.00323
2021-02-05 15:54:42,793 [INFO] [OPT-EXP-DSGN - coordinate_ascent] [1/1] [t = 320] swapped,  f(S) = 1.00357
2021-02-05 15:54:43,084 [INFO] [OPT-EXP-DSGN - coordinate_ascent] [1/1] [t = 321] swapped,  f(S) = 1.00370
2021-02-05 15:54:43,952 [INFO] [OPT-EXP-DSGN - coordinate_ascent] [1/1] [t = 322] swapped,  f(S) = 1.00416
2021-02-05 15:54:45,974 [INFO] [OPT-EXP-DSGN - coordinate_ascent] [1/1] [t = 323] swapped,  f(S) = 1.00418
2021-02-05 15:54:52,041 [INFO] [OPT-EXP-DSGN - coordinate_ascent] [1/1] [t = 324] swapped,  f(S) = 1.00421
2021-02-05 15:54:52,907 [INFO] [OPT-EXP-DSGN - coordinate_ascent] [1/1] [t = 325] swapped,  f(S) = 1.00427
2021-02-05 15:54:53,485 [INFO] [OPT-EXP-DSGN - coordinate_ascent] [1/1] [t = 326] swapped,  f(S) = 1.00427
2021-02-05 15:54:56,950 [INFO] [OPT-EXP-DSGN - coordinate_ascent] [1/1] [t = 327] swapped,  f(S) = 1.00428
2021-02-05 15:54:57,240 [INFO] [OPT-EXP-DSGN - coordinate_ascent] [1/1] [t = 328] swapped,  f(S) = 1.00477
2021-02-05 15:55:01,570 [INFO] [OPT-EXP-DSGN - coordinate_ascent] [1/1] [t = 329] swapped,  f(S) = 1.00487
2021-02-05 15:55:09,941 [INFO] [OPT-EXP-DSGN - coordinate_ascent] [1/1] [t = 330] swapped,  f(S) = 1.00494
2021-02-05 15:55:11,962 [INFO] [OPT-EXP-DSGN - coordinate_ascent] [1/1] [t = 331] swapped,  f(S) = 1.00495
2021-02-05 15:55:48,644 [INFO] [OPT-EXP-DSGN - coordinate_ascent] [1/1] [t = 332] swapped,  f(S) = 1.00608
2021-02-05 15:55:49,220 [INFO] [OPT-EXP-DSGN - coordinate_ascent] [1/1] [t = 333] swapped,  f(S) = 1.00613
2021-02-05 15:55:49,510 [INFO] [OPT-EXP-DSGN - coordinate_ascent] [1/1] [t = 334] swapped,  f(S) = 1.00680
2021-02-05 15:55:50,956 [INFO] [OPT-EXP-DSGN - coordinate_ascent] [1/1] [t = 335] swapped,  f(S) = 1.00681
2021-02-05 15:55:51,245 [INFO] [OPT-EXP-DSGN - coordinate_ascent] [1/1] [t = 336] swapped,  f(S) = 1.00684
2021-02-05 15:55:51,535 [INFO] [OPT-EXP-DSGN - coordinate_ascent] [1/1] [t = 337] swapped,  f(S) = 1.00705
2021-02-05 15:55:51,825 [INFO] [OPT-EXP-DSGN - coordinate_ascent] [1/1] [t = 338] swapped,  f(S) = 1.00707
2021-02-05 15:55:52,115 [INFO] [OPT-EXP-DSGN - coordinate_ascent] [1/1] [t = 339] swapped,  f(S) = 1.00717
2021-02-05 15:55:55,291 [INFO] [OPT-EXP-DSGN - coordinate_ascent] [1/1] [t = 340] swapped,  f(S) = 1.00730
2021-02-05 15:55:55,588 [INFO] [OPT-EXP-DSGN - coordinate_ascent] [1/1] [t = 341] swapped,  f(S) = 1.00768
2021-02-05 15:55:59,825 [INFO] [OPT-EXP-DSGN - coordinate_ascent] [1/1] [t = 342] swapped,  f(S) = 1.00803
2021-02-05 15:56:00,694 [INFO] [OPT-EXP-DSGN - coordinate_ascent] [1/1] [t = 343] swapped,  f(S) = 1.00819
2021-02-05 15:56:00,985 [INFO] [OPT-EXP-DSGN - coordinate_ascent] [1/1] [t = 344] swapped,  f(S) = 1.00827
2021-02-05 15:56:01,275 [INFO] [OPT-EXP-DSGN - coordinate_ascent] [1/1] [t = 345] swapped,  f(S) = 1.00843
2021-02-05 15:56:15,461 [INFO] [OPT-EXP-DSGN - coordinate_ascent] [1/1] [t = 346] swapped,  f(S) = 1.00847
2021-02-05 15:56:16,041 [INFO] [OPT-EXP-DSGN - coordinate_ascent] [1/1] [t = 347] swapped,  f(S) = 1.00851
2021-02-05 15:56:16,332 [INFO] [OPT-EXP-DSGN - coordinate_ascent] [1/1] [t = 348] swapped,  f(S) = 1.00857
2021-02-05 15:56:16,623 [INFO] [OPT-EXP-DSGN - coordinate_ascent] [1/1] [t = 349] swapped,  f(S) = 1.00865
2021-02-05 15:56:16,914 [INFO] [OPT-EXP-DSGN - coordinate_ascent] [1/1] [t = 350] swapped,  f(S) = 1.00891
2021-02-05 15:56:19,809 [INFO] [OPT-EXP-DSGN - coordinate_ascent] [1/1] [t = 351] swapped,  f(S) = 1.00894
2021-02-05 15:56:23,291 [INFO] [OPT-EXP-DSGN - coordinate_ascent] [1/1] [t = 352] swapped,  f(S) = 1.00919
2021-02-05 15:56:23,871 [INFO] [OPT-EXP-DSGN - coordinate_ascent] [1/1] [t = 353] swapped,  f(S) = 1.00924
2021-02-05 15:56:24,162 [INFO] [OPT-EXP-DSGN - coordinate_ascent] [1/1] [t = 354] swapped,  f(S) = 1.00933
2021-02-05 15:56:24,742 [INFO] [OPT-EXP-DSGN - coordinate_ascent] [1/1] [t = 355] swapped,  f(S) = 1.00964
2021-02-05 15:56:25,033 [INFO] [OPT-EXP-DSGN - coordinate_ascent] [1/1] [t = 356] swapped,  f(S) = 1.01005
2021-02-05 15:56:25,324 [INFO] [OPT-EXP-DSGN - coordinate_ascent] [1/1] [t = 357] swapped,  f(S) = 1.01015
2021-02-05 15:57:03,066 [INFO] [OPT-EXP-DSGN - coordinate_ascent] [1/1] [t = 358] swapped,  f(S) = 1.01059
2021-02-05 15:57:04,509 [INFO] [OPT-EXP-DSGN - coordinate_ascent] [1/1] [t = 359] swapped,  f(S) = 1.01063
2021-02-05 15:57:16,633 [INFO] [OPT-EXP-DSGN - coordinate_ascent] [1/1] [t = 360] swapped,  f(S) = 1.01087
2021-02-05 15:57:36,839 [INFO] [OPT-EXP-DSGN - coordinate_ascent] [1/1] [t = 361] swapped,  f(S) = 1.01111
2021-02-05 15:57:38,284 [INFO] [OPT-EXP-DSGN - coordinate_ascent] [1/1] [t = 362] swapped,  f(S) = 1.01123
2021-02-05 15:57:38,863 [INFO] [OPT-EXP-DSGN - coordinate_ascent] [1/1] [t = 363] swapped,  f(S) = 1.01129
2021-02-05 15:57:39,153 [INFO] [OPT-EXP-DSGN - coordinate_ascent] [1/1] [t = 364] swapped,  f(S) = 1.01148
2021-02-05 15:57:55,611 [INFO] [OPT-EXP-DSGN - coordinate_ascent] [1/1] [t = 365] swapped,  f(S) = 1.01176
2021-02-05 15:58:00,812 [INFO] [OPT-EXP-DSGN - coordinate_ascent] [1/1] [t = 366] swapped,  f(S) = 1.01181
2021-02-05 15:58:01,102 [INFO] [OPT-EXP-DSGN - coordinate_ascent] [1/1] [t = 367] swapped,  f(S) = 1.01190
2021-02-05 15:58:03,700 [INFO] [OPT-EXP-DSGN - coordinate_ascent] [1/1] [t = 368] swapped,  f(S) = 1.01191
2021-02-05 15:58:05,431 [INFO] [OPT-EXP-DSGN - coordinate_ascent] [1/1] [t = 369] swapped,  f(S) = 1.01197
2021-02-05 15:58:06,009 [INFO] [OPT-EXP-DSGN - coordinate_ascent] [1/1] [t = 370] swapped,  f(S) = 1.01206
2021-02-05 15:58:08,031 [INFO] [OPT-EXP-DSGN - coordinate_ascent] [1/1] [t = 371] swapped,  f(S) = 1.01208
2021-02-05 15:59:24,848 [INFO] [OPT-EXP-DSGN - coordinate_ascent] [1/1] [t = 372] swapped,  f(S) = 1.01213
2021-02-05 15:59:25,426 [INFO] [OPT-EXP-DSGN - coordinate_ascent] [1/1] [t = 373] swapped,  f(S) = 1.01226
2021-02-05 15:59:28,025 [INFO] [OPT-EXP-DSGN - coordinate_ascent] [1/1] [t = 374] swapped,  f(S) = 1.01242
2021-02-05 15:59:28,601 [INFO] [OPT-EXP-DSGN - coordinate_ascent] [1/1] [t = 375] swapped,  f(S) = 1.01283
2021-02-05 15:59:31,776 [INFO] [OPT-EXP-DSGN - coordinate_ascent] [1/1] [t = 376] swapped,  f(S) = 1.01289
2021-02-05 15:59:32,355 [INFO] [OPT-EXP-DSGN - coordinate_ascent] [1/1] [t = 377] swapped,  f(S) = 1.01299
2021-02-05 15:59:34,667 [INFO] [OPT-EXP-DSGN - coordinate_ascent] [1/1] [t = 378] swapped,  f(S) = 1.01302
2021-02-05 15:59:35,251 [INFO] [OPT-EXP-DSGN - coordinate_ascent] [1/1] [t = 379] swapped,  f(S) = 1.01324
2021-02-05 15:59:36,407 [INFO] [OPT-EXP-DSGN - coordinate_ascent] [1/1] [t = 380] swapped,  f(S) = 1.01330
2021-02-05 15:59:45,937 [INFO] [OPT-EXP-DSGN - coordinate_ascent] [1/1] [t = 381] swapped,  f(S) = 1.01373
2021-02-05 15:59:47,671 [INFO] [OPT-EXP-DSGN - coordinate_ascent] [1/1] [t = 382] swapped,  f(S) = 1.01375
2021-02-05 15:59:47,961 [INFO] [OPT-EXP-DSGN - coordinate_ascent] [1/1] [t = 383] swapped,  f(S) = 1.01391
2021-02-05 15:59:48,540 [INFO] [OPT-EXP-DSGN - coordinate_ascent] [1/1] [t = 384] swapped,  f(S) = 1.01416
2021-02-05 15:59:49,984 [INFO] [OPT-EXP-DSGN - coordinate_ascent] [1/1] [t = 385] swapped,  f(S) = 1.01425
2021-02-05 16:00:02,402 [INFO] [OPT-EXP-DSGN - coordinate_ascent] [1/1] [t = 386] swapped,  f(S) = 1.01428
2021-02-05 16:00:02,980 [INFO] [OPT-EXP-DSGN - coordinate_ascent] [1/1] [t = 387] swapped,  f(S) = 1.01429
2021-02-05 16:00:04,424 [INFO] [OPT-EXP-DSGN - coordinate_ascent] [1/1] [t = 388] swapped,  f(S) = 1.01451
2021-02-05 16:00:04,714 [INFO] [OPT-EXP-DSGN - coordinate_ascent] [1/1] [t = 389] swapped,  f(S) = 1.01468
2021-02-05 16:00:06,158 [INFO] [OPT-EXP-DSGN - coordinate_ascent] [1/1] [t = 390] swapped,  f(S) = 1.01469
2021-02-05 16:00:09,333 [INFO] [OPT-EXP-DSGN - coordinate_ascent] [1/1] [t = 391] swapped,  f(S) = 1.01477
2021-02-05 16:00:18,291 [INFO] [OPT-EXP-DSGN - coordinate_ascent] [1/1] [t = 392] swapped,  f(S) = 1.01481
2021-02-05 16:00:20,313 [INFO] [OPT-EXP-DSGN - coordinate_ascent] [1/1] [t = 393] swapped,  f(S) = 1.01483
2021-02-05 16:00:21,181 [INFO] [OPT-EXP-DSGN - coordinate_ascent] [1/1] [t = 394] swapped,  f(S) = 1.01491
2021-02-05 16:00:23,786 [INFO] [OPT-EXP-DSGN - coordinate_ascent] [1/1] [t = 395] swapped,  f(S) = 1.01492
2021-02-05 16:00:28,118 [INFO] [OPT-EXP-DSGN - coordinate_ascent] [1/1] [t = 396] swapped,  f(S) = 1.01505
2021-02-05 16:00:28,696 [INFO] [OPT-EXP-DSGN - coordinate_ascent] [1/1] [t = 397] swapped,  f(S) = 1.01505
2021-02-05 16:00:29,564 [INFO] [OPT-EXP-DSGN - coordinate_ascent] [1/1] [t = 398] swapped,  f(S) = 1.01516
2021-02-05 16:00:29,853 [INFO] [OPT-EXP-DSGN - coordinate_ascent] [1/1] [t = 399] swapped,  f(S) = 1.01555
2021-02-05 16:00:30,144 [INFO] [OPT-EXP-DSGN - coordinate_ascent] [1/1] [t = 400] swapped,  f(S) = 1.01636
2021-02-05 16:00:31,875 [INFO] [OPT-EXP-DSGN - coordinate_ascent] [1/1] [t = 401] swapped,  f(S) = 1.01653
2021-02-05 16:00:32,743 [INFO] [OPT-EXP-DSGN - coordinate_ascent] [1/1] [t = 402] swapped,  f(S) = 1.01658
2021-02-05 16:00:34,189 [INFO] [OPT-EXP-DSGN - coordinate_ascent] [1/1] [t = 403] swapped,  f(S) = 1.01660
2021-02-05 16:00:36,501 [INFO] [OPT-EXP-DSGN - coordinate_ascent] [1/1] [t = 404] swapped,  f(S) = 1.01686
2021-02-05 16:00:38,235 [INFO] [OPT-EXP-DSGN - coordinate_ascent] [1/1] [t = 405] swapped,  f(S) = 1.01687
2021-02-05 16:00:39,391 [INFO] [OPT-EXP-DSGN - coordinate_ascent] [1/1] [t = 406] swapped,  f(S) = 1.01714
2021-02-05 16:02:02,241 [INFO] [OPT-EXP-DSGN - coordinate_ascent] [1/1] [t = 407] swapped,  f(S) = 1.01717
2021-02-05 16:02:21,003 [INFO] [OPT-EXP-DSGN - coordinate_ascent] [1/1] [t = 408] swapped,  f(S) = 1.01718
2021-02-05 16:02:21,869 [INFO] [OPT-EXP-DSGN - coordinate_ascent] [1/1] [t = 409] swapped,  f(S) = 1.01728
2021-02-05 16:02:29,669 [INFO] [OPT-EXP-DSGN - coordinate_ascent] [1/1] [t = 410] swapped,  f(S) = 1.01749
2021-02-05 16:02:29,959 [INFO] [OPT-EXP-DSGN - coordinate_ascent] [1/1] [t = 411] swapped,  f(S) = 1.01870
2021-02-05 16:02:30,826 [INFO] [OPT-EXP-DSGN - coordinate_ascent] [1/1] [t = 412] swapped,  f(S) = 1.01900
2021-02-05 16:02:31,694 [INFO] [OPT-EXP-DSGN - coordinate_ascent] [1/1] [t = 413] swapped,  f(S) = 1.01916
2021-02-05 16:02:44,688 [INFO] [OPT-EXP-DSGN - coordinate_ascent] [1/1] [t = 414] swapped,  f(S) = 1.01921
2021-02-05 16:02:45,555 [INFO] [OPT-EXP-DSGN - coordinate_ascent] [1/1] [t = 415] swapped,  f(S) = 1.01938
2021-02-05 16:02:45,845 [INFO] [OPT-EXP-DSGN - coordinate_ascent] [1/1] [t = 416] swapped,  f(S) = 1.01981
2021-02-05 16:02:46,135 [INFO] [OPT-EXP-DSGN - coordinate_ascent] [1/1] [t = 417] swapped,  f(S) = 1.02000
2021-02-05 16:03:04,900 [INFO] [OPT-EXP-DSGN - coordinate_ascent] [1/1] [t = 418] swapped,  f(S) = 1.02006
2021-02-05 16:03:06,629 [INFO] [OPT-EXP-DSGN - coordinate_ascent] [1/1] [t = 419] swapped,  f(S) = 1.02011
2021-02-05 16:03:06,919 [INFO] [OPT-EXP-DSGN - coordinate_ascent] [1/1] [t = 420] swapped,  f(S) = 1.02016
2021-02-05 16:03:08,940 [INFO] [OPT-EXP-DSGN - coordinate_ascent] [1/1] [t = 421] swapped,  f(S) = 1.02018
2021-02-05 16:03:09,230 [INFO] [OPT-EXP-DSGN - coordinate_ascent] [1/1] [t = 422] swapped,  f(S) = 1.02046
2021-02-05 16:03:09,520 [INFO] [OPT-EXP-DSGN - coordinate_ascent] [1/1] [t = 423] swapped,  f(S) = 1.02053
2021-02-05 16:03:10,675 [INFO] [OPT-EXP-DSGN - coordinate_ascent] [1/1] [t = 424] swapped,  f(S) = 1.02076
2021-02-05 16:03:11,254 [INFO] [OPT-EXP-DSGN - coordinate_ascent] [1/1] [t = 425] swapped,  f(S) = 1.02078
2021-02-05 16:03:14,430 [INFO] [OPT-EXP-DSGN - coordinate_ascent] [1/1] [t = 426] swapped,  f(S) = 1.02086
2021-02-05 16:03:15,009 [INFO] [OPT-EXP-DSGN - coordinate_ascent] [1/1] [t = 427] swapped,  f(S) = 1.02086
2021-02-05 16:03:21,068 [INFO] [OPT-EXP-DSGN - coordinate_ascent] [1/1] [t = 428] swapped,  f(S) = 1.02091
2021-02-05 16:03:23,093 [INFO] [OPT-EXP-DSGN - coordinate_ascent] [1/1] [t = 429] swapped,  f(S) = 1.02093
2021-02-05 16:03:23,386 [INFO] [OPT-EXP-DSGN - coordinate_ascent] [1/1] [t = 430] swapped,  f(S) = 1.02231
2021-02-05 16:03:23,677 [INFO] [OPT-EXP-DSGN - coordinate_ascent] [1/1] [t = 431] swapped,  f(S) = 1.02232
2021-02-05 16:03:29,454 [INFO] [OPT-EXP-DSGN - coordinate_ascent] [1/1] [t = 432] swapped,  f(S) = 1.02232
2021-02-05 16:03:29,743 [INFO] [OPT-EXP-DSGN - coordinate_ascent] [1/1] [t = 433] swapped,  f(S) = 1.02249
2021-02-05 16:03:30,609 [INFO] [OPT-EXP-DSGN - coordinate_ascent] [1/1] [t = 434] swapped,  f(S) = 1.02256
2021-02-05 16:03:34,072 [INFO] [OPT-EXP-DSGN - coordinate_ascent] [1/1] [t = 435] swapped,  f(S) = 1.02259
2021-02-05 16:03:34,362 [INFO] [OPT-EXP-DSGN - coordinate_ascent] [1/1] [t = 436] swapped,  f(S) = 1.02322
2021-02-05 16:03:34,651 [INFO] [OPT-EXP-DSGN - coordinate_ascent] [1/1] [t = 437] swapped,  f(S) = 1.02327
2021-02-05 16:03:34,941 [INFO] [OPT-EXP-DSGN - coordinate_ascent] [1/1] [t = 438] swapped,  f(S) = 1.02350
2021-02-05 16:03:36,680 [INFO] [OPT-EXP-DSGN - coordinate_ascent] [1/1] [t = 439] swapped,  f(S) = 1.02371
2021-02-05 16:03:36,970 [INFO] [OPT-EXP-DSGN - coordinate_ascent] [1/1] [t = 440] swapped,  f(S) = 1.02412
2021-02-05 16:03:37,258 [INFO] [OPT-EXP-DSGN - coordinate_ascent] [1/1] [t = 441] swapped,  f(S) = 1.02432
2021-02-05 16:03:37,547 [INFO] [OPT-EXP-DSGN - coordinate_ascent] [1/1] [t = 442] swapped,  f(S) = 1.02452
2021-02-05 16:03:42,454 [INFO] [OPT-EXP-DSGN - coordinate_ascent] [1/1] [t = 443] swapped,  f(S) = 1.02468
2021-02-05 16:03:43,612 [INFO] [OPT-EXP-DSGN - coordinate_ascent] [1/1] [t = 444] swapped,  f(S) = 1.02473
2021-02-05 16:05:00,123 [INFO] [OPT-EXP-DSGN - coordinate_ascent] [1/1] [t = 445] swapped,  f(S) = 1.02476
2021-02-05 16:05:00,989 [INFO] [OPT-EXP-DSGN - coordinate_ascent] [1/1] [t = 446] swapped,  f(S) = 1.02478
2021-02-05 16:05:02,145 [INFO] [OPT-EXP-DSGN - coordinate_ascent] [1/1] [t = 447] swapped,  f(S) = 1.02486
2021-02-05 16:05:03,014 [INFO] [OPT-EXP-DSGN - coordinate_ascent] [1/1] [t = 448] swapped,  f(S) = 1.02488
2021-02-05 16:05:03,304 [INFO] [OPT-EXP-DSGN - coordinate_ascent] [1/1] [t = 449] swapped,  f(S) = 1.02499
2021-02-05 16:05:03,594 [INFO] [OPT-EXP-DSGN - coordinate_ascent] [1/1] [t = 450] swapped,  f(S) = 1.02500
2021-02-05 16:05:03,884 [INFO] [OPT-EXP-DSGN - coordinate_ascent] [1/1] [t = 451] swapped,  f(S) = 1.02513
2021-02-05 16:05:07,057 [INFO] [OPT-EXP-DSGN - coordinate_ascent] [1/1] [t = 452] swapped,  f(S) = 1.02514
2021-02-05 16:05:31,300 [INFO] [OPT-EXP-DSGN - coordinate_ascent] [1/1] [t = 453] swapped,  f(S) = 1.02515
2021-02-05 16:05:32,167 [INFO] [OPT-EXP-DSGN - coordinate_ascent] [1/1] [t = 454] swapped,  f(S) = 1.02521
2021-02-05 16:05:44,004 [INFO] [OPT-EXP-DSGN - coordinate_ascent] [1/1] [t = 455] swapped,  f(S) = 1.02541
2021-02-05 16:05:44,294 [INFO] [OPT-EXP-DSGN - coordinate_ascent] [1/1] [t = 456] swapped,  f(S) = 1.02616
2021-02-05 16:05:44,583 [INFO] [OPT-EXP-DSGN - coordinate_ascent] [1/1] [t = 457] swapped,  f(S) = 1.02713
2021-02-05 16:05:44,873 [INFO] [OPT-EXP-DSGN - coordinate_ascent] [1/1] [t = 458] swapped,  f(S) = 1.02739
2021-02-05 16:05:45,163 [INFO] [OPT-EXP-DSGN - coordinate_ascent] [1/1] [t = 459] swapped,  f(S) = 1.02891
2021-02-05 16:05:54,119 [INFO] [OPT-EXP-DSGN - coordinate_ascent] [1/1] [t = 460] swapped,  f(S) = 1.02906
2021-02-05 16:05:54,409 [INFO] [OPT-EXP-DSGN - coordinate_ascent] [1/1] [t = 461] swapped,  f(S) = 1.02907
2021-02-05 16:05:55,275 [INFO] [OPT-EXP-DSGN - coordinate_ascent] [1/1] [t = 462] swapped,  f(S) = 1.02914
2021-02-05 16:05:55,565 [INFO] [OPT-EXP-DSGN - coordinate_ascent] [1/1] [t = 463] swapped,  f(S) = 1.02940
2021-02-05 16:05:55,854 [INFO] [OPT-EXP-DSGN - coordinate_ascent] [1/1] [t = 464] swapped,  f(S) = 1.02974
2021-02-05 16:05:57,878 [INFO] [OPT-EXP-DSGN - coordinate_ascent] [1/1] [t = 465] swapped,  f(S) = 1.02985
2021-02-05 16:05:58,457 [INFO] [OPT-EXP-DSGN - coordinate_ascent] [1/1] [t = 466] swapped,  f(S) = 1.02988
2021-02-05 16:05:58,748 [INFO] [OPT-EXP-DSGN - coordinate_ascent] [1/1] [t = 467] swapped,  f(S) = 1.02991
2021-02-05 16:06:04,233 [INFO] [OPT-EXP-DSGN - coordinate_ascent] [1/1] [t = 468] swapped,  f(S) = 1.02994
2021-02-05 16:06:04,812 [INFO] [OPT-EXP-DSGN - coordinate_ascent] [1/1] [t = 469] swapped,  f(S) = 1.03006
2021-02-05 16:06:05,391 [INFO] [OPT-EXP-DSGN - coordinate_ascent] [1/1] [t = 470] swapped,  f(S) = 1.03009
2021-02-05 16:06:06,547 [INFO] [OPT-EXP-DSGN - coordinate_ascent] [1/1] [t = 471] swapped,  f(S) = 1.03011
2021-02-05 16:06:06,836 [INFO] [OPT-EXP-DSGN - coordinate_ascent] [1/1] [t = 472] swapped,  f(S) = 1.03082
2021-02-05 16:06:10,012 [INFO] [OPT-EXP-DSGN - coordinate_ascent] [1/1] [t = 473] swapped,  f(S) = 1.03101
2021-02-05 16:06:11,168 [INFO] [OPT-EXP-DSGN - coordinate_ascent] [1/1] [t = 474] swapped,  f(S) = 1.03107
2021-02-05 16:06:12,036 [INFO] [OPT-EXP-DSGN - coordinate_ascent] [1/1] [t = 475] swapped,  f(S) = 1.03110
2021-02-05 16:06:12,326 [INFO] [OPT-EXP-DSGN - coordinate_ascent] [1/1] [t = 476] swapped,  f(S) = 1.03126
2021-02-05 16:09:48,815 [INFO] [OPT-EXP-DSGN - coordinate_ascent] [1/1] [t = 477] swapped,  f(S) = 1.03155
2021-02-05 16:09:49,105 [INFO] [OPT-EXP-DSGN - coordinate_ascent] [1/1] [t = 478] swapped,  f(S) = 1.03157
2021-02-05 16:10:09,022 [INFO] [OPT-EXP-DSGN - coordinate_ascent] [1/1] [t = 479] swapped,  f(S) = 1.03158
2021-02-05 16:10:09,600 [INFO] [OPT-EXP-DSGN - coordinate_ascent] [1/1] [t = 480] swapped,  f(S) = 1.03163
2021-02-05 16:10:09,890 [INFO] [OPT-EXP-DSGN - coordinate_ascent] [1/1] [t = 481] swapped,  f(S) = 1.03165
2021-02-05 16:10:10,468 [INFO] [OPT-EXP-DSGN - coordinate_ascent] [1/1] [t = 482] swapped,  f(S) = 1.03168
2021-02-05 16:10:10,759 [INFO] [OPT-EXP-DSGN - coordinate_ascent] [1/1] [t = 483] swapped,  f(S) = 1.03169
2021-02-05 16:10:13,360 [INFO] [OPT-EXP-DSGN - coordinate_ascent] [1/1] [t = 484] swapped,  f(S) = 1.03171
2021-02-05 16:10:47,425 [INFO] [OPT-EXP-DSGN - coordinate_ascent] [1/1] [t = 485] swapped,  f(S) = 1.03179
2021-02-05 16:11:08,796 [INFO] [OPT-EXP-DSGN - coordinate_ascent] [1/1] [t = 486] swapped,  f(S) = 1.03180
2021-02-05 16:11:14,285 [INFO] [OPT-EXP-DSGN - coordinate_ascent] [1/1] [t = 487] swapped,  f(S) = 1.03182
2021-02-05 16:11:14,576 [INFO] [OPT-EXP-DSGN - coordinate_ascent] [1/1] [t = 488] swapped,  f(S) = 1.03183
2021-02-05 16:12:14,336 [INFO] [OPT-EXP-DSGN - coordinate_ascent] [1/1] [t = 489] swapped,  f(S) = 1.03196
2021-02-05 16:12:16,069 [INFO] [OPT-EXP-DSGN - coordinate_ascent] [1/1] [t = 490] swapped,  f(S) = 1.03200
2021-02-05 16:12:24,727 [INFO] [OPT-EXP-DSGN - coordinate_ascent] [1/1] [t = 491] swapped,  f(S) = 1.03201
2021-02-05 16:12:33,965 [INFO] [OPT-EXP-DSGN - coordinate_ascent] [1/1] [t = 492] swapped,  f(S) = 1.03219
2021-02-05 16:12:35,987 [INFO] [OPT-EXP-DSGN - coordinate_ascent] [1/1] [t = 493] swapped,  f(S) = 1.03227
2021-02-05 16:15:00,224 [INFO] [OPT-EXP-DSGN - coordinate_ascent] [1/1] [t = 494] swapped,  f(S) = 1.03241
2021-02-05 16:15:01,093 [INFO] [OPT-EXP-DSGN - coordinate_ascent] [1/1] [t = 495] swapped,  f(S) = 1.03242
2021-02-05 16:15:02,539 [INFO] [OPT-EXP-DSGN - coordinate_ascent] [1/1] [t = 496] swapped,  f(S) = 1.03243
2021-02-05 16:15:02,828 [INFO] [OPT-EXP-DSGN - coordinate_ascent] [1/1] [t = 497] swapped,  f(S) = 1.03249
2021-02-05 16:23:20,604 [INFO] [OPT-EXP-DSGN - coordinate_ascent] [1/1] [t = 498] swapped,  f(S) = 1.03262
2021-02-05 16:23:21,471 [INFO] [OPT-EXP-DSGN - coordinate_ascent] [1/1] [t = 499] swapped,  f(S) = 1.03269
2021-02-05 16:23:24,935 [INFO] [OPT-EXP-DSGN - coordinate_ascent] [1/1] [t = 500] swapped,  f(S) = 1.03276
2021-02-05 16:23:26,095 [INFO] [OPT-EXP-DSGN - coordinate_ascent] [1/1] [t = 501] swapped,  f(S) = 1.03284
2021-02-05 16:23:26,961 [INFO] [OPT-EXP-DSGN - coordinate_ascent] [1/1] [t = 502] swapped,  f(S) = 1.03296
2021-02-05 16:23:35,906 [INFO] [OPT-EXP-DSGN - coordinate_ascent] [1/1] [t = 503] swapped,  f(S) = 1.03297
2021-02-05 16:23:36,484 [INFO] [OPT-EXP-DSGN - coordinate_ascent] [1/1] [t = 504] swapped,  f(S) = 1.03316
2021-02-05 16:23:45,715 [INFO] [OPT-EXP-DSGN - coordinate_ascent] [1/1] [t = 505] swapped,  f(S) = 1.03320
2021-02-05 16:23:49,760 [INFO] [OPT-EXP-DSGN - coordinate_ascent] [1/1] [t = 506] swapped,  f(S) = 1.03321
2021-02-05 16:24:33,309 [INFO] [OPT-EXP-DSGN - coordinate_ascent] [1/1] [t = 507] swapped,  f(S) = 1.03326
2021-02-05 16:24:35,329 [INFO] [OPT-EXP-DSGN - coordinate_ascent] [1/1] [t = 508] swapped,  f(S) = 1.03331
2021-02-05 16:24:35,619 [INFO] [OPT-EXP-DSGN - coordinate_ascent] [1/1] [t = 509] swapped,  f(S) = 1.03343
2021-02-05 16:24:36,774 [INFO] [OPT-EXP-DSGN - coordinate_ascent] [1/1] [t = 510] swapped,  f(S) = 1.03349
2021-02-05 16:24:48,599 [INFO] [OPT-EXP-DSGN - coordinate_ascent] [1/1] [t = 511] swapped,  f(S) = 1.03366
2021-02-05 16:24:58,414 [INFO] [OPT-EXP-DSGN - coordinate_ascent] [1/1] [t = 512] swapped,  f(S) = 1.03387
2021-02-05 16:24:59,857 [INFO] [OPT-EXP-DSGN - coordinate_ascent] [1/1] [t = 513] swapped,  f(S) = 1.03393
2021-02-05 16:25:04,183 [INFO] [OPT-EXP-DSGN - coordinate_ascent] [1/1] [t = 514] swapped,  f(S) = 1.03397
2021-02-05 16:25:05,625 [INFO] [OPT-EXP-DSGN - coordinate_ascent] [1/1] [t = 515] swapped,  f(S) = 1.03404
2021-02-05 16:25:06,203 [INFO] [OPT-EXP-DSGN - coordinate_ascent] [1/1] [t = 516] swapped,  f(S) = 1.03446
2021-02-05 16:25:07,936 [INFO] [OPT-EXP-DSGN - coordinate_ascent] [1/1] [t = 517] swapped,  f(S) = 1.03452
2021-02-05 16:25:09,380 [INFO] [OPT-EXP-DSGN - coordinate_ascent] [1/1] [t = 518] swapped,  f(S) = 1.03456
2021-02-05 16:25:09,670 [INFO] [OPT-EXP-DSGN - coordinate_ascent] [1/1] [t = 519] swapped,  f(S) = 1.03464
2021-02-05 16:25:09,959 [INFO] [OPT-EXP-DSGN - coordinate_ascent] [1/1] [t = 520] swapped,  f(S) = 1.03491
2021-02-05 16:25:19,771 [INFO] [OPT-EXP-DSGN - coordinate_ascent] [1/1] [t = 521] swapped,  f(S) = 1.03494
2021-02-05 16:25:20,062 [INFO] [OPT-EXP-DSGN - coordinate_ascent] [1/1] [t = 522] swapped,  f(S) = 1.03507
2021-02-05 16:25:20,351 [INFO] [OPT-EXP-DSGN - coordinate_ascent] [1/1] [t = 523] swapped,  f(S) = 1.03556
2021-02-05 16:25:23,235 [INFO] [OPT-EXP-DSGN - coordinate_ascent] [1/1] [t = 524] swapped,  f(S) = 1.03556
2021-02-05 16:25:39,675 [INFO] [OPT-EXP-DSGN - coordinate_ascent] [1/1] [t = 525] swapped,  f(S) = 1.03557
2021-02-05 16:25:39,965 [INFO] [OPT-EXP-DSGN - coordinate_ascent] [1/1] [t = 526] swapped,  f(S) = 1.03667
2021-02-05 16:25:40,831 [INFO] [OPT-EXP-DSGN - coordinate_ascent] [1/1] [t = 527] swapped,  f(S) = 1.03671
2021-02-05 16:25:56,402 [INFO] [OPT-EXP-DSGN - coordinate_ascent] [1/1] [t = 528] swapped,  f(S) = 1.03681
2021-02-05 16:25:56,981 [INFO] [OPT-EXP-DSGN - coordinate_ascent] [1/1] [t = 529] swapped,  f(S) = 1.03708
2021-02-05 16:25:57,271 [INFO] [OPT-EXP-DSGN - coordinate_ascent] [1/1] [t = 530] swapped,  f(S) = 1.03724
2021-02-05 16:26:00,156 [INFO] [OPT-EXP-DSGN - coordinate_ascent] [1/1] [t = 531] swapped,  f(S) = 1.03724
2021-02-05 16:26:00,735 [INFO] [OPT-EXP-DSGN - coordinate_ascent] [1/1] [t = 532] swapped,  f(S) = 1.03730
2021-02-05 16:26:05,066 [INFO] [OPT-EXP-DSGN - coordinate_ascent] [1/1] [t = 533] swapped,  f(S) = 1.03759
2021-02-05 16:26:05,643 [INFO] [OPT-EXP-DSGN - coordinate_ascent] [1/1] [t = 534] swapped,  f(S) = 1.03770
2021-02-05 16:26:05,933 [INFO] [OPT-EXP-DSGN - coordinate_ascent] [1/1] [t = 535] swapped,  f(S) = 1.03787
2021-02-05 16:26:09,684 [INFO] [OPT-EXP-DSGN - coordinate_ascent] [1/1] [t = 536] swapped,  f(S) = 1.03787
2021-02-05 16:30:30,673 [INFO] [OPT-EXP-DSGN - coordinate_ascent] [1/1] [t = 537] swapped,  f(S) = 1.03788
2021-02-05 16:30:32,403 [INFO] [OPT-EXP-DSGN - coordinate_ascent] [1/1] [t = 538] swapped,  f(S) = 1.03814
2021-02-05 16:31:46,818 [INFO] [OPT-EXP-DSGN - coordinate_ascent] [1/1] [t = 539] swapped,  f(S) = 1.03820
2021-02-05 16:40:18,451 [INFO] [OPT-EXP-DSGN - coordinate_ascent] [1/1] [t = 540] swapped,  f(S) = 1.03828
2021-02-05 16:40:21,764 [INFO] [OPT-EXP-DSGN - coordinate_ascent] [1/1] [t = 541] swapped,  f(S) = 1.03864
2021-02-05 16:40:22,056 [INFO] [OPT-EXP-DSGN - coordinate_ascent] [1/1] [t = 542] swapped,  f(S) = 1.03865
2021-02-05 16:40:22,346 [INFO] [OPT-EXP-DSGN - coordinate_ascent] [1/1] [t = 543] swapped,  f(S) = 1.03879
2021-02-05 16:40:23,496 [INFO] [OPT-EXP-DSGN - coordinate_ascent] [1/1] [t = 544] swapped,  f(S) = 1.03879
2021-02-05 16:40:29,809 [INFO] [OPT-EXP-DSGN - coordinate_ascent] [1/1] [t = 545] swapped,  f(S) = 1.03882
2021-02-05 16:40:31,819 [INFO] [OPT-EXP-DSGN - coordinate_ascent] [1/1] [t = 546] swapped,  f(S) = 1.03891
2021-02-05 16:43:46,115 [INFO] [OPT-EXP-DSGN - coordinate_ascent] [1/1] [t = 547] swapped,  f(S) = 1.03909
2021-02-05 16:43:46,691 [INFO] [OPT-EXP-DSGN - coordinate_ascent] [1/1] [t = 548] swapped,  f(S) = 1.03930
2021-02-05 16:43:47,554 [INFO] [OPT-EXP-DSGN - coordinate_ascent] [1/1] [t = 549] swapped,  f(S) = 1.03940
2021-02-05 16:43:48,703 [INFO] [OPT-EXP-DSGN - coordinate_ascent] [1/1] [t = 550] swapped,  f(S) = 1.03946
2021-02-05 16:49:42,890 [INFO] [OPT-EXP-DSGN - coordinate_ascent] [1/1] [t = 551] swapped,  f(S) = 1.03951
2021-02-05 16:49:44,038 [INFO] [OPT-EXP-DSGN - coordinate_ascent] [1/1] [t = 552] swapped,  f(S) = 1.03955
2021-02-05 16:59:00,827 [INFO] [OPT-EXP-DSGN - coordinate_ascent] [1/1] [t = 553] swapped,  f(S) = 1.03957
2021-02-05 16:59:11,164 [INFO] [OPT-EXP-DSGN - coordinate_ascent] [1/1] [t = 554] swapped,  f(S) = 1.03963
2021-02-05 16:59:23,503 [INFO] [OPT-EXP-DSGN - coordinate_ascent] [1/1] [t = 555] swapped,  f(S) = 1.03972
2021-02-05 16:59:23,790 [INFO] [OPT-EXP-DSGN - coordinate_ascent] [1/1] [t = 556] swapped,  f(S) = 1.03975
2021-02-05 16:59:25,799 [INFO] [OPT-EXP-DSGN - coordinate_ascent] [1/1] [t = 557] swapped,  f(S) = 1.03983
2021-02-05 16:59:27,523 [INFO] [OPT-EXP-DSGN - coordinate_ascent] [1/1] [t = 558] swapped,  f(S) = 1.03995
2021-02-05 16:59:28,099 [INFO] [OPT-EXP-DSGN - coordinate_ascent] [1/1] [t = 559] swapped,  f(S) = 1.04003
2021-02-05 16:59:30,680 [INFO] [OPT-EXP-DSGN - coordinate_ascent] [1/1] [t = 560] swapped,  f(S) = 1.04008
2021-02-05 17:00:17,168 [INFO] [OPT-EXP-DSGN - coordinate_ascent] [1/1] [t = 561] swapped,  f(S) = 1.04017
2021-02-05 17:00:21,186 [INFO] [OPT-EXP-DSGN - coordinate_ascent] [1/1] [t = 562] swapped,  f(S) = 1.04020
2021-02-05 17:00:21,475 [INFO] [OPT-EXP-DSGN - coordinate_ascent] [1/1] [t = 563] swapped,  f(S) = 1.04021
2021-02-05 17:00:23,200 [INFO] [OPT-EXP-DSGN - coordinate_ascent] [1/1] [t = 564] swapped,  f(S) = 1.04031
2021-02-05 17:00:25,786 [INFO] [OPT-EXP-DSGN - coordinate_ascent] [1/1] [t = 565] swapped,  f(S) = 1.04032
2021-02-05 17:00:28,084 [INFO] [OPT-EXP-DSGN - coordinate_ascent] [1/1] [t = 566] swapped,  f(S) = 1.04045
2021-02-05 17:00:28,660 [INFO] [OPT-EXP-DSGN - coordinate_ascent] [1/1] [t = 567] swapped,  f(S) = 1.04048
2021-02-05 17:00:29,236 [INFO] [OPT-EXP-DSGN - coordinate_ascent] [1/1] [t = 568] swapped,  f(S) = 1.04071
2021-02-05 17:00:30,098 [INFO] [OPT-EXP-DSGN - coordinate_ascent] [1/1] [t = 569] swapped,  f(S) = 1.04071
2021-02-05 17:00:45,600 [INFO] [OPT-EXP-DSGN - coordinate_ascent] [1/1] [t = 570] swapped,  f(S) = 1.04076
2021-02-05 17:00:54,788 [INFO] [OPT-EXP-DSGN - coordinate_ascent] [1/1] [t = 571] swapped,  f(S) = 1.04083
2021-02-05 17:00:55,653 [INFO] [OPT-EXP-DSGN - coordinate_ascent] [1/1] [t = 572] swapped,  f(S) = 1.04097
2021-02-05 17:00:57,951 [INFO] [OPT-EXP-DSGN - coordinate_ascent] [1/1] [t = 573] swapped,  f(S) = 1.04098
2021-02-05 17:01:08,286 [INFO] [OPT-EXP-DSGN - coordinate_ascent] [1/1] [t = 574] swapped,  f(S) = 1.04098
2021-02-05 17:01:39,896 [INFO] [OPT-EXP-DSGN - coordinate_ascent] [1/1] [t = 575] swapped,  f(S) = 1.04101
2021-02-05 17:04:19,259 [INFO] [OPT-EXP-DSGN - coordinate_ascent] [1/1] [t = 576] swapped,  f(S) = 1.04107
2021-02-05 17:04:21,275 [INFO] [OPT-EXP-DSGN - coordinate_ascent] [1/1] [t = 577] swapped,  f(S) = 1.04115
2021-02-05 17:04:22,428 [INFO] [OPT-EXP-DSGN - coordinate_ascent] [1/1] [t = 578] swapped,  f(S) = 1.04133
2021-02-05 17:04:27,033 [INFO] [OPT-EXP-DSGN - coordinate_ascent] [1/1] [t = 579] swapped,  f(S) = 1.04137
2021-02-05 17:04:59,512 [INFO] [OPT-EXP-DSGN - coordinate_ascent] [1/1] [t = 580] swapped,  f(S) = 1.04146
2021-02-05 17:06:15,306 [INFO] [OPT-EXP-DSGN - coordinate_ascent] [1/1] [t = 581] swapped,  f(S) = 1.04159
2021-02-05 17:06:16,180 [INFO] [OPT-EXP-DSGN - coordinate_ascent] [1/1] [t = 582] swapped,  f(S) = 1.04168
2021-02-05 17:06:17,055 [INFO] [OPT-EXP-DSGN - coordinate_ascent] [1/1] [t = 583] swapped,  f(S) = 1.04177
2021-02-05 17:06:17,930 [INFO] [OPT-EXP-DSGN - coordinate_ascent] [1/1] [t = 584] swapped,  f(S) = 1.04180
2021-02-05 17:07:43,216 [INFO] [OPT-EXP-DSGN - coordinate_ascent] [1/1] [t = 585] swapped,  f(S) = 1.04184
2021-02-05 17:08:26,870 [INFO] [OPT-EXP-DSGN - coordinate_ascent] [1/1] [t = 586] swapped,  f(S) = 1.04193
2021-02-05 17:08:32,614 [INFO] [OPT-EXP-DSGN - coordinate_ascent] [1/1] [t = 587] swapped,  f(S) = 1.04196
2021-02-05 17:08:48,683 [INFO] [OPT-EXP-DSGN - coordinate_ascent] [1/1] [t = 588] swapped,  f(S) = 1.04211
2021-02-05 17:08:49,258 [INFO] [OPT-EXP-DSGN - coordinate_ascent] [1/1] [t = 589] swapped,  f(S) = 1.04214
2021-02-05 17:08:49,547 [INFO] [OPT-EXP-DSGN - coordinate_ascent] [1/1] [t = 590] swapped,  f(S) = 1.04216
2021-02-05 17:08:49,836 [INFO] [OPT-EXP-DSGN - coordinate_ascent] [1/1] [t = 591] swapped,  f(S) = 1.04219
2021-02-05 17:08:52,134 [INFO] [OPT-EXP-DSGN - coordinate_ascent] [1/1] [t = 592] swapped,  f(S) = 1.04223
2021-02-05 17:08:53,284 [INFO] [OPT-EXP-DSGN - coordinate_ascent] [1/1] [t = 593] swapped,  f(S) = 1.04227
2021-02-05 17:09:02,184 [INFO] [OPT-EXP-DSGN - coordinate_ascent] [1/1] [t = 594] swapped,  f(S) = 1.04245
2021-02-05 17:09:03,046 [INFO] [OPT-EXP-DSGN - coordinate_ascent] [1/1] [t = 595] swapped,  f(S) = 1.04255
2021-02-05 17:09:05,626 [INFO] [OPT-EXP-DSGN - coordinate_ascent] [1/1] [t = 596] swapped,  f(S) = 1.04262
2021-02-05 17:13:29,248 [INFO] [OPT-EXP-DSGN - coordinate_ascent] [1/1] [t = 597] swapped,  f(S) = 1.04262
2021-02-05 17:13:33,265 [INFO] [OPT-EXP-DSGN - coordinate_ascent] [1/1] [t = 598] swapped,  f(S) = 1.04263
2021-02-05 17:13:33,554 [INFO] [OPT-EXP-DSGN - coordinate_ascent] [1/1] [t = 599] swapped,  f(S) = 1.04285
2021-02-05 17:13:34,130 [INFO] [OPT-EXP-DSGN - coordinate_ascent] [1/1] [t = 600] swapped,  f(S) = 1.04290
2021-02-05 17:13:34,419 [INFO] [OPT-EXP-DSGN - coordinate_ascent] [1/1] [t = 601] swapped,  f(S) = 1.04292
2021-02-05 17:13:34,708 [INFO] [OPT-EXP-DSGN - coordinate_ascent] [1/1] [t = 602] swapped,  f(S) = 1.04295
2021-02-05 17:20:27,571 [INFO] [OPT-EXP-DSGN - coordinate_ascent] [1/1] [t = 603] swapped,  f(S) = 1.04296
2021-02-05 17:20:32,452 [INFO] [OPT-EXP-DSGN - coordinate_ascent] [1/1] [t = 604] swapped,  f(S) = 1.04297
2021-02-05 17:34:24,050 [INFO] [OPT-EXP-DSGN - coordinate_ascent] [1/1] [t = 605] swapped,  f(S) = 1.04307
2021-02-05 17:54:18,000 [INFO] [OPT-EXP-DSGN - coordinate_ascent] [1/1] [t = 606] swapped,  f(S) = 1.04331
2021-02-05 17:55:34,179 [INFO] [OPT-EXP-DSGN - coordinate_ascent] [1/1] [t = 607] swapped,  f(S) = 1.04334
2021-02-05 17:55:34,469 [INFO] [OPT-EXP-DSGN - coordinate_ascent] [1/1] [t = 608] swapped,  f(S) = 1.04380
2021-02-05 17:55:34,759 [INFO] [OPT-EXP-DSGN - coordinate_ascent] [1/1] [t = 609] swapped,  f(S) = 1.04394
2021-02-05 17:55:36,206 [INFO] [OPT-EXP-DSGN - coordinate_ascent] [1/1] [t = 610] swapped,  f(S) = 1.04405
2021-02-05 17:55:37,654 [INFO] [OPT-EXP-DSGN - coordinate_ascent] [1/1] [t = 611] swapped,  f(S) = 1.04411
2021-02-05 17:55:38,522 [INFO] [OPT-EXP-DSGN - coordinate_ascent] [1/1] [t = 612] swapped,  f(S) = 1.04418
2021-02-05 17:55:39,100 [INFO] [OPT-EXP-DSGN - coordinate_ascent] [1/1] [t = 613] swapped,  f(S) = 1.04423
