My SLURM_ARRAY_TASK_ID:  234
Running model albert-xxlarge-v2
Running dataset coca_spok_filter_punct_10K_sample_5
Running average_mode True
2021-03-22 09:12:32.706334: I tensorflow/stream_executor/platform/default/dso_loader.cc:48] Successfully opened dynamic library libcudart.so.10.1
/usr/local/lib/python3.7/site-packages/xarray/core/merge.py:16: FutureWarning: The Panel class is removed from pandas. Accessing it from the top-level namespace will also be removed in the next version
  PANDAS_TYPES = (pd.Series, pd.DataFrame, pd.Panel)
/usr/local/lib/python3.7/site-packages/brainio_base/assemblies.py:224: FutureWarning: The inplace argument has been deprecated and will be removed in a future version of xarray.
  xr_data.set_index(append=True, inplace=True, **coords_d)
0it [00:00, ?it/s]1111it [00:00, 265051.58it/s]
0it [00:00, ?it/s]1111it [00:00, 259011.27it/s]
0it [00:00, ?it/s]1111it [00:00, 256346.78it/s]
0it [00:00, ?it/s]1111it [00:00, 252745.66it/s]
0it [00:00, ?it/s]1111it [00:00, 253584.66it/s]
0it [00:00, ?it/s]1111it [00:00, 255167.66it/s]
0it [00:00, ?it/s]1111it [00:00, 256177.67it/s]
0it [00:00, ?it/s]1111it [00:00, 247536.35it/s]
0it [00:00, ?it/s]1112it [00:00, 246671.57it/s]
layers:   0%|          | 0/13 [00:00<?, ?it/s]layers: 100%|██████████| 13/13 [00:00<00:00, 2051.85it/s]
Loading lookup from /usr/local/lib/python3.7/site-packages/brainio_collection/lookup.csv
albert-xxlarge-v2

coca_spok_filter_punct_10K_sample_5

True

loading /om/user/ehoseini/MyData/COCA_corpus/parsed/coca_spok_data_filter_ngram_punct_10K_sample_5.pkl
coca_spok_filter_punct_10K_sample_5_albert-xxlarge-v2_layer_0_activation is missing groups!
coca_spok_filter_punct_10K_sample_5_albert-xxlarge-v2_layer_0_activation is missing groups!
coca_spok_filter_punct_10K_sample_5_albert-xxlarge-v2_layer_0_activation is missing groups!
coca_spok_filter_punct_10K_sample_5_albert-xxlarge-v2_layer_0_activation is missing groups!
coca_spok_filter_punct_10K_sample_5_albert-xxlarge-v2_layer_0_activation is missing groups!
coca_spok_filter_punct_10K_sample_5_albert-xxlarge-v2_layer_0_activation is missing groups!
coca_spok_filter_punct_10K_sample_5_albert-xxlarge-v2_layer_0_activation is missing groups!
coca_spok_filter_punct_10K_sample_5_albert-xxlarge-v2_layer_0_activation is missing groups!
coca_spok_filter_punct_10K_sample_5_albert-xxlarge-v2_layer_0_activation is missing groups!
coca_spok_filter_punct_10K_sample_5_albert-xxlarge-v2_layer_0_activation is missing groups!
coca_spok_filter_punct_10K_sample_5_albert-xxlarge-v2_layer_0_activation is missing groups!
coca_spok_filter_punct_10K_sample_5_albert-xxlarge-v2_layer_0_activation is missing groups!
coca_spok_filter_punct_10K_sample_5_albert-xxlarge-v2_layer_0_activation is missing groups!
