My SLURM_ARRAY_TASK_ID:  188
Running model t5-11b
Running dataset coca_spok_filter_punct_10K_sample_4
Running average_mode None
2021-03-22 08:52:55.625847: I tensorflow/stream_executor/platform/default/dso_loader.cc:48] Successfully opened dynamic library libcudart.so.10.1
/usr/local/lib/python3.7/site-packages/xarray/core/merge.py:16: FutureWarning: The Panel class is removed from pandas. Accessing it from the top-level namespace will also be removed in the next version
  PANDAS_TYPES = (pd.Series, pd.DataFrame, pd.Panel)
/usr/local/lib/python3.7/site-packages/brainio_base/assemblies.py:224: FutureWarning: The inplace argument has been deprecated and will be removed in a future version of xarray.
  xr_data.set_index(append=True, inplace=True, **coords_d)
0it [00:00, ?it/s]1111it [00:00, 206088.71it/s]
0it [00:00, ?it/s]1111it [00:00, 195431.63it/s]
0it [00:00, ?it/s]1111it [00:00, 198174.35it/s]
0it [00:00, ?it/s]1111it [00:00, 196403.60it/s]
0it [00:00, ?it/s]1111it [00:00, 192548.73it/s]
0it [00:00, ?it/s]1111it [00:00, 198098.53it/s]
0it [00:00, ?it/s]1111it [00:00, 196544.42it/s]
0it [00:00, ?it/s]1111it [00:00, 192246.86it/s]
0it [00:00, ?it/s]1112it [00:00, 190580.07it/s]
layers:   0%|          | 0/25 [00:00<?, ?it/s]layers: 100%|██████████| 25/25 [00:00<00:00, 2172.63it/s]
Loading lookup from /usr/local/lib/python3.7/site-packages/brainio_collection/lookup.csv
t5-11b

coca_spok_filter_punct_10K_sample_4

None

loading /om/user/ehoseini/MyData/COCA_corpus/parsed/coca_spok_data_filter_ngram_punct_10K_sample_4.pkl
coca_spok_filter_punct_10K_sample_4_t5-11b_layer_0_activation is missing groups!
coca_spok_filter_punct_10K_sample_4_t5-11b_layer_0_activation is missing groups!
coca_spok_filter_punct_10K_sample_4_t5-11b_layer_0_activation is missing groups!
coca_spok_filter_punct_10K_sample_4_t5-11b_layer_0_activation is missing groups!
coca_spok_filter_punct_10K_sample_4_t5-11b_layer_0_activation is missing groups!
coca_spok_filter_punct_10K_sample_4_t5-11b_layer_0_activation is missing groups!
coca_spok_filter_punct_10K_sample_4_t5-11b_layer_0_activation is missing groups!
coca_spok_filter_punct_10K_sample_4_t5-11b_layer_0_activation is missing groups!
coca_spok_filter_punct_10K_sample_4_t5-11b_layer_0_activation is missing groups!
coca_spok_filter_punct_10K_sample_4_t5-11b_layer_0_activation is missing groups!
coca_spok_filter_punct_10K_sample_4_t5-11b_layer_0_activation is missing groups!
coca_spok_filter_punct_10K_sample_4_t5-11b_layer_0_activation is missing groups!
coca_spok_filter_punct_10K_sample_4_t5-11b_layer_0_activation is missing groups!
coca_spok_filter_punct_10K_sample_4_t5-11b_layer_0_activation is missing groups!
coca_spok_filter_punct_10K_sample_4_t5-11b_layer_0_activation is missing groups!
coca_spok_filter_punct_10K_sample_4_t5-11b_layer_0_activation is missing groups!
coca_spok_filter_punct_10K_sample_4_t5-11b_layer_0_activation is missing groups!
coca_spok_filter_punct_10K_sample_4_t5-11b_layer_0_activation is missing groups!
coca_spok_filter_punct_10K_sample_4_t5-11b_layer_0_activation is missing groups!
coca_spok_filter_punct_10K_sample_4_t5-11b_layer_0_activation is missing groups!
coca_spok_filter_punct_10K_sample_4_t5-11b_layer_0_activation is missing groups!
coca_spok_filter_punct_10K_sample_4_t5-11b_layer_0_activation is missing groups!
coca_spok_filter_punct_10K_sample_4_t5-11b_layer_0_activation is missing groups!
coca_spok_filter_punct_10K_sample_4_t5-11b_layer_0_activation is missing groups!
coca_spok_filter_punct_10K_sample_4_t5-11b_layer_0_activation is missing groups!
