My SLURM_ARRAY_TASK_ID:  3
Running extraction: group=best_performing_pereira_4-dataset=ud_sentencez_token_filter_v3-activation-bench=None-ave=False
Running optimiation: coordinate_ascent-obj=D_s-n_iter=10000-n_samples=300-n_init=1
2021-01-22 18:37:12.380956: I tensorflow/stream_executor/platform/default/dso_loader.cc:48] Successfully opened dynamic library libcudart.so.10.1
/usr/local/lib/python3.7/site-packages/xarray/core/merge.py:16: FutureWarning: The Panel class is removed from pandas. Accessing it from the top-level namespace will also be removed in the next version
  PANDAS_TYPES = (pd.Series, pd.DataFrame, pd.Panel)
/usr/local/lib/python3.7/site-packages/brainio_base/assemblies.py:224: FutureWarning: The inplace argument has been deprecated and will be removed in a future version of xarray.
  xr_data.set_index(append=True, inplace=True, **coords_d)
0it [00:00, ?it/s]934it [00:00, 219491.26it/s]
0it [00:00, ?it/s]934it [00:00, 218438.72it/s]
0it [00:00, ?it/s]935it [00:00, 214065.19it/s]
0it [00:00, ?it/s]934it [00:00, 214915.51it/s]
0it [00:00, ?it/s]934it [00:00, 209524.52it/s]
0it [00:00, ?it/s]935it [00:00, 215192.84it/s]
0it [00:00, ?it/s]934it [00:00, 202652.73it/s]
0it [00:00, ?it/s]934it [00:00, 211241.84it/s]
0it [00:00, ?it/s]935it [00:00, 214322.56it/s]
2021-01-22 18:37:37,926 [INFO] [OPT-EXP-DSGN - coordinate_ascent] ===> Starting init 0, initial f(S) = 0.91254
2021-01-22 18:37:38,328 [INFO] [OPT-EXP-DSGN - coordinate_ascent] [1/1] [t = 1] swapped,  f(S) = 0.91297
2021-01-22 18:37:45,331 [INFO] [OPT-EXP-DSGN - coordinate_ascent] [1/1] [t = 2] swapped,  f(S) = 0.91314
2021-01-22 18:38:28,718 [INFO] [OPT-EXP-DSGN - coordinate_ascent] [1/1] [t = 3] swapped,  f(S) = 0.91402
2021-01-22 18:38:29,087 [INFO] [OPT-EXP-DSGN - coordinate_ascent] [1/1] [t = 4] swapped,  f(S) = 0.91459
2021-01-22 18:38:31,769 [INFO] [OPT-EXP-DSGN - coordinate_ascent] [1/1] [t = 5] swapped,  f(S) = 0.91469
2021-01-22 18:38:32,143 [INFO] [OPT-EXP-DSGN - coordinate_ascent] [1/1] [t = 6] swapped,  f(S) = 0.91476
2021-01-22 18:38:32,510 [INFO] [OPT-EXP-DSGN - coordinate_ascent] [1/1] [t = 7] swapped,  f(S) = 0.91488
2021-01-22 18:38:32,844 [INFO] [OPT-EXP-DSGN - coordinate_ascent] [1/1] [t = 8] swapped,  f(S) = 0.91533
2021-01-22 18:38:33,242 [INFO] [OPT-EXP-DSGN - coordinate_ascent] [1/1] [t = 9] swapped,  f(S) = 0.91563
2021-01-22 18:38:34,046 [INFO] [OPT-EXP-DSGN - coordinate_ascent] [1/1] [t = 10] swapped,  f(S) = 0.91575
2021-01-22 18:38:36,373 [INFO] [OPT-EXP-DSGN - coordinate_ascent] [1/1] [t = 11] swapped,  f(S) = 0.91599
2021-01-22 18:38:36,763 [INFO] [OPT-EXP-DSGN - coordinate_ascent] [1/1] [t = 12] swapped,  f(S) = 0.91625
2021-01-22 18:38:37,126 [INFO] [OPT-EXP-DSGN - coordinate_ascent] [1/1] [t = 13] swapped,  f(S) = 0.91686
2021-01-22 18:38:37,499 [INFO] [OPT-EXP-DSGN - coordinate_ascent] [1/1] [t = 14] swapped,  f(S) = 0.91690
2021-01-22 18:38:38,255 [INFO] [OPT-EXP-DSGN - coordinate_ascent] [1/1] [t = 15] swapped,  f(S) = 0.91794
2021-01-22 18:38:38,655 [INFO] [OPT-EXP-DSGN - coordinate_ascent] [1/1] [t = 16] swapped,  f(S) = 0.91889
2021-01-22 18:38:42,321 [INFO] [OPT-EXP-DSGN - coordinate_ascent] [1/1] [t = 17] swapped,  f(S) = 0.91916
2021-01-22 18:38:42,659 [INFO] [OPT-EXP-DSGN - coordinate_ascent] [1/1] [t = 18] swapped,  f(S) = 0.92037
2021-01-22 18:38:43,405 [INFO] [OPT-EXP-DSGN - coordinate_ascent] [1/1] [t = 19] swapped,  f(S) = 0.92066
2021-01-22 18:38:43,765 [INFO] [OPT-EXP-DSGN - coordinate_ascent] [1/1] [t = 20] swapped,  f(S) = 0.92183
2021-01-22 18:38:47,515 [INFO] [OPT-EXP-DSGN - coordinate_ascent] [1/1] [t = 21] swapped,  f(S) = 0.92208
2021-01-22 18:38:48,318 [INFO] [OPT-EXP-DSGN - coordinate_ascent] [1/1] [t = 22] swapped,  f(S) = 0.92223
2021-01-22 18:38:48,721 [INFO] [OPT-EXP-DSGN - coordinate_ascent] [1/1] [t = 23] swapped,  f(S) = 0.92228
2021-01-22 18:38:50,629 [INFO] [OPT-EXP-DSGN - coordinate_ascent] [1/1] [t = 24] swapped,  f(S) = 0.92269
2021-01-22 18:38:51,388 [INFO] [OPT-EXP-DSGN - coordinate_ascent] [1/1] [t = 25] swapped,  f(S) = 0.92275
2021-01-22 18:38:51,771 [INFO] [OPT-EXP-DSGN - coordinate_ascent] [1/1] [t = 26] swapped,  f(S) = 0.92311
2021-01-22 18:38:53,672 [INFO] [OPT-EXP-DSGN - coordinate_ascent] [1/1] [t = 27] swapped,  f(S) = 0.92333
2021-01-22 18:38:54,052 [INFO] [OPT-EXP-DSGN - coordinate_ascent] [1/1] [t = 28] swapped,  f(S) = 0.92427
2021-01-22 18:38:54,446 [INFO] [OPT-EXP-DSGN - coordinate_ascent] [1/1] [t = 29] swapped,  f(S) = 0.92448
2021-01-22 18:38:54,840 [INFO] [OPT-EXP-DSGN - coordinate_ascent] [1/1] [t = 30] swapped,  f(S) = 0.92465
2021-01-22 18:38:55,616 [INFO] [OPT-EXP-DSGN - coordinate_ascent] [1/1] [t = 31] swapped,  f(S) = 0.92481
2021-01-22 18:38:56,001 [INFO] [OPT-EXP-DSGN - coordinate_ascent] [1/1] [t = 32] swapped,  f(S) = 0.92612
2021-01-22 18:38:56,405 [INFO] [OPT-EXP-DSGN - coordinate_ascent] [1/1] [t = 33] swapped,  f(S) = 0.92672
2021-01-22 18:39:09,465 [INFO] [OPT-EXP-DSGN - coordinate_ascent] [1/1] [t = 34] swapped,  f(S) = 0.92686
2021-01-22 18:39:09,868 [INFO] [OPT-EXP-DSGN - coordinate_ascent] [1/1] [t = 35] swapped,  f(S) = 0.92714
2021-01-22 18:39:10,673 [INFO] [OPT-EXP-DSGN - coordinate_ascent] [1/1] [t = 36] swapped,  f(S) = 0.92728
2021-01-22 18:39:11,062 [INFO] [OPT-EXP-DSGN - coordinate_ascent] [1/1] [t = 37] swapped,  f(S) = 0.92732
2021-01-22 18:39:11,443 [INFO] [OPT-EXP-DSGN - coordinate_ascent] [1/1] [t = 38] swapped,  f(S) = 0.92838
2021-01-22 18:39:11,819 [INFO] [OPT-EXP-DSGN - coordinate_ascent] [1/1] [t = 39] swapped,  f(S) = 0.93070
2021-01-22 18:39:12,193 [INFO] [OPT-EXP-DSGN - coordinate_ascent] [1/1] [t = 40] swapped,  f(S) = 0.93079
2021-01-22 18:39:13,365 [INFO] [OPT-EXP-DSGN - coordinate_ascent] [1/1] [t = 41] swapped,  f(S) = 0.93108
2021-01-22 18:39:16,876 [INFO] [OPT-EXP-DSGN - coordinate_ascent] [1/1] [t = 42] swapped,  f(S) = 0.93175
2021-01-22 18:39:20,757 [INFO] [OPT-EXP-DSGN - coordinate_ascent] [1/1] [t = 43] swapped,  f(S) = 0.93176
2021-01-22 18:39:21,893 [INFO] [OPT-EXP-DSGN - coordinate_ascent] [1/1] [t = 44] swapped,  f(S) = 0.93178
2021-01-22 18:39:22,271 [INFO] [OPT-EXP-DSGN - coordinate_ascent] [1/1] [t = 45] swapped,  f(S) = 0.93253
2021-01-22 18:39:23,051 [INFO] [OPT-EXP-DSGN - coordinate_ascent] [1/1] [t = 46] swapped,  f(S) = 0.93260
2021-01-22 18:39:24,652 [INFO] [OPT-EXP-DSGN - coordinate_ascent] [1/1] [t = 47] swapped,  f(S) = 0.93420
2021-01-22 18:39:25,053 [INFO] [OPT-EXP-DSGN - coordinate_ascent] [1/1] [t = 48] swapped,  f(S) = 0.93468
2021-01-22 18:39:25,855 [INFO] [OPT-EXP-DSGN - coordinate_ascent] [1/1] [t = 49] swapped,  f(S) = 0.93509
2021-01-22 18:39:27,064 [INFO] [OPT-EXP-DSGN - coordinate_ascent] [1/1] [t = 50] swapped,  f(S) = 0.93549
2021-01-22 18:39:27,465 [INFO] [OPT-EXP-DSGN - coordinate_ascent] [1/1] [t = 51] swapped,  f(S) = 0.93589
2021-01-22 18:39:42,645 [INFO] [OPT-EXP-DSGN - coordinate_ascent] [1/1] [t = 52] swapped,  f(S) = 0.93594
2021-01-22 18:39:45,432 [INFO] [OPT-EXP-DSGN - coordinate_ascent] [1/1] [t = 53] swapped,  f(S) = 0.93600
2021-01-22 18:39:47,039 [INFO] [OPT-EXP-DSGN - coordinate_ascent] [1/1] [t = 54] swapped,  f(S) = 0.93696
2021-01-22 18:39:49,052 [INFO] [OPT-EXP-DSGN - coordinate_ascent] [1/1] [t = 55] swapped,  f(S) = 0.93705
2021-01-22 18:39:50,644 [INFO] [OPT-EXP-DSGN - coordinate_ascent] [1/1] [t = 56] swapped,  f(S) = 0.93713
2021-01-22 18:40:02,238 [INFO] [OPT-EXP-DSGN - coordinate_ascent] [1/1] [t = 57] swapped,  f(S) = 0.93715
2021-01-22 18:40:03,053 [INFO] [OPT-EXP-DSGN - coordinate_ascent] [1/1] [t = 58] swapped,  f(S) = 0.93736
2021-01-22 18:40:03,459 [INFO] [OPT-EXP-DSGN - coordinate_ascent] [1/1] [t = 59] swapped,  f(S) = 0.93758
2021-01-22 18:40:06,648 [INFO] [OPT-EXP-DSGN - coordinate_ascent] [1/1] [t = 60] swapped,  f(S) = 0.93758
2021-01-22 18:40:07,048 [INFO] [OPT-EXP-DSGN - coordinate_ascent] [1/1] [t = 61] swapped,  f(S) = 0.93772
2021-01-22 18:40:33,168 [INFO] [OPT-EXP-DSGN - coordinate_ascent] [1/1] [t = 62] swapped,  f(S) = 0.93800
2021-01-22 18:40:33,527 [INFO] [OPT-EXP-DSGN - coordinate_ascent] [1/1] [t = 63] swapped,  f(S) = 0.94138
2021-01-22 18:40:39,218 [INFO] [OPT-EXP-DSGN - coordinate_ascent] [1/1] [t = 64] swapped,  f(S) = 0.94140
2021-01-22 18:40:40,290 [INFO] [OPT-EXP-DSGN - coordinate_ascent] [1/1] [t = 65] swapped,  f(S) = 0.94156
2021-01-22 18:40:40,989 [INFO] [OPT-EXP-DSGN - coordinate_ascent] [1/1] [t = 66] swapped,  f(S) = 0.94185
2021-01-22 18:40:41,696 [INFO] [OPT-EXP-DSGN - coordinate_ascent] [1/1] [t = 67] swapped,  f(S) = 0.94211
2021-01-22 18:40:42,069 [INFO] [OPT-EXP-DSGN - coordinate_ascent] [1/1] [t = 68] swapped,  f(S) = 0.94255
2021-01-22 18:40:43,204 [INFO] [OPT-EXP-DSGN - coordinate_ascent] [1/1] [t = 69] swapped,  f(S) = 0.94280
2021-01-22 18:40:44,329 [INFO] [OPT-EXP-DSGN - coordinate_ascent] [1/1] [t = 70] swapped,  f(S) = 0.94330
2021-01-22 18:40:44,686 [INFO] [OPT-EXP-DSGN - coordinate_ascent] [1/1] [t = 71] swapped,  f(S) = 0.94344
2021-01-22 18:40:48,904 [INFO] [OPT-EXP-DSGN - coordinate_ascent] [1/1] [t = 72] swapped,  f(S) = 0.94393
2021-01-22 18:40:49,252 [INFO] [OPT-EXP-DSGN - coordinate_ascent] [1/1] [t = 73] swapped,  f(S) = 0.94448
2021-01-22 18:40:49,593 [INFO] [OPT-EXP-DSGN - coordinate_ascent] [1/1] [t = 74] swapped,  f(S) = 0.94449
2021-01-22 18:44:24,326 [INFO] [OPT-EXP-DSGN - coordinate_ascent] [1/1] [t = 75] swapped,  f(S) = 0.94458
2021-01-22 18:44:25,124 [INFO] [OPT-EXP-DSGN - coordinate_ascent] [1/1] [t = 76] swapped,  f(S) = 0.94462
2021-01-22 18:44:25,901 [INFO] [OPT-EXP-DSGN - coordinate_ascent] [1/1] [t = 77] swapped,  f(S) = 0.94541
2021-01-22 18:44:58,221 [INFO] [OPT-EXP-DSGN - coordinate_ascent] [1/1] [t = 78] swapped,  f(S) = 0.94554
2021-01-22 18:44:58,597 [INFO] [OPT-EXP-DSGN - coordinate_ascent] [1/1] [t = 79] swapped,  f(S) = 0.94591
2021-01-22 18:44:59,385 [INFO] [OPT-EXP-DSGN - coordinate_ascent] [1/1] [t = 80] swapped,  f(S) = 0.94592
2021-01-22 18:44:59,788 [INFO] [OPT-EXP-DSGN - coordinate_ascent] [1/1] [t = 81] swapped,  f(S) = 0.94677
2021-01-22 18:45:00,191 [INFO] [OPT-EXP-DSGN - coordinate_ascent] [1/1] [t = 82] swapped,  f(S) = 0.94695
2021-01-22 18:45:00,543 [INFO] [OPT-EXP-DSGN - coordinate_ascent] [1/1] [t = 83] swapped,  f(S) = 0.94696
2021-01-22 18:45:00,938 [INFO] [OPT-EXP-DSGN - coordinate_ascent] [1/1] [t = 84] swapped,  f(S) = 0.94707
2021-01-22 18:45:03,343 [INFO] [OPT-EXP-DSGN - coordinate_ascent] [1/1] [t = 85] swapped,  f(S) = 0.94741
2021-01-22 18:45:03,749 [INFO] [OPT-EXP-DSGN - coordinate_ascent] [1/1] [t = 86] swapped,  f(S) = 0.94785
2021-01-22 18:45:05,322 [INFO] [OPT-EXP-DSGN - coordinate_ascent] [1/1] [t = 87] swapped,  f(S) = 0.94797
2021-01-22 18:45:16,843 [INFO] [OPT-EXP-DSGN - coordinate_ascent] [1/1] [t = 88] swapped,  f(S) = 0.94835
2021-01-22 18:45:18,453 [INFO] [OPT-EXP-DSGN - coordinate_ascent] [1/1] [t = 89] swapped,  f(S) = 0.94843
2021-01-22 18:45:18,849 [INFO] [OPT-EXP-DSGN - coordinate_ascent] [1/1] [t = 90] swapped,  f(S) = 0.94982
2021-01-22 18:45:19,652 [INFO] [OPT-EXP-DSGN - coordinate_ascent] [1/1] [t = 91] swapped,  f(S) = 0.94994
2021-01-22 18:45:23,256 [INFO] [OPT-EXP-DSGN - coordinate_ascent] [1/1] [t = 92] swapped,  f(S) = 0.95026
2021-01-22 18:45:23,658 [INFO] [OPT-EXP-DSGN - coordinate_ascent] [1/1] [t = 93] swapped,  f(S) = 0.95084
2021-01-22 18:45:24,463 [INFO] [OPT-EXP-DSGN - coordinate_ascent] [1/1] [t = 94] swapped,  f(S) = 0.95106
2021-01-22 18:45:24,864 [INFO] [OPT-EXP-DSGN - coordinate_ascent] [1/1] [t = 95] swapped,  f(S) = 0.95200
2021-01-22 18:45:25,264 [INFO] [OPT-EXP-DSGN - coordinate_ascent] [1/1] [t = 96] swapped,  f(S) = 0.95292
2021-01-22 18:45:28,878 [INFO] [OPT-EXP-DSGN - coordinate_ascent] [1/1] [t = 97] swapped,  f(S) = 0.95320
2021-01-22 18:45:29,680 [INFO] [OPT-EXP-DSGN - coordinate_ascent] [1/1] [t = 98] swapped,  f(S) = 0.95341
2021-01-22 18:45:30,080 [INFO] [OPT-EXP-DSGN - coordinate_ascent] [1/1] [t = 99] swapped,  f(S) = 0.95386
2021-01-22 18:45:31,262 [INFO] [OPT-EXP-DSGN - coordinate_ascent] [1/1] [t = 100] swapped,  f(S) = 0.95404
2021-01-22 18:45:31,666 [INFO] [OPT-EXP-DSGN - coordinate_ascent] [1/1] [t = 101] swapped,  f(S) = 0.95436
2021-01-22 18:45:32,069 [INFO] [OPT-EXP-DSGN - coordinate_ascent] [1/1] [t = 102] swapped,  f(S) = 0.95490
2021-01-22 18:45:32,472 [INFO] [OPT-EXP-DSGN - coordinate_ascent] [1/1] [t = 103] swapped,  f(S) = 0.95503
2021-01-22 18:45:33,278 [INFO] [OPT-EXP-DSGN - coordinate_ascent] [1/1] [t = 104] swapped,  f(S) = 0.95524
2021-01-22 18:45:33,681 [INFO] [OPT-EXP-DSGN - coordinate_ascent] [1/1] [t = 105] swapped,  f(S) = 0.95577
2021-01-22 18:45:38,477 [INFO] [OPT-EXP-DSGN - coordinate_ascent] [1/1] [t = 106] swapped,  f(S) = 0.95586
2021-01-22 18:45:38,880 [INFO] [OPT-EXP-DSGN - coordinate_ascent] [1/1] [t = 107] swapped,  f(S) = 0.95675
2021-01-22 18:45:39,305 [INFO] [OPT-EXP-DSGN - coordinate_ascent] [1/1] [t = 108] swapped,  f(S) = 0.95680
2021-01-22 18:45:43,730 [INFO] [OPT-EXP-DSGN - coordinate_ascent] [1/1] [t = 109] swapped,  f(S) = 0.95737
2021-01-22 18:45:44,129 [INFO] [OPT-EXP-DSGN - coordinate_ascent] [1/1] [t = 110] swapped,  f(S) = 0.95769
2021-01-22 18:45:44,934 [INFO] [OPT-EXP-DSGN - coordinate_ascent] [1/1] [t = 111] swapped,  f(S) = 0.95771
2021-01-22 18:46:02,809 [INFO] [OPT-EXP-DSGN - coordinate_ascent] [1/1] [t = 112] swapped,  f(S) = 0.95777
2021-01-22 18:46:07,249 [INFO] [OPT-EXP-DSGN - coordinate_ascent] [1/1] [t = 113] swapped,  f(S) = 0.95804
2021-01-22 18:46:10,850 [INFO] [OPT-EXP-DSGN - coordinate_ascent] [1/1] [t = 114] swapped,  f(S) = 0.95809
2021-01-22 18:46:11,253 [INFO] [OPT-EXP-DSGN - coordinate_ascent] [1/1] [t = 115] swapped,  f(S) = 0.95841
2021-01-22 18:46:12,056 [INFO] [OPT-EXP-DSGN - coordinate_ascent] [1/1] [t = 116] swapped,  f(S) = 0.95844
2021-01-22 18:46:12,459 [INFO] [OPT-EXP-DSGN - coordinate_ascent] [1/1] [t = 117] swapped,  f(S) = 0.95911
2021-01-22 18:46:16,461 [INFO] [OPT-EXP-DSGN - coordinate_ascent] [1/1] [t = 118] swapped,  f(S) = 0.95942
2021-01-22 18:46:17,268 [INFO] [OPT-EXP-DSGN - coordinate_ascent] [1/1] [t = 119] swapped,  f(S) = 0.95979
2021-01-22 18:46:24,448 [INFO] [OPT-EXP-DSGN - coordinate_ascent] [1/1] [t = 120] swapped,  f(S) = 0.96067
2021-01-22 18:46:24,850 [INFO] [OPT-EXP-DSGN - coordinate_ascent] [1/1] [t = 121] swapped,  f(S) = 0.96096
2021-01-22 18:46:25,640 [INFO] [OPT-EXP-DSGN - coordinate_ascent] [1/1] [t = 122] swapped,  f(S) = 0.96100
2021-01-22 18:46:28,848 [INFO] [OPT-EXP-DSGN - coordinate_ascent] [1/1] [t = 123] swapped,  f(S) = 0.96111
2021-01-22 18:46:29,654 [INFO] [OPT-EXP-DSGN - coordinate_ascent] [1/1] [t = 124] swapped,  f(S) = 0.96134
2021-01-22 18:46:30,056 [INFO] [OPT-EXP-DSGN - coordinate_ascent] [1/1] [t = 125] swapped,  f(S) = 0.96135
2021-01-22 18:46:32,065 [INFO] [OPT-EXP-DSGN - coordinate_ascent] [1/1] [t = 126] swapped,  f(S) = 0.96147
2021-01-22 18:46:40,522 [INFO] [OPT-EXP-DSGN - coordinate_ascent] [1/1] [t = 127] swapped,  f(S) = 0.96229
2021-01-22 18:46:43,636 [INFO] [OPT-EXP-DSGN - coordinate_ascent] [1/1] [t = 128] swapped,  f(S) = 0.96284
2021-01-22 18:46:44,038 [INFO] [OPT-EXP-DSGN - coordinate_ascent] [1/1] [t = 129] swapped,  f(S) = 0.96384
2021-01-22 18:46:52,063 [INFO] [OPT-EXP-DSGN - coordinate_ascent] [1/1] [t = 130] swapped,  f(S) = 0.96396
2021-01-22 18:46:52,459 [INFO] [OPT-EXP-DSGN - coordinate_ascent] [1/1] [t = 131] swapped,  f(S) = 0.96418
2021-01-22 18:46:52,861 [INFO] [OPT-EXP-DSGN - coordinate_ascent] [1/1] [t = 132] swapped,  f(S) = 0.96425
2021-01-22 18:47:16,599 [INFO] [OPT-EXP-DSGN - coordinate_ascent] [1/1] [t = 133] swapped,  f(S) = 0.96437
2021-01-22 18:47:17,319 [INFO] [OPT-EXP-DSGN - coordinate_ascent] [1/1] [t = 134] swapped,  f(S) = 0.96448
2021-01-22 18:47:18,120 [INFO] [OPT-EXP-DSGN - coordinate_ascent] [1/1] [t = 135] swapped,  f(S) = 0.96450
2021-01-22 18:47:18,524 [INFO] [OPT-EXP-DSGN - coordinate_ascent] [1/1] [t = 136] swapped,  f(S) = 0.96473
2021-01-22 18:47:19,732 [INFO] [OPT-EXP-DSGN - coordinate_ascent] [1/1] [t = 137] swapped,  f(S) = 0.96509
2021-01-22 18:47:22,542 [INFO] [OPT-EXP-DSGN - coordinate_ascent] [1/1] [t = 138] swapped,  f(S) = 0.96510
2021-01-22 18:47:24,540 [INFO] [OPT-EXP-DSGN - coordinate_ascent] [1/1] [t = 139] swapped,  f(S) = 0.96514
2021-01-22 18:47:25,746 [INFO] [OPT-EXP-DSGN - coordinate_ascent] [1/1] [t = 140] swapped,  f(S) = 0.96523
2021-01-22 18:47:26,150 [INFO] [OPT-EXP-DSGN - coordinate_ascent] [1/1] [t = 141] swapped,  f(S) = 0.96546
2021-01-22 18:58:59,706 [INFO] [OPT-EXP-DSGN - coordinate_ascent] [1/1] [t = 142] swapped,  f(S) = 0.96628
2021-01-22 18:59:24,431 [INFO] [OPT-EXP-DSGN - coordinate_ascent] [1/1] [t = 143] swapped,  f(S) = 0.96658
2021-01-22 18:59:24,832 [INFO] [OPT-EXP-DSGN - coordinate_ascent] [1/1] [t = 144] swapped,  f(S) = 0.96682
2021-01-22 18:59:25,235 [INFO] [OPT-EXP-DSGN - coordinate_ascent] [1/1] [t = 145] swapped,  f(S) = 0.96730
2021-01-22 18:59:25,633 [INFO] [OPT-EXP-DSGN - coordinate_ascent] [1/1] [t = 146] swapped,  f(S) = 0.96744
2021-01-22 19:02:40,992 [INFO] [OPT-EXP-DSGN - coordinate_ascent] [1/1] [t = 147] swapped,  f(S) = 0.96758
2021-01-22 19:02:41,382 [INFO] [OPT-EXP-DSGN - coordinate_ascent] [1/1] [t = 148] swapped,  f(S) = 0.96778
2021-01-22 19:02:54,356 [INFO] [OPT-EXP-DSGN - coordinate_ascent] [1/1] [t = 149] swapped,  f(S) = 0.96782
2021-01-22 19:02:58,218 [INFO] [OPT-EXP-DSGN - coordinate_ascent] [1/1] [t = 150] swapped,  f(S) = 0.96789
2021-01-22 19:02:59,402 [INFO] [OPT-EXP-DSGN - coordinate_ascent] [1/1] [t = 151] swapped,  f(S) = 0.96821
2021-01-22 19:03:00,569 [INFO] [OPT-EXP-DSGN - coordinate_ascent] [1/1] [t = 152] swapped,  f(S) = 0.96866
2021-01-22 19:03:00,939 [INFO] [OPT-EXP-DSGN - coordinate_ascent] [1/1] [t = 153] swapped,  f(S) = 0.96867
2021-01-22 19:03:04,293 [INFO] [OPT-EXP-DSGN - coordinate_ascent] [1/1] [t = 154] swapped,  f(S) = 0.96876
2021-01-22 19:03:08,870 [INFO] [OPT-EXP-DSGN - coordinate_ascent] [1/1] [t = 155] swapped,  f(S) = 0.96880
2021-01-22 19:03:09,272 [INFO] [OPT-EXP-DSGN - coordinate_ascent] [1/1] [t = 156] swapped,  f(S) = 0.96901
2021-01-22 19:03:09,671 [INFO] [OPT-EXP-DSGN - coordinate_ascent] [1/1] [t = 157] swapped,  f(S) = 0.96976
2021-01-22 19:03:11,211 [INFO] [OPT-EXP-DSGN - coordinate_ascent] [1/1] [t = 158] swapped,  f(S) = 0.97007
2021-01-22 19:03:11,605 [INFO] [OPT-EXP-DSGN - coordinate_ascent] [1/1] [t = 159] swapped,  f(S) = 0.97008
2021-01-22 19:03:21,384 [INFO] [OPT-EXP-DSGN - coordinate_ascent] [1/1] [t = 160] swapped,  f(S) = 0.97080
2021-01-22 19:03:27,776 [INFO] [OPT-EXP-DSGN - coordinate_ascent] [1/1] [t = 161] swapped,  f(S) = 0.97081
2021-01-22 19:03:30,834 [INFO] [OPT-EXP-DSGN - coordinate_ascent] [1/1] [t = 162] swapped,  f(S) = 0.97106
2021-01-22 19:03:31,235 [INFO] [OPT-EXP-DSGN - coordinate_ascent] [1/1] [t = 163] swapped,  f(S) = 0.97128
2021-01-22 19:03:32,842 [INFO] [OPT-EXP-DSGN - coordinate_ascent] [1/1] [t = 164] swapped,  f(S) = 0.97144
2021-01-22 19:03:33,645 [INFO] [OPT-EXP-DSGN - coordinate_ascent] [1/1] [t = 165] swapped,  f(S) = 0.97247
2021-01-22 19:03:34,049 [INFO] [OPT-EXP-DSGN - coordinate_ascent] [1/1] [t = 166] swapped,  f(S) = 0.98165
2021-01-22 19:03:35,631 [INFO] [OPT-EXP-DSGN - coordinate_ascent] [1/1] [t = 167] swapped,  f(S) = 0.98165
2021-01-22 19:03:36,035 [INFO] [OPT-EXP-DSGN - coordinate_ascent] [1/1] [t = 168] swapped,  f(S) = 0.98170
2021-01-22 19:03:36,425 [INFO] [OPT-EXP-DSGN - coordinate_ascent] [1/1] [t = 169] swapped,  f(S) = 0.98249
2021-01-22 19:03:38,625 [INFO] [OPT-EXP-DSGN - coordinate_ascent] [1/1] [t = 170] swapped,  f(S) = 0.98249
2021-01-22 19:03:39,380 [INFO] [OPT-EXP-DSGN - coordinate_ascent] [1/1] [t = 171] swapped,  f(S) = 0.98299
2021-01-22 19:03:40,546 [INFO] [OPT-EXP-DSGN - coordinate_ascent] [1/1] [t = 172] swapped,  f(S) = 0.98300
2021-01-22 19:03:42,970 [INFO] [OPT-EXP-DSGN - coordinate_ascent] [1/1] [t = 173] swapped,  f(S) = 0.98338
2021-01-22 19:03:46,383 [INFO] [OPT-EXP-DSGN - coordinate_ascent] [1/1] [t = 174] swapped,  f(S) = 0.98339
2021-01-22 19:03:53,066 [INFO] [OPT-EXP-DSGN - coordinate_ascent] [1/1] [t = 175] swapped,  f(S) = 0.98343
2021-01-22 19:03:57,336 [INFO] [OPT-EXP-DSGN - coordinate_ascent] [1/1] [t = 176] swapped,  f(S) = 0.98352
2021-01-22 19:03:57,738 [INFO] [OPT-EXP-DSGN - coordinate_ascent] [1/1] [t = 177] swapped,  f(S) = 0.98376
2021-01-22 19:06:51,222 [INFO] [OPT-EXP-DSGN - coordinate_ascent] [1/1] [t = 178] swapped,  f(S) = 0.98388
2021-01-22 19:07:48,327 [INFO] [OPT-EXP-DSGN - coordinate_ascent] [1/1] [t = 179] swapped,  f(S) = 0.98443
2021-01-22 19:07:48,736 [INFO] [OPT-EXP-DSGN - coordinate_ascent] [1/1] [t = 180] swapped,  f(S) = 0.98461
2021-01-22 19:07:50,798 [INFO] [OPT-EXP-DSGN - coordinate_ascent] [1/1] [t = 181] swapped,  f(S) = 0.98466
2021-01-22 19:07:54,476 [INFO] [OPT-EXP-DSGN - coordinate_ascent] [1/1] [t = 182] swapped,  f(S) = 0.98521
2021-01-22 19:07:54,882 [INFO] [OPT-EXP-DSGN - coordinate_ascent] [1/1] [t = 183] swapped,  f(S) = 0.98538
2021-01-22 19:07:55,305 [INFO] [OPT-EXP-DSGN - coordinate_ascent] [1/1] [t = 184] swapped,  f(S) = 0.98559
2021-01-22 19:07:56,953 [INFO] [OPT-EXP-DSGN - coordinate_ascent] [1/1] [t = 185] swapped,  f(S) = 0.98573
2021-01-22 19:07:57,358 [INFO] [OPT-EXP-DSGN - coordinate_ascent] [1/1] [t = 186] swapped,  f(S) = 0.98581
2021-01-22 19:07:58,170 [INFO] [OPT-EXP-DSGN - coordinate_ascent] [1/1] [t = 187] swapped,  f(S) = 0.98615
2021-01-22 19:07:59,800 [INFO] [OPT-EXP-DSGN - coordinate_ascent] [1/1] [t = 188] swapped,  f(S) = 0.98628
2021-01-22 19:08:00,207 [INFO] [OPT-EXP-DSGN - coordinate_ascent] [1/1] [t = 189] swapped,  f(S) = 0.98670
2021-01-22 19:08:02,680 [INFO] [OPT-EXP-DSGN - coordinate_ascent] [1/1] [t = 190] swapped,  f(S) = 0.98670
2021-01-22 19:08:03,903 [INFO] [OPT-EXP-DSGN - coordinate_ascent] [1/1] [t = 191] swapped,  f(S) = 0.98686
2021-01-22 19:14:09,728 [INFO] [OPT-EXP-DSGN - coordinate_ascent] [1/1] [t = 192] swapped,  f(S) = 0.98687
2021-01-22 19:14:31,491 [INFO] [OPT-EXP-DSGN - coordinate_ascent] [1/1] [t = 193] swapped,  f(S) = 0.98693
2021-01-22 19:14:36,494 [INFO] [OPT-EXP-DSGN - coordinate_ascent] [1/1] [t = 194] swapped,  f(S) = 0.98701
2021-01-22 19:14:37,987 [INFO] [OPT-EXP-DSGN - coordinate_ascent] [1/1] [t = 195] swapped,  f(S) = 0.98702
2021-01-22 19:14:38,364 [INFO] [OPT-EXP-DSGN - coordinate_ascent] [1/1] [t = 196] swapped,  f(S) = 0.98797
2021-01-22 19:14:45,119 [INFO] [OPT-EXP-DSGN - coordinate_ascent] [1/1] [t = 197] swapped,  f(S) = 0.98814
2021-01-22 19:14:45,496 [INFO] [OPT-EXP-DSGN - coordinate_ascent] [1/1] [t = 198] swapped,  f(S) = 0.98842
2021-01-22 19:14:45,871 [INFO] [OPT-EXP-DSGN - coordinate_ascent] [1/1] [t = 199] swapped,  f(S) = 0.98857
2021-01-22 19:14:47,380 [INFO] [OPT-EXP-DSGN - coordinate_ascent] [1/1] [t = 200] swapped,  f(S) = 0.98868
2021-01-22 19:14:51,885 [INFO] [OPT-EXP-DSGN - coordinate_ascent] [1/1] [t = 201] swapped,  f(S) = 0.98906
2021-01-22 19:15:01,538 [INFO] [OPT-EXP-DSGN - coordinate_ascent] [1/1] [t = 202] swapped,  f(S) = 0.98908
2021-01-22 19:15:01,917 [INFO] [OPT-EXP-DSGN - coordinate_ascent] [1/1] [t = 203] swapped,  f(S) = 0.98943
2021-01-22 19:15:09,241 [INFO] [OPT-EXP-DSGN - coordinate_ascent] [1/1] [t = 204] swapped,  f(S) = 0.98951
2021-01-22 19:15:10,041 [INFO] [OPT-EXP-DSGN - coordinate_ascent] [1/1] [t = 205] swapped,  f(S) = 0.98953
2021-01-22 19:15:10,368 [INFO] [OPT-EXP-DSGN - coordinate_ascent] [1/1] [t = 206] swapped,  f(S) = 0.99037
2021-01-22 19:15:22,696 [INFO] [OPT-EXP-DSGN - coordinate_ascent] [1/1] [t = 207] swapped,  f(S) = 0.99050
2021-01-22 19:40:53,211 [INFO] [OPT-EXP-DSGN - coordinate_ascent] [1/1] [t = 208] swapped,  f(S) = 0.99058
2021-01-22 19:40:53,981 [INFO] [OPT-EXP-DSGN - coordinate_ascent] [1/1] [t = 209] swapped,  f(S) = 0.99098
2021-01-22 20:09:36,792 [INFO] [OPT-EXP-DSGN - coordinate_ascent] [1/1] [t = 210] swapped,  f(S) = 0.99109
2021-01-22 20:20:44,640 [INFO] [OPT-EXP-DSGN - coordinate_ascent] [1/1] [t = 211] swapped,  f(S) = 0.99218
2021-01-22 20:20:45,835 [INFO] [OPT-EXP-DSGN - coordinate_ascent] [1/1] [t = 212] swapped,  f(S) = 0.99224
2021-01-22 20:20:46,225 [INFO] [OPT-EXP-DSGN - coordinate_ascent] [1/1] [t = 213] swapped,  f(S) = 0.99408
2021-01-22 20:20:46,627 [INFO] [OPT-EXP-DSGN - coordinate_ascent] [1/1] [t = 214] swapped,  f(S) = 0.99438
2021-01-22 20:21:16,861 [INFO] [OPT-EXP-DSGN - coordinate_ascent] [1/1] [t = 215] swapped,  f(S) = 0.99477
2021-01-22 20:21:28,935 [INFO] [OPT-EXP-DSGN - coordinate_ascent] [1/1] [t = 216] swapped,  f(S) = 0.99481
2021-01-22 20:21:29,703 [INFO] [OPT-EXP-DSGN - coordinate_ascent] [1/1] [t = 217] swapped,  f(S) = 0.99484
2021-01-22 20:21:31,691 [INFO] [OPT-EXP-DSGN - coordinate_ascent] [1/1] [t = 218] swapped,  f(S) = 0.99488
2021-01-22 20:21:32,077 [INFO] [OPT-EXP-DSGN - coordinate_ascent] [1/1] [t = 219] swapped,  f(S) = 0.99549
2021-01-22 20:21:47,713 [INFO] [OPT-EXP-DSGN - coordinate_ascent] [1/1] [t = 220] swapped,  f(S) = 0.99551
2021-01-22 20:21:48,116 [INFO] [OPT-EXP-DSGN - coordinate_ascent] [1/1] [t = 221] swapped,  f(S) = 0.99557
2021-01-22 20:21:48,499 [INFO] [OPT-EXP-DSGN - coordinate_ascent] [1/1] [t = 222] swapped,  f(S) = 0.99567
2021-01-22 20:21:50,434 [INFO] [OPT-EXP-DSGN - coordinate_ascent] [1/1] [t = 223] swapped,  f(S) = 0.99572
2021-01-22 20:22:00,715 [INFO] [OPT-EXP-DSGN - coordinate_ascent] [1/1] [t = 224] swapped,  f(S) = 0.99583
2021-01-22 20:22:01,097 [INFO] [OPT-EXP-DSGN - coordinate_ascent] [1/1] [t = 225] swapped,  f(S) = 0.99639
2021-01-22 20:44:19,939 [INFO] [OPT-EXP-DSGN - coordinate_ascent] [1/1] [t = 226] swapped,  f(S) = 0.99672
2021-01-22 20:44:21,114 [INFO] [OPT-EXP-DSGN - coordinate_ascent] [1/1] [t = 227] swapped,  f(S) = 0.99674
2021-01-22 20:44:22,347 [INFO] [OPT-EXP-DSGN - coordinate_ascent] [1/1] [t = 228] swapped,  f(S) = 0.99677
2021-01-22 20:44:22,739 [INFO] [OPT-EXP-DSGN - coordinate_ascent] [1/1] [t = 229] swapped,  f(S) = 0.99679
2021-01-22 20:45:05,973 [INFO] [OPT-EXP-DSGN - coordinate_ascent] [1/1] [t = 230] swapped,  f(S) = 0.99682
2021-01-22 20:45:06,326 [INFO] [OPT-EXP-DSGN - coordinate_ascent] [1/1] [t = 231] swapped,  f(S) = 0.99745
2021-01-22 20:49:34,171 [INFO] [OPT-EXP-DSGN - coordinate_ascent] [1/1] [t = 232] swapped,  f(S) = 0.99756
2021-01-22 20:49:34,553 [INFO] [OPT-EXP-DSGN - coordinate_ascent] [1/1] [t = 233] swapped,  f(S) = 0.99757
2021-01-22 20:49:45,428 [INFO] [OPT-EXP-DSGN - coordinate_ascent] [1/1] [t = 234] swapped,  f(S) = 0.99782
2021-01-22 20:49:46,592 [INFO] [OPT-EXP-DSGN - coordinate_ascent] [1/1] [t = 235] swapped,  f(S) = 0.99791
2021-01-22 20:49:46,995 [INFO] [OPT-EXP-DSGN - coordinate_ascent] [1/1] [t = 236] swapped,  f(S) = 0.99804
2021-01-22 20:49:48,572 [INFO] [OPT-EXP-DSGN - coordinate_ascent] [1/1] [t = 237] swapped,  f(S) = 0.99818
2021-01-22 20:49:52,475 [INFO] [OPT-EXP-DSGN - coordinate_ascent] [1/1] [t = 238] swapped,  f(S) = 0.99876
2021-01-22 20:49:52,877 [INFO] [OPT-EXP-DSGN - coordinate_ascent] [1/1] [t = 239] swapped,  f(S) = 0.99882
2021-01-22 20:49:53,660 [INFO] [OPT-EXP-DSGN - coordinate_ascent] [1/1] [t = 240] swapped,  f(S) = 0.99909
2021-01-22 20:49:54,823 [INFO] [OPT-EXP-DSGN - coordinate_ascent] [1/1] [t = 241] swapped,  f(S) = 0.99950
2021-01-22 20:49:55,220 [INFO] [OPT-EXP-DSGN - coordinate_ascent] [1/1] [t = 242] swapped,  f(S) = 0.99992
2021-01-22 20:49:56,020 [INFO] [OPT-EXP-DSGN - coordinate_ascent] [1/1] [t = 243] swapped,  f(S) = 1.00015
2021-01-22 20:49:56,424 [INFO] [OPT-EXP-DSGN - coordinate_ascent] [1/1] [t = 244] swapped,  f(S) = 1.00089
2021-01-22 20:49:57,227 [INFO] [OPT-EXP-DSGN - coordinate_ascent] [1/1] [t = 245] swapped,  f(S) = 1.00142
2021-01-22 20:49:57,619 [INFO] [OPT-EXP-DSGN - coordinate_ascent] [1/1] [t = 246] swapped,  f(S) = 1.00175
2021-01-22 20:49:58,012 [INFO] [OPT-EXP-DSGN - coordinate_ascent] [1/1] [t = 247] swapped,  f(S) = 1.00185
2021-01-22 20:50:00,285 [INFO] [OPT-EXP-DSGN - coordinate_ascent] [1/1] [t = 248] swapped,  f(S) = 1.00190
2021-01-22 20:50:00,668 [INFO] [OPT-EXP-DSGN - coordinate_ascent] [1/1] [t = 249] swapped,  f(S) = 1.00192
2021-01-22 20:50:03,368 [INFO] [OPT-EXP-DSGN - coordinate_ascent] [1/1] [t = 250] swapped,  f(S) = 1.00194
2021-01-22 20:50:31,983 [INFO] [OPT-EXP-DSGN - coordinate_ascent] [1/1] [t = 251] swapped,  f(S) = 1.00251
2021-01-22 20:50:56,915 [INFO] [OPT-EXP-DSGN - coordinate_ascent] [1/1] [t = 252] swapped,  f(S) = 1.00253
2021-01-22 21:42:30,454 [INFO] [OPT-EXP-DSGN - coordinate_ascent] [1/1] [t = 253] swapped,  f(S) = 1.00271
2021-01-22 21:42:32,062 [INFO] [OPT-EXP-DSGN - coordinate_ascent] [1/1] [t = 254] swapped,  f(S) = 1.00283
2021-01-22 21:42:32,827 [INFO] [OPT-EXP-DSGN - coordinate_ascent] [1/1] [t = 255] swapped,  f(S) = 1.00301
2021-01-22 21:42:33,224 [INFO] [OPT-EXP-DSGN - coordinate_ascent] [1/1] [t = 256] swapped,  f(S) = 1.00310
2021-01-22 21:42:36,309 [INFO] [OPT-EXP-DSGN - coordinate_ascent] [1/1] [t = 257] swapped,  f(S) = 1.00313
2021-01-22 21:42:37,462 [INFO] [OPT-EXP-DSGN - coordinate_ascent] [1/1] [t = 258] swapped,  f(S) = 1.00317
2021-01-22 21:42:39,847 [INFO] [OPT-EXP-DSGN - coordinate_ascent] [1/1] [t = 259] swapped,  f(S) = 1.00337
2021-01-22 21:42:41,851 [INFO] [OPT-EXP-DSGN - coordinate_ascent] [1/1] [t = 260] swapped,  f(S) = 1.00354
2021-01-22 21:42:49,253 [INFO] [OPT-EXP-DSGN - coordinate_ascent] [1/1] [t = 261] swapped,  f(S) = 1.00388
2021-01-22 21:42:50,015 [INFO] [OPT-EXP-DSGN - coordinate_ascent] [1/1] [t = 262] swapped,  f(S) = 1.00392
2021-01-22 21:42:50,402 [INFO] [OPT-EXP-DSGN - coordinate_ascent] [1/1] [t = 263] swapped,  f(S) = 1.00401
2021-01-22 21:42:51,980 [INFO] [OPT-EXP-DSGN - coordinate_ascent] [1/1] [t = 264] swapped,  f(S) = 1.00416
2021-01-22 21:42:57,814 [INFO] [OPT-EXP-DSGN - coordinate_ascent] [1/1] [t = 265] swapped,  f(S) = 1.00417
2021-01-22 21:43:00,881 [INFO] [OPT-EXP-DSGN - coordinate_ascent] [1/1] [t = 266] swapped,  f(S) = 1.00442
2021-01-22 21:43:02,908 [INFO] [OPT-EXP-DSGN - coordinate_ascent] [1/1] [t = 267] swapped,  f(S) = 1.00458
2021-01-22 21:43:04,913 [INFO] [OPT-EXP-DSGN - coordinate_ascent] [1/1] [t = 268] swapped,  f(S) = 1.00466
2021-01-22 21:43:05,315 [INFO] [OPT-EXP-DSGN - coordinate_ascent] [1/1] [t = 269] swapped,  f(S) = 1.00471
2021-01-22 21:43:11,565 [INFO] [OPT-EXP-DSGN - coordinate_ascent] [1/1] [t = 270] swapped,  f(S) = 1.00520
2021-01-22 21:43:12,265 [INFO] [OPT-EXP-DSGN - coordinate_ascent] [1/1] [t = 271] swapped,  f(S) = 1.00532
2021-01-22 21:43:12,605 [INFO] [OPT-EXP-DSGN - coordinate_ascent] [1/1] [t = 272] swapped,  f(S) = 1.00546
2021-01-22 21:43:12,966 [INFO] [OPT-EXP-DSGN - coordinate_ascent] [1/1] [t = 273] swapped,  f(S) = 1.00558
2021-01-22 21:43:13,336 [INFO] [OPT-EXP-DSGN - coordinate_ascent] [1/1] [t = 274] swapped,  f(S) = 1.00627
2021-01-22 21:43:16,000 [INFO] [OPT-EXP-DSGN - coordinate_ascent] [1/1] [t = 275] swapped,  f(S) = 1.00643
2021-01-22 21:43:16,374 [INFO] [OPT-EXP-DSGN - coordinate_ascent] [1/1] [t = 276] swapped,  f(S) = 1.00654
2021-01-22 21:43:49,101 [INFO] [OPT-EXP-DSGN - coordinate_ascent] [1/1] [t = 277] swapped,  f(S) = 1.00696
2021-01-22 21:43:49,905 [INFO] [OPT-EXP-DSGN - coordinate_ascent] [1/1] [t = 278] swapped,  f(S) = 1.00719
2021-01-22 21:43:50,293 [INFO] [OPT-EXP-DSGN - coordinate_ascent] [1/1] [t = 279] swapped,  f(S) = 1.00752
2021-01-22 21:44:38,101 [INFO] [OPT-EXP-DSGN - coordinate_ascent] [1/1] [t = 280] swapped,  f(S) = 1.00773
2021-01-22 22:08:54,377 [INFO] [OPT-EXP-DSGN - coordinate_ascent] [1/1] [t = 281] swapped,  f(S) = 1.00778
2021-01-22 22:08:56,332 [INFO] [OPT-EXP-DSGN - coordinate_ascent] [1/1] [t = 282] swapped,  f(S) = 1.00806
2021-01-22 22:09:04,967 [INFO] [OPT-EXP-DSGN - coordinate_ascent] [1/1] [t = 283] swapped,  f(S) = 1.00832
2021-01-22 22:09:10,601 [INFO] [OPT-EXP-DSGN - coordinate_ascent] [1/1] [t = 284] swapped,  f(S) = 1.00839
2021-01-22 22:09:10,932 [INFO] [OPT-EXP-DSGN - coordinate_ascent] [1/1] [t = 285] swapped,  f(S) = 1.00879
2021-01-22 22:09:14,059 [INFO] [OPT-EXP-DSGN - coordinate_ascent] [1/1] [t = 286] swapped,  f(S) = 1.00885
2021-01-22 22:09:14,451 [INFO] [OPT-EXP-DSGN - coordinate_ascent] [1/1] [t = 287] swapped,  f(S) = 1.00915
2021-01-22 22:09:15,557 [INFO] [OPT-EXP-DSGN - coordinate_ascent] [1/1] [t = 288] swapped,  f(S) = 1.00921
2021-01-22 22:10:17,712 [INFO] [OPT-EXP-DSGN - coordinate_ascent] [1/1] [t = 289] swapped,  f(S) = 1.00927
2021-01-22 22:10:21,243 [INFO] [OPT-EXP-DSGN - coordinate_ascent] [1/1] [t = 290] swapped,  f(S) = 1.00955
2021-01-22 22:10:24,538 [INFO] [OPT-EXP-DSGN - coordinate_ascent] [1/1] [t = 291] swapped,  f(S) = 1.00958
2021-01-22 22:10:25,207 [INFO] [OPT-EXP-DSGN - coordinate_ascent] [1/1] [t = 292] swapped,  f(S) = 1.00970
2021-01-22 22:10:33,873 [INFO] [OPT-EXP-DSGN - coordinate_ascent] [1/1] [t = 293] swapped,  f(S) = 1.00979
2021-01-22 22:13:07,374 [INFO] [OPT-EXP-DSGN - coordinate_ascent] [1/1] [t = 294] swapped,  f(S) = 1.00984
2021-01-22 22:13:07,751 [INFO] [OPT-EXP-DSGN - coordinate_ascent] [1/1] [t = 295] swapped,  f(S) = 1.01012
2021-01-22 22:13:08,519 [INFO] [OPT-EXP-DSGN - coordinate_ascent] [1/1] [t = 296] swapped,  f(S) = 1.01069
2021-01-22 22:14:23,176 [INFO] [OPT-EXP-DSGN - coordinate_ascent] [1/1] [t = 297] swapped,  f(S) = 1.01081
2021-01-22 22:14:26,623 [INFO] [OPT-EXP-DSGN - coordinate_ascent] [1/1] [t = 298] swapped,  f(S) = 1.01099
2021-01-22 22:15:54,844 [INFO] [OPT-EXP-DSGN - coordinate_ascent] [1/1] [t = 299] swapped,  f(S) = 1.01143
2021-01-22 22:15:55,548 [INFO] [OPT-EXP-DSGN - coordinate_ascent] [1/1] [t = 300] swapped,  f(S) = 1.01174
2021-01-22 22:16:18,399 [INFO] [OPT-EXP-DSGN - coordinate_ascent] [1/1] [t = 301] swapped,  f(S) = 1.01182
2021-01-22 22:16:18,777 [INFO] [OPT-EXP-DSGN - coordinate_ascent] [1/1] [t = 302] swapped,  f(S) = 1.01205
2021-01-22 22:17:03,081 [INFO] [OPT-EXP-DSGN - coordinate_ascent] [1/1] [t = 303] swapped,  f(S) = 1.01224
2021-01-22 22:17:03,483 [INFO] [OPT-EXP-DSGN - coordinate_ascent] [1/1] [t = 304] swapped,  f(S) = 1.01231
2021-01-22 22:17:04,286 [INFO] [OPT-EXP-DSGN - coordinate_ascent] [1/1] [t = 305] swapped,  f(S) = 1.01232
2021-01-22 22:17:13,497 [INFO] [OPT-EXP-DSGN - coordinate_ascent] [1/1] [t = 306] swapped,  f(S) = 1.01281
2021-01-22 22:17:17,581 [INFO] [OPT-EXP-DSGN - coordinate_ascent] [1/1] [t = 307] swapped,  f(S) = 1.01289
2021-01-22 22:17:20,761 [INFO] [OPT-EXP-DSGN - coordinate_ascent] [1/1] [t = 308] swapped,  f(S) = 1.01302
2021-01-22 22:17:21,083 [INFO] [OPT-EXP-DSGN - coordinate_ascent] [1/1] [t = 309] swapped,  f(S) = 1.01304
2021-01-22 22:17:21,413 [INFO] [OPT-EXP-DSGN - coordinate_ascent] [1/1] [t = 310] swapped,  f(S) = 1.01370
2021-01-22 22:18:31,365 [INFO] [OPT-EXP-DSGN - coordinate_ascent] [1/1] [t = 311] swapped,  f(S) = 1.01376
2021-01-22 22:18:32,119 [INFO] [OPT-EXP-DSGN - coordinate_ascent] [1/1] [t = 312] swapped,  f(S) = 1.01376
2021-01-22 22:18:32,511 [INFO] [OPT-EXP-DSGN - coordinate_ascent] [1/1] [t = 313] swapped,  f(S) = 1.01438
2021-01-22 22:18:33,687 [INFO] [OPT-EXP-DSGN - coordinate_ascent] [1/1] [t = 314] swapped,  f(S) = 1.01445
2021-01-22 23:07:57,356 [INFO] [OPT-EXP-DSGN - coordinate_ascent] [1/1] [t = 315] swapped,  f(S) = 1.01449
2021-01-22 23:08:01,118 [INFO] [OPT-EXP-DSGN - coordinate_ascent] [1/1] [t = 316] swapped,  f(S) = 1.01456
2021-01-22 23:08:03,432 [INFO] [OPT-EXP-DSGN - coordinate_ascent] [1/1] [t = 317] swapped,  f(S) = 1.01477
2021-01-22 23:08:04,108 [INFO] [OPT-EXP-DSGN - coordinate_ascent] [1/1] [t = 318] swapped,  f(S) = 1.01573
2021-01-22 23:08:09,619 [INFO] [OPT-EXP-DSGN - coordinate_ascent] [1/1] [t = 319] swapped,  f(S) = 1.01580
2021-01-22 23:08:48,906 [INFO] [OPT-EXP-DSGN - coordinate_ascent] [1/1] [t = 320] swapped,  f(S) = 1.01582
2021-01-22 23:08:52,543 [INFO] [OPT-EXP-DSGN - coordinate_ascent] [1/1] [t = 321] swapped,  f(S) = 1.01591
2021-01-22 23:08:53,555 [INFO] [OPT-EXP-DSGN - coordinate_ascent] [1/1] [t = 322] swapped,  f(S) = 1.01603
2021-01-22 23:08:56,153 [INFO] [OPT-EXP-DSGN - coordinate_ascent] [1/1] [t = 323] swapped,  f(S) = 1.01623
2021-01-22 23:08:56,813 [INFO] [OPT-EXP-DSGN - coordinate_ascent] [1/1] [t = 324] swapped,  f(S) = 1.01681
2021-01-22 23:08:57,140 [INFO] [OPT-EXP-DSGN - coordinate_ascent] [1/1] [t = 325] swapped,  f(S) = 1.01699
2021-01-22 23:08:57,463 [INFO] [OPT-EXP-DSGN - coordinate_ascent] [1/1] [t = 326] swapped,  f(S) = 1.01751
2021-01-22 23:09:00,791 [INFO] [OPT-EXP-DSGN - coordinate_ascent] [1/1] [t = 327] swapped,  f(S) = 1.01763
2021-01-22 23:09:08,714 [INFO] [OPT-EXP-DSGN - coordinate_ascent] [1/1] [t = 328] swapped,  f(S) = 1.01774
2021-01-22 23:09:18,007 [INFO] [OPT-EXP-DSGN - coordinate_ascent] [1/1] [t = 329] swapped,  f(S) = 1.01785
2021-01-22 23:09:19,015 [INFO] [OPT-EXP-DSGN - coordinate_ascent] [1/1] [t = 330] swapped,  f(S) = 1.01797
2021-01-22 23:09:19,343 [INFO] [OPT-EXP-DSGN - coordinate_ascent] [1/1] [t = 331] swapped,  f(S) = 1.01808
2021-01-22 23:09:19,659 [INFO] [OPT-EXP-DSGN - coordinate_ascent] [1/1] [t = 332] swapped,  f(S) = 1.01819
2021-01-22 23:09:22,847 [INFO] [OPT-EXP-DSGN - coordinate_ascent] [1/1] [t = 333] swapped,  f(S) = 1.01833
2021-01-22 23:09:23,193 [INFO] [OPT-EXP-DSGN - coordinate_ascent] [1/1] [t = 334] swapped,  f(S) = 1.01863
2021-01-22 23:09:59,881 [INFO] [OPT-EXP-DSGN - coordinate_ascent] [1/1] [t = 335] swapped,  f(S) = 1.01877
2021-01-22 23:10:00,216 [INFO] [OPT-EXP-DSGN - coordinate_ascent] [1/1] [t = 336] swapped,  f(S) = 1.01891
2021-01-22 23:10:00,552 [INFO] [OPT-EXP-DSGN - coordinate_ascent] [1/1] [t = 337] swapped,  f(S) = 1.01920
2021-01-22 23:10:01,902 [INFO] [OPT-EXP-DSGN - coordinate_ascent] [1/1] [t = 338] swapped,  f(S) = 1.01922
2021-01-22 23:10:17,789 [INFO] [OPT-EXP-DSGN - coordinate_ascent] [1/1] [t = 339] swapped,  f(S) = 1.01941
2021-01-22 23:10:18,768 [INFO] [OPT-EXP-DSGN - coordinate_ascent] [1/1] [t = 340] swapped,  f(S) = 1.01942
2021-01-22 23:11:21,974 [INFO] [OPT-EXP-DSGN - coordinate_ascent] [1/1] [t = 341] swapped,  f(S) = 1.01952
2021-01-22 23:11:22,640 [INFO] [OPT-EXP-DSGN - coordinate_ascent] [1/1] [t = 342] swapped,  f(S) = 1.01963
2021-01-22 23:16:57,764 [INFO] [OPT-EXP-DSGN - coordinate_ascent] [1/1] [t = 343] swapped,  f(S) = 1.01975
2021-01-22 23:16:59,424 [INFO] [OPT-EXP-DSGN - coordinate_ascent] [1/1] [t = 344] swapped,  f(S) = 1.01979
2021-01-22 23:17:01,084 [INFO] [OPT-EXP-DSGN - coordinate_ascent] [1/1] [t = 345] swapped,  f(S) = 1.02006
2021-01-22 23:17:10,864 [INFO] [OPT-EXP-DSGN - coordinate_ascent] [1/1] [t = 346] swapped,  f(S) = 1.02010
2021-01-22 23:17:11,192 [INFO] [OPT-EXP-DSGN - coordinate_ascent] [1/1] [t = 347] swapped,  f(S) = 1.02051
2021-01-22 23:18:30,034 [INFO] [OPT-EXP-DSGN - coordinate_ascent] [1/1] [t = 348] swapped,  f(S) = 1.02052
2021-01-22 23:18:30,348 [INFO] [OPT-EXP-DSGN - coordinate_ascent] [1/1] [t = 349] swapped,  f(S) = 1.02128
2021-01-22 23:18:31,288 [INFO] [OPT-EXP-DSGN - coordinate_ascent] [1/1] [t = 350] swapped,  f(S) = 1.02173
2021-01-22 23:18:40,042 [INFO] [OPT-EXP-DSGN - coordinate_ascent] [1/1] [t = 351] swapped,  f(S) = 1.02179
2021-01-22 23:18:40,356 [INFO] [OPT-EXP-DSGN - coordinate_ascent] [1/1] [t = 352] swapped,  f(S) = 1.02186
2021-01-22 23:18:40,669 [INFO] [OPT-EXP-DSGN - coordinate_ascent] [1/1] [t = 353] swapped,  f(S) = 1.02281
2021-01-22 23:18:40,984 [INFO] [OPT-EXP-DSGN - coordinate_ascent] [1/1] [t = 354] swapped,  f(S) = 1.02285
2021-01-22 23:18:41,608 [INFO] [OPT-EXP-DSGN - coordinate_ascent] [1/1] [t = 355] swapped,  f(S) = 1.02347
2021-01-22 23:18:42,545 [INFO] [OPT-EXP-DSGN - coordinate_ascent] [1/1] [t = 356] swapped,  f(S) = 1.02352
2021-01-22 23:18:43,173 [INFO] [OPT-EXP-DSGN - coordinate_ascent] [1/1] [t = 357] swapped,  f(S) = 1.02370
2021-01-22 23:18:53,180 [INFO] [OPT-EXP-DSGN - coordinate_ascent] [1/1] [t = 358] swapped,  f(S) = 1.02373
2021-01-22 23:18:57,282 [INFO] [OPT-EXP-DSGN - coordinate_ascent] [1/1] [t = 359] swapped,  f(S) = 1.02381
2021-01-22 23:18:57,592 [INFO] [OPT-EXP-DSGN - coordinate_ascent] [1/1] [t = 360] swapped,  f(S) = 1.02410
2021-01-22 23:31:07,542 [INFO] [OPT-EXP-DSGN - coordinate_ascent] [1/1] [t = 361] swapped,  f(S) = 1.02410
2021-01-22 23:31:28,162 [INFO] [OPT-EXP-DSGN - coordinate_ascent] [1/1] [t = 362] swapped,  f(S) = 1.02413
2021-01-22 23:31:28,523 [INFO] [OPT-EXP-DSGN - coordinate_ascent] [1/1] [t = 363] swapped,  f(S) = 1.02466
2021-01-22 23:31:28,862 [INFO] [OPT-EXP-DSGN - coordinate_ascent] [1/1] [t = 364] swapped,  f(S) = 1.02468
2021-01-22 23:31:29,200 [INFO] [OPT-EXP-DSGN - coordinate_ascent] [1/1] [t = 365] swapped,  f(S) = 1.02468
2021-01-22 23:31:29,536 [INFO] [OPT-EXP-DSGN - coordinate_ascent] [1/1] [t = 366] swapped,  f(S) = 1.02473
2021-01-22 23:31:29,886 [INFO] [OPT-EXP-DSGN - coordinate_ascent] [1/1] [t = 367] swapped,  f(S) = 1.02528
2021-01-22 23:31:31,584 [INFO] [OPT-EXP-DSGN - coordinate_ascent] [1/1] [t = 368] swapped,  f(S) = 1.02537
2021-01-22 23:31:31,918 [INFO] [OPT-EXP-DSGN - coordinate_ascent] [1/1] [t = 369] swapped,  f(S) = 1.02547
2021-01-22 23:33:36,855 [INFO] [OPT-EXP-DSGN - coordinate_ascent] [1/1] [t = 370] swapped,  f(S) = 1.02553
2021-01-22 23:34:08,743 [INFO] [OPT-EXP-DSGN - coordinate_ascent] [1/1] [t = 371] swapped,  f(S) = 1.02564
2021-01-22 23:34:09,048 [INFO] [OPT-EXP-DSGN - coordinate_ascent] [1/1] [t = 372] swapped,  f(S) = 1.02593
2021-01-22 23:34:09,358 [INFO] [OPT-EXP-DSGN - coordinate_ascent] [1/1] [t = 373] swapped,  f(S) = 1.02651
2021-01-22 23:34:11,010 [INFO] [OPT-EXP-DSGN - coordinate_ascent] [1/1] [t = 374] swapped,  f(S) = 1.02659
2021-01-22 23:34:25,512 [INFO] [OPT-EXP-DSGN - coordinate_ascent] [1/1] [t = 375] swapped,  f(S) = 1.02661
2021-01-22 23:34:40,819 [INFO] [OPT-EXP-DSGN - coordinate_ascent] [1/1] [t = 376] swapped,  f(S) = 1.02661
2021-01-22 23:34:43,594 [INFO] [OPT-EXP-DSGN - coordinate_ascent] [1/1] [t = 377] swapped,  f(S) = 1.02663
2021-01-22 23:34:45,701 [INFO] [OPT-EXP-DSGN - coordinate_ascent] [1/1] [t = 378] swapped,  f(S) = 1.02669
2021-01-22 23:34:46,033 [INFO] [OPT-EXP-DSGN - coordinate_ascent] [1/1] [t = 379] swapped,  f(S) = 1.02680
2021-01-22 23:35:00,136 [INFO] [OPT-EXP-DSGN - coordinate_ascent] [1/1] [t = 380] swapped,  f(S) = 1.02695
2021-01-22 23:35:00,471 [INFO] [OPT-EXP-DSGN - coordinate_ascent] [1/1] [t = 381] swapped,  f(S) = 1.02704
2021-01-22 23:35:04,855 [INFO] [OPT-EXP-DSGN - coordinate_ascent] [1/1] [t = 382] swapped,  f(S) = 1.02705
2021-01-22 23:35:05,192 [INFO] [OPT-EXP-DSGN - coordinate_ascent] [1/1] [t = 383] swapped,  f(S) = 1.02732
2021-01-22 23:35:05,531 [INFO] [OPT-EXP-DSGN - coordinate_ascent] [1/1] [t = 384] swapped,  f(S) = 1.02734
2021-01-22 23:35:05,870 [INFO] [OPT-EXP-DSGN - coordinate_ascent] [1/1] [t = 385] swapped,  f(S) = 1.02771
2021-01-22 23:35:06,206 [INFO] [OPT-EXP-DSGN - coordinate_ascent] [1/1] [t = 386] swapped,  f(S) = 1.02772
2021-01-22 23:35:06,901 [INFO] [OPT-EXP-DSGN - coordinate_ascent] [1/1] [t = 387] swapped,  f(S) = 1.02795
2021-01-22 23:35:07,277 [INFO] [OPT-EXP-DSGN - coordinate_ascent] [1/1] [t = 388] swapped,  f(S) = 1.02800
2021-01-22 23:35:07,992 [INFO] [OPT-EXP-DSGN - coordinate_ascent] [1/1] [t = 389] swapped,  f(S) = 1.02805
2021-01-22 23:35:08,331 [INFO] [OPT-EXP-DSGN - coordinate_ascent] [1/1] [t = 390] swapped,  f(S) = 1.02846
2021-01-22 23:35:08,667 [INFO] [OPT-EXP-DSGN - coordinate_ascent] [1/1] [t = 391] swapped,  f(S) = 1.02879
2021-01-22 23:35:08,999 [INFO] [OPT-EXP-DSGN - coordinate_ascent] [1/1] [t = 392] swapped,  f(S) = 1.02884
2021-01-22 23:35:10,023 [INFO] [OPT-EXP-DSGN - coordinate_ascent] [1/1] [t = 393] swapped,  f(S) = 1.02892
2021-01-22 23:35:42,215 [INFO] [OPT-EXP-DSGN - coordinate_ascent] [1/1] [t = 394] swapped,  f(S) = 1.02893
2021-01-22 23:35:42,845 [INFO] [OPT-EXP-DSGN - coordinate_ascent] [1/1] [t = 395] swapped,  f(S) = 1.02920
2021-01-22 23:35:44,521 [INFO] [OPT-EXP-DSGN - coordinate_ascent] [1/1] [t = 396] swapped,  f(S) = 1.02930
2021-01-22 23:35:46,199 [INFO] [OPT-EXP-DSGN - coordinate_ascent] [1/1] [t = 397] swapped,  f(S) = 1.02932
2021-01-23 00:20:10,400 [INFO] [OPT-EXP-DSGN - coordinate_ascent] [1/1] [t = 398] swapped,  f(S) = 1.02940
2021-01-23 00:20:13,080 [INFO] [OPT-EXP-DSGN - coordinate_ascent] [1/1] [t = 399] swapped,  f(S) = 1.02945
2021-01-23 00:20:14,054 [INFO] [OPT-EXP-DSGN - coordinate_ascent] [1/1] [t = 400] swapped,  f(S) = 1.02952
2021-01-23 00:20:14,380 [INFO] [OPT-EXP-DSGN - coordinate_ascent] [1/1] [t = 401] swapped,  f(S) = 1.03015
2021-01-23 00:20:14,709 [INFO] [OPT-EXP-DSGN - coordinate_ascent] [1/1] [t = 402] swapped,  f(S) = 1.03024
2021-01-23 00:26:07,187 [INFO] [OPT-EXP-DSGN - coordinate_ascent] [1/1] [t = 403] swapped,  f(S) = 1.03025
2021-01-23 00:26:29,234 [INFO] [OPT-EXP-DSGN - coordinate_ascent] [1/1] [t = 404] swapped,  f(S) = 1.03048
2021-01-23 00:26:30,206 [INFO] [OPT-EXP-DSGN - coordinate_ascent] [1/1] [t = 405] swapped,  f(S) = 1.03049
2021-01-23 00:26:33,145 [INFO] [OPT-EXP-DSGN - coordinate_ascent] [1/1] [t = 406] swapped,  f(S) = 1.03062
2021-01-23 00:26:39,651 [INFO] [OPT-EXP-DSGN - coordinate_ascent] [1/1] [t = 407] swapped,  f(S) = 1.03076
2021-01-23 00:26:42,951 [INFO] [OPT-EXP-DSGN - coordinate_ascent] [1/1] [t = 408] swapped,  f(S) = 1.03081
2021-01-23 00:26:43,920 [INFO] [OPT-EXP-DSGN - coordinate_ascent] [1/1] [t = 409] swapped,  f(S) = 1.03092
2021-01-23 00:26:53,939 [INFO] [OPT-EXP-DSGN - coordinate_ascent] [1/1] [t = 410] swapped,  f(S) = 1.03119
2021-01-23 00:26:54,261 [INFO] [OPT-EXP-DSGN - coordinate_ascent] [1/1] [t = 411] swapped,  f(S) = 1.03141
2021-01-23 00:26:54,582 [INFO] [OPT-EXP-DSGN - coordinate_ascent] [1/1] [t = 412] swapped,  f(S) = 1.03226
2021-01-23 00:26:55,546 [INFO] [OPT-EXP-DSGN - coordinate_ascent] [1/1] [t = 413] swapped,  f(S) = 1.03227
2021-01-23 00:26:55,872 [INFO] [OPT-EXP-DSGN - coordinate_ascent] [1/1] [t = 414] swapped,  f(S) = 1.03235
2021-01-23 00:26:56,511 [INFO] [OPT-EXP-DSGN - coordinate_ascent] [1/1] [t = 415] swapped,  f(S) = 1.03252
2021-01-23 00:26:56,834 [INFO] [OPT-EXP-DSGN - coordinate_ascent] [1/1] [t = 416] swapped,  f(S) = 1.03346
2021-01-23 00:26:58,119 [INFO] [OPT-EXP-DSGN - coordinate_ascent] [1/1] [t = 417] swapped,  f(S) = 1.03349
2021-01-23 00:26:59,082 [INFO] [OPT-EXP-DSGN - coordinate_ascent] [1/1] [t = 418] swapped,  f(S) = 1.03352
2021-01-23 00:27:08,745 [INFO] [OPT-EXP-DSGN - coordinate_ascent] [1/1] [t = 419] swapped,  f(S) = 1.03359
2021-01-23 00:27:21,214 [INFO] [OPT-EXP-DSGN - coordinate_ascent] [1/1] [t = 420] swapped,  f(S) = 1.03378
2021-01-23 00:27:21,536 [INFO] [OPT-EXP-DSGN - coordinate_ascent] [1/1] [t = 421] swapped,  f(S) = 1.03397
2021-01-23 00:27:28,897 [INFO] [OPT-EXP-DSGN - coordinate_ascent] [1/1] [t = 422] swapped,  f(S) = 1.03404
2021-01-23 00:27:31,158 [INFO] [OPT-EXP-DSGN - coordinate_ascent] [1/1] [t = 423] swapped,  f(S) = 1.03442
2021-01-23 00:27:31,801 [INFO] [OPT-EXP-DSGN - coordinate_ascent] [1/1] [t = 424] swapped,  f(S) = 1.03442
2021-01-23 00:27:32,761 [INFO] [OPT-EXP-DSGN - coordinate_ascent] [1/1] [t = 425] swapped,  f(S) = 1.03454
2021-01-23 00:30:16,079 [INFO] [OPT-EXP-DSGN - coordinate_ascent] [1/1] [t = 426] swapped,  f(S) = 1.03470
2021-01-23 00:30:17,041 [INFO] [OPT-EXP-DSGN - coordinate_ascent] [1/1] [t = 427] swapped,  f(S) = 1.03475
2021-01-23 00:34:19,741 [INFO] [OPT-EXP-DSGN - coordinate_ascent] [1/1] [t = 428] swapped,  f(S) = 1.03478
2021-01-23 00:34:21,037 [INFO] [OPT-EXP-DSGN - coordinate_ascent] [1/1] [t = 429] swapped,  f(S) = 1.03495
2021-01-23 00:34:21,363 [INFO] [OPT-EXP-DSGN - coordinate_ascent] [1/1] [t = 430] swapped,  f(S) = 1.03505
2021-01-23 00:34:22,011 [INFO] [OPT-EXP-DSGN - coordinate_ascent] [1/1] [t = 431] swapped,  f(S) = 1.03509
2021-01-23 00:34:22,958 [INFO] [OPT-EXP-DSGN - coordinate_ascent] [1/1] [t = 432] swapped,  f(S) = 1.03517
2021-01-23 00:47:24,993 [INFO] [OPT-EXP-DSGN - coordinate_ascent] [1/1] [t = 433] swapped,  f(S) = 1.03525
2021-01-23 00:47:27,316 [INFO] [OPT-EXP-DSGN - coordinate_ascent] [1/1] [t = 434] swapped,  f(S) = 1.03529
2021-01-23 00:47:27,640 [INFO] [OPT-EXP-DSGN - coordinate_ascent] [1/1] [t = 435] swapped,  f(S) = 1.03530
2021-01-23 00:47:28,291 [INFO] [OPT-EXP-DSGN - coordinate_ascent] [1/1] [t = 436] swapped,  f(S) = 1.03544
2021-01-23 00:47:29,616 [INFO] [OPT-EXP-DSGN - coordinate_ascent] [1/1] [t = 437] swapped,  f(S) = 1.03563
2021-01-23 00:47:36,215 [INFO] [OPT-EXP-DSGN - coordinate_ascent] [1/1] [t = 438] swapped,  f(S) = 1.03566
2021-01-23 00:58:33,412 [INFO] [OPT-EXP-DSGN - coordinate_ascent] [1/1] [t = 439] swapped,  f(S) = 1.03567
2021-01-23 00:58:34,671 [INFO] [OPT-EXP-DSGN - coordinate_ascent] [1/1] [t = 440] swapped,  f(S) = 1.03572
2021-01-23 00:58:48,974 [INFO] [OPT-EXP-DSGN - coordinate_ascent] [1/1] [t = 441] swapped,  f(S) = 1.03576
2021-01-23 00:58:50,553 [INFO] [OPT-EXP-DSGN - coordinate_ascent] [1/1] [t = 442] swapped,  f(S) = 1.03588
2021-01-23 00:59:35,920 [INFO] [OPT-EXP-DSGN - coordinate_ascent] [1/1] [t = 443] swapped,  f(S) = 1.03597
2021-01-23 00:59:36,573 [INFO] [OPT-EXP-DSGN - coordinate_ascent] [1/1] [t = 444] swapped,  f(S) = 1.03644
2021-01-23 00:59:36,892 [INFO] [OPT-EXP-DSGN - coordinate_ascent] [1/1] [t = 445] swapped,  f(S) = 1.03767
2021-01-23 00:59:39,425 [INFO] [OPT-EXP-DSGN - coordinate_ascent] [1/1] [t = 446] swapped,  f(S) = 1.03773
2021-01-23 01:00:42,262 [INFO] [OPT-EXP-DSGN - coordinate_ascent] [1/1] [t = 447] swapped,  f(S) = 1.03774
2021-01-23 01:00:46,042 [INFO] [OPT-EXP-DSGN - coordinate_ascent] [1/1] [t = 448] swapped,  f(S) = 1.03775
2021-01-23 01:00:47,011 [INFO] [OPT-EXP-DSGN - coordinate_ascent] [1/1] [t = 449] swapped,  f(S) = 1.03792
2021-01-23 01:02:09,980 [INFO] [OPT-EXP-DSGN - coordinate_ascent] [1/1] [t = 450] swapped,  f(S) = 1.03794
2021-01-23 01:02:12,249 [INFO] [OPT-EXP-DSGN - coordinate_ascent] [1/1] [t = 451] swapped,  f(S) = 1.03800
2021-01-23 01:02:12,907 [INFO] [OPT-EXP-DSGN - coordinate_ascent] [1/1] [t = 452] swapped,  f(S) = 1.03821
2021-01-23 01:02:13,227 [INFO] [OPT-EXP-DSGN - coordinate_ascent] [1/1] [t = 453] swapped,  f(S) = 1.03839
2021-01-23 01:02:19,915 [INFO] [OPT-EXP-DSGN - coordinate_ascent] [1/1] [t = 454] swapped,  f(S) = 1.03845
2021-01-23 01:02:20,241 [INFO] [OPT-EXP-DSGN - coordinate_ascent] [1/1] [t = 455] swapped,  f(S) = 1.03848
2021-01-23 01:03:00,198 [INFO] [OPT-EXP-DSGN - coordinate_ascent] [1/1] [t = 456] swapped,  f(S) = 1.03855
2021-01-23 01:03:01,789 [INFO] [OPT-EXP-DSGN - coordinate_ascent] [1/1] [t = 457] swapped,  f(S) = 1.03861
2021-01-23 01:03:02,111 [INFO] [OPT-EXP-DSGN - coordinate_ascent] [1/1] [t = 458] swapped,  f(S) = 1.03875
2021-01-23 01:03:05,902 [INFO] [OPT-EXP-DSGN - coordinate_ascent] [1/1] [t = 459] swapped,  f(S) = 1.03877
2021-01-23 01:03:07,183 [INFO] [OPT-EXP-DSGN - coordinate_ascent] [1/1] [t = 460] swapped,  f(S) = 1.03881
2021-01-23 01:03:08,157 [INFO] [OPT-EXP-DSGN - coordinate_ascent] [1/1] [t = 461] swapped,  f(S) = 1.03891
2021-01-23 01:03:09,753 [INFO] [OPT-EXP-DSGN - coordinate_ascent] [1/1] [t = 462] swapped,  f(S) = 1.03903
2021-01-23 01:03:10,077 [INFO] [OPT-EXP-DSGN - coordinate_ascent] [1/1] [t = 463] swapped,  f(S) = 1.03929
2021-01-23 01:03:10,400 [INFO] [OPT-EXP-DSGN - coordinate_ascent] [1/1] [t = 464] swapped,  f(S) = 1.03937
2021-01-23 01:03:11,044 [INFO] [OPT-EXP-DSGN - coordinate_ascent] [1/1] [t = 465] swapped,  f(S) = 1.03939
2021-01-23 01:03:11,688 [INFO] [OPT-EXP-DSGN - coordinate_ascent] [1/1] [t = 466] swapped,  f(S) = 1.03939
2021-01-23 01:03:13,600 [INFO] [OPT-EXP-DSGN - coordinate_ascent] [1/1] [t = 467] swapped,  f(S) = 1.03954
2021-01-23 01:04:26,256 [INFO] [OPT-EXP-DSGN - coordinate_ascent] [1/1] [t = 468] swapped,  f(S) = 1.03962
2021-01-23 01:04:27,835 [INFO] [OPT-EXP-DSGN - coordinate_ascent] [1/1] [t = 469] swapped,  f(S) = 1.03962
2021-01-23 01:04:46,914 [INFO] [OPT-EXP-DSGN - coordinate_ascent] [1/1] [t = 470] swapped,  f(S) = 1.03968
2021-01-23 01:04:47,244 [INFO] [OPT-EXP-DSGN - coordinate_ascent] [1/1] [t = 471] swapped,  f(S) = 1.03982
2021-01-23 01:48:52,507 [INFO] [OPT-EXP-DSGN - coordinate_ascent] [1/1] [t = 472] swapped,  f(S) = 1.03986
2021-01-23 01:48:56,729 [INFO] [OPT-EXP-DSGN - coordinate_ascent] [1/1] [t = 473] swapped,  f(S) = 1.03987
2021-01-23 01:49:55,962 [INFO] [OPT-EXP-DSGN - coordinate_ascent] [1/1] [t = 474] swapped,  f(S) = 1.03989
2021-01-23 01:50:06,269 [INFO] [OPT-EXP-DSGN - coordinate_ascent] [1/1] [t = 475] swapped,  f(S) = 1.04001
2021-01-23 01:50:06,601 [INFO] [OPT-EXP-DSGN - coordinate_ascent] [1/1] [t = 476] swapped,  f(S) = 1.04008
2021-01-23 01:50:14,775 [INFO] [OPT-EXP-DSGN - coordinate_ascent] [1/1] [t = 477] swapped,  f(S) = 1.04018
2021-01-23 01:50:15,862 [INFO] [OPT-EXP-DSGN - coordinate_ascent] [1/1] [t = 478] swapped,  f(S) = 1.04035
2021-01-23 02:35:16,561 [INFO] [OPT-EXP-DSGN - coordinate_ascent] [1/1] [t = 479] swapped,  f(S) = 1.04039
2021-01-23 03:19:51,617 [INFO] [OPT-EXP-DSGN - coordinate_ascent] [1/1] [t = 480] swapped,  f(S) = 1.04048
2021-01-23 03:20:09,453 [INFO] [OPT-EXP-DSGN - coordinate_ascent] [1/1] [t = 481] swapped,  f(S) = 1.04049
2021-01-23 03:20:10,769 [INFO] [OPT-EXP-DSGN - coordinate_ascent] [1/1] [t = 482] swapped,  f(S) = 1.04052
2021-01-23 03:21:50,791 [INFO] [OPT-EXP-DSGN - coordinate_ascent] [1/1] [t = 483] swapped,  f(S) = 1.04056
2021-01-23 03:21:51,119 [INFO] [OPT-EXP-DSGN - coordinate_ascent] [1/1] [t = 484] swapped,  f(S) = 1.04084
2021-01-23 03:21:52,703 [INFO] [OPT-EXP-DSGN - coordinate_ascent] [1/1] [t = 485] swapped,  f(S) = 1.04090
2021-01-23 03:21:55,968 [INFO] [OPT-EXP-DSGN - coordinate_ascent] [1/1] [t = 486] swapped,  f(S) = 1.04095
2021-01-23 03:21:56,972 [INFO] [OPT-EXP-DSGN - coordinate_ascent] [1/1] [t = 487] swapped,  f(S) = 1.04124
2021-01-23 03:22:08,528 [INFO] [OPT-EXP-DSGN - coordinate_ascent] [1/1] [t = 488] swapped,  f(S) = 1.04124
2021-01-23 03:22:08,855 [INFO] [OPT-EXP-DSGN - coordinate_ascent] [1/1] [t = 489] swapped,  f(S) = 1.04141
2021-01-23 03:22:10,842 [INFO] [OPT-EXP-DSGN - coordinate_ascent] [1/1] [t = 490] swapped,  f(S) = 1.04143
2021-01-23 03:22:13,166 [INFO] [OPT-EXP-DSGN - coordinate_ascent] [1/1] [t = 491] swapped,  f(S) = 1.04148
2021-01-23 03:22:14,540 [INFO] [OPT-EXP-DSGN - coordinate_ascent] [1/1] [t = 492] swapped,  f(S) = 1.04152
2021-01-23 03:22:16,529 [INFO] [OPT-EXP-DSGN - coordinate_ascent] [1/1] [t = 493] swapped,  f(S) = 1.04153
2021-01-23 03:22:17,213 [INFO] [OPT-EXP-DSGN - coordinate_ascent] [1/1] [t = 494] swapped,  f(S) = 1.04159
2021-01-23 03:22:28,719 [INFO] [OPT-EXP-DSGN - coordinate_ascent] [1/1] [t = 495] swapped,  f(S) = 1.04161
2021-01-23 03:22:38,684 [INFO] [OPT-EXP-DSGN - coordinate_ascent] [1/1] [t = 496] swapped,  f(S) = 1.04163
2021-01-23 03:22:39,685 [INFO] [OPT-EXP-DSGN - coordinate_ascent] [1/1] [t = 497] swapped,  f(S) = 1.04171
2021-01-23 03:22:40,004 [INFO] [OPT-EXP-DSGN - coordinate_ascent] [1/1] [t = 498] swapped,  f(S) = 1.04196
2021-01-23 03:22:45,974 [INFO] [OPT-EXP-DSGN - coordinate_ascent] [1/1] [t = 499] swapped,  f(S) = 1.04201
2021-01-23 03:23:15,932 [INFO] [OPT-EXP-DSGN - coordinate_ascent] [1/1] [t = 500] swapped,  f(S) = 1.04203
2021-01-23 03:23:42,929 [INFO] [OPT-EXP-DSGN - coordinate_ascent] [1/1] [t = 501] swapped,  f(S) = 1.04210
2021-01-23 03:23:43,574 [INFO] [OPT-EXP-DSGN - coordinate_ascent] [1/1] [t = 502] swapped,  f(S) = 1.04273
2021-01-23 03:23:44,241 [INFO] [OPT-EXP-DSGN - coordinate_ascent] [1/1] [t = 503] swapped,  f(S) = 1.04283
2021-01-23 03:23:50,765 [INFO] [OPT-EXP-DSGN - coordinate_ascent] [1/1] [t = 504] swapped,  f(S) = 1.04292
2021-01-23 03:23:51,418 [INFO] [OPT-EXP-DSGN - coordinate_ascent] [1/1] [t = 505] swapped,  f(S) = 1.04298
2021-01-23 03:24:12,687 [INFO] [OPT-EXP-DSGN - coordinate_ascent] [1/1] [t = 506] swapped,  f(S) = 1.04300
2021-01-23 03:24:24,868 [INFO] [OPT-EXP-DSGN - coordinate_ascent] [1/1] [t = 507] swapped,  f(S) = 1.04304
2021-01-23 03:24:36,842 [INFO] [OPT-EXP-DSGN - coordinate_ascent] [1/1] [t = 508] swapped,  f(S) = 1.04320
2021-01-23 03:24:37,170 [INFO] [OPT-EXP-DSGN - coordinate_ascent] [1/1] [t = 509] swapped,  f(S) = 1.04351
2021-01-23 03:53:11,096 [INFO] [OPT-EXP-DSGN - coordinate_ascent] [1/1] [t = 510] swapped,  f(S) = 1.04354
2021-01-23 03:53:13,125 [INFO] [OPT-EXP-DSGN - coordinate_ascent] [1/1] [t = 511] swapped,  f(S) = 1.04359
2021-01-23 03:53:15,202 [INFO] [OPT-EXP-DSGN - coordinate_ascent] [1/1] [t = 512] swapped,  f(S) = 1.04375
2021-01-23 03:55:23,133 [INFO] [OPT-EXP-DSGN - coordinate_ascent] [1/1] [t = 513] swapped,  f(S) = 1.04378
2021-01-23 03:55:23,796 [INFO] [OPT-EXP-DSGN - coordinate_ascent] [1/1] [t = 514] swapped,  f(S) = 1.04406
2021-01-23 03:55:59,969 [INFO] [OPT-EXP-DSGN - coordinate_ascent] [1/1] [t = 515] swapped,  f(S) = 1.04425
2021-01-23 03:56:00,622 [INFO] [OPT-EXP-DSGN - coordinate_ascent] [1/1] [t = 516] swapped,  f(S) = 1.04431
2021-01-23 03:56:56,327 [INFO] [OPT-EXP-DSGN - coordinate_ascent] [1/1] [t = 517] swapped,  f(S) = 1.04451
2021-01-23 03:56:58,602 [INFO] [OPT-EXP-DSGN - coordinate_ascent] [1/1] [t = 518] swapped,  f(S) = 1.04454
2021-01-23 04:09:28,023 [INFO] [OPT-EXP-DSGN - coordinate_ascent] [1/1] [t = 519] swapped,  f(S) = 1.04456
2021-01-23 04:09:29,003 [INFO] [OPT-EXP-DSGN - coordinate_ascent] [1/1] [t = 520] swapped,  f(S) = 1.04503
2021-01-23 04:10:11,278 [INFO] [OPT-EXP-DSGN - coordinate_ascent] [1/1] [t = 521] swapped,  f(S) = 1.04505
2021-01-23 04:10:13,632 [INFO] [OPT-EXP-DSGN - coordinate_ascent] [1/1] [t = 522] swapped,  f(S) = 1.04507
2021-01-23 04:10:15,665 [INFO] [OPT-EXP-DSGN - coordinate_ascent] [1/1] [t = 523] swapped,  f(S) = 1.04542
2021-01-23 04:10:18,725 [INFO] [OPT-EXP-DSGN - coordinate_ascent] [1/1] [t = 524] swapped,  f(S) = 1.04545
2021-01-23 04:10:19,401 [INFO] [OPT-EXP-DSGN - coordinate_ascent] [1/1] [t = 525] swapped,  f(S) = 1.04552
2021-01-23 04:10:19,732 [INFO] [OPT-EXP-DSGN - coordinate_ascent] [1/1] [t = 526] swapped,  f(S) = 1.04572
2021-01-23 04:10:20,423 [INFO] [OPT-EXP-DSGN - coordinate_ascent] [1/1] [t = 527] swapped,  f(S) = 1.04577
2021-01-23 04:10:22,148 [INFO] [OPT-EXP-DSGN - coordinate_ascent] [1/1] [t = 528] swapped,  f(S) = 1.04594
2021-01-23 04:10:35,375 [INFO] [OPT-EXP-DSGN - coordinate_ascent] [1/1] [t = 529] swapped,  f(S) = 1.04595
2021-01-23 04:10:39,782 [INFO] [OPT-EXP-DSGN - coordinate_ascent] [1/1] [t = 530] swapped,  f(S) = 1.04606
2021-01-23 04:10:40,456 [INFO] [OPT-EXP-DSGN - coordinate_ascent] [1/1] [t = 531] swapped,  f(S) = 1.04612
2021-01-23 04:11:28,610 [INFO] [OPT-EXP-DSGN - coordinate_ascent] [1/1] [t = 532] swapped,  f(S) = 1.04613
2021-01-23 04:11:28,962 [INFO] [OPT-EXP-DSGN - coordinate_ascent] [1/1] [t = 533] swapped,  f(S) = 1.04674
2021-01-23 04:11:29,606 [INFO] [OPT-EXP-DSGN - coordinate_ascent] [1/1] [t = 534] swapped,  f(S) = 1.04680
2021-01-23 04:11:31,193 [INFO] [OPT-EXP-DSGN - coordinate_ascent] [1/1] [t = 535] swapped,  f(S) = 1.04689
2021-01-23 04:12:06,102 [INFO] [OPT-EXP-DSGN - coordinate_ascent] [1/1] [t = 536] swapped,  f(S) = 1.04707
2021-01-23 04:56:24,823 [INFO] [OPT-EXP-DSGN - coordinate_ascent] [1/1] [t = 537] swapped,  f(S) = 1.04727
2021-01-23 05:13:53,512 [INFO] [OPT-EXP-DSGN - coordinate_ascent] [1/1] [t = 538] swapped,  f(S) = 1.04729
2021-01-23 05:13:53,843 [INFO] [OPT-EXP-DSGN - coordinate_ascent] [1/1] [t = 539] swapped,  f(S) = 1.04747
2021-01-23 05:13:54,505 [INFO] [OPT-EXP-DSGN - coordinate_ascent] [1/1] [t = 540] swapped,  f(S) = 1.04764
2021-01-23 05:13:54,840 [INFO] [OPT-EXP-DSGN - coordinate_ascent] [1/1] [t = 541] swapped,  f(S) = 1.04767
2021-01-23 05:14:13,347 [INFO] [OPT-EXP-DSGN - coordinate_ascent] [1/1] [t = 542] swapped,  f(S) = 1.04769
2021-01-23 06:20:43,108 [INFO] [OPT-EXP-DSGN - coordinate_ascent] [1/1] [t = 543] swapped,  f(S) = 1.04787
2021-01-23 06:31:34,377 [INFO] [OPT-EXP-DSGN - coordinate_ascent] [1/1] [t = 544] swapped,  f(S) = 1.04789
2021-01-23 06:31:34,696 [INFO] [OPT-EXP-DSGN - coordinate_ascent] [1/1] [t = 545] swapped,  f(S) = 1.04809
2021-01-23 06:31:35,015 [INFO] [OPT-EXP-DSGN - coordinate_ascent] [1/1] [t = 546] swapped,  f(S) = 1.04839
2021-01-23 06:31:35,956 [INFO] [OPT-EXP-DSGN - coordinate_ascent] [1/1] [t = 547] swapped,  f(S) = 1.04840
2021-01-23 06:31:36,899 [INFO] [OPT-EXP-DSGN - coordinate_ascent] [1/1] [t = 548] swapped,  f(S) = 1.04889
2021-01-23 06:31:37,212 [INFO] [OPT-EXP-DSGN - coordinate_ascent] [1/1] [t = 549] swapped,  f(S) = 1.04892
2021-01-23 06:31:55,624 [INFO] [OPT-EXP-DSGN - coordinate_ascent] [1/1] [t = 550] swapped,  f(S) = 1.04894
2021-01-23 06:31:57,851 [INFO] [OPT-EXP-DSGN - coordinate_ascent] [1/1] [t = 551] swapped,  f(S) = 1.04913
2021-01-23 06:31:58,173 [INFO] [OPT-EXP-DSGN - coordinate_ascent] [1/1] [t = 552] swapped,  f(S) = 1.04944
2021-01-23 06:32:03,583 [INFO] [OPT-EXP-DSGN - coordinate_ascent] [1/1] [t = 553] swapped,  f(S) = 1.04947
2021-01-23 06:32:08,346 [INFO] [OPT-EXP-DSGN - coordinate_ascent] [1/1] [t = 554] swapped,  f(S) = 1.04947
2021-01-23 06:33:25,330 [INFO] [OPT-EXP-DSGN - coordinate_ascent] [1/1] [t = 555] swapped,  f(S) = 1.04948
2021-01-23 06:33:25,989 [INFO] [OPT-EXP-DSGN - coordinate_ascent] [1/1] [t = 556] swapped,  f(S) = 1.04955
2021-01-23 06:33:27,314 [INFO] [OPT-EXP-DSGN - coordinate_ascent] [1/1] [t = 557] swapped,  f(S) = 1.04982
2021-01-23 06:33:32,413 [INFO] [OPT-EXP-DSGN - coordinate_ascent] [1/1] [t = 558] swapped,  f(S) = 1.04984
2021-01-23 06:33:37,860 [INFO] [OPT-EXP-DSGN - coordinate_ascent] [1/1] [t = 559] swapped,  f(S) = 1.04986
2021-01-23 06:34:27,505 [INFO] [OPT-EXP-DSGN - coordinate_ascent] [1/1] [t = 560] swapped,  f(S) = 1.04992
2021-01-23 06:36:57,147 [INFO] [OPT-EXP-DSGN - coordinate_ascent] [1/1] [t = 561] swapped,  f(S) = 1.04994
2021-01-23 06:37:02,778 [INFO] [OPT-EXP-DSGN - coordinate_ascent] [1/1] [t = 562] swapped,  f(S) = 1.05013
2021-01-23 06:38:27,358 [INFO] [OPT-EXP-DSGN - coordinate_ascent] [1/1] [t = 563] swapped,  f(S) = 1.05015
2021-01-23 06:38:28,341 [INFO] [OPT-EXP-DSGN - coordinate_ascent] [1/1] [t = 564] swapped,  f(S) = 1.05023
2021-01-23 06:38:29,963 [INFO] [OPT-EXP-DSGN - coordinate_ascent] [1/1] [t = 565] swapped,  f(S) = 1.05028
2021-01-23 06:38:30,298 [INFO] [OPT-EXP-DSGN - coordinate_ascent] [1/1] [t = 566] swapped,  f(S) = 1.05046
2021-01-23 06:38:35,604 [INFO] [OPT-EXP-DSGN - coordinate_ascent] [1/1] [t = 567] swapped,  f(S) = 1.05051
2021-01-23 06:38:39,184 [INFO] [OPT-EXP-DSGN - coordinate_ascent] [1/1] [t = 568] swapped,  f(S) = 1.05052
2021-01-23 06:39:02,646 [INFO] [OPT-EXP-DSGN - coordinate_ascent] [1/1] [t = 569] swapped,  f(S) = 1.05063
2021-01-23 06:39:05,484 [INFO] [OPT-EXP-DSGN - coordinate_ascent] [1/1] [t = 570] swapped,  f(S) = 1.05065
2021-01-23 06:39:16,885 [INFO] [OPT-EXP-DSGN - coordinate_ascent] [1/1] [t = 571] swapped,  f(S) = 1.05069
2021-01-23 06:42:06,220 [INFO] [OPT-EXP-DSGN - coordinate_ascent] [1/1] [t = 572] swapped,  f(S) = 1.05077
2021-01-23 06:42:07,844 [INFO] [OPT-EXP-DSGN - coordinate_ascent] [1/1] [t = 573] swapped,  f(S) = 1.05084
2021-01-23 06:42:08,167 [INFO] [OPT-EXP-DSGN - coordinate_ascent] [1/1] [t = 574] swapped,  f(S) = 1.05108
2021-01-23 06:42:13,704 [INFO] [OPT-EXP-DSGN - coordinate_ascent] [1/1] [t = 575] swapped,  f(S) = 1.05123
2021-01-23 06:42:15,657 [INFO] [OPT-EXP-DSGN - coordinate_ascent] [1/1] [t = 576] swapped,  f(S) = 1.05138
2021-01-23 06:42:23,168 [INFO] [OPT-EXP-DSGN - coordinate_ascent] [1/1] [t = 577] swapped,  f(S) = 1.05138
2021-01-23 06:42:38,927 [INFO] [OPT-EXP-DSGN - coordinate_ascent] [1/1] [t = 578] swapped,  f(S) = 1.05142
2021-01-23 06:53:30,891 [INFO] [OPT-EXP-DSGN - coordinate_ascent] [1/1] [t = 579] swapped,  f(S) = 1.05147
2021-01-23 06:53:31,213 [INFO] [OPT-EXP-DSGN - coordinate_ascent] [1/1] [t = 580] swapped,  f(S) = 1.05218
2021-01-23 06:53:31,528 [INFO] [OPT-EXP-DSGN - coordinate_ascent] [1/1] [t = 581] swapped,  f(S) = 1.05230
2021-01-23 06:53:51,785 [INFO] [OPT-EXP-DSGN - coordinate_ascent] [1/1] [t = 582] swapped,  f(S) = 1.05231
2021-01-23 06:53:52,105 [INFO] [OPT-EXP-DSGN - coordinate_ascent] [1/1] [t = 583] swapped,  f(S) = 1.05250
2021-01-23 06:55:59,260 [INFO] [OPT-EXP-DSGN - coordinate_ascent] [1/1] [t = 584] swapped,  f(S) = 1.05250
2021-01-23 06:55:59,582 [INFO] [OPT-EXP-DSGN - coordinate_ascent] [1/1] [t = 585] swapped,  f(S) = 1.05264
2021-01-23 06:56:00,530 [INFO] [OPT-EXP-DSGN - coordinate_ascent] [1/1] [t = 586] swapped,  f(S) = 1.05268
2021-01-23 07:05:11,151 [INFO] [OPT-EXP-DSGN - coordinate_ascent] [1/1] [t = 587] swapped,  f(S) = 1.05269
2021-01-23 07:05:11,467 [INFO] [OPT-EXP-DSGN - coordinate_ascent] [1/1] [t = 588] swapped,  f(S) = 1.05278
2021-01-23 07:05:29,278 [INFO] [OPT-EXP-DSGN - coordinate_ascent] [1/1] [t = 589] swapped,  f(S) = 1.05278
2021-01-23 07:12:45,265 [INFO] [OPT-EXP-DSGN - coordinate_ascent] [1/1] [t = 590] swapped,  f(S) = 1.05278
2021-01-23 07:12:46,865 [INFO] [OPT-EXP-DSGN - coordinate_ascent] [1/1] [t = 591] swapped,  f(S) = 1.05279
2021-01-23 07:12:47,820 [INFO] [OPT-EXP-DSGN - coordinate_ascent] [1/1] [t = 592] swapped,  f(S) = 1.05291
2021-01-23 07:13:23,187 [INFO] [OPT-EXP-DSGN - coordinate_ascent] [1/1] [t = 593] swapped,  f(S) = 1.05294
2021-01-23 07:13:23,504 [INFO] [OPT-EXP-DSGN - coordinate_ascent] [1/1] [t = 594] swapped,  f(S) = 1.05308
2021-01-23 07:22:36,384 [INFO] [OPT-EXP-DSGN - coordinate_ascent] [1/1] [t = 595] swapped,  f(S) = 1.05312
2021-01-23 07:22:41,380 [INFO] [OPT-EXP-DSGN - coordinate_ascent] [1/1] [t = 596] swapped,  f(S) = 1.05314
2021-01-23 07:53:08,950 [INFO] [OPT-EXP-DSGN - coordinate_ascent] [1/1] [t = 597] swapped,  f(S) = 1.05315
2021-01-23 07:53:43,501 [INFO] [OPT-EXP-DSGN - coordinate_ascent] [1/1] [t = 598] swapped,  f(S) = 1.05316
2021-01-23 08:07:53,796 [INFO] [OPT-EXP-DSGN - coordinate_ascent] [1/1] [t = 599] swapped,  f(S) = 1.05317
2021-01-23 08:07:54,830 [INFO] [OPT-EXP-DSGN - coordinate_ascent] [1/1] [t = 600] swapped,  f(S) = 1.05319
2021-01-23 08:51:21,346 [INFO] [OPT-EXP-DSGN - coordinate_ascent] [1/1] [t = 601] swapped,  f(S) = 1.05320
2021-01-23 08:51:22,000 [INFO] [OPT-EXP-DSGN - coordinate_ascent] [1/1] [t = 602] swapped,  f(S) = 1.05321
2021-01-23 08:52:24,601 [INFO] [OPT-EXP-DSGN - coordinate_ascent] [1/1] [t = 603] swapped,  f(S) = 1.05322
2021-01-23 08:54:14,379 [INFO] [OPT-EXP-DSGN - coordinate_ascent] [1/1] [t = 604] swapped,  f(S) = 1.05322
2021-01-23 08:54:15,327 [INFO] [OPT-EXP-DSGN - coordinate_ascent] [1/1] [t = 605] swapped,  f(S) = 1.05328
2021-01-23 08:54:15,646 [INFO] [OPT-EXP-DSGN - coordinate_ascent] [1/1] [t = 606] swapped,  f(S) = 1.05330
2021-01-23 09:38:39,469 [INFO] [OPT-EXP-DSGN - coordinate_ascent] [1/1] [t = 607] swapped,  f(S) = 1.05338
2021-01-23 09:38:57,720 [INFO] [OPT-EXP-DSGN - coordinate_ascent] [1/1] [t = 608] swapped,  f(S) = 1.05346
2021-01-23 09:43:50,973 [INFO] [OPT-EXP-DSGN - coordinate_ascent] [1/1] [t = 609] swapped,  f(S) = 1.05351
2021-01-23 10:27:04,181 [INFO] [OPT-EXP-DSGN - coordinate_ascent] [1/1] [t = 610] swapped,  f(S) = 1.05360
2021-01-23 10:27:05,230 [INFO] [OPT-EXP-DSGN - coordinate_ascent] [1/1] [t = 611] swapped,  f(S) = 1.05362
2021-01-23 10:27:45,485 [INFO] [OPT-EXP-DSGN - coordinate_ascent] [1/1] [t = 612] swapped,  f(S) = 1.05363
2021-01-23 10:28:01,762 [INFO] [OPT-EXP-DSGN - coordinate_ascent] [1/1] [t = 613] swapped,  f(S) = 1.05377
2021-01-23 10:28:13,879 [INFO] [OPT-EXP-DSGN - coordinate_ascent] [1/1] [t = 614] swapped,  f(S) = 1.05382
2021-01-23 10:28:14,207 [INFO] [OPT-EXP-DSGN - coordinate_ascent] [1/1] [t = 615] swapped,  f(S) = 1.05383
2021-01-23 10:28:16,794 [INFO] [OPT-EXP-DSGN - coordinate_ascent] [1/1] [t = 616] swapped,  f(S) = 1.05387
2021-01-23 10:28:44,677 [INFO] [OPT-EXP-DSGN - coordinate_ascent] [1/1] [t = 617] swapped,  f(S) = 1.05390
2021-01-23 10:28:47,283 [INFO] [OPT-EXP-DSGN - coordinate_ascent] [1/1] [t = 618] swapped,  f(S) = 1.05400
2021-01-23 10:29:34,373 [INFO] [OPT-EXP-DSGN - coordinate_ascent] [1/1] [t = 619] swapped,  f(S) = 1.05400
2021-01-23 10:30:49,669 [INFO] [OPT-EXP-DSGN - coordinate_ascent] [1/1] [t = 620] swapped,  f(S) = 1.05403
2021-01-23 10:30:50,000 [INFO] [OPT-EXP-DSGN - coordinate_ascent] [1/1] [t = 621] swapped,  f(S) = 1.05411
2021-01-23 10:31:14,059 [INFO] [OPT-EXP-DSGN - coordinate_ascent] [1/1] [t = 622] swapped,  f(S) = 1.05414
2021-01-23 10:31:35,337 [INFO] [OPT-EXP-DSGN - coordinate_ascent] [1/1] [t = 623] swapped,  f(S) = 1.05418
2021-01-23 10:56:34,415 [INFO] [OPT-EXP-DSGN - coordinate_ascent] [1/1] [t = 624] swapped,  f(S) = 1.05419
2021-01-23 10:58:51,442 [INFO] [OPT-EXP-DSGN - coordinate_ascent] [1/1] [t = 625] swapped,  f(S) = 1.05430
2021-01-23 10:58:54,726 [INFO] [OPT-EXP-DSGN - coordinate_ascent] [1/1] [t = 626] swapped,  f(S) = 1.05435
2021-01-23 10:59:53,911 [INFO] [OPT-EXP-DSGN - coordinate_ascent] [1/1] [t = 627] swapped,  f(S) = 1.05437
2021-01-23 11:43:01,066 [INFO] [OPT-EXP-DSGN - coordinate_ascent] [1/1] [t = 628] swapped,  f(S) = 1.05439
2021-01-23 11:43:02,140 [INFO] [OPT-EXP-DSGN - coordinate_ascent] [1/1] [t = 629] swapped,  f(S) = 1.05443
2021-01-23 11:43:02,811 [INFO] [OPT-EXP-DSGN - coordinate_ascent] [1/1] [t = 630] swapped,  f(S) = 1.05447
2021-01-23 11:43:04,820 [INFO] [OPT-EXP-DSGN - coordinate_ascent] [1/1] [t = 631] swapped,  f(S) = 1.05447
2021-01-23 11:43:05,491 [INFO] [OPT-EXP-DSGN - coordinate_ascent] [1/1] [t = 632] swapped,  f(S) = 1.05455
2021-01-23 11:43:33,590 [INFO] [OPT-EXP-DSGN - coordinate_ascent] [1/1] [t = 633] swapped,  f(S) = 1.05457
2021-01-23 12:27:32,274 [INFO] [OPT-EXP-DSGN - coordinate_ascent] [1/1] [t = 634] swapped,  f(S) = 1.05470
2021-01-23 12:27:39,314 [INFO] [OPT-EXP-DSGN - coordinate_ascent] [1/1] [t = 635] swapped,  f(S) = 1.05471
2021-01-23 12:27:56,606 [INFO] [OPT-EXP-DSGN - coordinate_ascent] [1/1] [t = 636] swapped,  f(S) = 1.05475
2021-01-23 12:27:56,938 [INFO] [OPT-EXP-DSGN - coordinate_ascent] [1/1] [t = 637] swapped,  f(S) = 1.05481
2021-01-23 12:27:57,601 [INFO] [OPT-EXP-DSGN - coordinate_ascent] [1/1] [t = 638] swapped,  f(S) = 1.05494
2021-01-23 12:27:59,879 [INFO] [OPT-EXP-DSGN - coordinate_ascent] [1/1] [t = 639] swapped,  f(S) = 1.05511
2021-01-23 12:28:33,306 [INFO] [OPT-EXP-DSGN - coordinate_ascent] [1/1] [t = 640] swapped,  f(S) = 1.05515
2021-01-23 12:28:42,335 [INFO] [OPT-EXP-DSGN - coordinate_ascent] [1/1] [t = 641] swapped,  f(S) = 1.05516
2021-01-23 13:14:01,125 [INFO] [OPT-EXP-DSGN - coordinate_ascent] [1/1] [t = 642] swapped,  f(S) = 1.05524
2021-01-23 13:14:03,434 [INFO] [OPT-EXP-DSGN - coordinate_ascent] [1/1] [t = 643] swapped,  f(S) = 1.05525
2021-01-23 13:14:06,000 [INFO] [OPT-EXP-DSGN - coordinate_ascent] [1/1] [t = 644] swapped,  f(S) = 1.05528
2021-01-23 13:14:26,075 [INFO] [OPT-EXP-DSGN - coordinate_ascent] [1/1] [t = 645] swapped,  f(S) = 1.05543
2021-01-23 13:14:26,715 [INFO] [OPT-EXP-DSGN - coordinate_ascent] [1/1] [t = 646] swapped,  f(S) = 1.05551
2021-01-23 13:14:27,353 [INFO] [OPT-EXP-DSGN - coordinate_ascent] [1/1] [t = 647] swapped,  f(S) = 1.05574
2021-01-23 13:14:36,898 [INFO] [OPT-EXP-DSGN - coordinate_ascent] [1/1] [t = 648] swapped,  f(S) = 1.05579
2021-01-23 13:14:37,862 [INFO] [OPT-EXP-DSGN - coordinate_ascent] [1/1] [t = 649] swapped,  f(S) = 1.05589
2021-01-23 13:14:38,821 [INFO] [OPT-EXP-DSGN - coordinate_ascent] [1/1] [t = 650] swapped,  f(S) = 1.05612
2021-01-23 13:14:56,988 [INFO] [OPT-EXP-DSGN - coordinate_ascent] [1/1] [t = 651] swapped,  f(S) = 1.05628
2021-01-23 13:15:39,902 [INFO] [OPT-EXP-DSGN - coordinate_ascent] [1/1] [t = 652] swapped,  f(S) = 1.05630
2021-01-23 13:15:40,906 [INFO] [OPT-EXP-DSGN - coordinate_ascent] [1/1] [t = 653] swapped,  f(S) = 1.05634
2021-01-23 13:17:04,123 [INFO] [OPT-EXP-DSGN - coordinate_ascent] [1/1] [t = 654] swapped,  f(S) = 1.05646
2021-01-23 13:17:04,792 [INFO] [OPT-EXP-DSGN - coordinate_ascent] [1/1] [t = 655] swapped,  f(S) = 1.05657
2021-01-23 13:17:11,147 [INFO] [OPT-EXP-DSGN - coordinate_ascent] [1/1] [t = 656] swapped,  f(S) = 1.05659
2021-01-23 13:37:32,076 [INFO] [OPT-EXP-DSGN - coordinate_ascent] [1/1] [t = 657] swapped,  f(S) = 1.05660
2021-01-23 13:37:33,321 [INFO] [OPT-EXP-DSGN - coordinate_ascent] [1/1] [t = 658] swapped,  f(S) = 1.05675
2021-01-23 13:37:34,324 [INFO] [OPT-EXP-DSGN - coordinate_ascent] [1/1] [t = 659] swapped,  f(S) = 1.05681
2021-01-23 14:27:07,564 [INFO] [OPT-EXP-DSGN - coordinate_ascent] [1/1] [t = 660] swapped,  f(S) = 1.05682
2021-01-23 14:27:08,021 [INFO] [OPT-EXP-DSGN - coordinate_ascent] [1/1] [t = 661] swapped,  f(S) = 1.05684
2021-01-23 14:27:10,237 [INFO] [OPT-EXP-DSGN - coordinate_ascent] [1/1] [t = 662] swapped,  f(S) = 1.05697
2021-01-23 14:27:10,555 [INFO] [OPT-EXP-DSGN - coordinate_ascent] [1/1] [t = 663] swapped,  f(S) = 1.05705
2021-01-23 14:27:11,188 [INFO] [OPT-EXP-DSGN - coordinate_ascent] [1/1] [t = 664] swapped,  f(S) = 1.05716
2021-01-23 14:32:35,326 [INFO] [OPT-EXP-DSGN - coordinate_ascent] [1/1] [t = 665] swapped,  f(S) = 1.05722
2021-01-23 14:32:36,279 [INFO] [OPT-EXP-DSGN - coordinate_ascent] [1/1] [t = 666] swapped,  f(S) = 1.05723
2021-01-23 14:32:36,911 [INFO] [OPT-EXP-DSGN - coordinate_ascent] [1/1] [t = 667] swapped,  f(S) = 1.05738
2021-01-23 14:33:58,362 [INFO] [OPT-EXP-DSGN - coordinate_ascent] [1/1] [t = 668] swapped,  f(S) = 1.05740
2021-01-23 14:34:05,958 [INFO] [OPT-EXP-DSGN - coordinate_ascent] [1/1] [t = 669] swapped,  f(S) = 1.05752
2021-01-23 14:34:10,070 [INFO] [OPT-EXP-DSGN - coordinate_ascent] [1/1] [t = 670] swapped,  f(S) = 1.05756
2021-01-23 14:36:39,259 [INFO] [OPT-EXP-DSGN - coordinate_ascent] [1/1] [t = 671] swapped,  f(S) = 1.05762
2021-01-23 14:36:41,918 [INFO] [OPT-EXP-DSGN - coordinate_ascent] [1/1] [t = 672] swapped,  f(S) = 1.05773
2021-01-23 14:36:43,250 [INFO] [OPT-EXP-DSGN - coordinate_ascent] [1/1] [t = 673] swapped,  f(S) = 1.05778
2021-01-23 14:36:49,241 [INFO] [OPT-EXP-DSGN - coordinate_ascent] [1/1] [t = 674] swapped,  f(S) = 1.05782
2021-01-23 14:37:06,212 [INFO] [OPT-EXP-DSGN - coordinate_ascent] [1/1] [t = 675] swapped,  f(S) = 1.05789
2021-01-23 14:37:06,546 [INFO] [OPT-EXP-DSGN - coordinate_ascent] [1/1] [t = 676] swapped,  f(S) = 1.05832
2021-01-23 14:37:15,192 [INFO] [OPT-EXP-DSGN - coordinate_ascent] [1/1] [t = 677] swapped,  f(S) = 1.05840
2021-01-23 14:37:18,520 [INFO] [OPT-EXP-DSGN - coordinate_ascent] [1/1] [t = 678] swapped,  f(S) = 1.05854
2021-01-23 14:37:21,138 [INFO] [OPT-EXP-DSGN - coordinate_ascent] [1/1] [t = 679] swapped,  f(S) = 1.05857
2021-01-23 14:37:26,404 [INFO] [OPT-EXP-DSGN - coordinate_ascent] [1/1] [t = 680] swapped,  f(S) = 1.05858
2021-01-23 14:47:42,533 [INFO] [OPT-EXP-DSGN - coordinate_ascent] [1/1] [t = 681] swapped,  f(S) = 1.05858
2021-01-23 14:50:04,979 [INFO] [OPT-EXP-DSGN - coordinate_ascent] [1/1] [t = 682] swapped,  f(S) = 1.05858
2021-01-23 14:50:07,503 [INFO] [OPT-EXP-DSGN - coordinate_ascent] [1/1] [t = 683] swapped,  f(S) = 1.05859
2021-01-23 14:50:08,600 [INFO] [OPT-EXP-DSGN - coordinate_ascent] [1/1] [t = 684] swapped,  f(S) = 1.05863
2021-01-23 14:50:09,295 [INFO] [OPT-EXP-DSGN - coordinate_ascent] [1/1] [t = 685] swapped,  f(S) = 1.05867
2021-01-23 14:50:09,654 [INFO] [OPT-EXP-DSGN - coordinate_ascent] [1/1] [t = 686] swapped,  f(S) = 1.05976
2021-01-23 14:50:10,388 [INFO] [OPT-EXP-DSGN - coordinate_ascent] [1/1] [t = 687] swapped,  f(S) = 1.05981
2021-01-23 14:50:10,763 [INFO] [OPT-EXP-DSGN - coordinate_ascent] [1/1] [t = 688] swapped,  f(S) = 1.05982
2021-01-23 14:50:12,995 [INFO] [OPT-EXP-DSGN - coordinate_ascent] [1/1] [t = 689] swapped,  f(S) = 1.05999
2021-01-23 14:50:14,057 [INFO] [OPT-EXP-DSGN - coordinate_ascent] [1/1] [t = 690] swapped,  f(S) = 1.06011
2021-01-23 15:35:52,752 [INFO] [OPT-EXP-DSGN - coordinate_ascent] [1/1] [t = 691] swapped,  f(S) = 1.06041
2021-01-23 15:38:12,100 [INFO] [OPT-EXP-DSGN - coordinate_ascent] [1/1] [t = 692] swapped,  f(S) = 1.06045
2021-01-23 15:39:55,246 [INFO] [OPT-EXP-DSGN - coordinate_ascent] [1/1] [t = 693] swapped,  f(S) = 1.06051
2021-01-23 15:39:58,559 [INFO] [OPT-EXP-DSGN - coordinate_ascent] [1/1] [t = 694] swapped,  f(S) = 1.06051
2021-01-23 15:39:59,543 [INFO] [OPT-EXP-DSGN - coordinate_ascent] [1/1] [t = 695] swapped,  f(S) = 1.06060
2021-01-23 16:25:45,720 [INFO] [OPT-EXP-DSGN - coordinate_ascent] [1/1] [t = 696] swapped,  f(S) = 1.06074
2021-01-23 16:25:46,498 [INFO] [OPT-EXP-DSGN - coordinate_ascent] [1/1] [t = 697] swapped,  f(S) = 1.06094
2021-01-23 16:25:47,957 [INFO] [OPT-EXP-DSGN - coordinate_ascent] [1/1] [t = 698] swapped,  f(S) = 1.06105
2021-01-23 16:25:48,306 [INFO] [OPT-EXP-DSGN - coordinate_ascent] [1/1] [t = 699] swapped,  f(S) = 1.06128
2021-01-23 16:25:49,003 [INFO] [OPT-EXP-DSGN - coordinate_ascent] [1/1] [t = 700] swapped,  f(S) = 1.06130
2021-01-23 16:25:49,352 [INFO] [OPT-EXP-DSGN - coordinate_ascent] [1/1] [t = 701] swapped,  f(S) = 1.06201
2021-01-23 16:25:53,309 [INFO] [OPT-EXP-DSGN - coordinate_ascent] [1/1] [t = 702] swapped,  f(S) = 1.06205
2021-01-23 16:59:54,726 [INFO] [OPT-EXP-DSGN - coordinate_ascent] [1/1] [t = 703] swapped,  f(S) = 1.06205
2021-01-23 16:59:55,277 [INFO] [OPT-EXP-DSGN - coordinate_ascent] [1/1] [t = 704] swapped,  f(S) = 1.06211
2021-01-23 17:00:14,925 [INFO] [OPT-EXP-DSGN - coordinate_ascent] [1/1] [t = 705] swapped,  f(S) = 1.06212
2021-01-23 17:00:57,490 [INFO] [OPT-EXP-DSGN - coordinate_ascent] [1/1] [t = 706] swapped,  f(S) = 1.06212
2021-01-23 17:00:57,868 [INFO] [OPT-EXP-DSGN - coordinate_ascent] [1/1] [t = 707] swapped,  f(S) = 1.06225
2021-01-23 17:00:58,627 [INFO] [OPT-EXP-DSGN - coordinate_ascent] [1/1] [t = 708] swapped,  f(S) = 1.06242
2021-01-23 17:47:17,526 [INFO] [OPT-EXP-DSGN - coordinate_ascent] [1/1] [t = 709] swapped,  f(S) = 1.06249
2021-01-23 17:49:00,242 [INFO] [OPT-EXP-DSGN - coordinate_ascent] [1/1] [t = 710] swapped,  f(S) = 1.06250
2021-01-23 17:49:00,579 [INFO] [OPT-EXP-DSGN - coordinate_ascent] [1/1] [t = 711] swapped,  f(S) = 1.06265
2021-01-23 17:49:09,537 [INFO] [OPT-EXP-DSGN - coordinate_ascent] [1/1] [t = 712] swapped,  f(S) = 1.06266
2021-01-23 18:35:07,978 [INFO] [OPT-EXP-DSGN - coordinate_ascent] [1/1] [t = 713] swapped,  f(S) = 1.06276
2021-01-23 18:35:27,445 [INFO] [OPT-EXP-DSGN - coordinate_ascent] [1/1] [t = 714] swapped,  f(S) = 1.06281
2021-01-23 18:35:28,441 [INFO] [OPT-EXP-DSGN - coordinate_ascent] [1/1] [t = 715] swapped,  f(S) = 1.06282
2021-01-23 18:35:31,490 [INFO] [OPT-EXP-DSGN - coordinate_ascent] [1/1] [t = 716] swapped,  f(S) = 1.06284
2021-01-23 18:35:36,136 [INFO] [OPT-EXP-DSGN - coordinate_ascent] [1/1] [t = 717] swapped,  f(S) = 1.06285
2021-01-23 18:35:36,469 [INFO] [OPT-EXP-DSGN - coordinate_ascent] [1/1] [t = 718] swapped,  f(S) = 1.06344
2021-01-23 18:35:36,810 [INFO] [OPT-EXP-DSGN - coordinate_ascent] [1/1] [t = 719] swapped,  f(S) = 1.06348
2021-01-23 18:35:40,097 [INFO] [OPT-EXP-DSGN - coordinate_ascent] [1/1] [t = 720] swapped,  f(S) = 1.06359
2021-01-23 18:35:55,025 [INFO] [OPT-EXP-DSGN - coordinate_ascent] [1/1] [t = 721] swapped,  f(S) = 1.06360
2021-01-23 19:09:40,199 [INFO] [OPT-EXP-DSGN - coordinate_ascent] [1/1] [t = 722] swapped,  f(S) = 1.06362
2021-01-23 19:10:11,980 [INFO] [OPT-EXP-DSGN - coordinate_ascent] [1/1] [t = 723] swapped,  f(S) = 1.06364
2021-01-23 19:10:15,060 [INFO] [OPT-EXP-DSGN - coordinate_ascent] [1/1] [t = 724] swapped,  f(S) = 1.06378
2021-01-23 19:10:15,727 [INFO] [OPT-EXP-DSGN - coordinate_ascent] [1/1] [t = 725] swapped,  f(S) = 1.06391
2021-01-23 19:10:16,057 [INFO] [OPT-EXP-DSGN - coordinate_ascent] [1/1] [t = 726] swapped,  f(S) = 1.06406
2021-01-23 19:10:21,684 [INFO] [OPT-EXP-DSGN - coordinate_ascent] [1/1] [t = 727] swapped,  f(S) = 1.06408
2021-01-23 19:10:23,994 [INFO] [OPT-EXP-DSGN - coordinate_ascent] [1/1] [t = 728] swapped,  f(S) = 1.06421
2021-01-23 19:43:48,309 [INFO] [OPT-EXP-DSGN - coordinate_ascent] [1/1] [t = 729] swapped,  f(S) = 1.06423
2021-01-23 19:43:50,835 [INFO] [OPT-EXP-DSGN - coordinate_ascent] [1/1] [t = 730] swapped,  f(S) = 1.06427
2021-01-23 20:30:14,911 [INFO] [OPT-EXP-DSGN - coordinate_ascent] [1/1] [t = 731] swapped,  f(S) = 1.06431
2021-01-23 20:30:15,443 [INFO] [OPT-EXP-DSGN - coordinate_ascent] [1/1] [t = 732] swapped,  f(S) = 1.06447
2021-01-23 20:30:37,499 [INFO] [OPT-EXP-DSGN - coordinate_ascent] [1/1] [t = 733] swapped,  f(S) = 1.06452
2021-01-23 20:30:41,625 [INFO] [OPT-EXP-DSGN - coordinate_ascent] [1/1] [t = 734] swapped,  f(S) = 1.06459
2021-01-23 20:30:45,012 [INFO] [OPT-EXP-DSGN - coordinate_ascent] [1/1] [t = 735] swapped,  f(S) = 1.06460
2021-01-23 20:31:38,068 [INFO] [OPT-EXP-DSGN - coordinate_ascent] [1/1] [t = 736] swapped,  f(S) = 1.06461
2021-01-23 20:31:47,795 [INFO] [OPT-EXP-DSGN - coordinate_ascent] [1/1] [t = 737] swapped,  f(S) = 1.06466
2021-01-23 20:31:50,724 [INFO] [OPT-EXP-DSGN - coordinate_ascent] [1/1] [t = 738] swapped,  f(S) = 1.06473
2021-01-23 20:31:51,102 [INFO] [OPT-EXP-DSGN - coordinate_ascent] [1/1] [t = 739] swapped,  f(S) = 1.06477
2021-01-23 20:32:28,760 [INFO] [OPT-EXP-DSGN - coordinate_ascent] [1/1] [t = 740] swapped,  f(S) = 1.06483
2021-01-23 20:32:57,205 [INFO] [OPT-EXP-DSGN - coordinate_ascent] [1/1] [t = 741] swapped,  f(S) = 1.06490
2021-01-23 20:33:00,234 [INFO] [OPT-EXP-DSGN - coordinate_ascent] [1/1] [t = 742] swapped,  f(S) = 1.06498
2021-01-23 20:35:50,485 [INFO] [OPT-EXP-DSGN - coordinate_ascent] [1/1] [t = 743] swapped,  f(S) = 1.06499
2021-01-23 20:35:51,494 [INFO] [OPT-EXP-DSGN - coordinate_ascent] [1/1] [t = 744] swapped,  f(S) = 1.06503
2021-01-23 20:35:51,829 [INFO] [OPT-EXP-DSGN - coordinate_ascent] [1/1] [t = 745] swapped,  f(S) = 1.06580
2021-01-23 20:35:52,501 [INFO] [OPT-EXP-DSGN - coordinate_ascent] [1/1] [t = 746] swapped,  f(S) = 1.06615
2021-01-23 20:36:19,468 [INFO] [OPT-EXP-DSGN - coordinate_ascent] [1/1] [t = 747] swapped,  f(S) = 1.06622
2021-01-23 21:23:26,652 [INFO] [OPT-EXP-DSGN - coordinate_ascent] [1/1] [t = 748] swapped,  f(S) = 1.06627
2021-01-23 21:23:28,033 [INFO] [OPT-EXP-DSGN - coordinate_ascent] [1/1] [t = 749] swapped,  f(S) = 1.06639
2021-01-23 21:23:28,374 [INFO] [OPT-EXP-DSGN - coordinate_ascent] [1/1] [t = 750] swapped,  f(S) = 1.06675
2021-01-23 21:23:29,401 [INFO] [OPT-EXP-DSGN - coordinate_ascent] [1/1] [t = 751] swapped,  f(S) = 1.06679
2021-01-23 21:23:30,756 [INFO] [OPT-EXP-DSGN - coordinate_ascent] [1/1] [t = 752] swapped,  f(S) = 1.06679
2021-01-23 21:23:32,439 [INFO] [OPT-EXP-DSGN - coordinate_ascent] [1/1] [t = 753] swapped,  f(S) = 1.06687
2021-01-23 21:52:32,385 [INFO] [OPT-EXP-DSGN - coordinate_ascent] [1/1] [t = 754] swapped,  f(S) = 1.06688
2021-01-23 21:52:34,717 [INFO] [OPT-EXP-DSGN - coordinate_ascent] [1/1] [t = 755] swapped,  f(S) = 1.06714
2021-01-23 22:38:53,996 [INFO] [OPT-EXP-DSGN - coordinate_ascent] [1/1] [t = 756] swapped,  f(S) = 1.06717
2021-01-23 22:38:54,375 [INFO] [OPT-EXP-DSGN - coordinate_ascent] [1/1] [t = 757] swapped,  f(S) = 1.06718
2021-01-23 22:38:57,380 [INFO] [OPT-EXP-DSGN - coordinate_ascent] [1/1] [t = 758] swapped,  f(S) = 1.06719
2021-01-23 22:39:08,263 [INFO] [OPT-EXP-DSGN - coordinate_ascent] [1/1] [t = 759] swapped,  f(S) = 1.06720
2021-01-23 22:39:13,147 [INFO] [OPT-EXP-DSGN - coordinate_ascent] [1/1] [t = 760] swapped,  f(S) = 1.06725
2021-01-23 22:39:24,059 [INFO] [OPT-EXP-DSGN - coordinate_ascent] [1/1] [t = 761] swapped,  f(S) = 1.06727
2021-01-23 22:39:25,942 [INFO] [OPT-EXP-DSGN - coordinate_ascent] [1/1] [t = 762] swapped,  f(S) = 1.06728
2021-01-23 22:40:47,002 [INFO] [OPT-EXP-DSGN - coordinate_ascent] [1/1] [t = 763] swapped,  f(S) = 1.06732
2021-01-23 22:40:48,513 [INFO] [OPT-EXP-DSGN - coordinate_ascent] [1/1] [t = 764] swapped,  f(S) = 1.06734
2021-01-23 22:56:51,903 [INFO] [OPT-EXP-DSGN - coordinate_ascent] [1/1] [t = 765] swapped,  f(S) = 1.06735
2021-01-23 22:57:18,600 [INFO] [OPT-EXP-DSGN - coordinate_ascent] [1/1] [t = 766] swapped,  f(S) = 1.06738
2021-01-23 22:58:31,598 [INFO] [OPT-EXP-DSGN - coordinate_ascent] [1/1] [t = 767] swapped,  f(S) = 1.06741
2021-01-23 23:00:16,652 [INFO] [OPT-EXP-DSGN - coordinate_ascent] [1/1] [t = 768] swapped,  f(S) = 1.06757
2021-01-23 23:01:16,564 [INFO] [OPT-EXP-DSGN - coordinate_ascent] [1/1] [t = 769] swapped,  f(S) = 1.06759
2021-01-23 23:01:31,306 [INFO] [OPT-EXP-DSGN - coordinate_ascent] [1/1] [t = 770] swapped,  f(S) = 1.06764
2021-01-23 23:47:26,551 [INFO] [OPT-EXP-DSGN - coordinate_ascent] [1/1] [t = 771] swapped,  f(S) = 1.06764
2021-01-23 23:47:29,124 [INFO] [OPT-EXP-DSGN - coordinate_ascent] [1/1] [t = 772] swapped,  f(S) = 1.06766
2021-01-23 23:47:29,459 [INFO] [OPT-EXP-DSGN - coordinate_ascent] [1/1] [t = 773] swapped,  f(S) = 1.06797
2021-01-23 23:47:30,823 [INFO] [OPT-EXP-DSGN - coordinate_ascent] [1/1] [t = 774] swapped,  f(S) = 1.06805
2021-01-23 23:47:32,191 [INFO] [OPT-EXP-DSGN - coordinate_ascent] [1/1] [t = 775] swapped,  f(S) = 1.06806
2021-01-23 23:47:32,527 [INFO] [OPT-EXP-DSGN - coordinate_ascent] [1/1] [t = 776] swapped,  f(S) = 1.06813
2021-01-23 23:47:34,587 [INFO] [OPT-EXP-DSGN - coordinate_ascent] [1/1] [t = 777] swapped,  f(S) = 1.06817
2021-01-23 23:48:06,338 [INFO] [OPT-EXP-DSGN - coordinate_ascent] [1/1] [t = 778] swapped,  f(S) = 1.06820
2021-01-23 23:48:14,353 [INFO] [OPT-EXP-DSGN - coordinate_ascent] [1/1] [t = 779] swapped,  f(S) = 1.06823
2021-01-23 23:48:16,720 [INFO] [OPT-EXP-DSGN - coordinate_ascent] [1/1] [t = 780] swapped,  f(S) = 1.06834
2021-01-23 23:48:19,144 [INFO] [OPT-EXP-DSGN - coordinate_ascent] [1/1] [t = 781] swapped,  f(S) = 1.06837
2021-01-24 02:10:31,836 [INFO] [OPT-EXP-DSGN - coordinate_ascent] [1/1] [t = 782] swapped,  f(S) = 1.06838
2021-01-24 02:10:32,725 [INFO] [OPT-EXP-DSGN - coordinate_ascent] [1/1] [t = 783] swapped,  f(S) = 1.06855
2021-01-24 02:10:33,453 [INFO] [OPT-EXP-DSGN - coordinate_ascent] [1/1] [t = 784] swapped,  f(S) = 1.06855
2021-01-24 02:10:36,046 [INFO] [OPT-EXP-DSGN - coordinate_ascent] [1/1] [t = 785] swapped,  f(S) = 1.06856
2021-01-24 03:08:22,879 [INFO] [OPT-EXP-DSGN - coordinate_ascent] [1/1] [t = 786] swapped,  f(S) = 1.06857
2021-01-24 03:12:30,752 [INFO] [OPT-EXP-DSGN - coordinate_ascent] [1/1] [t = 787] swapped,  f(S) = 1.06859
2021-01-24 03:12:32,135 [INFO] [OPT-EXP-DSGN - coordinate_ascent] [1/1] [t = 788] swapped,  f(S) = 1.06860
2021-01-24 03:12:53,129 [INFO] [OPT-EXP-DSGN - coordinate_ascent] [1/1] [t = 789] swapped,  f(S) = 1.06864
2021-01-24 03:58:59,577 [INFO] [OPT-EXP-DSGN - coordinate_ascent] [1/1] [t = 790] swapped,  f(S) = 1.06877
2021-01-24 04:43:26,510 [INFO] [OPT-EXP-DSGN - coordinate_ascent] [1/1] [t = 791] swapped,  f(S) = 1.06884
2021-01-24 04:57:04,094 [INFO] [OPT-EXP-DSGN - coordinate_ascent] [1/1] [t = 792] swapped,  f(S) = 1.06884
2021-01-24 04:57:05,361 [INFO] [OPT-EXP-DSGN - coordinate_ascent] [1/1] [t = 793] swapped,  f(S) = 1.06889
2021-01-24 04:57:06,930 [INFO] [OPT-EXP-DSGN - coordinate_ascent] [1/1] [t = 794] swapped,  f(S) = 1.06893
2021-01-24 04:57:07,910 [INFO] [OPT-EXP-DSGN - coordinate_ascent] [1/1] [t = 795] swapped,  f(S) = 1.06896
2021-01-24 05:41:31,737 [INFO] [OPT-EXP-DSGN - coordinate_ascent] [1/1] [t = 796] swapped,  f(S) = 1.06941
2021-01-24 05:41:32,528 [INFO] [OPT-EXP-DSGN - coordinate_ascent] [1/1] [t = 797] swapped,  f(S) = 1.06951
2021-01-24 07:55:20,026 [INFO] [OPT-EXP-DSGN - coordinate_ascent] [1/1] [t = 798] swapped,  f(S) = 1.06952
2021-01-24 07:57:18,425 [INFO] [OPT-EXP-DSGN - coordinate_ascent] [1/1] [t = 799] swapped,  f(S) = 1.06954
2021-01-24 08:27:33,628 [INFO] [OPT-EXP-DSGN - coordinate_ascent] [1/1] [t = 800] swapped,  f(S) = 1.06954
2021-01-24 08:29:24,891 [INFO] [OPT-EXP-DSGN - coordinate_ascent] [1/1] [t = 801] swapped,  f(S) = 1.06957
2021-01-24 08:39:15,246 [INFO] [OPT-EXP-DSGN - coordinate_ascent] [1/1] [t = 802] swapped,  f(S) = 1.06957
2021-01-24 08:39:16,221 [INFO] [OPT-EXP-DSGN - coordinate_ascent] [1/1] [t = 803] swapped,  f(S) = 1.06960
2021-01-24 08:39:41,373 [INFO] [OPT-EXP-DSGN - coordinate_ascent] [1/1] [t = 804] swapped,  f(S) = 1.06964
2021-01-24 08:39:41,693 [INFO] [OPT-EXP-DSGN - coordinate_ascent] [1/1] [t = 805] swapped,  f(S) = 1.06965
2021-01-24 08:39:44,035 [INFO] [OPT-EXP-DSGN - coordinate_ascent] [1/1] [t = 806] swapped,  f(S) = 1.06967
2021-01-24 09:23:18,574 [INFO] [OPT-EXP-DSGN - coordinate_ascent] [1/1] [t = 807] swapped,  f(S) = 1.06972
2021-01-24 10:48:51,903 [INFO] [OPT-EXP-DSGN - coordinate_ascent] [1/1] [t = 808] swapped,  f(S) = 1.06983
2021-01-24 10:48:52,339 [INFO] [OPT-EXP-DSGN - coordinate_ascent] [1/1] [t = 809] swapped,  f(S) = 1.07162
2021-01-24 10:49:03,304 [INFO] [OPT-EXP-DSGN - coordinate_ascent] [1/1] [t = 810] swapped,  f(S) = 1.07168
2021-01-24 10:49:03,622 [INFO] [OPT-EXP-DSGN - coordinate_ascent] [1/1] [t = 811] swapped,  f(S) = 1.07225
2021-01-24 10:49:11,159 [INFO] [OPT-EXP-DSGN - coordinate_ascent] [1/1] [t = 812] swapped,  f(S) = 1.07229
2021-01-24 10:49:11,477 [INFO] [OPT-EXP-DSGN - coordinate_ascent] [1/1] [t = 813] swapped,  f(S) = 1.07236
2021-01-24 10:49:11,791 [INFO] [OPT-EXP-DSGN - coordinate_ascent] [1/1] [t = 814] swapped,  f(S) = 1.07269
2021-01-24 10:49:12,108 [INFO] [OPT-EXP-DSGN - coordinate_ascent] [1/1] [t = 815] swapped,  f(S) = 1.07281
2021-01-24 10:49:13,995 [INFO] [OPT-EXP-DSGN - coordinate_ascent] [1/1] [t = 816] swapped,  f(S) = 1.07288
2021-01-24 11:06:01,200 [INFO] [OPT-EXP-DSGN - coordinate_ascent] [1/1] [t = 817] swapped,  f(S) = 1.07290
2021-01-24 11:06:01,518 [INFO] [OPT-EXP-DSGN - coordinate_ascent] [1/1] [t = 818] swapped,  f(S) = 1.07299
2021-01-24 11:10:55,119 [INFO] [OPT-EXP-DSGN - coordinate_ascent] [1/1] [t = 819] swapped,  f(S) = 1.07303
2021-01-24 11:11:01,738 [INFO] [OPT-EXP-DSGN - coordinate_ascent] [1/1] [t = 820] swapped,  f(S) = 1.07305
2021-01-24 11:11:04,575 [INFO] [OPT-EXP-DSGN - coordinate_ascent] [1/1] [t = 821] swapped,  f(S) = 1.07305
2021-01-24 11:11:05,207 [INFO] [OPT-EXP-DSGN - coordinate_ascent] [1/1] [t = 822] swapped,  f(S) = 1.07322
2021-01-24 11:23:56,760 [INFO] [OPT-EXP-DSGN - coordinate_ascent] [1/1] [t = 823] swapped,  f(S) = 1.07323
2021-01-24 11:24:00,620 [INFO] [OPT-EXP-DSGN - coordinate_ascent] [1/1] [t = 824] swapped,  f(S) = 1.07325
2021-01-24 11:24:25,891 [INFO] [OPT-EXP-DSGN - coordinate_ascent] [1/1] [t = 825] swapped,  f(S) = 1.07325
2021-01-24 12:06:42,836 [INFO] [OPT-EXP-DSGN - coordinate_ascent] [1/1] [t = 826] swapped,  f(S) = 1.07340
2021-01-24 12:07:12,946 [INFO] [OPT-EXP-DSGN - coordinate_ascent] [1/1] [t = 827] swapped,  f(S) = 1.07343
2021-01-24 12:07:13,879 [INFO] [OPT-EXP-DSGN - coordinate_ascent] [1/1] [t = 828] swapped,  f(S) = 1.07360
2021-01-24 12:07:18,209 [INFO] [OPT-EXP-DSGN - coordinate_ascent] [1/1] [t = 829] swapped,  f(S) = 1.07363
2021-01-24 12:08:57,091 [INFO] [OPT-EXP-DSGN - coordinate_ascent] [1/1] [t = 830] swapped,  f(S) = 1.07363
2021-01-24 12:13:08,788 [INFO] [OPT-EXP-DSGN - coordinate_ascent] [1/1] [t = 831] swapped,  f(S) = 1.07363
2021-01-24 12:13:39,126 [INFO] [OPT-EXP-DSGN - coordinate_ascent] [1/1] [t = 832] swapped,  f(S) = 1.07364
2021-01-24 12:13:43,893 [INFO] [OPT-EXP-DSGN - coordinate_ascent] [1/1] [t = 833] swapped,  f(S) = 1.07366
2021-01-24 12:14:14,359 [INFO] [OPT-EXP-DSGN - coordinate_ascent] [1/1] [t = 834] swapped,  f(S) = 1.07367
2021-01-24 12:18:58,616 [INFO] [OPT-EXP-DSGN - coordinate_ascent] [1/1] [t = 835] swapped,  f(S) = 1.07369
2021-01-24 12:22:29,623 [INFO] [OPT-EXP-DSGN - coordinate_ascent] [1/1] [t = 836] swapped,  f(S) = 1.07370
2021-01-24 12:23:56,791 [INFO] [OPT-EXP-DSGN - coordinate_ascent] [1/1] [t = 837] swapped,  f(S) = 1.07370
2021-01-24 12:39:39,657 [INFO] [OPT-EXP-DSGN - coordinate_ascent] [1/1] [t = 838] swapped,  f(S) = 1.07371
2021-01-24 12:40:16,091 [INFO] [OPT-EXP-DSGN - coordinate_ascent] [1/1] [t = 839] swapped,  f(S) = 1.07372
2021-01-24 12:40:17,391 [INFO] [OPT-EXP-DSGN - coordinate_ascent] [1/1] [t = 840] swapped,  f(S) = 1.07380
2021-01-24 12:40:18,718 [INFO] [OPT-EXP-DSGN - coordinate_ascent] [1/1] [t = 841] swapped,  f(S) = 1.07389
2021-01-24 12:40:21,028 [INFO] [OPT-EXP-DSGN - coordinate_ascent] [1/1] [t = 842] swapped,  f(S) = 1.07391
2021-01-24 14:07:08,282 [INFO] [OPT-EXP-DSGN - coordinate_ascent] [1/1] [t = 843] swapped,  f(S) = 1.07399
2021-01-24 14:07:51,402 [INFO] [OPT-EXP-DSGN - coordinate_ascent] [1/1] [t = 844] swapped,  f(S) = 1.07400
2021-01-24 14:07:55,830 [INFO] [OPT-EXP-DSGN - coordinate_ascent] [1/1] [t = 845] swapped,  f(S) = 1.07401
2021-01-24 14:07:58,078 [INFO] [OPT-EXP-DSGN - coordinate_ascent] [1/1] [t = 846] swapped,  f(S) = 1.07403
2021-01-24 14:51:27,994 [INFO] [OPT-EXP-DSGN - coordinate_ascent] [1/1] [t = 847] swapped,  f(S) = 1.07409
2021-01-24 15:04:30,080 [INFO] [OPT-EXP-DSGN - coordinate_ascent] [1/1] [t = 848] swapped,  f(S) = 1.07410
2021-01-24 15:04:46,642 [INFO] [OPT-EXP-DSGN - coordinate_ascent] [1/1] [t = 849] swapped,  f(S) = 1.07410
2021-01-24 15:05:31,057 [INFO] [OPT-EXP-DSGN - coordinate_ascent] [1/1] [t = 850] swapped,  f(S) = 1.07413
2021-01-24 15:05:31,998 [INFO] [OPT-EXP-DSGN - coordinate_ascent] [1/1] [t = 851] swapped,  f(S) = 1.07415
2021-01-24 15:05:56,952 [INFO] [OPT-EXP-DSGN - coordinate_ascent] [1/1] [t = 852] swapped,  f(S) = 1.07418
2021-01-24 15:06:33,361 [INFO] [OPT-EXP-DSGN - coordinate_ascent] [1/1] [t = 853] swapped,  f(S) = 1.07419
2021-01-24 15:50:33,764 [INFO] [OPT-EXP-DSGN - coordinate_ascent] [1/1] [t = 854] swapped,  f(S) = 1.07420
2021-01-24 16:30:55,772 [INFO] [OPT-EXP-DSGN - coordinate_ascent] [1/1] [t = 855] swapped,  f(S) = 1.07445
2021-01-24 16:30:56,350 [INFO] [OPT-EXP-DSGN - coordinate_ascent] [1/1] [t = 856] swapped,  f(S) = 1.07453
2021-01-24 16:30:56,640 [INFO] [OPT-EXP-DSGN - coordinate_ascent] [1/1] [t = 857] swapped,  f(S) = 1.07476
2021-01-24 16:30:57,800 [INFO] [OPT-EXP-DSGN - coordinate_ascent] [1/1] [t = 858] swapped,  f(S) = 1.07506
2021-01-24 16:31:00,688 [INFO] [OPT-EXP-DSGN - coordinate_ascent] [1/1] [t = 859] swapped,  f(S) = 1.07510
2021-01-24 16:48:58,458 [INFO] [OPT-EXP-DSGN - coordinate_ascent] [1/1] [t = 860] swapped,  f(S) = 1.07510
2021-01-24 16:48:59,323 [INFO] [OPT-EXP-DSGN - coordinate_ascent] [1/1] [t = 861] swapped,  f(S) = 1.07515
2021-01-24 16:49:31,650 [INFO] [OPT-EXP-DSGN - coordinate_ascent] [1/1] [t = 862] swapped,  f(S) = 1.07517
2021-01-24 16:49:51,576 [INFO] [OPT-EXP-DSGN - coordinate_ascent] [1/1] [t = 863] swapped,  f(S) = 1.07520
2021-01-24 16:51:29,333 [INFO] [OPT-EXP-DSGN - coordinate_ascent] [1/1] [t = 864] swapped,  f(S) = 1.07525
2021-01-24 17:31:19,931 [INFO] [OPT-EXP-DSGN - coordinate_ascent] [1/1] [t = 865] swapped,  f(S) = 1.07531
2021-01-24 17:31:26,346 [INFO] [OPT-EXP-DSGN - coordinate_ascent] [1/1] [t = 866] swapped,  f(S) = 1.07537
2021-01-24 17:31:26,662 [INFO] [OPT-EXP-DSGN - coordinate_ascent] [1/1] [t = 867] swapped,  f(S) = 1.07576
2021-01-24 17:31:27,912 [INFO] [OPT-EXP-DSGN - coordinate_ascent] [1/1] [t = 868] swapped,  f(S) = 1.07586
2021-01-24 17:31:36,343 [INFO] [OPT-EXP-DSGN - coordinate_ascent] [1/1] [t = 869] swapped,  f(S) = 1.07587
2021-01-24 17:31:47,281 [INFO] [OPT-EXP-DSGN - coordinate_ascent] [1/1] [t = 870] swapped,  f(S) = 1.07592
2021-01-24 17:34:36,248 [INFO] [OPT-EXP-DSGN - coordinate_ascent] [1/1] [t = 871] swapped,  f(S) = 1.07593
2021-01-24 17:34:48,667 [INFO] [OPT-EXP-DSGN - coordinate_ascent] [1/1] [t = 872] swapped,  f(S) = 1.07599
2021-01-24 17:34:53,924 [INFO] [OPT-EXP-DSGN - coordinate_ascent] [1/1] [t = 873] swapped,  f(S) = 1.07600
2021-01-24 17:38:18,782 [INFO] [OPT-EXP-DSGN - coordinate_ascent] [1/1] [t = 874] swapped,  f(S) = 1.07602
2021-01-24 17:38:19,071 [INFO] [OPT-EXP-DSGN - coordinate_ascent] [1/1] [t = 875] swapped,  f(S) = 1.07628
2021-01-24 18:20:31,960 [INFO] [OPT-EXP-DSGN - coordinate_ascent] [1/1] [t = 876] swapped,  f(S) = 1.07629
2021-01-24 18:20:32,897 [INFO] [OPT-EXP-DSGN - coordinate_ascent] [1/1] [t = 877] swapped,  f(S) = 1.07636
2021-01-24 18:20:37,278 [INFO] [OPT-EXP-DSGN - coordinate_ascent] [1/1] [t = 878] swapped,  f(S) = 1.07639
2021-01-24 18:20:37,895 [INFO] [OPT-EXP-DSGN - coordinate_ascent] [1/1] [t = 879] swapped,  f(S) = 1.07641
2021-01-24 18:20:39,460 [INFO] [OPT-EXP-DSGN - coordinate_ascent] [1/1] [t = 880] swapped,  f(S) = 1.07658
2021-01-24 18:20:40,401 [INFO] [OPT-EXP-DSGN - coordinate_ascent] [1/1] [t = 881] swapped,  f(S) = 1.07663
2021-01-24 18:20:41,341 [INFO] [OPT-EXP-DSGN - coordinate_ascent] [1/1] [t = 882] swapped,  f(S) = 1.07663
slurmstepd: error: *** JOB 19166731 ON node079 CANCELLED AT 2021-01-24T18:36:38 DUE TO TIME LIMIT ***
