My SLURM_ARRAY_TASK_ID:  2
Running extraction: group=best_performing_pereira_3-dataset=ud_sentencez_token_filter_v3-activation-bench=None-ave=False
Running optimiation: coordinate_ascent-obj=D_s-n_iter=1000-n_samples=300-n_init=1
2021-01-01 17:54:21.680262: I tensorflow/stream_executor/platform/default/dso_loader.cc:48] Successfully opened dynamic library libcudart.so.10.1
/usr/local/lib/python3.7/site-packages/xarray/core/merge.py:16: FutureWarning: The Panel class is removed from pandas. Accessing it from the top-level namespace will also be removed in the next version
  PANDAS_TYPES = (pd.Series, pd.DataFrame, pd.Panel)
/usr/local/lib/python3.7/site-packages/brainio_base/assemblies.py:224: FutureWarning: The inplace argument has been deprecated and will be removed in a future version of xarray.
  xr_data.set_index(append=True, inplace=True, **coords_d)
0it [00:00, ?it/s]934it [00:00, 206531.00it/s]
0it [00:00, ?it/s]934it [00:00, 214962.68it/s]
0it [00:00, ?it/s]935it [00:00, 215535.82it/s]
0it [00:00, ?it/s]934it [00:00, 207175.42it/s]
0it [00:00, ?it/s]934it [00:00, 200793.44it/s]
0it [00:00, ?it/s]935it [00:00, 201390.35it/s]
0it [00:00, ?it/s]934it [00:00, 203833.70it/s]
0it [00:00, ?it/s]934it [00:00, 200670.01it/s]
0it [00:00, ?it/s]935it [00:00, 202764.81it/s]
2021-01-01 17:55:00,193 [INFO] [OPT-EXP-DSGN - coordinate_ascent] ===> Starting init 0, initial f(S) = 0.91024
2021-01-01 17:55:02,816 [INFO] [OPT-EXP-DSGN - coordinate_ascent] [1/1] [t = 1] swapped,  f(S) = 0.91157
2021-01-01 17:55:03,208 [INFO] [OPT-EXP-DSGN - coordinate_ascent] [1/1] [t = 1] swapped,  f(S) = 0.91164
2021-01-01 17:55:03,605 [INFO] [OPT-EXP-DSGN - coordinate_ascent] [1/1] [t = 1] swapped,  f(S) = 0.91223
2021-01-01 17:55:03,996 [INFO] [OPT-EXP-DSGN - coordinate_ascent] [1/1] [t = 1] swapped,  f(S) = 0.91264
2021-01-01 17:55:04,784 [INFO] [OPT-EXP-DSGN - coordinate_ascent] [1/1] [t = 1] swapped,  f(S) = 0.91335
2021-01-01 17:55:05,963 [INFO] [OPT-EXP-DSGN - coordinate_ascent] [1/1] [t = 1] swapped,  f(S) = 0.91345
2021-01-01 17:55:07,524 [INFO] [OPT-EXP-DSGN - coordinate_ascent] [1/1] [t = 1] swapped,  f(S) = 0.91421
2021-01-01 17:55:09,083 [INFO] [OPT-EXP-DSGN - coordinate_ascent] [1/1] [t = 1] swapped,  f(S) = 0.91496
2021-01-01 17:55:10,255 [INFO] [OPT-EXP-DSGN - coordinate_ascent] [1/1] [t = 1] swapped,  f(S) = 0.91525
2021-01-01 17:55:10,646 [INFO] [OPT-EXP-DSGN - coordinate_ascent] [1/1] [t = 1] swapped,  f(S) = 0.91579
2021-01-01 17:55:11,035 [INFO] [OPT-EXP-DSGN - coordinate_ascent] [1/1] [t = 1] swapped,  f(S) = 0.91617
2021-01-01 17:55:12,209 [INFO] [OPT-EXP-DSGN - coordinate_ascent] [1/1] [t = 1] swapped,  f(S) = 0.91690
2021-01-01 17:55:12,596 [INFO] [OPT-EXP-DSGN - coordinate_ascent] [1/1] [t = 1] swapped,  f(S) = 0.91769
2021-01-01 17:55:14,356 [INFO] [OPT-EXP-DSGN - coordinate_ascent] [1/1] [t = 1] swapped,  f(S) = 0.91831
2021-01-01 17:55:15,442 [INFO] [OPT-EXP-DSGN - coordinate_ascent] [1/1] [t = 1] swapped,  f(S) = 0.91847
2021-01-01 17:55:15,938 [INFO] [OPT-EXP-DSGN - coordinate_ascent] [1/1] [t = 1] swapped,  f(S) = 0.91880
2021-01-01 17:55:16,338 [INFO] [OPT-EXP-DSGN - coordinate_ascent] [1/1] [t = 1] swapped,  f(S) = 0.91880
2021-01-01 17:55:18,276 [INFO] [OPT-EXP-DSGN - coordinate_ascent] [1/1] [t = 1] swapped,  f(S) = 0.91888
2021-01-01 17:55:18,661 [INFO] [OPT-EXP-DSGN - coordinate_ascent] [1/1] [t = 1] swapped,  f(S) = 0.91902
2021-01-01 17:55:19,449 [INFO] [OPT-EXP-DSGN - coordinate_ascent] [1/1] [t = 1] swapped,  f(S) = 0.91909
2021-01-01 17:55:19,852 [INFO] [OPT-EXP-DSGN - coordinate_ascent] [1/1] [t = 1] swapped,  f(S) = 0.91963
2021-01-01 17:55:23,005 [INFO] [OPT-EXP-DSGN - coordinate_ascent] [1/1] [t = 1] swapped,  f(S) = 0.92003
2021-01-01 17:55:23,981 [INFO] [OPT-EXP-DSGN - coordinate_ascent] [1/1] [t = 1] swapped,  f(S) = 0.92019
2021-01-01 17:55:24,827 [INFO] [OPT-EXP-DSGN - coordinate_ascent] [1/1] [t = 1] swapped,  f(S) = 0.92110
2021-01-01 17:55:26,001 [INFO] [OPT-EXP-DSGN - coordinate_ascent] [1/1] [t = 1] swapped,  f(S) = 0.92267
2021-01-01 17:55:26,397 [INFO] [OPT-EXP-DSGN - coordinate_ascent] [1/1] [t = 1] swapped,  f(S) = 0.92268
2021-01-01 17:55:27,179 [INFO] [OPT-EXP-DSGN - coordinate_ascent] [1/1] [t = 1] swapped,  f(S) = 0.92316
2021-01-01 17:55:28,360 [INFO] [OPT-EXP-DSGN - coordinate_ascent] [1/1] [t = 1] swapped,  f(S) = 0.92325
2021-01-01 17:55:31,908 [INFO] [OPT-EXP-DSGN - coordinate_ascent] [1/1] [t = 1] swapped,  f(S) = 0.92338
2021-01-01 17:55:32,300 [INFO] [OPT-EXP-DSGN - coordinate_ascent] [1/1] [t = 1] swapped,  f(S) = 0.92466
2021-01-01 17:55:32,694 [INFO] [OPT-EXP-DSGN - coordinate_ascent] [1/1] [t = 1] swapped,  f(S) = 0.92511
2021-01-01 17:55:33,090 [INFO] [OPT-EXP-DSGN - coordinate_ascent] [1/1] [t = 1] swapped,  f(S) = 0.92549
2021-01-01 17:55:33,485 [INFO] [OPT-EXP-DSGN - coordinate_ascent] [1/1] [t = 1] swapped,  f(S) = 0.92551
2021-01-01 17:55:34,267 [INFO] [OPT-EXP-DSGN - coordinate_ascent] [1/1] [t = 1] swapped,  f(S) = 0.92561
2021-01-01 17:55:34,662 [INFO] [OPT-EXP-DSGN - coordinate_ascent] [1/1] [t = 1] swapped,  f(S) = 0.92639
2021-01-01 17:55:35,434 [INFO] [OPT-EXP-DSGN - coordinate_ascent] [1/1] [t = 1] swapped,  f(S) = 0.92695
2021-01-01 17:55:36,175 [INFO] [OPT-EXP-DSGN - coordinate_ascent] [1/1] [t = 1] swapped,  f(S) = 0.92720
2021-01-01 17:55:37,707 [INFO] [OPT-EXP-DSGN - coordinate_ascent] [1/1] [t = 1] swapped,  f(S) = 0.92774
2021-01-01 17:55:38,109 [INFO] [OPT-EXP-DSGN - coordinate_ascent] [1/1] [t = 1] swapped,  f(S) = 0.92794
2021-01-01 17:55:38,511 [INFO] [OPT-EXP-DSGN - coordinate_ascent] [1/1] [t = 1] swapped,  f(S) = 0.93022
2021-01-01 17:55:39,702 [INFO] [OPT-EXP-DSGN - coordinate_ascent] [1/1] [t = 1] swapped,  f(S) = 0.93101
2021-01-01 17:55:42,451 [INFO] [OPT-EXP-DSGN - coordinate_ascent] [1/1] [t = 1] swapped,  f(S) = 0.93102
2021-01-01 17:55:43,248 [INFO] [OPT-EXP-DSGN - coordinate_ascent] [1/1] [t = 1] swapped,  f(S) = 0.93114
2021-01-01 17:55:44,426 [INFO] [OPT-EXP-DSGN - coordinate_ascent] [1/1] [t = 1] swapped,  f(S) = 0.93175
2021-01-01 17:55:44,814 [INFO] [OPT-EXP-DSGN - coordinate_ascent] [1/1] [t = 1] swapped,  f(S) = 0.93195
2021-01-01 17:55:45,207 [INFO] [OPT-EXP-DSGN - coordinate_ascent] [1/1] [t = 1] swapped,  f(S) = 0.93325
2021-01-01 17:55:45,609 [INFO] [OPT-EXP-DSGN - coordinate_ascent] [1/1] [t = 1] swapped,  f(S) = 0.93357
2021-01-01 17:55:46,002 [INFO] [OPT-EXP-DSGN - coordinate_ascent] [1/1] [t = 1] swapped,  f(S) = 0.93432
2021-01-01 17:55:46,391 [INFO] [OPT-EXP-DSGN - coordinate_ascent] [1/1] [t = 1] swapped,  f(S) = 0.93450
2021-01-01 17:55:46,794 [INFO] [OPT-EXP-DSGN - coordinate_ascent] [1/1] [t = 1] swapped,  f(S) = 0.93504
2021-01-01 17:55:47,187 [INFO] [OPT-EXP-DSGN - coordinate_ascent] [1/1] [t = 1] swapped,  f(S) = 0.93545
2021-01-01 17:55:47,580 [INFO] [OPT-EXP-DSGN - coordinate_ascent] [1/1] [t = 1] swapped,  f(S) = 0.93624
2021-01-01 17:55:49,155 [INFO] [OPT-EXP-DSGN - coordinate_ascent] [1/1] [t = 1] swapped,  f(S) = 0.93652
2021-01-01 17:55:50,329 [INFO] [OPT-EXP-DSGN - coordinate_ascent] [1/1] [t = 1] swapped,  f(S) = 0.93713
2021-01-01 17:55:52,676 [INFO] [OPT-EXP-DSGN - coordinate_ascent] [1/1] [t = 1] swapped,  f(S) = 0.93737
2021-01-01 17:55:53,067 [INFO] [OPT-EXP-DSGN - coordinate_ascent] [1/1] [t = 1] swapped,  f(S) = 0.93767
2021-01-01 17:55:53,457 [INFO] [OPT-EXP-DSGN - coordinate_ascent] [1/1] [t = 1] swapped,  f(S) = 0.93789
2021-01-01 17:55:53,855 [INFO] [OPT-EXP-DSGN - coordinate_ascent] [1/1] [t = 1] swapped,  f(S) = 0.93914
2021-01-01 17:55:54,640 [INFO] [OPT-EXP-DSGN - coordinate_ascent] [1/1] [t = 1] swapped,  f(S) = 0.93978
2021-01-01 17:55:55,424 [INFO] [OPT-EXP-DSGN - coordinate_ascent] [1/1] [t = 1] swapped,  f(S) = 0.94014
2021-01-01 17:55:58,163 [INFO] [OPT-EXP-DSGN - coordinate_ascent] [1/1] [t = 1] swapped,  f(S) = 0.94034
2021-01-01 17:55:59,742 [INFO] [OPT-EXP-DSGN - coordinate_ascent] [1/1] [t = 1] swapped,  f(S) = 0.94115
2021-01-01 17:56:00,527 [INFO] [OPT-EXP-DSGN - coordinate_ascent] [1/1] [t = 1] swapped,  f(S) = 0.94125
2021-01-01 17:56:00,920 [INFO] [OPT-EXP-DSGN - coordinate_ascent] [1/1] [t = 1] swapped,  f(S) = 0.94260
2021-01-01 17:56:01,319 [INFO] [OPT-EXP-DSGN - coordinate_ascent] [1/1] [t = 1] swapped,  f(S) = 0.94266
2021-01-01 17:56:01,709 [INFO] [OPT-EXP-DSGN - coordinate_ascent] [1/1] [t = 1] swapped,  f(S) = 0.94339
2021-01-01 17:56:02,495 [INFO] [OPT-EXP-DSGN - coordinate_ascent] [1/1] [t = 1] swapped,  f(S) = 0.94441
2021-01-01 17:56:04,454 [INFO] [OPT-EXP-DSGN - coordinate_ascent] [1/1] [t = 1] swapped,  f(S) = 0.94456
2021-01-01 17:56:05,250 [INFO] [OPT-EXP-DSGN - coordinate_ascent] [1/1] [t = 1] swapped,  f(S) = 0.94502
2021-01-01 17:56:06,427 [INFO] [OPT-EXP-DSGN - coordinate_ascent] [1/1] [t = 1] swapped,  f(S) = 0.94503
2021-01-01 17:56:06,816 [INFO] [OPT-EXP-DSGN - coordinate_ascent] [1/1] [t = 1] swapped,  f(S) = 0.94516
2021-01-01 17:56:08,332 [INFO] [OPT-EXP-DSGN - coordinate_ascent] [1/1] [t = 1] swapped,  f(S) = 0.94551
2021-01-01 17:56:08,722 [INFO] [OPT-EXP-DSGN - coordinate_ascent] [1/1] [t = 1] swapped,  f(S) = 0.94589
slurmstepd: error: *** JOB 18965480 ON node092 CANCELLED AT 2021-01-01T17:56:09 ***
