My SLURM_ARRAY_TASK_ID:  212
Running model transfo-xl-wt103
Running dataset coca_spok_filter_punct_10K_sample_4
Running average_mode None
2021-03-22 09:06:55.842323: I tensorflow/stream_executor/platform/default/dso_loader.cc:48] Successfully opened dynamic library libcudart.so.10.1
/usr/local/lib/python3.7/site-packages/xarray/core/merge.py:16: FutureWarning: The Panel class is removed from pandas. Accessing it from the top-level namespace will also be removed in the next version
  PANDAS_TYPES = (pd.Series, pd.DataFrame, pd.Panel)
/usr/local/lib/python3.7/site-packages/brainio_base/assemblies.py:224: FutureWarning: The inplace argument has been deprecated and will be removed in a future version of xarray.
  xr_data.set_index(append=True, inplace=True, **coords_d)
0it [00:00, ?it/s]1111it [00:00, 255615.56it/s]
0it [00:00, ?it/s]1111it [00:00, 247116.28it/s]
0it [00:00, ?it/s]1111it [00:00, 243233.73it/s]
0it [00:00, ?it/s]1111it [00:00, 235252.01it/s]
0it [00:00, ?it/s]1111it [00:00, 235002.86it/s]
0it [00:00, ?it/s]1111it [00:00, 230173.96it/s]
0it [00:00, ?it/s]1111it [00:00, 229493.81it/s]
0it [00:00, ?it/s]1111it [00:00, 220731.93it/s]
0it [00:00, ?it/s]1112it [00:00, 222299.51it/s]
layers:   0%|          | 0/19 [00:00<?, ?it/s]layers: 100%|██████████| 19/19 [00:00<00:00, 559.29it/s]
Loading lookup from /usr/local/lib/python3.7/site-packages/brainio_collection/lookup.csv
transfo-xl-wt103

coca_spok_filter_punct_10K_sample_4

None

loading /om/user/ehoseini/MyData/COCA_corpus/parsed/coca_spok_data_filter_ngram_punct_10K_sample_4.pkl
coca_spok_filter_punct_10K_sample_4_transfo-xl-wt103_layer_0_activation is missing groups!
coca_spok_filter_punct_10K_sample_4_transfo-xl-wt103_layer_0_activation is missing groups!
coca_spok_filter_punct_10K_sample_4_transfo-xl-wt103_layer_0_activation is missing groups!
coca_spok_filter_punct_10K_sample_4_transfo-xl-wt103_layer_0_activation is missing groups!
coca_spok_filter_punct_10K_sample_4_transfo-xl-wt103_layer_0_activation is missing groups!
coca_spok_filter_punct_10K_sample_4_transfo-xl-wt103_layer_0_activation is missing groups!
coca_spok_filter_punct_10K_sample_4_transfo-xl-wt103_layer_0_activation is missing groups!
coca_spok_filter_punct_10K_sample_4_transfo-xl-wt103_layer_0_activation is missing groups!
coca_spok_filter_punct_10K_sample_4_transfo-xl-wt103_layer_0_activation is missing groups!
coca_spok_filter_punct_10K_sample_4_transfo-xl-wt103_layer_0_activation is missing groups!
coca_spok_filter_punct_10K_sample_4_transfo-xl-wt103_layer_0_activation is missing groups!
coca_spok_filter_punct_10K_sample_4_transfo-xl-wt103_layer_0_activation is missing groups!
coca_spok_filter_punct_10K_sample_4_transfo-xl-wt103_layer_0_activation is missing groups!
coca_spok_filter_punct_10K_sample_4_transfo-xl-wt103_layer_0_activation is missing groups!
coca_spok_filter_punct_10K_sample_4_transfo-xl-wt103_layer_0_activation is missing groups!
coca_spok_filter_punct_10K_sample_4_transfo-xl-wt103_layer_0_activation is missing groups!
coca_spok_filter_punct_10K_sample_4_transfo-xl-wt103_layer_0_activation is missing groups!
coca_spok_filter_punct_10K_sample_4_transfo-xl-wt103_layer_0_activation is missing groups!
coca_spok_filter_punct_10K_sample_4_transfo-xl-wt103_layer_0_activation is missing groups!
