My SLURM_ARRAY_TASK_ID:  226
Running model gpt2
Running dataset coca_spok_filter_punct_10K_sample_5
Running average_mode False
2021-03-22 09:11:56.188263: I tensorflow/stream_executor/platform/default/dso_loader.cc:48] Successfully opened dynamic library libcudart.so.10.1
/usr/local/lib/python3.7/site-packages/xarray/core/merge.py:16: FutureWarning: The Panel class is removed from pandas. Accessing it from the top-level namespace will also be removed in the next version
  PANDAS_TYPES = (pd.Series, pd.DataFrame, pd.Panel)
/usr/local/lib/python3.7/site-packages/brainio_base/assemblies.py:224: FutureWarning: The inplace argument has been deprecated and will be removed in a future version of xarray.
  xr_data.set_index(append=True, inplace=True, **coords_d)
0it [00:00, ?it/s]1111it [00:00, 207492.73it/s]
0it [00:00, ?it/s]1111it [00:00, 208813.04it/s]
0it [00:00, ?it/s]1111it [00:00, 200553.98it/s]
0it [00:00, ?it/s]1111it [00:00, 199540.60it/s]
0it [00:00, ?it/s]1111it [00:00, 198090.11it/s]
0it [00:00, ?it/s]1111it [00:00, 202700.06it/s]
0it [00:00, ?it/s]1111it [00:00, 198022.77it/s]
0it [00:00, ?it/s]1111it [00:00, 190868.84it/s]
0it [00:00, ?it/s]1112it [00:00, 192380.22it/s]
layers:   0%|          | 0/13 [00:00<?, ?it/s]layers: 100%|██████████| 13/13 [00:00<00:00, 376.81it/s]
Loading lookup from /usr/local/lib/python3.7/site-packages/brainio_collection/lookup.csv
gpt2

coca_spok_filter_punct_10K_sample_5

False

loading /om/user/ehoseini/MyData/COCA_corpus/parsed/coca_spok_data_filter_ngram_punct_10K_sample_5.pkl
coca_spok_filter_punct_10K_sample_5_gpt2_layer_0_activation is missing groups!
coca_spok_filter_punct_10K_sample_5_gpt2_layer_0_activation is missing groups!
coca_spok_filter_punct_10K_sample_5_gpt2_layer_0_activation is missing groups!
coca_spok_filter_punct_10K_sample_5_gpt2_layer_0_activation is missing groups!
coca_spok_filter_punct_10K_sample_5_gpt2_layer_0_activation is missing groups!
coca_spok_filter_punct_10K_sample_5_gpt2_layer_0_activation is missing groups!
coca_spok_filter_punct_10K_sample_5_gpt2_layer_0_activation is missing groups!
coca_spok_filter_punct_10K_sample_5_gpt2_layer_0_activation is missing groups!
coca_spok_filter_punct_10K_sample_5_gpt2_layer_0_activation is missing groups!
coca_spok_filter_punct_10K_sample_5_gpt2_layer_0_activation is missing groups!
coca_spok_filter_punct_10K_sample_5_gpt2_layer_0_activation is missing groups!
coca_spok_filter_punct_10K_sample_5_gpt2_layer_0_activation is missing groups!
coca_spok_filter_punct_10K_sample_5_gpt2_layer_0_activation is missing groups!
