My SLURM_ARRAY_TASK_ID:  4
Running extraction: group=best_performing_pereira_5-dataset=ud_sentencez_token_filter_v3-activation-bench=None-ave=False
Running optimiation: coordinate_ascent-obj=D_s-n_iter=10000-n_samples=300-n_init=1
2021-01-17 20:41:35.473035: I tensorflow/stream_executor/platform/default/dso_loader.cc:48] Successfully opened dynamic library libcudart.so.10.1
/usr/local/lib/python3.7/site-packages/xarray/core/merge.py:16: FutureWarning: The Panel class is removed from pandas. Accessing it from the top-level namespace will also be removed in the next version
  PANDAS_TYPES = (pd.Series, pd.DataFrame, pd.Panel)
/usr/local/lib/python3.7/site-packages/brainio_base/assemblies.py:224: FutureWarning: The inplace argument has been deprecated and will be removed in a future version of xarray.
  xr_data.set_index(append=True, inplace=True, **coords_d)
0it [00:00, ?it/s]934it [00:00, 191563.81it/s]
0it [00:00, ?it/s]934it [00:00, 171368.33it/s]
0it [00:00, ?it/s]935it [00:00, 169336.94it/s]
0it [00:00, ?it/s]934it [00:00, 174117.96it/s]
0it [00:00, ?it/s]934it [00:00, 167349.31it/s]
0it [00:00, ?it/s]935it [00:00, 174265.65it/s]
0it [00:00, ?it/s]934it [00:00, 182462.97it/s]
0it [00:00, ?it/s]934it [00:00, 171661.19it/s]
0it [00:00, ?it/s]935it [00:00, 168623.39it/s]
2021-01-17 20:42:10,663 [INFO] [OPT-EXP-DSGN - coordinate_ascent] ===> Starting init 0, initial f(S) = 0.88813
2021-01-17 20:42:12,290 [INFO] [OPT-EXP-DSGN - coordinate_ascent] [1/1] [t = 1] swapped,  f(S) = 0.88840
2021-01-17 20:42:12,624 [INFO] [OPT-EXP-DSGN - coordinate_ascent] [1/1] [t = 2] swapped,  f(S) = 0.89110
2021-01-17 20:42:12,959 [INFO] [OPT-EXP-DSGN - coordinate_ascent] [1/1] [t = 3] swapped,  f(S) = 0.89417
2021-01-17 20:42:13,288 [INFO] [OPT-EXP-DSGN - coordinate_ascent] [1/1] [t = 4] swapped,  f(S) = 0.89567
2021-01-17 20:42:14,611 [INFO] [OPT-EXP-DSGN - coordinate_ascent] [1/1] [t = 5] swapped,  f(S) = 0.89715
2021-01-17 20:42:14,943 [INFO] [OPT-EXP-DSGN - coordinate_ascent] [1/1] [t = 6] swapped,  f(S) = 0.89761
2021-01-17 20:42:16,560 [INFO] [OPT-EXP-DSGN - coordinate_ascent] [1/1] [t = 7] swapped,  f(S) = 0.89785
2021-01-17 20:42:19,211 [INFO] [OPT-EXP-DSGN - coordinate_ascent] [1/1] [t = 8] swapped,  f(S) = 0.89844
2021-01-17 20:42:20,849 [INFO] [OPT-EXP-DSGN - coordinate_ascent] [1/1] [t = 9] swapped,  f(S) = 0.89907
2021-01-17 20:42:21,822 [INFO] [OPT-EXP-DSGN - coordinate_ascent] [1/1] [t = 10] swapped,  f(S) = 0.89990
2021-01-17 20:42:22,152 [INFO] [OPT-EXP-DSGN - coordinate_ascent] [1/1] [t = 11] swapped,  f(S) = 0.90577
2021-01-17 20:42:22,484 [INFO] [OPT-EXP-DSGN - coordinate_ascent] [1/1] [t = 12] swapped,  f(S) = 0.90610
2021-01-17 20:42:25,743 [INFO] [OPT-EXP-DSGN - coordinate_ascent] [1/1] [t = 13] swapped,  f(S) = 0.90698
2021-01-17 20:42:26,044 [INFO] [OPT-EXP-DSGN - coordinate_ascent] [1/1] [t = 14] swapped,  f(S) = 0.90755
2021-01-17 20:42:27,373 [INFO] [OPT-EXP-DSGN - coordinate_ascent] [1/1] [t = 15] swapped,  f(S) = 0.90791
2021-01-17 20:42:27,707 [INFO] [OPT-EXP-DSGN - coordinate_ascent] [1/1] [t = 16] swapped,  f(S) = 0.90910
2021-01-17 20:42:28,038 [INFO] [OPT-EXP-DSGN - coordinate_ascent] [1/1] [t = 17] swapped,  f(S) = 0.90976
2021-01-17 20:42:28,371 [INFO] [OPT-EXP-DSGN - coordinate_ascent] [1/1] [t = 18] swapped,  f(S) = 0.91017
2021-01-17 20:42:30,694 [INFO] [OPT-EXP-DSGN - coordinate_ascent] [1/1] [t = 19] swapped,  f(S) = 0.91248
2021-01-17 20:42:31,319 [INFO] [OPT-EXP-DSGN - coordinate_ascent] [1/1] [t = 20] swapped,  f(S) = 0.91288
2021-01-17 20:42:31,650 [INFO] [OPT-EXP-DSGN - coordinate_ascent] [1/1] [t = 21] swapped,  f(S) = 0.91317
2021-01-17 20:42:31,982 [INFO] [OPT-EXP-DSGN - coordinate_ascent] [1/1] [t = 22] swapped,  f(S) = 0.91329
2021-01-17 20:42:32,975 [INFO] [OPT-EXP-DSGN - coordinate_ascent] [1/1] [t = 23] swapped,  f(S) = 0.91353
2021-01-17 20:42:33,305 [INFO] [OPT-EXP-DSGN - coordinate_ascent] [1/1] [t = 24] swapped,  f(S) = 0.91423
2021-01-17 20:42:33,969 [INFO] [OPT-EXP-DSGN - coordinate_ascent] [1/1] [t = 25] swapped,  f(S) = 0.91443
2021-01-17 20:42:34,298 [INFO] [OPT-EXP-DSGN - coordinate_ascent] [1/1] [t = 26] swapped,  f(S) = 0.91524
2021-01-17 20:42:36,421 [INFO] [OPT-EXP-DSGN - coordinate_ascent] [1/1] [t = 27] swapped,  f(S) = 0.91550
2021-01-17 20:42:37,622 [INFO] [OPT-EXP-DSGN - coordinate_ascent] [1/1] [t = 28] swapped,  f(S) = 0.91563
2021-01-17 20:42:38,203 [INFO] [OPT-EXP-DSGN - coordinate_ascent] [1/1] [t = 29] swapped,  f(S) = 0.91578
2021-01-17 20:42:38,494 [INFO] [OPT-EXP-DSGN - coordinate_ascent] [1/1] [t = 30] swapped,  f(S) = 0.91597
2021-01-17 20:42:44,274 [INFO] [OPT-EXP-DSGN - coordinate_ascent] [1/1] [t = 31] swapped,  f(S) = 0.91698
2021-01-17 20:42:45,916 [INFO] [OPT-EXP-DSGN - coordinate_ascent] [1/1] [t = 32] swapped,  f(S) = 0.91712
2021-01-17 20:42:46,901 [INFO] [OPT-EXP-DSGN - coordinate_ascent] [1/1] [t = 33] swapped,  f(S) = 0.91792
2021-01-17 20:42:47,530 [INFO] [OPT-EXP-DSGN - coordinate_ascent] [1/1] [t = 34] swapped,  f(S) = 0.91953
2021-01-17 20:42:47,850 [INFO] [OPT-EXP-DSGN - coordinate_ascent] [1/1] [t = 35] swapped,  f(S) = 0.92157
2021-01-17 20:42:48,185 [INFO] [OPT-EXP-DSGN - coordinate_ascent] [1/1] [t = 36] swapped,  f(S) = 0.92158
2021-01-17 20:42:50,861 [INFO] [OPT-EXP-DSGN - coordinate_ascent] [1/1] [t = 37] swapped,  f(S) = 0.92186
2021-01-17 20:42:51,196 [INFO] [OPT-EXP-DSGN - coordinate_ascent] [1/1] [t = 38] swapped,  f(S) = 0.92387
2021-01-17 20:42:51,532 [INFO] [OPT-EXP-DSGN - coordinate_ascent] [1/1] [t = 39] swapped,  f(S) = 0.92446
2021-01-17 20:42:56,135 [INFO] [OPT-EXP-DSGN - coordinate_ascent] [1/1] [t = 40] swapped,  f(S) = 0.92447
2021-01-17 20:42:56,461 [INFO] [OPT-EXP-DSGN - coordinate_ascent] [1/1] [t = 41] swapped,  f(S) = 0.92472
2021-01-17 20:42:58,089 [INFO] [OPT-EXP-DSGN - coordinate_ascent] [1/1] [t = 42] swapped,  f(S) = 0.92518
2021-01-17 20:42:59,080 [INFO] [OPT-EXP-DSGN - coordinate_ascent] [1/1] [t = 43] swapped,  f(S) = 0.92551
2021-01-17 20:42:59,409 [INFO] [OPT-EXP-DSGN - coordinate_ascent] [1/1] [t = 44] swapped,  f(S) = 0.92601
2021-01-17 20:43:00,073 [INFO] [OPT-EXP-DSGN - coordinate_ascent] [1/1] [t = 45] swapped,  f(S) = 0.92649
2021-01-17 20:43:00,741 [INFO] [OPT-EXP-DSGN - coordinate_ascent] [1/1] [t = 46] swapped,  f(S) = 0.92671
2021-01-17 20:43:20,414 [INFO] [OPT-EXP-DSGN - coordinate_ascent] [1/1] [t = 47] swapped,  f(S) = 0.92714
2021-01-17 20:43:20,704 [INFO] [OPT-EXP-DSGN - coordinate_ascent] [1/1] [t = 48] swapped,  f(S) = 0.92791
2021-01-17 20:43:21,009 [INFO] [OPT-EXP-DSGN - coordinate_ascent] [1/1] [t = 49] swapped,  f(S) = 0.92870
2021-01-17 20:43:21,307 [INFO] [OPT-EXP-DSGN - coordinate_ascent] [1/1] [t = 50] swapped,  f(S) = 0.92914
2021-01-17 20:43:21,603 [INFO] [OPT-EXP-DSGN - coordinate_ascent] [1/1] [t = 51] swapped,  f(S) = 0.92935
2021-01-17 20:43:21,896 [INFO] [OPT-EXP-DSGN - coordinate_ascent] [1/1] [t = 52] swapped,  f(S) = 0.93112
2021-01-17 20:43:23,060 [INFO] [OPT-EXP-DSGN - coordinate_ascent] [1/1] [t = 53] swapped,  f(S) = 0.93133
2021-01-17 20:43:23,352 [INFO] [OPT-EXP-DSGN - coordinate_ascent] [1/1] [t = 54] swapped,  f(S) = 0.93154
2021-01-17 20:43:24,981 [INFO] [OPT-EXP-DSGN - coordinate_ascent] [1/1] [t = 55] swapped,  f(S) = 0.93194
2021-01-17 20:43:25,311 [INFO] [OPT-EXP-DSGN - coordinate_ascent] [1/1] [t = 56] swapped,  f(S) = 0.93252
2021-01-17 20:43:25,971 [INFO] [OPT-EXP-DSGN - coordinate_ascent] [1/1] [t = 57] swapped,  f(S) = 0.93295
2021-01-17 20:43:26,634 [INFO] [OPT-EXP-DSGN - coordinate_ascent] [1/1] [t = 58] swapped,  f(S) = 0.93311
2021-01-17 20:43:26,966 [INFO] [OPT-EXP-DSGN - coordinate_ascent] [1/1] [t = 59] swapped,  f(S) = 0.93320
2021-01-17 20:43:27,297 [INFO] [OPT-EXP-DSGN - coordinate_ascent] [1/1] [t = 60] swapped,  f(S) = 0.93390
2021-01-17 20:43:29,927 [INFO] [OPT-EXP-DSGN - coordinate_ascent] [1/1] [t = 61] swapped,  f(S) = 0.93400
2021-01-17 20:43:30,261 [INFO] [OPT-EXP-DSGN - coordinate_ascent] [1/1] [t = 62] swapped,  f(S) = 0.93459
2021-01-17 20:43:31,254 [INFO] [OPT-EXP-DSGN - coordinate_ascent] [1/1] [t = 63] swapped,  f(S) = 0.93513
2021-01-17 20:43:31,585 [INFO] [OPT-EXP-DSGN - coordinate_ascent] [1/1] [t = 64] swapped,  f(S) = 0.93536
2021-01-17 20:43:31,915 [INFO] [OPT-EXP-DSGN - coordinate_ascent] [1/1] [t = 65] swapped,  f(S) = 0.93580
2021-01-17 20:43:32,245 [INFO] [OPT-EXP-DSGN - coordinate_ascent] [1/1] [t = 66] swapped,  f(S) = 0.93613
2021-01-17 20:43:32,903 [INFO] [OPT-EXP-DSGN - coordinate_ascent] [1/1] [t = 67] swapped,  f(S) = 0.93672
2021-01-17 20:43:33,233 [INFO] [OPT-EXP-DSGN - coordinate_ascent] [1/1] [t = 68] swapped,  f(S) = 0.93698
2021-01-17 20:43:34,181 [INFO] [OPT-EXP-DSGN - coordinate_ascent] [1/1] [t = 69] swapped,  f(S) = 0.93753
2021-01-17 20:43:34,512 [INFO] [OPT-EXP-DSGN - coordinate_ascent] [1/1] [t = 70] swapped,  f(S) = 0.93769
2021-01-17 20:43:38,796 [INFO] [OPT-EXP-DSGN - coordinate_ascent] [1/1] [t = 71] swapped,  f(S) = 0.93793
2021-01-17 20:43:43,079 [INFO] [OPT-EXP-DSGN - coordinate_ascent] [1/1] [t = 72] swapped,  f(S) = 0.93832
2021-01-17 20:43:43,411 [INFO] [OPT-EXP-DSGN - coordinate_ascent] [1/1] [t = 73] swapped,  f(S) = 0.93872
2021-01-17 20:43:44,035 [INFO] [OPT-EXP-DSGN - coordinate_ascent] [1/1] [t = 74] swapped,  f(S) = 0.93920
2021-01-17 20:43:57,800 [INFO] [OPT-EXP-DSGN - coordinate_ascent] [1/1] [t = 75] swapped,  f(S) = 0.93923
2021-01-17 20:43:58,134 [INFO] [OPT-EXP-DSGN - coordinate_ascent] [1/1] [t = 76] swapped,  f(S) = 0.93938
2021-01-17 20:43:58,448 [INFO] [OPT-EXP-DSGN - coordinate_ascent] [1/1] [t = 77] swapped,  f(S) = 0.93949
2021-01-17 20:43:59,037 [INFO] [OPT-EXP-DSGN - coordinate_ascent] [1/1] [t = 78] swapped,  f(S) = 0.93994
2021-01-17 20:43:59,685 [INFO] [OPT-EXP-DSGN - coordinate_ascent] [1/1] [t = 79] swapped,  f(S) = 0.94008
2021-01-17 20:44:02,081 [INFO] [OPT-EXP-DSGN - coordinate_ascent] [1/1] [t = 80] swapped,  f(S) = 0.94013
2021-01-17 20:44:02,382 [INFO] [OPT-EXP-DSGN - coordinate_ascent] [1/1] [t = 81] swapped,  f(S) = 0.94058
2021-01-17 20:44:03,604 [INFO] [OPT-EXP-DSGN - coordinate_ascent] [1/1] [t = 82] swapped,  f(S) = 0.94141
2021-01-17 20:44:05,530 [INFO] [OPT-EXP-DSGN - coordinate_ascent] [1/1] [t = 83] swapped,  f(S) = 0.94158
2021-01-17 20:44:15,424 [INFO] [OPT-EXP-DSGN - coordinate_ascent] [1/1] [t = 84] swapped,  f(S) = 0.94163
2021-01-17 20:44:15,756 [INFO] [OPT-EXP-DSGN - coordinate_ascent] [1/1] [t = 85] swapped,  f(S) = 0.94241
2021-01-17 20:44:18,726 [INFO] [OPT-EXP-DSGN - coordinate_ascent] [1/1] [t = 86] swapped,  f(S) = 0.94271
2021-01-17 20:44:19,051 [INFO] [OPT-EXP-DSGN - coordinate_ascent] [1/1] [t = 87] swapped,  f(S) = 0.94310
2021-01-17 20:44:19,380 [INFO] [OPT-EXP-DSGN - coordinate_ascent] [1/1] [t = 88] swapped,  f(S) = 0.94332
2021-01-17 20:44:19,709 [INFO] [OPT-EXP-DSGN - coordinate_ascent] [1/1] [t = 89] swapped,  f(S) = 0.94399
2021-01-17 20:44:20,039 [INFO] [OPT-EXP-DSGN - coordinate_ascent] [1/1] [t = 90] swapped,  f(S) = 0.94472
2021-01-17 20:45:01,726 [INFO] [OPT-EXP-DSGN - coordinate_ascent] [1/1] [t = 91] swapped,  f(S) = 0.94501
2021-01-17 20:45:06,044 [INFO] [OPT-EXP-DSGN - coordinate_ascent] [1/1] [t = 92] swapped,  f(S) = 0.94507
2021-01-17 20:45:06,366 [INFO] [OPT-EXP-DSGN - coordinate_ascent] [1/1] [t = 93] swapped,  f(S) = 0.94548
2021-01-17 20:45:25,690 [INFO] [OPT-EXP-DSGN - coordinate_ascent] [1/1] [t = 94] swapped,  f(S) = 0.94586
2021-01-17 20:45:30,121 [INFO] [OPT-EXP-DSGN - coordinate_ascent] [1/1] [t = 95] swapped,  f(S) = 0.94588
2021-01-17 20:45:33,526 [INFO] [OPT-EXP-DSGN - coordinate_ascent] [1/1] [t = 96] swapped,  f(S) = 0.94602
2021-01-17 20:45:35,426 [INFO] [OPT-EXP-DSGN - coordinate_ascent] [1/1] [t = 97] swapped,  f(S) = 0.94609
2021-01-17 20:45:39,428 [INFO] [OPT-EXP-DSGN - coordinate_ascent] [1/1] [t = 98] swapped,  f(S) = 0.94686
2021-01-17 20:45:39,747 [INFO] [OPT-EXP-DSGN - coordinate_ascent] [1/1] [t = 99] swapped,  f(S) = 0.94705
2021-01-17 20:45:40,710 [INFO] [OPT-EXP-DSGN - coordinate_ascent] [1/1] [t = 100] swapped,  f(S) = 0.94721
2021-01-17 20:45:44,409 [INFO] [OPT-EXP-DSGN - coordinate_ascent] [1/1] [t = 101] swapped,  f(S) = 0.94740
2021-01-17 20:45:45,340 [INFO] [OPT-EXP-DSGN - coordinate_ascent] [1/1] [t = 102] swapped,  f(S) = 0.94762
2021-01-17 20:45:45,955 [INFO] [OPT-EXP-DSGN - coordinate_ascent] [1/1] [t = 103] swapped,  f(S) = 0.94764
2021-01-17 20:45:47,511 [INFO] [OPT-EXP-DSGN - coordinate_ascent] [1/1] [t = 104] swapped,  f(S) = 0.94777
2021-01-17 20:46:30,006 [INFO] [OPT-EXP-DSGN - coordinate_ascent] [1/1] [t = 105] swapped,  f(S) = 0.94779
2021-01-17 20:46:30,329 [INFO] [OPT-EXP-DSGN - coordinate_ascent] [1/1] [t = 106] swapped,  f(S) = 0.94797
2021-01-17 20:46:30,973 [INFO] [OPT-EXP-DSGN - coordinate_ascent] [1/1] [t = 107] swapped,  f(S) = 0.94823
2021-01-17 20:46:38,781 [INFO] [OPT-EXP-DSGN - coordinate_ascent] [1/1] [t = 108] swapped,  f(S) = 0.94844
2021-01-17 20:46:39,411 [INFO] [OPT-EXP-DSGN - coordinate_ascent] [1/1] [t = 109] swapped,  f(S) = 0.94848
2021-01-17 20:46:40,247 [INFO] [OPT-EXP-DSGN - coordinate_ascent] [1/1] [t = 110] swapped,  f(S) = 0.94912
2021-01-17 20:46:41,223 [INFO] [OPT-EXP-DSGN - coordinate_ascent] [1/1] [t = 111] swapped,  f(S) = 0.94924
2021-01-17 20:46:42,504 [INFO] [OPT-EXP-DSGN - coordinate_ascent] [1/1] [t = 112] swapped,  f(S) = 0.94940
2021-01-17 20:46:43,136 [INFO] [OPT-EXP-DSGN - coordinate_ascent] [1/1] [t = 113] swapped,  f(S) = 0.94951
2021-01-17 20:46:44,241 [INFO] [OPT-EXP-DSGN - coordinate_ascent] [1/1] [t = 114] swapped,  f(S) = 0.94984
2021-01-17 20:46:44,491 [INFO] [OPT-EXP-DSGN - coordinate_ascent] [1/1] [t = 115] swapped,  f(S) = 0.95025
2021-01-17 20:46:44,736 [INFO] [OPT-EXP-DSGN - coordinate_ascent] [1/1] [t = 116] swapped,  f(S) = 0.95118
2021-01-17 20:46:50,468 [INFO] [OPT-EXP-DSGN - coordinate_ascent] [1/1] [t = 117] swapped,  f(S) = 0.95125
2021-01-17 20:46:50,768 [INFO] [OPT-EXP-DSGN - coordinate_ascent] [1/1] [t = 118] swapped,  f(S) = 0.95152
2021-01-17 20:46:51,086 [INFO] [OPT-EXP-DSGN - coordinate_ascent] [1/1] [t = 119] swapped,  f(S) = 0.95243
2021-01-17 20:46:52,653 [INFO] [OPT-EXP-DSGN - coordinate_ascent] [1/1] [t = 120] swapped,  f(S) = 0.95268
2021-01-17 20:46:52,964 [INFO] [OPT-EXP-DSGN - coordinate_ascent] [1/1] [t = 121] swapped,  f(S) = 0.95272
2021-01-17 20:46:53,274 [INFO] [OPT-EXP-DSGN - coordinate_ascent] [1/1] [t = 122] swapped,  f(S) = 0.95351
2021-01-17 20:46:56,604 [INFO] [OPT-EXP-DSGN - coordinate_ascent] [1/1] [t = 123] swapped,  f(S) = 0.95363
2021-01-17 20:46:56,917 [INFO] [OPT-EXP-DSGN - coordinate_ascent] [1/1] [t = 124] swapped,  f(S) = 0.95365
2021-01-17 20:46:58,155 [INFO] [OPT-EXP-DSGN - coordinate_ascent] [1/1] [t = 125] swapped,  f(S) = 0.95394
2021-01-17 20:46:58,802 [INFO] [OPT-EXP-DSGN - coordinate_ascent] [1/1] [t = 126] swapped,  f(S) = 0.95420
2021-01-17 20:46:59,453 [INFO] [OPT-EXP-DSGN - coordinate_ascent] [1/1] [t = 127] swapped,  f(S) = 0.95463
2021-01-17 20:47:00,735 [INFO] [OPT-EXP-DSGN - coordinate_ascent] [1/1] [t = 128] swapped,  f(S) = 0.95469
2021-01-17 20:47:01,327 [INFO] [OPT-EXP-DSGN - coordinate_ascent] [1/1] [t = 129] swapped,  f(S) = 0.95477
2021-01-17 20:47:05,137 [INFO] [OPT-EXP-DSGN - coordinate_ascent] [1/1] [t = 130] swapped,  f(S) = 0.95480
2021-01-17 20:47:05,744 [INFO] [OPT-EXP-DSGN - coordinate_ascent] [1/1] [t = 131] swapped,  f(S) = 0.95537
2021-01-17 20:47:06,972 [INFO] [OPT-EXP-DSGN - coordinate_ascent] [1/1] [t = 132] swapped,  f(S) = 0.95537
2021-01-17 20:47:48,800 [INFO] [OPT-EXP-DSGN - coordinate_ascent] [1/1] [t = 133] swapped,  f(S) = 0.95542
2021-01-17 20:47:57,828 [INFO] [OPT-EXP-DSGN - coordinate_ascent] [1/1] [t = 134] swapped,  f(S) = 0.95551
2021-01-17 20:48:12,187 [INFO] [OPT-EXP-DSGN - coordinate_ascent] [1/1] [t = 135] swapped,  f(S) = 0.95624
2021-01-17 20:48:12,923 [INFO] [OPT-EXP-DSGN - coordinate_ascent] [1/1] [t = 136] swapped,  f(S) = 0.95645
2021-01-17 20:48:13,171 [INFO] [OPT-EXP-DSGN - coordinate_ascent] [1/1] [t = 137] swapped,  f(S) = 0.95662
2021-01-17 20:48:13,424 [INFO] [OPT-EXP-DSGN - coordinate_ascent] [1/1] [t = 138] swapped,  f(S) = 0.95709
2021-01-17 20:48:13,724 [INFO] [OPT-EXP-DSGN - coordinate_ascent] [1/1] [t = 139] swapped,  f(S) = 0.95719
2021-01-17 20:48:18,380 [INFO] [OPT-EXP-DSGN - coordinate_ascent] [1/1] [t = 140] swapped,  f(S) = 0.95738
2021-01-17 20:48:19,845 [INFO] [OPT-EXP-DSGN - coordinate_ascent] [1/1] [t = 141] swapped,  f(S) = 0.95755
2021-01-17 20:48:20,773 [INFO] [OPT-EXP-DSGN - coordinate_ascent] [1/1] [t = 142] swapped,  f(S) = 0.95760
2021-01-17 20:48:21,089 [INFO] [OPT-EXP-DSGN - coordinate_ascent] [1/1] [t = 143] swapped,  f(S) = 0.95812
2021-01-17 20:48:22,953 [INFO] [OPT-EXP-DSGN - coordinate_ascent] [1/1] [t = 144] swapped,  f(S) = 0.95828
2021-01-17 20:48:23,582 [INFO] [OPT-EXP-DSGN - coordinate_ascent] [1/1] [t = 145] swapped,  f(S) = 0.95848
2021-01-17 20:48:25,077 [INFO] [OPT-EXP-DSGN - coordinate_ascent] [1/1] [t = 146] swapped,  f(S) = 0.95869
2021-01-17 20:48:25,401 [INFO] [OPT-EXP-DSGN - coordinate_ascent] [1/1] [t = 147] swapped,  f(S) = 0.95874
2021-01-17 20:48:26,982 [INFO] [OPT-EXP-DSGN - coordinate_ascent] [1/1] [t = 148] swapped,  f(S) = 0.95893
2021-01-17 20:48:27,611 [INFO] [OPT-EXP-DSGN - coordinate_ascent] [1/1] [t = 149] swapped,  f(S) = 0.95913
2021-01-17 20:48:30,335 [INFO] [OPT-EXP-DSGN - coordinate_ascent] [1/1] [t = 150] swapped,  f(S) = 0.95925
2021-01-17 20:48:30,641 [INFO] [OPT-EXP-DSGN - coordinate_ascent] [1/1] [t = 151] swapped,  f(S) = 0.95955
2021-01-17 20:48:31,252 [INFO] [OPT-EXP-DSGN - coordinate_ascent] [1/1] [t = 152] swapped,  f(S) = 0.95974
2021-01-17 20:48:33,968 [INFO] [OPT-EXP-DSGN - coordinate_ascent] [1/1] [t = 153] swapped,  f(S) = 0.95979
2021-01-17 20:48:34,553 [INFO] [OPT-EXP-DSGN - coordinate_ascent] [1/1] [t = 154] swapped,  f(S) = 0.95980
2021-01-17 20:48:35,495 [INFO] [OPT-EXP-DSGN - coordinate_ascent] [1/1] [t = 155] swapped,  f(S) = 0.96031
2021-01-17 20:48:35,813 [INFO] [OPT-EXP-DSGN - coordinate_ascent] [1/1] [t = 156] swapped,  f(S) = 0.96046
2021-01-17 20:48:36,453 [INFO] [OPT-EXP-DSGN - coordinate_ascent] [1/1] [t = 157] swapped,  f(S) = 0.96071
2021-01-17 20:48:36,776 [INFO] [OPT-EXP-DSGN - coordinate_ascent] [1/1] [t = 158] swapped,  f(S) = 0.96089
2021-01-17 20:48:38,367 [INFO] [OPT-EXP-DSGN - coordinate_ascent] [1/1] [t = 159] swapped,  f(S) = 0.96181
2021-01-17 20:48:38,683 [INFO] [OPT-EXP-DSGN - coordinate_ascent] [1/1] [t = 160] swapped,  f(S) = 0.96185
2021-01-17 20:48:41,121 [INFO] [OPT-EXP-DSGN - coordinate_ascent] [1/1] [t = 161] swapped,  f(S) = 0.96206
2021-01-17 20:48:41,442 [INFO] [OPT-EXP-DSGN - coordinate_ascent] [1/1] [t = 162] swapped,  f(S) = 0.96502
2021-01-17 20:48:43,019 [INFO] [OPT-EXP-DSGN - coordinate_ascent] [1/1] [t = 163] swapped,  f(S) = 0.96527
2021-01-17 20:48:43,336 [INFO] [OPT-EXP-DSGN - coordinate_ascent] [1/1] [t = 164] swapped,  f(S) = 0.96553
2021-01-17 20:48:44,183 [INFO] [OPT-EXP-DSGN - coordinate_ascent] [1/1] [t = 165] swapped,  f(S) = 0.96555
2021-01-17 20:48:44,818 [INFO] [OPT-EXP-DSGN - coordinate_ascent] [1/1] [t = 166] swapped,  f(S) = 0.96566
2021-01-17 20:48:45,145 [INFO] [OPT-EXP-DSGN - coordinate_ascent] [1/1] [t = 167] swapped,  f(S) = 0.96596
2021-01-17 20:48:51,416 [INFO] [OPT-EXP-DSGN - coordinate_ascent] [1/1] [t = 168] swapped,  f(S) = 0.96633
2021-01-17 20:49:11,079 [INFO] [OPT-EXP-DSGN - coordinate_ascent] [1/1] [t = 169] swapped,  f(S) = 0.96645
2021-01-17 20:49:11,406 [INFO] [OPT-EXP-DSGN - coordinate_ascent] [1/1] [t = 170] swapped,  f(S) = 0.96654
2021-01-17 20:49:15,044 [INFO] [OPT-EXP-DSGN - coordinate_ascent] [1/1] [t = 171] swapped,  f(S) = 0.96657
2021-01-17 20:49:15,341 [INFO] [OPT-EXP-DSGN - coordinate_ascent] [1/1] [t = 172] swapped,  f(S) = 0.96730
2021-01-17 20:49:20,443 [INFO] [OPT-EXP-DSGN - coordinate_ascent] [1/1] [t = 173] swapped,  f(S) = 0.96741
2021-01-17 20:49:27,223 [INFO] [OPT-EXP-DSGN - coordinate_ascent] [1/1] [t = 174] swapped,  f(S) = 0.96772
2021-01-17 20:49:35,902 [INFO] [OPT-EXP-DSGN - coordinate_ascent] [1/1] [t = 175] swapped,  f(S) = 0.96811
2021-01-17 20:49:36,186 [INFO] [OPT-EXP-DSGN - coordinate_ascent] [1/1] [t = 176] swapped,  f(S) = 0.96826
2021-01-17 20:49:51,183 [INFO] [OPT-EXP-DSGN - coordinate_ascent] [1/1] [t = 177] swapped,  f(S) = 0.96856
2021-01-17 20:49:51,513 [INFO] [OPT-EXP-DSGN - coordinate_ascent] [1/1] [t = 178] swapped,  f(S) = 0.96870
2021-01-17 20:49:52,136 [INFO] [OPT-EXP-DSGN - coordinate_ascent] [1/1] [t = 179] swapped,  f(S) = 0.96880
2021-01-17 20:49:52,751 [INFO] [OPT-EXP-DSGN - coordinate_ascent] [1/1] [t = 180] swapped,  f(S) = 0.96903
2021-01-17 20:50:23,280 [INFO] [OPT-EXP-DSGN - coordinate_ascent] [1/1] [t = 181] swapped,  f(S) = 0.96910
2021-01-17 20:50:23,584 [INFO] [OPT-EXP-DSGN - coordinate_ascent] [1/1] [t = 182] swapped,  f(S) = 0.97094
2021-01-17 20:50:23,883 [INFO] [OPT-EXP-DSGN - coordinate_ascent] [1/1] [t = 183] swapped,  f(S) = 0.97104
2021-01-17 20:50:25,220 [INFO] [OPT-EXP-DSGN - coordinate_ascent] [1/1] [t = 184] swapped,  f(S) = 0.97119
2021-01-17 20:50:28,128 [INFO] [OPT-EXP-DSGN - coordinate_ascent] [1/1] [t = 185] swapped,  f(S) = 0.97159
2021-01-17 20:50:28,450 [INFO] [OPT-EXP-DSGN - coordinate_ascent] [1/1] [t = 186] swapped,  f(S) = 0.97164
2021-01-17 20:50:39,959 [INFO] [OPT-EXP-DSGN - coordinate_ascent] [1/1] [t = 187] swapped,  f(S) = 0.97198
2021-01-17 20:50:40,936 [INFO] [OPT-EXP-DSGN - coordinate_ascent] [1/1] [t = 188] swapped,  f(S) = 0.97205
2021-01-17 20:50:46,376 [INFO] [OPT-EXP-DSGN - coordinate_ascent] [1/1] [t = 189] swapped,  f(S) = 0.97206
2021-01-17 20:50:46,708 [INFO] [OPT-EXP-DSGN - coordinate_ascent] [1/1] [t = 190] swapped,  f(S) = 0.97208
2021-01-17 20:50:47,034 [INFO] [OPT-EXP-DSGN - coordinate_ascent] [1/1] [t = 191] swapped,  f(S) = 0.97227
2021-01-17 20:50:49,241 [INFO] [OPT-EXP-DSGN - coordinate_ascent] [1/1] [t = 192] swapped,  f(S) = 0.97231
2021-01-17 20:50:59,676 [INFO] [OPT-EXP-DSGN - coordinate_ascent] [1/1] [t = 193] swapped,  f(S) = 0.97245
2021-01-17 20:51:01,919 [INFO] [OPT-EXP-DSGN - coordinate_ascent] [1/1] [t = 194] swapped,  f(S) = 0.97264
2021-01-17 20:51:03,531 [INFO] [OPT-EXP-DSGN - coordinate_ascent] [1/1] [t = 195] swapped,  f(S) = 0.97269
2021-01-17 20:51:04,504 [INFO] [OPT-EXP-DSGN - coordinate_ascent] [1/1] [t = 196] swapped,  f(S) = 0.97284
2021-01-17 20:51:04,835 [INFO] [OPT-EXP-DSGN - coordinate_ascent] [1/1] [t = 197] swapped,  f(S) = 0.97314
2021-01-17 20:51:05,434 [INFO] [OPT-EXP-DSGN - coordinate_ascent] [1/1] [t = 198] swapped,  f(S) = 0.97422
2021-01-17 20:51:05,767 [INFO] [OPT-EXP-DSGN - coordinate_ascent] [1/1] [t = 199] swapped,  f(S) = 0.97476
2021-01-17 20:51:06,101 [INFO] [OPT-EXP-DSGN - coordinate_ascent] [1/1] [t = 200] swapped,  f(S) = 0.97585
2021-01-17 20:51:47,903 [INFO] [OPT-EXP-DSGN - coordinate_ascent] [1/1] [t = 201] swapped,  f(S) = 0.97619
2021-01-17 20:51:48,213 [INFO] [OPT-EXP-DSGN - coordinate_ascent] [1/1] [t = 202] swapped,  f(S) = 0.97620
2021-01-17 20:51:48,525 [INFO] [OPT-EXP-DSGN - coordinate_ascent] [1/1] [t = 203] swapped,  f(S) = 0.97685
2021-01-17 20:51:48,830 [INFO] [OPT-EXP-DSGN - coordinate_ascent] [1/1] [t = 204] swapped,  f(S) = 0.97764
2021-01-17 20:54:12,121 [INFO] [OPT-EXP-DSGN - coordinate_ascent] [1/1] [t = 205] swapped,  f(S) = 0.97774
2021-01-17 20:54:21,271 [INFO] [OPT-EXP-DSGN - coordinate_ascent] [1/1] [t = 206] swapped,  f(S) = 0.97789
2021-01-17 20:54:21,866 [INFO] [OPT-EXP-DSGN - coordinate_ascent] [1/1] [t = 207] swapped,  f(S) = 0.97801
2021-01-17 20:54:24,869 [INFO] [OPT-EXP-DSGN - coordinate_ascent] [1/1] [t = 208] swapped,  f(S) = 0.97813
2021-01-17 20:54:25,112 [INFO] [OPT-EXP-DSGN - coordinate_ascent] [1/1] [t = 209] swapped,  f(S) = 0.97816
2021-01-17 20:54:25,355 [INFO] [OPT-EXP-DSGN - coordinate_ascent] [1/1] [t = 210] swapped,  f(S) = 0.97820
2021-01-17 20:54:26,842 [INFO] [OPT-EXP-DSGN - coordinate_ascent] [1/1] [t = 211] swapped,  f(S) = 0.97833
2021-01-17 20:54:53,448 [INFO] [OPT-EXP-DSGN - coordinate_ascent] [1/1] [t = 212] swapped,  f(S) = 0.97848
2021-01-17 20:54:58,500 [INFO] [OPT-EXP-DSGN - coordinate_ascent] [1/1] [t = 213] swapped,  f(S) = 0.97851
2021-01-17 20:55:52,626 [INFO] [OPT-EXP-DSGN - coordinate_ascent] [1/1] [t = 214] swapped,  f(S) = 0.97861
2021-01-17 20:55:54,788 [INFO] [OPT-EXP-DSGN - coordinate_ascent] [1/1] [t = 215] swapped,  f(S) = 0.97865
2021-01-17 20:55:55,044 [INFO] [OPT-EXP-DSGN - coordinate_ascent] [1/1] [t = 216] swapped,  f(S) = 0.97916
2021-01-17 20:55:55,340 [INFO] [OPT-EXP-DSGN - coordinate_ascent] [1/1] [t = 217] swapped,  f(S) = 0.97924
2021-01-17 20:56:00,905 [INFO] [OPT-EXP-DSGN - coordinate_ascent] [1/1] [t = 218] swapped,  f(S) = 0.97955
2021-01-17 20:57:47,558 [INFO] [OPT-EXP-DSGN - coordinate_ascent] [1/1] [t = 219] swapped,  f(S) = 0.97989
2021-01-17 20:57:48,131 [INFO] [OPT-EXP-DSGN - coordinate_ascent] [1/1] [t = 220] swapped,  f(S) = 0.97995
2021-01-17 20:57:48,619 [INFO] [OPT-EXP-DSGN - coordinate_ascent] [1/1] [t = 221] swapped,  f(S) = 0.98005
2021-01-17 20:58:14,105 [INFO] [OPT-EXP-DSGN - coordinate_ascent] [1/1] [t = 222] swapped,  f(S) = 0.98008
2021-01-17 20:58:19,910 [INFO] [OPT-EXP-DSGN - coordinate_ascent] [1/1] [t = 223] swapped,  f(S) = 0.98063
2021-01-17 20:58:21,486 [INFO] [OPT-EXP-DSGN - coordinate_ascent] [1/1] [t = 224] swapped,  f(S) = 0.98076
2021-01-17 20:58:21,804 [INFO] [OPT-EXP-DSGN - coordinate_ascent] [1/1] [t = 225] swapped,  f(S) = 0.98110
2021-01-17 20:58:22,126 [INFO] [OPT-EXP-DSGN - coordinate_ascent] [1/1] [t = 226] swapped,  f(S) = 0.98118
2021-01-17 20:58:22,441 [INFO] [OPT-EXP-DSGN - coordinate_ascent] [1/1] [t = 227] swapped,  f(S) = 0.98119
2021-01-17 20:58:24,586 [INFO] [OPT-EXP-DSGN - coordinate_ascent] [1/1] [t = 228] swapped,  f(S) = 0.98146
2021-01-17 20:58:35,665 [INFO] [OPT-EXP-DSGN - coordinate_ascent] [1/1] [t = 229] swapped,  f(S) = 0.98151
2021-01-17 20:58:35,974 [INFO] [OPT-EXP-DSGN - coordinate_ascent] [1/1] [t = 230] swapped,  f(S) = 0.98181
2021-01-17 20:58:36,594 [INFO] [OPT-EXP-DSGN - coordinate_ascent] [1/1] [t = 231] swapped,  f(S) = 0.98214
2021-01-17 20:58:37,542 [INFO] [OPT-EXP-DSGN - coordinate_ascent] [1/1] [t = 232] swapped,  f(S) = 0.98220
2021-01-17 20:58:38,178 [INFO] [OPT-EXP-DSGN - coordinate_ascent] [1/1] [t = 233] swapped,  f(S) = 0.98227
2021-01-17 20:58:38,496 [INFO] [OPT-EXP-DSGN - coordinate_ascent] [1/1] [t = 234] swapped,  f(S) = 0.98254
2021-01-17 20:58:47,860 [INFO] [OPT-EXP-DSGN - coordinate_ascent] [1/1] [t = 235] swapped,  f(S) = 0.98275
2021-01-17 20:58:48,832 [INFO] [OPT-EXP-DSGN - coordinate_ascent] [1/1] [t = 236] swapped,  f(S) = 0.98278
2021-01-17 20:58:49,804 [INFO] [OPT-EXP-DSGN - coordinate_ascent] [1/1] [t = 237] swapped,  f(S) = 0.98303
2021-01-17 20:58:50,125 [INFO] [OPT-EXP-DSGN - coordinate_ascent] [1/1] [t = 238] swapped,  f(S) = 0.98309
2021-01-17 20:58:50,995 [INFO] [OPT-EXP-DSGN - coordinate_ascent] [1/1] [t = 239] swapped,  f(S) = 0.98335
2021-01-17 20:58:51,315 [INFO] [OPT-EXP-DSGN - coordinate_ascent] [1/1] [t = 240] swapped,  f(S) = 0.98418
2021-01-17 20:58:51,636 [INFO] [OPT-EXP-DSGN - coordinate_ascent] [1/1] [t = 241] swapped,  f(S) = 0.98440
2021-01-17 20:58:52,275 [INFO] [OPT-EXP-DSGN - coordinate_ascent] [1/1] [t = 242] swapped,  f(S) = 0.98488
2021-01-17 20:59:25,586 [INFO] [OPT-EXP-DSGN - coordinate_ascent] [1/1] [t = 243] swapped,  f(S) = 0.98569
2021-01-17 20:59:25,902 [INFO] [OPT-EXP-DSGN - coordinate_ascent] [1/1] [t = 244] swapped,  f(S) = 0.98681
2021-01-17 20:59:26,219 [INFO] [OPT-EXP-DSGN - coordinate_ascent] [1/1] [t = 245] swapped,  f(S) = 0.98694
2021-01-17 20:59:43,674 [INFO] [OPT-EXP-DSGN - coordinate_ascent] [1/1] [t = 246] swapped,  f(S) = 0.98740
2021-01-17 20:59:43,992 [INFO] [OPT-EXP-DSGN - coordinate_ascent] [1/1] [t = 247] swapped,  f(S) = 0.98754
2021-01-17 20:59:44,307 [INFO] [OPT-EXP-DSGN - coordinate_ascent] [1/1] [t = 248] swapped,  f(S) = 0.98769
2021-01-17 20:59:44,624 [INFO] [OPT-EXP-DSGN - coordinate_ascent] [1/1] [t = 249] swapped,  f(S) = 0.98893
2021-01-17 20:59:45,881 [INFO] [OPT-EXP-DSGN - coordinate_ascent] [1/1] [t = 250] swapped,  f(S) = 0.98901
2021-01-17 20:59:46,198 [INFO] [OPT-EXP-DSGN - coordinate_ascent] [1/1] [t = 251] swapped,  f(S) = 0.98912
2021-01-17 20:59:53,208 [INFO] [OPT-EXP-DSGN - coordinate_ascent] [1/1] [t = 252] swapped,  f(S) = 0.98920
2021-01-17 20:59:53,452 [INFO] [OPT-EXP-DSGN - coordinate_ascent] [1/1] [t = 253] swapped,  f(S) = 0.98930
2021-01-17 20:59:55,165 [INFO] [OPT-EXP-DSGN - coordinate_ascent] [1/1] [t = 254] swapped,  f(S) = 0.98939
2021-01-17 20:59:58,333 [INFO] [OPT-EXP-DSGN - coordinate_ascent] [1/1] [t = 255] swapped,  f(S) = 0.98942
2021-01-17 20:59:58,631 [INFO] [OPT-EXP-DSGN - coordinate_ascent] [1/1] [t = 256] swapped,  f(S) = 0.98976
2021-01-17 20:59:59,867 [INFO] [OPT-EXP-DSGN - coordinate_ascent] [1/1] [t = 257] swapped,  f(S) = 0.98981
2021-01-17 21:00:01,449 [INFO] [OPT-EXP-DSGN - coordinate_ascent] [1/1] [t = 258] swapped,  f(S) = 0.99011
2021-01-17 21:00:02,405 [INFO] [OPT-EXP-DSGN - coordinate_ascent] [1/1] [t = 259] swapped,  f(S) = 0.99020
2021-01-17 21:01:24,434 [INFO] [OPT-EXP-DSGN - coordinate_ascent] [1/1] [t = 260] swapped,  f(S) = 0.99023
2021-01-17 21:01:25,058 [INFO] [OPT-EXP-DSGN - coordinate_ascent] [1/1] [t = 261] swapped,  f(S) = 0.99030
2021-01-17 21:01:25,376 [INFO] [OPT-EXP-DSGN - coordinate_ascent] [1/1] [t = 262] swapped,  f(S) = 0.99045
2021-01-17 21:01:25,687 [INFO] [OPT-EXP-DSGN - coordinate_ascent] [1/1] [t = 263] swapped,  f(S) = 0.99058
2021-01-17 21:03:07,932 [INFO] [OPT-EXP-DSGN - coordinate_ascent] [1/1] [t = 264] swapped,  f(S) = 0.99073
2021-01-17 21:03:11,198 [INFO] [OPT-EXP-DSGN - coordinate_ascent] [1/1] [t = 265] swapped,  f(S) = 0.99095
2021-01-17 21:03:11,512 [INFO] [OPT-EXP-DSGN - coordinate_ascent] [1/1] [t = 266] swapped,  f(S) = 0.99138
2021-01-17 21:03:11,818 [INFO] [OPT-EXP-DSGN - coordinate_ascent] [1/1] [t = 267] swapped,  f(S) = 0.99159
2021-01-17 21:03:13,070 [INFO] [OPT-EXP-DSGN - coordinate_ascent] [1/1] [t = 268] swapped,  f(S) = 0.99174
2021-01-17 21:03:13,696 [INFO] [OPT-EXP-DSGN - coordinate_ascent] [1/1] [t = 269] swapped,  f(S) = 0.99180
2021-01-17 21:03:14,319 [INFO] [OPT-EXP-DSGN - coordinate_ascent] [1/1] [t = 270] swapped,  f(S) = 0.99364
2021-01-17 21:03:14,606 [INFO] [OPT-EXP-DSGN - coordinate_ascent] [1/1] [t = 271] swapped,  f(S) = 0.99386
2021-01-17 21:03:16,126 [INFO] [OPT-EXP-DSGN - coordinate_ascent] [1/1] [t = 272] swapped,  f(S) = 0.99432
2021-01-17 21:03:20,893 [INFO] [OPT-EXP-DSGN - coordinate_ascent] [1/1] [t = 273] swapped,  f(S) = 0.99441
2021-01-17 21:03:22,595 [INFO] [OPT-EXP-DSGN - coordinate_ascent] [1/1] [t = 274] swapped,  f(S) = 0.99451
2021-01-17 21:03:25,008 [INFO] [OPT-EXP-DSGN - coordinate_ascent] [1/1] [t = 275] swapped,  f(S) = 0.99455
2021-01-17 21:03:27,983 [INFO] [OPT-EXP-DSGN - coordinate_ascent] [1/1] [t = 276] swapped,  f(S) = 0.99463
2021-01-17 21:03:29,248 [INFO] [OPT-EXP-DSGN - coordinate_ascent] [1/1] [t = 277] swapped,  f(S) = 0.99464
2021-01-17 21:03:29,566 [INFO] [OPT-EXP-DSGN - coordinate_ascent] [1/1] [t = 278] swapped,  f(S) = 0.99611
2021-01-17 21:03:29,879 [INFO] [OPT-EXP-DSGN - coordinate_ascent] [1/1] [t = 279] swapped,  f(S) = 0.99681
2021-01-17 21:03:31,315 [INFO] [OPT-EXP-DSGN - coordinate_ascent] [1/1] [t = 280] swapped,  f(S) = 0.99686
2021-01-17 21:03:46,171 [INFO] [OPT-EXP-DSGN - coordinate_ascent] [1/1] [t = 281] swapped,  f(S) = 0.99689
2021-01-17 21:03:46,451 [INFO] [OPT-EXP-DSGN - coordinate_ascent] [1/1] [t = 282] swapped,  f(S) = 0.99725
2021-01-17 21:05:15,000 [INFO] [OPT-EXP-DSGN - coordinate_ascent] [1/1] [t = 283] swapped,  f(S) = 0.99727
2021-01-17 21:05:17,177 [INFO] [OPT-EXP-DSGN - coordinate_ascent] [1/1] [t = 284] swapped,  f(S) = 0.99732
2021-01-17 21:05:57,295 [INFO] [OPT-EXP-DSGN - coordinate_ascent] [1/1] [t = 285] swapped,  f(S) = 0.99746
2021-01-17 21:05:57,612 [INFO] [OPT-EXP-DSGN - coordinate_ascent] [1/1] [t = 286] swapped,  f(S) = 0.99825
2021-01-17 21:05:58,243 [INFO] [OPT-EXP-DSGN - coordinate_ascent] [1/1] [t = 287] swapped,  f(S) = 0.99843
2021-01-17 21:06:00,120 [INFO] [OPT-EXP-DSGN - coordinate_ascent] [1/1] [t = 288] swapped,  f(S) = 0.99853
2021-01-17 21:06:00,370 [INFO] [OPT-EXP-DSGN - coordinate_ascent] [1/1] [t = 289] swapped,  f(S) = 0.99859
2021-01-17 21:06:00,664 [INFO] [OPT-EXP-DSGN - coordinate_ascent] [1/1] [t = 290] swapped,  f(S) = 0.99939
2021-01-17 21:06:04,909 [INFO] [OPT-EXP-DSGN - coordinate_ascent] [1/1] [t = 291] swapped,  f(S) = 0.99946
2021-01-17 21:06:05,932 [INFO] [OPT-EXP-DSGN - coordinate_ascent] [1/1] [t = 292] swapped,  f(S) = 0.99950
2021-01-17 21:06:10,304 [INFO] [OPT-EXP-DSGN - coordinate_ascent] [1/1] [t = 293] swapped,  f(S) = 0.99953
2021-01-17 21:06:18,642 [INFO] [OPT-EXP-DSGN - coordinate_ascent] [1/1] [t = 294] swapped,  f(S) = 0.99957
2021-01-17 21:07:00,101 [INFO] [OPT-EXP-DSGN - coordinate_ascent] [1/1] [t = 295] swapped,  f(S) = 1.00030
2021-01-17 21:07:01,070 [INFO] [OPT-EXP-DSGN - coordinate_ascent] [1/1] [t = 296] swapped,  f(S) = 1.00086
2021-01-17 21:07:01,392 [INFO] [OPT-EXP-DSGN - coordinate_ascent] [1/1] [t = 297] swapped,  f(S) = 1.00114
2021-01-17 21:07:10,795 [INFO] [OPT-EXP-DSGN - coordinate_ascent] [1/1] [t = 298] swapped,  f(S) = 1.00119
2021-01-17 21:07:12,039 [INFO] [OPT-EXP-DSGN - coordinate_ascent] [1/1] [t = 299] swapped,  f(S) = 1.00150
2021-01-17 21:07:14,125 [INFO] [OPT-EXP-DSGN - coordinate_ascent] [1/1] [t = 300] swapped,  f(S) = 1.00161
2021-01-17 21:07:14,437 [INFO] [OPT-EXP-DSGN - coordinate_ascent] [1/1] [t = 301] swapped,  f(S) = 1.00182
2021-01-17 21:07:15,409 [INFO] [OPT-EXP-DSGN - coordinate_ascent] [1/1] [t = 302] swapped,  f(S) = 1.00205
2021-01-17 21:07:15,731 [INFO] [OPT-EXP-DSGN - coordinate_ascent] [1/1] [t = 303] swapped,  f(S) = 1.00285
2021-01-17 21:07:16,054 [INFO] [OPT-EXP-DSGN - coordinate_ascent] [1/1] [t = 304] swapped,  f(S) = 1.00287
2021-01-17 21:07:16,382 [INFO] [OPT-EXP-DSGN - coordinate_ascent] [1/1] [t = 305] swapped,  f(S) = 1.00292
2021-01-17 21:07:19,145 [INFO] [OPT-EXP-DSGN - coordinate_ascent] [1/1] [t = 306] swapped,  f(S) = 1.00300
2021-01-17 21:07:37,706 [INFO] [OPT-EXP-DSGN - coordinate_ascent] [1/1] [t = 307] swapped,  f(S) = 1.00319
2021-01-17 21:07:44,220 [INFO] [OPT-EXP-DSGN - coordinate_ascent] [1/1] [t = 308] swapped,  f(S) = 1.00319
2021-01-17 21:08:00,278 [INFO] [OPT-EXP-DSGN - coordinate_ascent] [1/1] [t = 309] swapped,  f(S) = 1.00333
2021-01-17 21:08:09,599 [INFO] [OPT-EXP-DSGN - coordinate_ascent] [1/1] [t = 310] swapped,  f(S) = 1.00358
2021-01-17 21:08:10,105 [INFO] [OPT-EXP-DSGN - coordinate_ascent] [1/1] [t = 311] swapped,  f(S) = 1.00389
2021-01-17 21:19:25,383 [INFO] [OPT-EXP-DSGN - coordinate_ascent] [1/1] [t = 312] swapped,  f(S) = 1.00404
2021-01-17 21:19:25,684 [INFO] [OPT-EXP-DSGN - coordinate_ascent] [1/1] [t = 313] swapped,  f(S) = 1.00436
2021-01-17 21:19:27,002 [INFO] [OPT-EXP-DSGN - coordinate_ascent] [1/1] [t = 314] swapped,  f(S) = 1.00454
2021-01-17 21:19:27,986 [INFO] [OPT-EXP-DSGN - coordinate_ascent] [1/1] [t = 315] swapped,  f(S) = 1.00457
2021-01-17 21:19:31,890 [INFO] [OPT-EXP-DSGN - coordinate_ascent] [1/1] [t = 316] swapped,  f(S) = 1.00471
2021-01-17 21:19:32,871 [INFO] [OPT-EXP-DSGN - coordinate_ascent] [1/1] [t = 317] swapped,  f(S) = 1.00486
2021-01-17 21:19:33,201 [INFO] [OPT-EXP-DSGN - coordinate_ascent] [1/1] [t = 318] swapped,  f(S) = 1.00513
2021-01-17 21:19:34,186 [INFO] [OPT-EXP-DSGN - coordinate_ascent] [1/1] [t = 319] swapped,  f(S) = 1.00515
2021-01-17 21:19:34,848 [INFO] [OPT-EXP-DSGN - coordinate_ascent] [1/1] [t = 320] swapped,  f(S) = 1.00585
2021-01-17 21:19:35,475 [INFO] [OPT-EXP-DSGN - coordinate_ascent] [1/1] [t = 321] swapped,  f(S) = 1.00603
2021-01-17 21:19:42,333 [INFO] [OPT-EXP-DSGN - coordinate_ascent] [1/1] [t = 322] swapped,  f(S) = 1.00621
2021-01-17 21:19:42,987 [INFO] [OPT-EXP-DSGN - coordinate_ascent] [1/1] [t = 323] swapped,  f(S) = 1.00639
2021-01-17 21:19:43,318 [INFO] [OPT-EXP-DSGN - coordinate_ascent] [1/1] [t = 324] swapped,  f(S) = 1.00691
2021-01-17 21:19:46,231 [INFO] [OPT-EXP-DSGN - coordinate_ascent] [1/1] [t = 325] swapped,  f(S) = 1.00708
2021-01-17 21:19:58,532 [INFO] [OPT-EXP-DSGN - coordinate_ascent] [1/1] [t = 326] swapped,  f(S) = 1.00714
2021-01-17 21:19:58,817 [INFO] [OPT-EXP-DSGN - coordinate_ascent] [1/1] [t = 327] swapped,  f(S) = 1.00735
2021-01-17 21:19:59,386 [INFO] [OPT-EXP-DSGN - coordinate_ascent] [1/1] [t = 328] swapped,  f(S) = 1.00737
2021-01-17 21:19:59,673 [INFO] [OPT-EXP-DSGN - coordinate_ascent] [1/1] [t = 329] swapped,  f(S) = 1.00746
2021-01-17 21:20:01,427 [INFO] [OPT-EXP-DSGN - coordinate_ascent] [1/1] [t = 330] swapped,  f(S) = 1.00773
2021-01-17 21:20:06,037 [INFO] [OPT-EXP-DSGN - coordinate_ascent] [1/1] [t = 331] swapped,  f(S) = 1.00786
2021-01-17 21:20:11,232 [INFO] [OPT-EXP-DSGN - coordinate_ascent] [1/1] [t = 332] swapped,  f(S) = 1.00788
2021-01-17 21:20:12,184 [INFO] [OPT-EXP-DSGN - coordinate_ascent] [1/1] [t = 333] swapped,  f(S) = 1.00792
2021-01-17 21:20:16,154 [INFO] [OPT-EXP-DSGN - coordinate_ascent] [1/1] [t = 334] swapped,  f(S) = 1.00834
2021-01-17 21:20:16,477 [INFO] [OPT-EXP-DSGN - coordinate_ascent] [1/1] [t = 335] swapped,  f(S) = 1.00850
2021-01-17 21:20:23,582 [INFO] [OPT-EXP-DSGN - coordinate_ascent] [1/1] [t = 336] swapped,  f(S) = 1.00854
2021-01-17 21:20:23,913 [INFO] [OPT-EXP-DSGN - coordinate_ascent] [1/1] [t = 337] swapped,  f(S) = 1.00887
2021-01-17 21:20:24,903 [INFO] [OPT-EXP-DSGN - coordinate_ascent] [1/1] [t = 338] swapped,  f(S) = 1.00893
2021-01-17 21:20:26,545 [INFO] [OPT-EXP-DSGN - coordinate_ascent] [1/1] [t = 339] swapped,  f(S) = 1.00906
2021-01-17 21:20:27,192 [INFO] [OPT-EXP-DSGN - coordinate_ascent] [1/1] [t = 340] swapped,  f(S) = 1.00920
2021-01-17 21:20:27,521 [INFO] [OPT-EXP-DSGN - coordinate_ascent] [1/1] [t = 341] swapped,  f(S) = 1.00947
2021-01-17 21:21:56,132 [INFO] [OPT-EXP-DSGN - coordinate_ascent] [1/1] [t = 342] swapped,  f(S) = 1.00976
2021-01-17 21:22:04,981 [INFO] [OPT-EXP-DSGN - coordinate_ascent] [1/1] [t = 343] swapped,  f(S) = 1.01028
2021-01-17 21:22:05,225 [INFO] [OPT-EXP-DSGN - coordinate_ascent] [1/1] [t = 344] swapped,  f(S) = 1.01042
2021-01-17 21:22:05,759 [INFO] [OPT-EXP-DSGN - coordinate_ascent] [1/1] [t = 345] swapped,  f(S) = 1.01062
2021-01-17 21:22:07,312 [INFO] [OPT-EXP-DSGN - coordinate_ascent] [1/1] [t = 346] swapped,  f(S) = 1.01064
2021-01-17 21:22:07,944 [INFO] [OPT-EXP-DSGN - coordinate_ascent] [1/1] [t = 347] swapped,  f(S) = 1.01068
2021-01-17 21:22:08,258 [INFO] [OPT-EXP-DSGN - coordinate_ascent] [1/1] [t = 348] swapped,  f(S) = 1.01082
2021-01-17 21:22:08,577 [INFO] [OPT-EXP-DSGN - coordinate_ascent] [1/1] [t = 349] swapped,  f(S) = 1.01150
2021-01-17 21:22:09,559 [INFO] [OPT-EXP-DSGN - coordinate_ascent] [1/1] [t = 350] swapped,  f(S) = 1.01163
2021-01-17 21:22:10,203 [INFO] [OPT-EXP-DSGN - coordinate_ascent] [1/1] [t = 351] swapped,  f(S) = 1.01186
2021-01-17 21:22:15,571 [INFO] [OPT-EXP-DSGN - coordinate_ascent] [1/1] [t = 352] swapped,  f(S) = 1.01214
2021-01-17 21:22:15,894 [INFO] [OPT-EXP-DSGN - coordinate_ascent] [1/1] [t = 353] swapped,  f(S) = 1.01225
2021-01-17 21:22:16,797 [INFO] [OPT-EXP-DSGN - coordinate_ascent] [1/1] [t = 354] swapped,  f(S) = 1.01238
2021-01-17 21:22:17,115 [INFO] [OPT-EXP-DSGN - coordinate_ascent] [1/1] [t = 355] swapped,  f(S) = 1.01266
2021-01-17 21:22:17,736 [INFO] [OPT-EXP-DSGN - coordinate_ascent] [1/1] [t = 356] swapped,  f(S) = 1.01310
2021-01-17 21:22:18,364 [INFO] [OPT-EXP-DSGN - coordinate_ascent] [1/1] [t = 357] swapped,  f(S) = 1.01310
2021-01-17 21:22:18,670 [INFO] [OPT-EXP-DSGN - coordinate_ascent] [1/1] [t = 358] swapped,  f(S) = 1.01337
2021-01-17 21:22:19,921 [INFO] [OPT-EXP-DSGN - coordinate_ascent] [1/1] [t = 359] swapped,  f(S) = 1.01346
2021-01-17 21:22:20,559 [INFO] [OPT-EXP-DSGN - coordinate_ascent] [1/1] [t = 360] swapped,  f(S) = 1.01351
2021-01-17 21:22:30,124 [INFO] [OPT-EXP-DSGN - coordinate_ascent] [1/1] [t = 361] swapped,  f(S) = 1.01363
2021-01-17 21:22:32,236 [INFO] [OPT-EXP-DSGN - coordinate_ascent] [1/1] [t = 362] swapped,  f(S) = 1.01386
2021-01-17 21:22:32,557 [INFO] [OPT-EXP-DSGN - coordinate_ascent] [1/1] [t = 363] swapped,  f(S) = 1.01395
2021-01-17 21:22:32,881 [INFO] [OPT-EXP-DSGN - coordinate_ascent] [1/1] [t = 364] swapped,  f(S) = 1.01443
2021-01-17 21:22:33,201 [INFO] [OPT-EXP-DSGN - coordinate_ascent] [1/1] [t = 365] swapped,  f(S) = 1.01455
2021-01-17 21:22:33,520 [INFO] [OPT-EXP-DSGN - coordinate_ascent] [1/1] [t = 366] swapped,  f(S) = 1.01460
2021-01-17 21:22:54,223 [INFO] [OPT-EXP-DSGN - coordinate_ascent] [1/1] [t = 367] swapped,  f(S) = 1.01486
2021-01-17 21:22:58,972 [INFO] [OPT-EXP-DSGN - coordinate_ascent] [1/1] [t = 368] swapped,  f(S) = 1.01496
2021-01-17 21:23:07,704 [INFO] [OPT-EXP-DSGN - coordinate_ascent] [1/1] [t = 369] swapped,  f(S) = 1.01498
2021-01-17 21:26:39,824 [INFO] [OPT-EXP-DSGN - coordinate_ascent] [1/1] [t = 370] swapped,  f(S) = 1.01506
2021-01-17 21:26:41,035 [INFO] [OPT-EXP-DSGN - coordinate_ascent] [1/1] [t = 371] swapped,  f(S) = 1.01513
2021-01-17 21:27:36,622 [INFO] [OPT-EXP-DSGN - coordinate_ascent] [1/1] [t = 372] swapped,  f(S) = 1.01517
2021-01-17 21:27:36,865 [INFO] [OPT-EXP-DSGN - coordinate_ascent] [1/1] [t = 373] swapped,  f(S) = 1.01522
2021-01-17 21:49:47,732 [INFO] [OPT-EXP-DSGN - coordinate_ascent] [1/1] [t = 374] swapped,  f(S) = 1.01531
2021-01-17 21:49:48,581 [INFO] [OPT-EXP-DSGN - coordinate_ascent] [1/1] [t = 375] swapped,  f(S) = 1.01533
2021-01-17 21:49:48,870 [INFO] [OPT-EXP-DSGN - coordinate_ascent] [1/1] [t = 376] swapped,  f(S) = 1.01537
2021-01-17 21:49:54,930 [INFO] [OPT-EXP-DSGN - coordinate_ascent] [1/1] [t = 377] swapped,  f(S) = 1.01538
2021-01-17 21:49:55,874 [INFO] [OPT-EXP-DSGN - coordinate_ascent] [1/1] [t = 378] swapped,  f(S) = 1.01546
2021-01-17 21:49:59,922 [INFO] [OPT-EXP-DSGN - coordinate_ascent] [1/1] [t = 379] swapped,  f(S) = 1.01559
2021-01-17 22:19:51,874 [INFO] [OPT-EXP-DSGN - coordinate_ascent] [1/1] [t = 380] swapped,  f(S) = 1.01562
2021-01-17 22:19:55,246 [INFO] [OPT-EXP-DSGN - coordinate_ascent] [1/1] [t = 381] swapped,  f(S) = 1.01606
2021-01-17 22:19:55,864 [INFO] [OPT-EXP-DSGN - coordinate_ascent] [1/1] [t = 382] swapped,  f(S) = 1.01620
2021-01-17 22:19:57,096 [INFO] [OPT-EXP-DSGN - coordinate_ascent] [1/1] [t = 383] swapped,  f(S) = 1.01628
2021-01-17 22:19:57,406 [INFO] [OPT-EXP-DSGN - coordinate_ascent] [1/1] [t = 384] swapped,  f(S) = 1.01727
2021-01-17 22:19:58,869 [INFO] [OPT-EXP-DSGN - coordinate_ascent] [1/1] [t = 385] swapped,  f(S) = 1.01732
2021-01-17 22:20:01,045 [INFO] [OPT-EXP-DSGN - coordinate_ascent] [1/1] [t = 386] swapped,  f(S) = 1.01739
2021-01-17 22:20:02,311 [INFO] [OPT-EXP-DSGN - coordinate_ascent] [1/1] [t = 387] swapped,  f(S) = 1.01769
2021-01-17 22:20:02,939 [INFO] [OPT-EXP-DSGN - coordinate_ascent] [1/1] [t = 388] swapped,  f(S) = 1.01782
2021-01-17 22:20:15,032 [INFO] [OPT-EXP-DSGN - coordinate_ascent] [1/1] [t = 389] swapped,  f(S) = 1.01801
2021-01-17 22:20:16,013 [INFO] [OPT-EXP-DSGN - coordinate_ascent] [1/1] [t = 390] swapped,  f(S) = 1.01814
2021-01-17 22:20:23,357 [INFO] [OPT-EXP-DSGN - coordinate_ascent] [1/1] [t = 391] swapped,  f(S) = 1.01828
2021-01-17 22:21:08,388 [INFO] [OPT-EXP-DSGN - coordinate_ascent] [1/1] [t = 392] swapped,  f(S) = 1.01832
2021-01-17 22:21:09,025 [INFO] [OPT-EXP-DSGN - coordinate_ascent] [1/1] [t = 393] swapped,  f(S) = 1.01877
2021-01-17 22:21:09,346 [INFO] [OPT-EXP-DSGN - coordinate_ascent] [1/1] [t = 394] swapped,  f(S) = 1.01909
2021-01-17 22:21:10,307 [INFO] [OPT-EXP-DSGN - coordinate_ascent] [1/1] [t = 395] swapped,  f(S) = 1.01923
2021-01-17 22:21:10,941 [INFO] [OPT-EXP-DSGN - coordinate_ascent] [1/1] [t = 396] swapped,  f(S) = 1.01935
2021-01-17 22:21:11,251 [INFO] [OPT-EXP-DSGN - coordinate_ascent] [1/1] [t = 397] swapped,  f(S) = 1.01937
2021-01-17 22:21:12,116 [INFO] [OPT-EXP-DSGN - coordinate_ascent] [1/1] [t = 398] swapped,  f(S) = 1.01944
2021-01-17 22:21:21,006 [INFO] [OPT-EXP-DSGN - coordinate_ascent] [1/1] [t = 399] swapped,  f(S) = 1.01981
2021-01-17 22:21:21,307 [INFO] [OPT-EXP-DSGN - coordinate_ascent] [1/1] [t = 400] swapped,  f(S) = 1.02013
2021-01-17 22:21:31,357 [INFO] [OPT-EXP-DSGN - coordinate_ascent] [1/1] [t = 401] swapped,  f(S) = 1.02014
2021-01-17 22:21:33,717 [INFO] [OPT-EXP-DSGN - coordinate_ascent] [1/1] [t = 402] swapped,  f(S) = 1.02019
2021-01-17 22:21:34,041 [INFO] [OPT-EXP-DSGN - coordinate_ascent] [1/1] [t = 403] swapped,  f(S) = 1.02043
2021-01-17 22:21:34,361 [INFO] [OPT-EXP-DSGN - coordinate_ascent] [1/1] [t = 404] swapped,  f(S) = 1.02066
2021-01-17 22:23:01,821 [INFO] [OPT-EXP-DSGN - coordinate_ascent] [1/1] [t = 405] swapped,  f(S) = 1.02086
2021-01-17 22:23:05,051 [INFO] [OPT-EXP-DSGN - coordinate_ascent] [1/1] [t = 406] swapped,  f(S) = 1.02091
2021-01-17 22:23:07,695 [INFO] [OPT-EXP-DSGN - coordinate_ascent] [1/1] [t = 407] swapped,  f(S) = 1.02104
2021-01-17 22:23:08,013 [INFO] [OPT-EXP-DSGN - coordinate_ascent] [1/1] [t = 408] swapped,  f(S) = 1.02124
2021-01-17 22:23:10,526 [INFO] [OPT-EXP-DSGN - coordinate_ascent] [1/1] [t = 409] swapped,  f(S) = 1.02129
2021-01-17 22:23:11,170 [INFO] [OPT-EXP-DSGN - coordinate_ascent] [1/1] [t = 410] swapped,  f(S) = 1.02137
2021-01-17 22:23:11,820 [INFO] [OPT-EXP-DSGN - coordinate_ascent] [1/1] [t = 411] swapped,  f(S) = 1.02169
2021-01-17 22:23:12,375 [INFO] [OPT-EXP-DSGN - coordinate_ascent] [1/1] [t = 412] swapped,  f(S) = 1.02209
2021-01-17 22:23:13,012 [INFO] [OPT-EXP-DSGN - coordinate_ascent] [1/1] [t = 413] swapped,  f(S) = 1.02213
2021-01-17 22:26:33,617 [INFO] [OPT-EXP-DSGN - coordinate_ascent] [1/1] [t = 414] swapped,  f(S) = 1.02221
2021-01-17 22:26:34,105 [INFO] [OPT-EXP-DSGN - coordinate_ascent] [1/1] [t = 415] swapped,  f(S) = 1.02230
2021-01-17 22:26:36,144 [INFO] [OPT-EXP-DSGN - coordinate_ascent] [1/1] [t = 416] swapped,  f(S) = 1.02235
2021-01-17 22:26:36,762 [INFO] [OPT-EXP-DSGN - coordinate_ascent] [1/1] [t = 417] swapped,  f(S) = 1.02241
2021-01-17 22:26:39,560 [INFO] [OPT-EXP-DSGN - coordinate_ascent] [1/1] [t = 418] swapped,  f(S) = 1.02260
2021-01-17 22:26:43,220 [INFO] [OPT-EXP-DSGN - coordinate_ascent] [1/1] [t = 419] swapped,  f(S) = 1.02262
2021-01-17 22:26:43,865 [INFO] [OPT-EXP-DSGN - coordinate_ascent] [1/1] [t = 420] swapped,  f(S) = 1.02303
2021-01-17 22:26:46,307 [INFO] [OPT-EXP-DSGN - coordinate_ascent] [1/1] [t = 421] swapped,  f(S) = 1.02307
2021-01-17 22:26:46,622 [INFO] [OPT-EXP-DSGN - coordinate_ascent] [1/1] [t = 422] swapped,  f(S) = 1.02338
2021-01-17 22:26:46,944 [INFO] [OPT-EXP-DSGN - coordinate_ascent] [1/1] [t = 423] swapped,  f(S) = 1.02344
slurmstepd: error: *** JOB 19129193 ON dgx001 CANCELLED AT 2021-01-17T22:37:37 ***
