My SLURM_ARRAY_TASK_ID:  134
Running model t5-11b
Running dataset coca_spok_filter_punct_10K_sample_3
Running average_mode None
2021-03-22 08:19:44.051913: I tensorflow/stream_executor/platform/default/dso_loader.cc:48] Successfully opened dynamic library libcudart.so.10.1
/usr/local/lib/python3.7/site-packages/xarray/core/merge.py:16: FutureWarning: The Panel class is removed from pandas. Accessing it from the top-level namespace will also be removed in the next version
  PANDAS_TYPES = (pd.Series, pd.DataFrame, pd.Panel)
/usr/local/lib/python3.7/site-packages/brainio_base/assemblies.py:224: FutureWarning: The inplace argument has been deprecated and will be removed in a future version of xarray.
  xr_data.set_index(append=True, inplace=True, **coords_d)
0it [00:00, ?it/s]1111it [00:00, 218465.62it/s]
0it [00:00, ?it/s]1111it [00:00, 217213.06it/s]
0it [00:00, ?it/s]1111it [00:00, 212420.65it/s]
0it [00:00, ?it/s]1111it [00:00, 211083.16it/s]
0it [00:00, ?it/s]1111it [00:00, 204308.65it/s]
0it [00:00, ?it/s]1111it [00:00, 208262.42it/s]
0it [00:00, ?it/s]1111it [00:00, 204174.37it/s]
0it [00:00, ?it/s]1111it [00:00, 205018.78it/s]
0it [00:00, ?it/s]1112it [00:00, 198243.13it/s]
layers:   0%|          | 0/25 [00:00<?, ?it/s]layers: 100%|██████████| 25/25 [00:00<00:00, 1421.12it/s]
Loading lookup from /usr/local/lib/python3.7/site-packages/brainio_collection/lookup.csv
t5-11b

coca_spok_filter_punct_10K_sample_3

None

loading /om/user/ehoseini/MyData/COCA_corpus/parsed/coca_spok_data_filter_ngram_punct_10K_sample_3.pkl
coca_spok_filter_punct_10K_sample_3_t5-11b_layer_0_activation is missing groups!
coca_spok_filter_punct_10K_sample_3_t5-11b_layer_0_activation is missing groups!
coca_spok_filter_punct_10K_sample_3_t5-11b_layer_0_activation is missing groups!
coca_spok_filter_punct_10K_sample_3_t5-11b_layer_0_activation is missing groups!
coca_spok_filter_punct_10K_sample_3_t5-11b_layer_0_activation is missing groups!
coca_spok_filter_punct_10K_sample_3_t5-11b_layer_0_activation is missing groups!
coca_spok_filter_punct_10K_sample_3_t5-11b_layer_0_activation is missing groups!
coca_spok_filter_punct_10K_sample_3_t5-11b_layer_0_activation is missing groups!
coca_spok_filter_punct_10K_sample_3_t5-11b_layer_0_activation is missing groups!
coca_spok_filter_punct_10K_sample_3_t5-11b_layer_0_activation is missing groups!
coca_spok_filter_punct_10K_sample_3_t5-11b_layer_0_activation is missing groups!
coca_spok_filter_punct_10K_sample_3_t5-11b_layer_0_activation is missing groups!
coca_spok_filter_punct_10K_sample_3_t5-11b_layer_0_activation is missing groups!
coca_spok_filter_punct_10K_sample_3_t5-11b_layer_0_activation is missing groups!
coca_spok_filter_punct_10K_sample_3_t5-11b_layer_0_activation is missing groups!
coca_spok_filter_punct_10K_sample_3_t5-11b_layer_0_activation is missing groups!
coca_spok_filter_punct_10K_sample_3_t5-11b_layer_0_activation is missing groups!
coca_spok_filter_punct_10K_sample_3_t5-11b_layer_0_activation is missing groups!
coca_spok_filter_punct_10K_sample_3_t5-11b_layer_0_activation is missing groups!
coca_spok_filter_punct_10K_sample_3_t5-11b_layer_0_activation is missing groups!
coca_spok_filter_punct_10K_sample_3_t5-11b_layer_0_activation is missing groups!
coca_spok_filter_punct_10K_sample_3_t5-11b_layer_0_activation is missing groups!
coca_spok_filter_punct_10K_sample_3_t5-11b_layer_0_activation is missing groups!
coca_spok_filter_punct_10K_sample_3_t5-11b_layer_0_activation is missing groups!
coca_spok_filter_punct_10K_sample_3_t5-11b_layer_0_activation is missing groups!
