My SLURM_ARRAY_TASK_ID:  158
Running model transfo-xl-wt103
Running dataset coca_spok_filter_punct_10K_sample_3
Running average_mode None
2021-03-22 08:38:01.415844: I tensorflow/stream_executor/platform/default/dso_loader.cc:48] Successfully opened dynamic library libcudart.so.10.1
/usr/local/lib/python3.7/site-packages/xarray/core/merge.py:16: FutureWarning: The Panel class is removed from pandas. Accessing it from the top-level namespace will also be removed in the next version
  PANDAS_TYPES = (pd.Series, pd.DataFrame, pd.Panel)
/usr/local/lib/python3.7/site-packages/brainio_base/assemblies.py:224: FutureWarning: The inplace argument has been deprecated and will be removed in a future version of xarray.
  xr_data.set_index(append=True, inplace=True, **coords_d)
0it [00:00, ?it/s]1111it [00:00, 261555.44it/s]
0it [00:00, ?it/s]1111it [00:00, 253033.87it/s]
0it [00:00, ?it/s]1111it [00:00, 249310.99it/s]
0it [00:00, ?it/s]1111it [00:00, 246776.03it/s]
0it [00:00, ?it/s]1111it [00:00, 239041.33it/s]
0it [00:00, ?it/s]1111it [00:00, 239385.17it/s]
0it [00:00, ?it/s]1111it [00:00, 238307.85it/s]
0it [00:00, ?it/s]1111it [00:00, 239176.29it/s]
0it [00:00, ?it/s]1112it [00:00, 235487.53it/s]
layers:   0%|          | 0/19 [00:00<?, ?it/s]layers: 100%|██████████| 19/19 [00:00<00:00, 606.38it/s]
Loading lookup from /usr/local/lib/python3.7/site-packages/brainio_collection/lookup.csv
transfo-xl-wt103

coca_spok_filter_punct_10K_sample_3

None

loading /om/user/ehoseini/MyData/COCA_corpus/parsed/coca_spok_data_filter_ngram_punct_10K_sample_3.pkl
coca_spok_filter_punct_10K_sample_3_transfo-xl-wt103_layer_0_activation is missing groups!
coca_spok_filter_punct_10K_sample_3_transfo-xl-wt103_layer_0_activation is missing groups!
coca_spok_filter_punct_10K_sample_3_transfo-xl-wt103_layer_0_activation is missing groups!
coca_spok_filter_punct_10K_sample_3_transfo-xl-wt103_layer_0_activation is missing groups!
coca_spok_filter_punct_10K_sample_3_transfo-xl-wt103_layer_0_activation is missing groups!
coca_spok_filter_punct_10K_sample_3_transfo-xl-wt103_layer_0_activation is missing groups!
coca_spok_filter_punct_10K_sample_3_transfo-xl-wt103_layer_0_activation is missing groups!
coca_spok_filter_punct_10K_sample_3_transfo-xl-wt103_layer_0_activation is missing groups!
coca_spok_filter_punct_10K_sample_3_transfo-xl-wt103_layer_0_activation is missing groups!
coca_spok_filter_punct_10K_sample_3_transfo-xl-wt103_layer_0_activation is missing groups!
coca_spok_filter_punct_10K_sample_3_transfo-xl-wt103_layer_0_activation is missing groups!
coca_spok_filter_punct_10K_sample_3_transfo-xl-wt103_layer_0_activation is missing groups!
coca_spok_filter_punct_10K_sample_3_transfo-xl-wt103_layer_0_activation is missing groups!
coca_spok_filter_punct_10K_sample_3_transfo-xl-wt103_layer_0_activation is missing groups!
coca_spok_filter_punct_10K_sample_3_transfo-xl-wt103_layer_0_activation is missing groups!
coca_spok_filter_punct_10K_sample_3_transfo-xl-wt103_layer_0_activation is missing groups!
coca_spok_filter_punct_10K_sample_3_transfo-xl-wt103_layer_0_activation is missing groups!
coca_spok_filter_punct_10K_sample_3_transfo-xl-wt103_layer_0_activation is missing groups!
coca_spok_filter_punct_10K_sample_3_transfo-xl-wt103_layer_0_activation is missing groups!
