My SLURM_ARRAY_TASK_ID:  229
Running model distilgpt2
Running dataset coca_spok_filter_punct_10K_sample_5
Running average_mode False
2021-03-22 09:12:06.888003: I tensorflow/stream_executor/platform/default/dso_loader.cc:48] Successfully opened dynamic library libcudart.so.10.1
/usr/local/lib/python3.7/site-packages/xarray/core/merge.py:16: FutureWarning: The Panel class is removed from pandas. Accessing it from the top-level namespace will also be removed in the next version
  PANDAS_TYPES = (pd.Series, pd.DataFrame, pd.Panel)
/usr/local/lib/python3.7/site-packages/brainio_base/assemblies.py:224: FutureWarning: The inplace argument has been deprecated and will be removed in a future version of xarray.
  xr_data.set_index(append=True, inplace=True, **coords_d)
0it [00:00, ?it/s]1111it [00:00, 266644.07it/s]
0it [00:00, ?it/s]1111it [00:00, 255391.41it/s]
0it [00:00, ?it/s]1111it [00:00, 251382.19it/s]
0it [00:00, ?it/s]1111it [00:00, 249551.32it/s]
0it [00:00, ?it/s]1111it [00:00, 251314.41it/s]
0it [00:00, ?it/s]1111it [00:00, 250530.74it/s]
0it [00:00, ?it/s]1111it [00:00, 254027.02it/s]
0it [00:00, ?it/s]1111it [00:00, 239495.90it/s]
0it [00:00, ?it/s]1112it [00:00, 241136.70it/s]
layers:   0%|          | 0/7 [00:00<?, ?it/s]layers: 100%|██████████| 7/7 [00:00<00:00, 602.14it/s]
Loading lookup from /usr/local/lib/python3.7/site-packages/brainio_collection/lookup.csv
distilgpt2

coca_spok_filter_punct_10K_sample_5

False

loading /om/user/ehoseini/MyData/COCA_corpus/parsed/coca_spok_data_filter_ngram_punct_10K_sample_5.pkl
coca_spok_filter_punct_10K_sample_5_distilgpt2_layer_0_activation is missing groups!
coca_spok_filter_punct_10K_sample_5_distilgpt2_layer_0_activation is missing groups!
coca_spok_filter_punct_10K_sample_5_distilgpt2_layer_0_activation is missing groups!
coca_spok_filter_punct_10K_sample_5_distilgpt2_layer_0_activation is missing groups!
coca_spok_filter_punct_10K_sample_5_distilgpt2_layer_0_activation is missing groups!
coca_spok_filter_punct_10K_sample_5_distilgpt2_layer_0_activation is missing groups!
coca_spok_filter_punct_10K_sample_5_distilgpt2_layer_0_activation is missing groups!
