My SLURM_ARRAY_TASK_ID:  258
Running model distilbert-base-uncased
Running dataset coca_spok_filter_punct_10K_sample_5
Running average_mode True
2021-03-22 09:14:06.988591: I tensorflow/stream_executor/platform/default/dso_loader.cc:48] Successfully opened dynamic library libcudart.so.10.1
/usr/local/lib/python3.7/site-packages/xarray/core/merge.py:16: FutureWarning: The Panel class is removed from pandas. Accessing it from the top-level namespace will also be removed in the next version
  PANDAS_TYPES = (pd.Series, pd.DataFrame, pd.Panel)
/usr/local/lib/python3.7/site-packages/brainio_base/assemblies.py:224: FutureWarning: The inplace argument has been deprecated and will be removed in a future version of xarray.
  xr_data.set_index(append=True, inplace=True, **coords_d)
0it [00:00, ?it/s]1111it [00:00, 164456.39it/s]
0it [00:00, ?it/s]1111it [00:00, 162921.19it/s]
0it [00:00, ?it/s]1111it [00:00, 159683.08it/s]
0it [00:00, ?it/s]1111it [00:00, 155106.74it/s]
0it [00:00, ?it/s]1111it [00:00, 156460.79it/s]
0it [00:00, ?it/s]1111it [00:00, 158855.65it/s]
0it [00:00, ?it/s]1111it [00:00, 159814.52it/s]
0it [00:00, ?it/s]1111it [00:00, 156015.53it/s]
0it [00:00, ?it/s]1112it [00:00, 153166.27it/s]
layers:   0%|          | 0/7 [00:00<?, ?it/s]layers: 100%|██████████| 7/7 [00:00<00:00, 474.18it/s]
Loading lookup from /usr/local/lib/python3.7/site-packages/brainio_collection/lookup.csv
distilbert-base-uncased

coca_spok_filter_punct_10K_sample_5

True

loading /om/user/ehoseini/MyData/COCA_corpus/parsed/coca_spok_data_filter_ngram_punct_10K_sample_5.pkl
coca_spok_filter_punct_10K_sample_5_distilbert-base-uncased_layer_0_activation is missing groups!
coca_spok_filter_punct_10K_sample_5_distilbert-base-uncased_layer_0_activation is missing groups!
coca_spok_filter_punct_10K_sample_5_distilbert-base-uncased_layer_0_activation is missing groups!
coca_spok_filter_punct_10K_sample_5_distilbert-base-uncased_layer_0_activation is missing groups!
coca_spok_filter_punct_10K_sample_5_distilbert-base-uncased_layer_0_activation is missing groups!
coca_spok_filter_punct_10K_sample_5_distilbert-base-uncased_layer_0_activation is missing groups!
coca_spok_filter_punct_10K_sample_5_distilbert-base-uncased_layer_0_activation is missing groups!
