My SLURM_ARRAY_TASK_ID:  260
Running model distilbert-base-uncased
Running dataset coca_spok_filter_punct_10K_sample_5
Running average_mode None
2021-03-22 09:14:07.685018: I tensorflow/stream_executor/platform/default/dso_loader.cc:48] Successfully opened dynamic library libcudart.so.10.1
/usr/local/lib/python3.7/site-packages/xarray/core/merge.py:16: FutureWarning: The Panel class is removed from pandas. Accessing it from the top-level namespace will also be removed in the next version
  PANDAS_TYPES = (pd.Series, pd.DataFrame, pd.Panel)
/usr/local/lib/python3.7/site-packages/brainio_base/assemblies.py:224: FutureWarning: The inplace argument has been deprecated and will be removed in a future version of xarray.
  xr_data.set_index(append=True, inplace=True, **coords_d)
0it [00:00, ?it/s]1111it [00:00, 270356.91it/s]
0it [00:00, ?it/s]1111it [00:00, 257579.56it/s]
0it [00:00, ?it/s]1111it [00:00, 254332.05it/s]
0it [00:00, ?it/s]1111it [00:00, 249244.32it/s]
0it [00:00, ?it/s]1111it [00:00, 249685.03it/s]
0it [00:00, ?it/s]1111it [00:00, 251111.26it/s]
0it [00:00, ?it/s]1111it [00:00, 249431.10it/s]
0it [00:00, ?it/s]1111it [00:00, 241269.12it/s]
0it [00:00, ?it/s]1112it [00:00, 238229.95it/s]
layers:   0%|          | 0/7 [00:00<?, ?it/s]layers: 100%|██████████| 7/7 [00:00<00:00, 622.83it/s]
Loading lookup from /usr/local/lib/python3.7/site-packages/brainio_collection/lookup.csv
distilbert-base-uncased

coca_spok_filter_punct_10K_sample_5

None

loading /om/user/ehoseini/MyData/COCA_corpus/parsed/coca_spok_data_filter_ngram_punct_10K_sample_5.pkl
coca_spok_filter_punct_10K_sample_5_distilbert-base-uncased_layer_0_activation is missing groups!
coca_spok_filter_punct_10K_sample_5_distilbert-base-uncased_layer_0_activation is missing groups!
coca_spok_filter_punct_10K_sample_5_distilbert-base-uncased_layer_0_activation is missing groups!
coca_spok_filter_punct_10K_sample_5_distilbert-base-uncased_layer_0_activation is missing groups!
coca_spok_filter_punct_10K_sample_5_distilbert-base-uncased_layer_0_activation is missing groups!
coca_spok_filter_punct_10K_sample_5_distilbert-base-uncased_layer_0_activation is missing groups!
coca_spok_filter_punct_10K_sample_5_distilbert-base-uncased_layer_0_activation is missing groups!
