My SLURM_ARRAY_TASK_ID:  100
Running model xlm-mlm-en-2048
Running dataset coca_spok_filter_punct_10K_sample_2
Running average_mode False
2021-03-22 08:19:33.432359: I tensorflow/stream_executor/platform/default/dso_loader.cc:48] Successfully opened dynamic library libcudart.so.10.1
/usr/local/lib/python3.7/site-packages/xarray/core/merge.py:16: FutureWarning: The Panel class is removed from pandas. Accessing it from the top-level namespace will also be removed in the next version
  PANDAS_TYPES = (pd.Series, pd.DataFrame, pd.Panel)
/usr/local/lib/python3.7/site-packages/brainio_base/assemblies.py:224: FutureWarning: The inplace argument has been deprecated and will be removed in a future version of xarray.
  xr_data.set_index(append=True, inplace=True, **coords_d)
0it [00:00, ?it/s]1111it [00:00, 216104.98it/s]
0it [00:00, ?it/s]1111it [00:00, 210758.56it/s]
0it [00:00, ?it/s]1111it [00:00, 206061.37it/s]
0it [00:00, ?it/s]1111it [00:00, 202400.72it/s]
0it [00:00, ?it/s]1111it [00:00, 203336.90it/s]
0it [00:00, ?it/s]1111it [00:00, 203915.27it/s]
0it [00:00, ?it/s]1111it [00:00, 206848.00it/s]
0it [00:00, ?it/s]1111it [00:00, 196329.12it/s]
0it [00:00, ?it/s]1112it [00:00, 199285.00it/s]
layers:   0%|          | 0/13 [00:00<?, ?it/s]layers: 100%|██████████| 13/13 [00:00<00:00, 1848.59it/s]
Loading lookup from /usr/local/lib/python3.7/site-packages/brainio_collection/lookup.csv
xlm-mlm-en-2048

coca_spok_filter_punct_10K_sample_2

False

loading /om/user/ehoseini/MyData/COCA_corpus/parsed/coca_spok_data_filter_ngram_punct_10K_sample_2.pkl
coca_spok_filter_punct_10K_sample_2_xlm-mlm-en-2048_layer_0_activation is missing groups!
coca_spok_filter_punct_10K_sample_2_xlm-mlm-en-2048_layer_0_activation is missing groups!
coca_spok_filter_punct_10K_sample_2_xlm-mlm-en-2048_layer_0_activation is missing groups!
coca_spok_filter_punct_10K_sample_2_xlm-mlm-en-2048_layer_0_activation is missing groups!
coca_spok_filter_punct_10K_sample_2_xlm-mlm-en-2048_layer_0_activation is missing groups!
coca_spok_filter_punct_10K_sample_2_xlm-mlm-en-2048_layer_0_activation is missing groups!
coca_spok_filter_punct_10K_sample_2_xlm-mlm-en-2048_layer_0_activation is missing groups!
coca_spok_filter_punct_10K_sample_2_xlm-mlm-en-2048_layer_0_activation is missing groups!
coca_spok_filter_punct_10K_sample_2_xlm-mlm-en-2048_layer_0_activation is missing groups!
coca_spok_filter_punct_10K_sample_2_xlm-mlm-en-2048_layer_0_activation is missing groups!
coca_spok_filter_punct_10K_sample_2_xlm-mlm-en-2048_layer_0_activation is missing groups!
coca_spok_filter_punct_10K_sample_2_xlm-mlm-en-2048_layer_0_activation is missing groups!
coca_spok_filter_punct_10K_sample_2_xlm-mlm-en-2048_layer_0_activation is missing groups!
