My SLURM_ARRAY_TASK_ID:  47
Running model xlm-mlm-en-2048
Running dataset coca_spok_filter_punct_10K_sample_1
Running average_mode None
2021-03-22 08:18:52.490323: I tensorflow/stream_executor/platform/default/dso_loader.cc:48] Successfully opened dynamic library libcudart.so.10.1
/usr/local/lib/python3.7/site-packages/xarray/core/merge.py:16: FutureWarning: The Panel class is removed from pandas. Accessing it from the top-level namespace will also be removed in the next version
  PANDAS_TYPES = (pd.Series, pd.DataFrame, pd.Panel)
/usr/local/lib/python3.7/site-packages/brainio_base/assemblies.py:224: FutureWarning: The inplace argument has been deprecated and will be removed in a future version of xarray.
  xr_data.set_index(append=True, inplace=True, **coords_d)
0it [00:00, ?it/s]1111it [00:00, 212517.52it/s]
0it [00:00, ?it/s]1111it [00:00, 220543.88it/s]
0it [00:00, ?it/s]1111it [00:00, 220899.35it/s]
0it [00:00, ?it/s]1111it [00:00, 221940.93it/s]
0it [00:00, ?it/s]1111it [00:00, 215365.89it/s]
0it [00:00, ?it/s]1111it [00:00, 214030.49it/s]
0it [00:00, ?it/s]1111it [00:00, 212653.30it/s]
0it [00:00, ?it/s]1111it [00:00, 212789.25it/s]
0it [00:00, ?it/s]1112it [00:00, 206183.02it/s]
layers:   0%|          | 0/13 [00:00<?, ?it/s]layers: 100%|██████████| 13/13 [00:00<00:00, 3329.63it/s]
Loading lookup from /usr/local/lib/python3.7/site-packages/brainio_collection/lookup.csv
xlm-mlm-en-2048

coca_spok_filter_punct_10K_sample_1

None

loading /om/user/ehoseini/MyData/COCA_corpus/parsed/coca_spok_data_filter_ngram_punct_10K_sample_1.pkl
coca_spok_filter_punct_10K_sample_1_xlm-mlm-en-2048_layer_0_activation is missing groups!
coca_spok_filter_punct_10K_sample_1_xlm-mlm-en-2048_layer_0_activation is missing groups!
coca_spok_filter_punct_10K_sample_1_xlm-mlm-en-2048_layer_0_activation is missing groups!
coca_spok_filter_punct_10K_sample_1_xlm-mlm-en-2048_layer_0_activation is missing groups!
coca_spok_filter_punct_10K_sample_1_xlm-mlm-en-2048_layer_0_activation is missing groups!
coca_spok_filter_punct_10K_sample_1_xlm-mlm-en-2048_layer_0_activation is missing groups!
coca_spok_filter_punct_10K_sample_1_xlm-mlm-en-2048_layer_0_activation is missing groups!
coca_spok_filter_punct_10K_sample_1_xlm-mlm-en-2048_layer_0_activation is missing groups!
coca_spok_filter_punct_10K_sample_1_xlm-mlm-en-2048_layer_0_activation is missing groups!
coca_spok_filter_punct_10K_sample_1_xlm-mlm-en-2048_layer_0_activation is missing groups!
coca_spok_filter_punct_10K_sample_1_xlm-mlm-en-2048_layer_0_activation is missing groups!
coca_spok_filter_punct_10K_sample_1_xlm-mlm-en-2048_layer_0_activation is missing groups!
coca_spok_filter_punct_10K_sample_1_xlm-mlm-en-2048_layer_0_activation is missing groups!
