My SLURM_ARRAY_TASK_ID:  180
Running model albert-xxlarge-v2
Running dataset coca_spok_filter_punct_10K_sample_4
Running average_mode True
2021-03-22 08:52:33.337172: I tensorflow/stream_executor/platform/default/dso_loader.cc:48] Successfully opened dynamic library libcudart.so.10.1
/usr/local/lib/python3.7/site-packages/xarray/core/merge.py:16: FutureWarning: The Panel class is removed from pandas. Accessing it from the top-level namespace will also be removed in the next version
  PANDAS_TYPES = (pd.Series, pd.DataFrame, pd.Panel)
/usr/local/lib/python3.7/site-packages/brainio_base/assemblies.py:224: FutureWarning: The inplace argument has been deprecated and will be removed in a future version of xarray.
  xr_data.set_index(append=True, inplace=True, **coords_d)
0it [00:00, ?it/s]1111it [00:00, 210596.64it/s]
0it [00:00, ?it/s]1111it [00:00, 207835.14it/s]
0it [00:00, ?it/s]1111it [00:00, 208374.18it/s]
0it [00:00, ?it/s]1111it [00:00, 199805.84it/s]
0it [00:00, ?it/s]1111it [00:00, 195571.06it/s]
0it [00:00, ?it/s]1111it [00:00, 196064.78it/s]
0it [00:00, ?it/s]1111it [00:00, 194517.94it/s]
0it [00:00, ?it/s]1111it [00:00, 193051.28it/s]
0it [00:00, ?it/s]1112it [00:00, 191432.69it/s]
layers:   0%|          | 0/13 [00:00<?, ?it/s]layers: 100%|██████████| 13/13 [00:00<00:00, 1712.77it/s]
Loading lookup from /usr/local/lib/python3.7/site-packages/brainio_collection/lookup.csv
albert-xxlarge-v2

coca_spok_filter_punct_10K_sample_4

True

loading /om/user/ehoseini/MyData/COCA_corpus/parsed/coca_spok_data_filter_ngram_punct_10K_sample_4.pkl
coca_spok_filter_punct_10K_sample_4_albert-xxlarge-v2_layer_0_activation is missing groups!
coca_spok_filter_punct_10K_sample_4_albert-xxlarge-v2_layer_0_activation is missing groups!
coca_spok_filter_punct_10K_sample_4_albert-xxlarge-v2_layer_0_activation is missing groups!
coca_spok_filter_punct_10K_sample_4_albert-xxlarge-v2_layer_0_activation is missing groups!
coca_spok_filter_punct_10K_sample_4_albert-xxlarge-v2_layer_0_activation is missing groups!
coca_spok_filter_punct_10K_sample_4_albert-xxlarge-v2_layer_0_activation is missing groups!
coca_spok_filter_punct_10K_sample_4_albert-xxlarge-v2_layer_0_activation is missing groups!
coca_spok_filter_punct_10K_sample_4_albert-xxlarge-v2_layer_0_activation is missing groups!
coca_spok_filter_punct_10K_sample_4_albert-xxlarge-v2_layer_0_activation is missing groups!
coca_spok_filter_punct_10K_sample_4_albert-xxlarge-v2_layer_0_activation is missing groups!
coca_spok_filter_punct_10K_sample_4_albert-xxlarge-v2_layer_0_activation is missing groups!
coca_spok_filter_punct_10K_sample_4_albert-xxlarge-v2_layer_0_activation is missing groups!
coca_spok_filter_punct_10K_sample_4_albert-xxlarge-v2_layer_0_activation is missing groups!
