My SLURM_ARRAY_TASK_ID:  187
Running model t5-11b
Running dataset coca_spok_filter_punct_10K_sample_4
Running average_mode False
2021-03-22 08:52:50.421200: I tensorflow/stream_executor/platform/default/dso_loader.cc:48] Successfully opened dynamic library libcudart.so.10.1
/usr/local/lib/python3.7/site-packages/xarray/core/merge.py:16: FutureWarning: The Panel class is removed from pandas. Accessing it from the top-level namespace will also be removed in the next version
  PANDAS_TYPES = (pd.Series, pd.DataFrame, pd.Panel)
/usr/local/lib/python3.7/site-packages/brainio_base/assemblies.py:224: FutureWarning: The inplace argument has been deprecated and will be removed in a future version of xarray.
  xr_data.set_index(append=True, inplace=True, **coords_d)
0it [00:00, ?it/s]1111it [00:00, 273723.67it/s]
0it [00:00, ?it/s]1111it [00:00, 263985.48it/s]
0it [00:00, ?it/s]1111it [00:00, 162427.12it/s]
0it [00:00, ?it/s]1111it [00:00, 256798.84it/s]
0it [00:00, ?it/s]1111it [00:00, 256657.40it/s]
0it [00:00, ?it/s]1111it [00:00, 260095.54it/s]
0it [00:00, ?it/s]1111it [00:00, 260765.07it/s]
0it [00:00, ?it/s]1111it [00:00, 247799.61it/s]
0it [00:00, ?it/s]1112it [00:00, 247824.98it/s]
layers:   0%|          | 0/25 [00:00<?, ?it/s]layers: 100%|██████████| 25/25 [00:00<00:00, 2407.37it/s]
Loading lookup from /usr/local/lib/python3.7/site-packages/brainio_collection/lookup.csv
t5-11b

coca_spok_filter_punct_10K_sample_4

False

loading /om/user/ehoseini/MyData/COCA_corpus/parsed/coca_spok_data_filter_ngram_punct_10K_sample_4.pkl
coca_spok_filter_punct_10K_sample_4_t5-11b_layer_0_activation is missing groups!
coca_spok_filter_punct_10K_sample_4_t5-11b_layer_0_activation is missing groups!
coca_spok_filter_punct_10K_sample_4_t5-11b_layer_0_activation is missing groups!
coca_spok_filter_punct_10K_sample_4_t5-11b_layer_0_activation is missing groups!
coca_spok_filter_punct_10K_sample_4_t5-11b_layer_0_activation is missing groups!
coca_spok_filter_punct_10K_sample_4_t5-11b_layer_0_activation is missing groups!
coca_spok_filter_punct_10K_sample_4_t5-11b_layer_0_activation is missing groups!
coca_spok_filter_punct_10K_sample_4_t5-11b_layer_0_activation is missing groups!
coca_spok_filter_punct_10K_sample_4_t5-11b_layer_0_activation is missing groups!
coca_spok_filter_punct_10K_sample_4_t5-11b_layer_0_activation is missing groups!
coca_spok_filter_punct_10K_sample_4_t5-11b_layer_0_activation is missing groups!
coca_spok_filter_punct_10K_sample_4_t5-11b_layer_0_activation is missing groups!
coca_spok_filter_punct_10K_sample_4_t5-11b_layer_0_activation is missing groups!
coca_spok_filter_punct_10K_sample_4_t5-11b_layer_0_activation is missing groups!
coca_spok_filter_punct_10K_sample_4_t5-11b_layer_0_activation is missing groups!
coca_spok_filter_punct_10K_sample_4_t5-11b_layer_0_activation is missing groups!
coca_spok_filter_punct_10K_sample_4_t5-11b_layer_0_activation is missing groups!
coca_spok_filter_punct_10K_sample_4_t5-11b_layer_0_activation is missing groups!
coca_spok_filter_punct_10K_sample_4_t5-11b_layer_0_activation is missing groups!
coca_spok_filter_punct_10K_sample_4_t5-11b_layer_0_activation is missing groups!
coca_spok_filter_punct_10K_sample_4_t5-11b_layer_0_activation is missing groups!
coca_spok_filter_punct_10K_sample_4_t5-11b_layer_0_activation is missing groups!
coca_spok_filter_punct_10K_sample_4_t5-11b_layer_0_activation is missing groups!
coca_spok_filter_punct_10K_sample_4_t5-11b_layer_0_activation is missing groups!
coca_spok_filter_punct_10K_sample_4_t5-11b_layer_0_activation is missing groups!
