My SLURM_ARRAY_TASK_ID:  182
Running model albert-xxlarge-v2
Running dataset coca_spok_filter_punct_10K_sample_4
Running average_mode None
2021-03-22 08:52:42.232273: I tensorflow/stream_executor/platform/default/dso_loader.cc:48] Successfully opened dynamic library libcudart.so.10.1
/usr/local/lib/python3.7/site-packages/xarray/core/merge.py:16: FutureWarning: The Panel class is removed from pandas. Accessing it from the top-level namespace will also be removed in the next version
  PANDAS_TYPES = (pd.Series, pd.DataFrame, pd.Panel)
/usr/local/lib/python3.7/site-packages/brainio_base/assemblies.py:224: FutureWarning: The inplace argument has been deprecated and will be removed in a future version of xarray.
  xr_data.set_index(append=True, inplace=True, **coords_d)
0it [00:00, ?it/s]1111it [00:00, 164143.57it/s]
0it [00:00, ?it/s]1111it [00:00, 259617.35it/s]
0it [00:00, ?it/s]1111it [00:00, 260604.65it/s]
0it [00:00, ?it/s]1111it [00:00, 254470.93it/s]
0it [00:00, ?it/s]1111it [00:00, 252704.54it/s]
0it [00:00, ?it/s]1111it [00:00, 255769.90it/s]
0it [00:00, ?it/s]1111it [00:00, 257110.56it/s]
0it [00:00, ?it/s]1111it [00:00, 245812.72it/s]
0it [00:00, ?it/s]1112it [00:00, 247246.93it/s]
layers:   0%|          | 0/13 [00:00<?, ?it/s]layers: 100%|██████████| 13/13 [00:00<00:00, 2261.36it/s]
Loading lookup from /usr/local/lib/python3.7/site-packages/brainio_collection/lookup.csv
albert-xxlarge-v2

coca_spok_filter_punct_10K_sample_4

None

loading /om/user/ehoseini/MyData/COCA_corpus/parsed/coca_spok_data_filter_ngram_punct_10K_sample_4.pkl
coca_spok_filter_punct_10K_sample_4_albert-xxlarge-v2_layer_0_activation is missing groups!
coca_spok_filter_punct_10K_sample_4_albert-xxlarge-v2_layer_0_activation is missing groups!
coca_spok_filter_punct_10K_sample_4_albert-xxlarge-v2_layer_0_activation is missing groups!
coca_spok_filter_punct_10K_sample_4_albert-xxlarge-v2_layer_0_activation is missing groups!
coca_spok_filter_punct_10K_sample_4_albert-xxlarge-v2_layer_0_activation is missing groups!
coca_spok_filter_punct_10K_sample_4_albert-xxlarge-v2_layer_0_activation is missing groups!
coca_spok_filter_punct_10K_sample_4_albert-xxlarge-v2_layer_0_activation is missing groups!
coca_spok_filter_punct_10K_sample_4_albert-xxlarge-v2_layer_0_activation is missing groups!
coca_spok_filter_punct_10K_sample_4_albert-xxlarge-v2_layer_0_activation is missing groups!
coca_spok_filter_punct_10K_sample_4_albert-xxlarge-v2_layer_0_activation is missing groups!
coca_spok_filter_punct_10K_sample_4_albert-xxlarge-v2_layer_0_activation is missing groups!
coca_spok_filter_punct_10K_sample_4_albert-xxlarge-v2_layer_0_activation is missing groups!
coca_spok_filter_punct_10K_sample_4_albert-xxlarge-v2_layer_0_activation is missing groups!
