My SLURM_ARRAY_TASK_ID:  79
Running model t5-11b
Running dataset coca_spok_filter_punct_10K_sample_2
Running average_mode False
2021-03-22 08:18:50.396513: I tensorflow/stream_executor/platform/default/dso_loader.cc:48] Successfully opened dynamic library libcudart.so.10.1
/usr/local/lib/python3.7/site-packages/xarray/core/merge.py:16: FutureWarning: The Panel class is removed from pandas. Accessing it from the top-level namespace will also be removed in the next version
  PANDAS_TYPES = (pd.Series, pd.DataFrame, pd.Panel)
/usr/local/lib/python3.7/site-packages/brainio_base/assemblies.py:224: FutureWarning: The inplace argument has been deprecated and will be removed in a future version of xarray.
  xr_data.set_index(append=True, inplace=True, **coords_d)
0it [00:00, ?it/s]1111it [00:00, 219308.72it/s]
0it [00:00, ?it/s]1111it [00:00, 208944.12it/s]
0it [00:00, ?it/s]1111it [00:00, 206006.71it/s]
0it [00:00, ?it/s]1111it [00:00, 202260.16it/s]
0it [00:00, ?it/s]1111it [00:00, 203558.96it/s]
0it [00:00, ?it/s]1111it [00:00, 201778.46it/s]
0it [00:00, ?it/s]1111it [00:00, 197762.24it/s]
0it [00:00, ?it/s]1111it [00:00, 195620.32it/s]
0it [00:00, ?it/s]1112it [00:00, 196538.96it/s]
layers:   0%|          | 0/25 [00:00<?, ?it/s]layers: 100%|██████████| 25/25 [00:00<00:00, 2374.49it/s]
Loading lookup from /usr/local/lib/python3.7/site-packages/brainio_collection/lookup.csv
t5-11b

coca_spok_filter_punct_10K_sample_2

False

loading /om/user/ehoseini/MyData/COCA_corpus/parsed/coca_spok_data_filter_ngram_punct_10K_sample_2.pkl
coca_spok_filter_punct_10K_sample_2_t5-11b_layer_0_activation is missing groups!
coca_spok_filter_punct_10K_sample_2_t5-11b_layer_0_activation is missing groups!
coca_spok_filter_punct_10K_sample_2_t5-11b_layer_0_activation is missing groups!
coca_spok_filter_punct_10K_sample_2_t5-11b_layer_0_activation is missing groups!
coca_spok_filter_punct_10K_sample_2_t5-11b_layer_0_activation is missing groups!
coca_spok_filter_punct_10K_sample_2_t5-11b_layer_0_activation is missing groups!
coca_spok_filter_punct_10K_sample_2_t5-11b_layer_0_activation is missing groups!
coca_spok_filter_punct_10K_sample_2_t5-11b_layer_0_activation is missing groups!
coca_spok_filter_punct_10K_sample_2_t5-11b_layer_0_activation is missing groups!
coca_spok_filter_punct_10K_sample_2_t5-11b_layer_0_activation is missing groups!
coca_spok_filter_punct_10K_sample_2_t5-11b_layer_0_activation is missing groups!
coca_spok_filter_punct_10K_sample_2_t5-11b_layer_0_activation is missing groups!
coca_spok_filter_punct_10K_sample_2_t5-11b_layer_0_activation is missing groups!
coca_spok_filter_punct_10K_sample_2_t5-11b_layer_0_activation is missing groups!
coca_spok_filter_punct_10K_sample_2_t5-11b_layer_0_activation is missing groups!
coca_spok_filter_punct_10K_sample_2_t5-11b_layer_0_activation is missing groups!
coca_spok_filter_punct_10K_sample_2_t5-11b_layer_0_activation is missing groups!
coca_spok_filter_punct_10K_sample_2_t5-11b_layer_0_activation is missing groups!
coca_spok_filter_punct_10K_sample_2_t5-11b_layer_0_activation is missing groups!
coca_spok_filter_punct_10K_sample_2_t5-11b_layer_0_activation is missing groups!
coca_spok_filter_punct_10K_sample_2_t5-11b_layer_0_activation is missing groups!
coca_spok_filter_punct_10K_sample_2_t5-11b_layer_0_activation is missing groups!
coca_spok_filter_punct_10K_sample_2_t5-11b_layer_0_activation is missing groups!
coca_spok_filter_punct_10K_sample_2_t5-11b_layer_0_activation is missing groups!
coca_spok_filter_punct_10K_sample_2_t5-11b_layer_0_activation is missing groups!
