My SLURM_ARRAY_TASK_ID:  228
Running model distilgpt2
Running dataset coca_spok_filter_punct_10K_sample_5
Running average_mode True
2021-03-22 09:12:06.249725: I tensorflow/stream_executor/platform/default/dso_loader.cc:48] Successfully opened dynamic library libcudart.so.10.1
/usr/local/lib/python3.7/site-packages/xarray/core/merge.py:16: FutureWarning: The Panel class is removed from pandas. Accessing it from the top-level namespace will also be removed in the next version
  PANDAS_TYPES = (pd.Series, pd.DataFrame, pd.Panel)
/usr/local/lib/python3.7/site-packages/brainio_base/assemblies.py:224: FutureWarning: The inplace argument has been deprecated and will be removed in a future version of xarray.
  xr_data.set_index(append=True, inplace=True, **coords_d)
0it [00:00, ?it/s]1111it [00:00, 202181.18it/s]
0it [00:00, ?it/s]1111it [00:00, 206701.20it/s]
0it [00:00, ?it/s]1111it [00:00, 196751.89it/s]
0it [00:00, ?it/s]1111it [00:00, 204165.43it/s]
0it [00:00, ?it/s]1111it [00:00, 198216.50it/s]
0it [00:00, ?it/s]1111it [00:00, 203381.27it/s]
0it [00:00, ?it/s]1111it [00:00, 196835.00it/s]
0it [00:00, ?it/s]1111it [00:00, 195735.36it/s]
0it [00:00, ?it/s]1112it [00:00, 192610.62it/s]
layers:   0%|          | 0/7 [00:00<?, ?it/s]layers: 100%|██████████| 7/7 [00:00<00:00, 504.31it/s]
Loading lookup from /usr/local/lib/python3.7/site-packages/brainio_collection/lookup.csv
distilgpt2

coca_spok_filter_punct_10K_sample_5

True

loading /om/user/ehoseini/MyData/COCA_corpus/parsed/coca_spok_data_filter_ngram_punct_10K_sample_5.pkl
coca_spok_filter_punct_10K_sample_5_distilgpt2_layer_0_activation is missing groups!
coca_spok_filter_punct_10K_sample_5_distilgpt2_layer_0_activation is missing groups!
coca_spok_filter_punct_10K_sample_5_distilgpt2_layer_0_activation is missing groups!
coca_spok_filter_punct_10K_sample_5_distilgpt2_layer_0_activation is missing groups!
coca_spok_filter_punct_10K_sample_5_distilgpt2_layer_0_activation is missing groups!
coca_spok_filter_punct_10K_sample_5_distilgpt2_layer_0_activation is missing groups!
coca_spok_filter_punct_10K_sample_5_distilgpt2_layer_0_activation is missing groups!
