My SLURM_ARRAY_TASK_ID:  239
Running model albert-xlarge-v2
Running dataset coca_spok_filter_punct_10K_sample_5
Running average_mode None
2021-03-22 09:12:55.638714: I tensorflow/stream_executor/platform/default/dso_loader.cc:48] Successfully opened dynamic library libcudart.so.10.1
/usr/local/lib/python3.7/site-packages/xarray/core/merge.py:16: FutureWarning: The Panel class is removed from pandas. Accessing it from the top-level namespace will also be removed in the next version
  PANDAS_TYPES = (pd.Series, pd.DataFrame, pd.Panel)
/usr/local/lib/python3.7/site-packages/brainio_base/assemblies.py:224: FutureWarning: The inplace argument has been deprecated and will be removed in a future version of xarray.
  xr_data.set_index(append=True, inplace=True, **coords_d)
0it [00:00, ?it/s]1111it [00:00, 207686.93it/s]
0it [00:00, ?it/s]1111it [00:00, 208784.97it/s]
0it [00:00, ?it/s]1111it [00:00, 195751.81it/s]
0it [00:00, ?it/s]1111it [00:00, 207825.87it/s]
0it [00:00, ?it/s]1111it [00:00, 194924.78it/s]
0it [00:00, ?it/s]1111it [00:00, 201743.52it/s]
0it [00:00, ?it/s]1111it [00:00, 197009.76it/s]
0it [00:00, ?it/s]1111it [00:00, 192819.62it/s]
0it [00:00, ?it/s]1112it [00:00, 192865.49it/s]
layers:   0%|          | 0/25 [00:00<?, ?it/s]layers: 100%|██████████| 25/25 [00:00<00:00, 2304.21it/s]
Loading lookup from /usr/local/lib/python3.7/site-packages/brainio_collection/lookup.csv
albert-xlarge-v2

coca_spok_filter_punct_10K_sample_5

None

loading /om/user/ehoseini/MyData/COCA_corpus/parsed/coca_spok_data_filter_ngram_punct_10K_sample_5.pkl
coca_spok_filter_punct_10K_sample_5_albert-xlarge-v2_layer_0_activation is missing groups!
coca_spok_filter_punct_10K_sample_5_albert-xlarge-v2_layer_0_activation is missing groups!
coca_spok_filter_punct_10K_sample_5_albert-xlarge-v2_layer_0_activation is missing groups!
coca_spok_filter_punct_10K_sample_5_albert-xlarge-v2_layer_0_activation is missing groups!
coca_spok_filter_punct_10K_sample_5_albert-xlarge-v2_layer_0_activation is missing groups!
coca_spok_filter_punct_10K_sample_5_albert-xlarge-v2_layer_0_activation is missing groups!
coca_spok_filter_punct_10K_sample_5_albert-xlarge-v2_layer_0_activation is missing groups!
coca_spok_filter_punct_10K_sample_5_albert-xlarge-v2_layer_0_activation is missing groups!
coca_spok_filter_punct_10K_sample_5_albert-xlarge-v2_layer_0_activation is missing groups!
coca_spok_filter_punct_10K_sample_5_albert-xlarge-v2_layer_0_activation is missing groups!
coca_spok_filter_punct_10K_sample_5_albert-xlarge-v2_layer_0_activation is missing groups!
coca_spok_filter_punct_10K_sample_5_albert-xlarge-v2_layer_0_activation is missing groups!
coca_spok_filter_punct_10K_sample_5_albert-xlarge-v2_layer_0_activation is missing groups!
coca_spok_filter_punct_10K_sample_5_albert-xlarge-v2_layer_0_activation is missing groups!
coca_spok_filter_punct_10K_sample_5_albert-xlarge-v2_layer_0_activation is missing groups!
coca_spok_filter_punct_10K_sample_5_albert-xlarge-v2_layer_0_activation is missing groups!
coca_spok_filter_punct_10K_sample_5_albert-xlarge-v2_layer_0_activation is missing groups!
coca_spok_filter_punct_10K_sample_5_albert-xlarge-v2_layer_0_activation is missing groups!
coca_spok_filter_punct_10K_sample_5_albert-xlarge-v2_layer_0_activation is missing groups!
coca_spok_filter_punct_10K_sample_5_albert-xlarge-v2_layer_0_activation is missing groups!
coca_spok_filter_punct_10K_sample_5_albert-xlarge-v2_layer_0_activation is missing groups!
coca_spok_filter_punct_10K_sample_5_albert-xlarge-v2_layer_0_activation is missing groups!
coca_spok_filter_punct_10K_sample_5_albert-xlarge-v2_layer_0_activation is missing groups!
coca_spok_filter_punct_10K_sample_5_albert-xlarge-v2_layer_0_activation is missing groups!
coca_spok_filter_punct_10K_sample_5_albert-xlarge-v2_layer_0_activation is missing groups!
