My SLURM_ARRAY_TASK_ID:  266
Running model transfo-xl-wt103
Running dataset coca_spok_filter_punct_10K_sample_5
Running average_mode None
2021-03-22 09:14:17.923842: I tensorflow/stream_executor/platform/default/dso_loader.cc:48] Successfully opened dynamic library libcudart.so.10.1
/usr/local/lib/python3.7/site-packages/xarray/core/merge.py:16: FutureWarning: The Panel class is removed from pandas. Accessing it from the top-level namespace will also be removed in the next version
  PANDAS_TYPES = (pd.Series, pd.DataFrame, pd.Panel)
/usr/local/lib/python3.7/site-packages/brainio_base/assemblies.py:224: FutureWarning: The inplace argument has been deprecated and will be removed in a future version of xarray.
  xr_data.set_index(append=True, inplace=True, **coords_d)
0it [00:00, ?it/s]1111it [00:00, 270341.23it/s]
0it [00:00, ?it/s]1111it [00:00, 262424.49it/s]
0it [00:00, ?it/s]1111it [00:00, 253722.73it/s]
0it [00:00, ?it/s]1111it [00:00, 253985.49it/s]
0it [00:00, ?it/s]1111it [00:00, 249859.07it/s]
0it [00:00, ?it/s]1111it [00:00, 248420.50it/s]
0it [00:00, ?it/s]1111it [00:00, 251490.73it/s]
0it [00:00, ?it/s]1111it [00:00, 243997.89it/s]
0it [00:00, ?it/s]1112it [00:00, 240304.29it/s]
layers:   0%|          | 0/19 [00:00<?, ?it/s]layers: 100%|██████████| 19/19 [00:00<00:00, 599.34it/s]
Loading lookup from /usr/local/lib/python3.7/site-packages/brainio_collection/lookup.csv
transfo-xl-wt103

coca_spok_filter_punct_10K_sample_5

None

loading /om/user/ehoseini/MyData/COCA_corpus/parsed/coca_spok_data_filter_ngram_punct_10K_sample_5.pkl
coca_spok_filter_punct_10K_sample_5_transfo-xl-wt103_layer_0_activation is missing groups!
coca_spok_filter_punct_10K_sample_5_transfo-xl-wt103_layer_0_activation is missing groups!
coca_spok_filter_punct_10K_sample_5_transfo-xl-wt103_layer_0_activation is missing groups!
coca_spok_filter_punct_10K_sample_5_transfo-xl-wt103_layer_0_activation is missing groups!
coca_spok_filter_punct_10K_sample_5_transfo-xl-wt103_layer_0_activation is missing groups!
coca_spok_filter_punct_10K_sample_5_transfo-xl-wt103_layer_0_activation is missing groups!
coca_spok_filter_punct_10K_sample_5_transfo-xl-wt103_layer_0_activation is missing groups!
coca_spok_filter_punct_10K_sample_5_transfo-xl-wt103_layer_0_activation is missing groups!
coca_spok_filter_punct_10K_sample_5_transfo-xl-wt103_layer_0_activation is missing groups!
coca_spok_filter_punct_10K_sample_5_transfo-xl-wt103_layer_0_activation is missing groups!
coca_spok_filter_punct_10K_sample_5_transfo-xl-wt103_layer_0_activation is missing groups!
coca_spok_filter_punct_10K_sample_5_transfo-xl-wt103_layer_0_activation is missing groups!
coca_spok_filter_punct_10K_sample_5_transfo-xl-wt103_layer_0_activation is missing groups!
coca_spok_filter_punct_10K_sample_5_transfo-xl-wt103_layer_0_activation is missing groups!
coca_spok_filter_punct_10K_sample_5_transfo-xl-wt103_layer_0_activation is missing groups!
coca_spok_filter_punct_10K_sample_5_transfo-xl-wt103_layer_0_activation is missing groups!
coca_spok_filter_punct_10K_sample_5_transfo-xl-wt103_layer_0_activation is missing groups!
coca_spok_filter_punct_10K_sample_5_transfo-xl-wt103_layer_0_activation is missing groups!
coca_spok_filter_punct_10K_sample_5_transfo-xl-wt103_layer_0_activation is missing groups!
